2018-05-05 22:55:24,004 INFO (UserController.java:132)- logout>>>
2018-05-05 22:55:24,006 INFO (UserController.java:133)- request>>>http://localhost:3000
2018-05-05 22:55:28,083 INFO (UserController.java:86)- User{userId=null, userName='张弛', userPassword='123', userType='null', userTypeCode='null', userVerifyStatus='null', userRegistTime=null, userAvatar='null', userPhone='null', userEmail='null', userSex='null', userCity='null', userSignature='null', userQq=null, userWechat='null', userWeibo='null', userMoney=null, userVipGrade='null', userGrade=null, userPreference='null'}
2018-05-05 22:55:28,084 DEBUG (BaseJdbcLogger.java:159)- ==>  Preparing: select user_id, user_name, user_password, user_type, user_type_code, user_verify_status, user_regist_time, user_avatar, user_phone, user_email, user_sex, user_city, user_signature, user_qq, user_wechat, user_weibo, user_money, user_vip_grade, user_grade, user_preference from user where user_name = ? 
2018-05-05 22:55:28,089 DEBUG (BaseJdbcLogger.java:159)- ==> Parameters: 张弛(String)
2018-05-05 22:55:28,090 DEBUG (BaseJdbcLogger.java:159)- <==      Total: 1
2018-05-05 22:55:28,090 DEBUG (BaseJdbcLogger.java:159)- ==>  Preparing: select user_id, user_name, user_password, user_type, user_type_code, user_verify_status, user_regist_time, user_avatar, user_phone, user_email, user_sex, user_city, user_signature, user_qq, user_wechat, user_weibo, user_money, user_vip_grade, user_grade, user_preference from user where user_name = ? AND user_password = ? 
2018-05-05 22:55:28,091 DEBUG (BaseJdbcLogger.java:159)- ==> Parameters: 张弛(String), 202cb962ac59075b964b07152d234b70(String)
2018-05-05 22:55:28,092 DEBUG (BaseJdbcLogger.java:159)- <==      Total: 1
2018-05-05 22:55:28,093 INFO (UserServiceImpl.java:81)- 验证成功！
2018-05-05 22:55:28,093 INFO (UserController.java:91)- User{userId=2, userName='张弛', userPassword='202cb962ac59075b964b07152d234b70', userType='政府', userTypeCode='GOV', userVerifyStatus='PENDING', userRegistTime=Sat May 05 22:55:20 CST 2018, userAvatar='null', userPhone='15161182029', userEmail='zc1234567@vip.qq.com', userSex='男', userCity='南京', userSignature='有些人，才遇见一下子，就好像认识了很久似的，什么事都想和他说。', userQq=null, userWechat='null', userWeibo='null', userMoney=1500, userVipGrade='5', userGrade=3, userPreference='a;a;a;a;a;b;b;a;b;b;b;b;a;a;b;'}
2018-05-05 22:55:28,356 INFO (UserController.java:108)- 进入findUser
2018-05-05 22:55:28,356 INFO (UserController.java:109)- request>>>http://localhost:3000
2018-05-05 22:55:28,356 DEBUG (BaseJdbcLogger.java:159)- ==>  Preparing: select user_id, user_name, user_password, user_type, user_type_code, user_verify_status, user_regist_time, user_avatar, user_phone, user_email, user_sex, user_city, user_signature, user_qq, user_wechat, user_weibo, user_money, user_vip_grade, user_grade, user_preference from user where user_id = ? 
2018-05-05 22:55:28,357 DEBUG (BaseJdbcLogger.java:159)- ==> Parameters: 2(Integer)
2018-05-05 22:55:28,357 INFO (AdController.java:163)- >>>>>>>进入finduserad
2018-05-05 22:55:28,360 DEBUG (BaseJdbcLogger.java:159)- ==>  Preparing: select ad_id, ad_user_id, ad_type, ad_type_code, ad_title, ad_html, ad_text, ad_pic, ad_price, ad_add_time, ad_last_update_time, ad_start_time, ad_end_time, ad_click_number, ad_collect_number, ad_comment_number, ad_last_comment_time from ad where ad_user_id = ? ORDER BY ad_add_time DESC 
2018-05-05 22:55:28,360 DEBUG (BaseJdbcLogger.java:159)- <==      Total: 1
2018-05-05 22:55:28,360 DEBUG (BaseJdbcLogger.java:159)- ==> Parameters: 2(Integer)
2018-05-05 22:55:28,361 INFO (UserController.java:115)- User{userId=2, userName='张弛', userPassword='202cb962ac59075b964b07152d234b70', userType='政府', userTypeCode='GOV', userVerifyStatus='PENDING', userRegistTime=Sat May 05 22:55:20 CST 2018, userAvatar='null', userPhone='15161182029', userEmail='zc1234567@vip.qq.com', userSex='男', userCity='南京', userSignature='有些人，才遇见一下子，就好像认识了很久似的，什么事都想和他说。', userQq=null, userWechat='null', userWeibo='null', userMoney=1500, userVipGrade='5', userGrade=3, userPreference='a;a;a;a;a;b;b;a;b;b;b;b;a;a;b;'}
2018-05-05 22:55:28,364 DEBUG (BaseJdbcLogger.java:159)- <==      Total: 12
2018-05-05 22:55:36,274 INFO (AdController.java:320)- >>>>>>>>进入首页>>>>>>>>>>>>>>
2018-05-05 22:55:36,275 INFO (AdServiceImpl.java:215)- [Ljava.lang.String;@69f55c6d
2018-05-05 22:55:36,275 INFO (AdServiceImpl.java:286)- 重复最多次数为：8
2018-05-05 22:55:36,278 INFO (AdServiceImpl.java:296)- 重复最多次(8)的字符串为：a
2018-05-05 22:55:36,278 INFO (AdServiceImpl.java:219)- 用户最喜欢的广告类型是：[Ljava.lang.String;@6dcad58b
2018-05-05 22:55:36,280 DEBUG (BaseJdbcLogger.java:159)- ==>  Preparing: select a.ad_id, a.ad_user_id, a.ad_type, a.ad_type_code, a.ad_title, a.ad_html, a.ad_text, a.ad_pic, a.ad_price, a.ad_add_time, a.ad_last_update_time, a.ad_start_time, a.ad_end_time, a.ad_click_number, a.ad_collect_number, a.ad_comment_number, a.ad_last_comment_time,u.user_id, u.user_name, u.user_password, u.user_type, u.user_type_code, u.user_verify_status, u.user_regist_time, u.user_avatar, u.user_phone, u.user_email, u.user_sex, u.user_city, u.user_signature, u.user_qq, u.user_wechat, u.user_weibo, u.user_money, u.user_vip_grade, u.user_grade, u.user_preference from ad a JOIN user u ON a.ad_user_id = u.user_id WHERE a.ad_start_time <= CURDATE() AND a.ad_end_time >= CURDATE() AND a.ad_type_code = ? ORDER BY a.ad_click_number DESC limit ?,? 
2018-05-05 22:55:36,281 DEBUG (BaseJdbcLogger.java:159)- ==> Parameters: [Ljava.lang.String;@6dcad58b(String), 0(Integer), 4(Integer)
2018-05-05 22:55:36,282 DEBUG (BaseJdbcLogger.java:159)- <==      Total: 0
2018-05-05 22:55:36,283 DEBUG (BaseJdbcLogger.java:159)- ==>  Preparing: select a.ad_id, a.ad_user_id, a.ad_type, a.ad_type_code, a.ad_title, a.ad_html, a.ad_text, a.ad_pic, a.ad_price, a.ad_add_time, a.ad_last_update_time, a.ad_start_time, a.ad_end_time, a.ad_click_number, a.ad_collect_number, a.ad_comment_number, a.ad_last_comment_time,u.user_id, u.user_name, u.user_password, u.user_type, u.user_type_code, u.user_verify_status, u.user_regist_time, u.user_avatar, u.user_phone, u.user_email, u.user_sex, u.user_city, u.user_signature, u.user_qq, u.user_wechat, u.user_weibo, u.user_money, u.user_vip_grade, u.user_grade, u.user_preference from ad a JOIN user u ON a.ad_user_id = u.user_id WHERE a.ad_start_time <= CURDATE() AND a.ad_end_time >= CURDATE() ORDER BY a.ad_last_update_time DESC limit ?,? 
2018-05-05 22:55:36,284 DEBUG (BaseJdbcLogger.java:159)- ==> Parameters: 0(Integer), 12(Integer)
2018-05-05 22:55:36,290 DEBUG (BaseJdbcLogger.java:159)- <==      Total: 12
2018-05-05 22:55:36,291 DEBUG (BaseJdbcLogger.java:159)- ==>  Preparing: select a.ad_id, a.ad_user_id, a.ad_type, a.ad_type_code, a.ad_title, a.ad_html, a.ad_text, a.ad_pic, a.ad_price, a.ad_add_time, a.ad_last_update_time, a.ad_start_time, a.ad_end_time, a.ad_click_number, a.ad_collect_number, a.ad_comment_number, a.ad_last_comment_time,u.user_id, u.user_name, u.user_password, u.user_type, u.user_type_code, u.user_verify_status, u.user_regist_time, u.user_avatar, u.user_phone, u.user_email, u.user_sex, u.user_city, u.user_signature, u.user_qq, u.user_wechat, u.user_weibo, u.user_money, u.user_vip_grade, u.user_grade, u.user_preference from ad a JOIN user u ON a.ad_user_id = u.user_id WHERE a.ad_start_time <= CURDATE() AND a.ad_end_time >= CURDATE() ORDER BY a.ad_comment_number DESC limit ?,? 
2018-05-05 22:55:36,291 DEBUG (BaseJdbcLogger.java:159)- ==> Parameters: 0(Integer), 12(Integer)
2018-05-05 22:55:36,298 DEBUG (BaseJdbcLogger.java:159)- <==      Total: 12
2018-05-05 22:55:36,299 DEBUG (BaseJdbcLogger.java:159)- ==>  Preparing: select a.ad_id, a.ad_user_id, a.ad_type, a.ad_type_code, a.ad_title, a.ad_html, a.ad_text, a.ad_pic, a.ad_price, a.ad_add_time, a.ad_last_update_time, a.ad_start_time, a.ad_end_time, a.ad_click_number, a.ad_collect_number, a.ad_comment_number, a.ad_last_comment_time,u.user_id, u.user_name, u.user_password, u.user_type, u.user_type_code, u.user_verify_status, u.user_regist_time, u.user_avatar, u.user_phone, u.user_email, u.user_sex, u.user_city, u.user_signature, u.user_qq, u.user_wechat, u.user_weibo, u.user_money, u.user_vip_grade, u.user_grade, u.user_preference from ad a JOIN user u ON a.ad_user_id = u.user_id WHERE a.ad_start_time <= CURDATE() AND a.ad_end_time >= CURDATE() ORDER BY a.ad_click_number DESC limit ?,? 
2018-05-05 22:55:36,773 INFO (UserController.java:108)- 进入findUser
2018-05-05 22:55:36,872 DEBUG (BaseJdbcLogger.java:159)- ==> Parameters: 0(Integer), 12(Integer)
2018-05-05 22:55:36,877 DEBUG (BaseJdbcLogger.java:159)- <==      Total: 12
2018-05-05 22:55:36,881 INFO (UserController.java:109)- request>>>http://localhost:3000
2018-05-05 22:55:36,882 DEBUG (BaseJdbcLogger.java:159)- ==>  Preparing: select user_id, user_name, user_password, user_type, user_type_code, user_verify_status, user_regist_time, user_avatar, user_phone, user_email, user_sex, user_city, user_signature, user_qq, user_wechat, user_weibo, user_money, user_vip_grade, user_grade, user_preference from user where user_id = ? 
2018-05-05 22:55:36,883 DEBUG (BaseJdbcLogger.java:159)- ==> Parameters: 2(Integer)
2018-05-05 22:55:36,885 DEBUG (BaseJdbcLogger.java:159)- <==      Total: 1
2018-05-05 22:55:36,886 INFO (UserController.java:115)- User{userId=2, userName='张弛', userPassword='202cb962ac59075b964b07152d234b70', userType='政府', userTypeCode='GOV', userVerifyStatus='PENDING', userRegistTime=Sat May 05 22:55:20 CST 2018, userAvatar='null', userPhone='15161182029', userEmail='zc1234567@vip.qq.com', userSex='男', userCity='南京', userSignature='有些人，才遇见一下子，就好像认识了很久似的，什么事都想和他说。', userQq=null, userWechat='null', userWeibo='null', userMoney=1500, userVipGrade='5', userGrade=3, userPreference='a;a;a;a;a;b;b;a;b;b;b;b;a;a;b;'}
2018-05-05 22:56:11,810 INFO (StartupInfoLogger.java:48)- Starting ZachwebApplication on nkgw10nh1856 with PID 6720 (F:\ZachAdWeb\zachweb\target\classes started by Zach.Zhang in F:\ZachAdWeb\zachweb)
2018-05-05 22:56:11,811 DEBUG (StartupInfoLogger.java:51)- Running with Spring Boot v1.5.10.RELEASE, Spring v4.3.14.RELEASE
2018-05-05 22:56:11,811 INFO (SpringApplication.java:593)- No active profile set, falling back to default profiles: default
2018-05-05 22:56:27,568 INFO (StartupInfoLogger.java:48)- Starting ZachwebApplication on nkgw10nh1856 with PID 6720 (F:\ZachAdWeb\zachweb\target\classes started by Zach.Zhang in F:\ZachAdWeb\zachweb)
2018-05-05 22:56:27,568 DEBUG (StartupInfoLogger.java:51)- Running with Spring Boot v1.5.10.RELEASE, Spring v4.3.14.RELEASE
2018-05-05 22:56:27,568 INFO (SpringApplication.java:593)- No active profile set, falling back to default profiles: default
2018-05-05 22:56:28,656 INFO (StartupInfoLogger.java:57)- Started ZachwebApplication in 1.144 seconds (JVM running for 9634.302)
2018-05-05 22:56:38,431 INFO (StartupInfoLogger.java:48)- Starting ZachwebApplication on nkgw10nh1856 with PID 6720 (F:\ZachAdWeb\zachweb\target\classes started by Zach.Zhang in F:\ZachAdWeb\zachweb)
2018-05-05 22:56:38,431 DEBUG (StartupInfoLogger.java:51)- Running with Spring Boot v1.5.10.RELEASE, Spring v4.3.14.RELEASE
2018-05-05 22:56:38,431 INFO (SpringApplication.java:593)- No active profile set, falling back to default profiles: default
2018-05-05 22:56:39,714 INFO (StartupInfoLogger.java:57)- Started ZachwebApplication in 1.321 seconds (JVM running for 9645.36)
2018-05-05 22:56:43,353 INFO (UserController.java:132)- logout>>>
2018-05-05 22:56:43,354 INFO (UserController.java:133)- request>>>http://localhost:3000
2018-05-05 22:56:48,930 INFO (UserController.java:86)- User{userId=null, userName='张弛', userPassword='123', userType='null', userTypeCode='null', userVerifyStatus='null', userRegistTime=null, userAvatar='null', userPhone='null', userEmail='null', userSex='null', userCity='null', userSignature='null', userQq=null, userWechat='null', userWeibo='null', userMoney=null, userVipGrade='null', userGrade=null, userPreference='null'}
2018-05-05 22:56:48,959 DEBUG (BaseJdbcLogger.java:159)- ==>  Preparing: select user_id, user_name, user_password, user_type, user_type_code, user_verify_status, user_regist_time, user_avatar, user_phone, user_email, user_sex, user_city, user_signature, user_qq, user_wechat, user_weibo, user_money, user_vip_grade, user_grade, user_preference from user where user_name = ? 
2018-05-05 22:56:48,960 DEBUG (BaseJdbcLogger.java:159)- ==> Parameters: 张弛(String)
2018-05-05 22:56:48,962 DEBUG (BaseJdbcLogger.java:159)- <==      Total: 1
2018-05-05 22:56:48,963 DEBUG (BaseJdbcLogger.java:159)- ==>  Preparing: select user_id, user_name, user_password, user_type, user_type_code, user_verify_status, user_regist_time, user_avatar, user_phone, user_email, user_sex, user_city, user_signature, user_qq, user_wechat, user_weibo, user_money, user_vip_grade, user_grade, user_preference from user where user_name = ? AND user_password = ? 
2018-05-05 22:56:48,964 DEBUG (BaseJdbcLogger.java:159)- ==> Parameters: 张弛(String), 202cb962ac59075b964b07152d234b70(String)
2018-05-05 22:56:48,965 DEBUG (BaseJdbcLogger.java:159)- <==      Total: 1
2018-05-05 22:56:48,965 INFO (UserServiceImpl.java:81)- 验证成功！
2018-05-05 22:56:48,965 INFO (UserController.java:91)- User{userId=2, userName='张弛', userPassword='202cb962ac59075b964b07152d234b70', userType='政府', userTypeCode='GOV', userVerifyStatus='PENDING', userRegistTime=Sat May 05 22:55:20 CST 2018, userAvatar='null', userPhone='15161182029', userEmail='zc1234567@vip.qq.com', userSex='男', userCity='南京', userSignature='有些人，才遇见一下子，就好像认识了很久似的，什么事都想和他说。', userQq=null, userWechat='null', userWeibo='null', userMoney=1500, userVipGrade='5', userGrade=3, userPreference='a;a;a;a;a;b;b;a;b;b;b;b;a;a;b;'}
2018-05-05 22:56:49,249 INFO (UserController.java:108)- 进入findUser
2018-05-05 22:56:49,250 INFO (UserController.java:109)- request>>>http://localhost:3000
2018-05-05 22:56:49,252 DEBUG (BaseJdbcLogger.java:159)- ==>  Preparing: select user_id, user_name, user_password, user_type, user_type_code, user_verify_status, user_regist_time, user_avatar, user_phone, user_email, user_sex, user_city, user_signature, user_qq, user_wechat, user_weibo, user_money, user_vip_grade, user_grade, user_preference from user where user_id = ? 
2018-05-05 22:56:49,252 INFO (AdController.java:163)- >>>>>>>进入finduserad
2018-05-05 22:56:49,252 DEBUG (BaseJdbcLogger.java:159)- ==> Parameters: 2(Integer)
2018-05-05 22:56:49,254 DEBUG (BaseJdbcLogger.java:159)- ==>  Preparing: select ad_id, ad_user_id, ad_type, ad_type_code, ad_title, ad_html, ad_text, ad_pic, ad_price, ad_add_time, ad_last_update_time, ad_start_time, ad_end_time, ad_click_number, ad_collect_number, ad_comment_number, ad_last_comment_time from ad where ad_user_id = ? ORDER BY ad_add_time DESC 
2018-05-05 22:56:49,254 DEBUG (BaseJdbcLogger.java:159)- <==      Total: 1
2018-05-05 22:56:49,254 DEBUG (BaseJdbcLogger.java:159)- ==> Parameters: 2(Integer)
2018-05-05 22:56:49,255 INFO (UserController.java:115)- User{userId=2, userName='张弛', userPassword='202cb962ac59075b964b07152d234b70', userType='政府', userTypeCode='GOV', userVerifyStatus='PENDING', userRegistTime=Sat May 05 22:55:20 CST 2018, userAvatar='null', userPhone='15161182029', userEmail='zc1234567@vip.qq.com', userSex='男', userCity='南京', userSignature='有些人，才遇见一下子，就好像认识了很久似的，什么事都想和他说。', userQq=null, userWechat='null', userWeibo='null', userMoney=1500, userVipGrade='5', userGrade=3, userPreference='a;a;a;a;a;b;b;a;b;b;b;b;a;a;b;'}
2018-05-05 22:56:49,259 DEBUG (BaseJdbcLogger.java:159)- <==      Total: 12
2018-05-05 22:56:50,673 INFO (AdController.java:320)- >>>>>>>>进入首页>>>>>>>>>>>>>>
2018-05-05 22:56:50,674 INFO (AdServiceImpl.java:215)- [Ljava.lang.String;@5f3a1017
2018-05-05 22:56:50,674 INFO (AdServiceImpl.java:286)- 重复最多次数为：8
2018-05-05 22:56:50,675 INFO (AdServiceImpl.java:296)- 重复最多次(8)的字符串为：a
2018-05-05 22:56:50,675 INFO (AdServiceImpl.java:219)- 用户最喜欢的广告类型是：a
2018-05-05 22:56:50,678 DEBUG (BaseJdbcLogger.java:159)- ==>  Preparing: select a.ad_id, a.ad_user_id, a.ad_type, a.ad_type_code, a.ad_title, a.ad_html, a.ad_text, a.ad_pic, a.ad_price, a.ad_add_time, a.ad_last_update_time, a.ad_start_time, a.ad_end_time, a.ad_click_number, a.ad_collect_number, a.ad_comment_number, a.ad_last_comment_time,u.user_id, u.user_name, u.user_password, u.user_type, u.user_type_code, u.user_verify_status, u.user_regist_time, u.user_avatar, u.user_phone, u.user_email, u.user_sex, u.user_city, u.user_signature, u.user_qq, u.user_wechat, u.user_weibo, u.user_money, u.user_vip_grade, u.user_grade, u.user_preference from ad a JOIN user u ON a.ad_user_id = u.user_id WHERE a.ad_start_time <= CURDATE() AND a.ad_end_time >= CURDATE() AND a.ad_type_code = ? ORDER BY a.ad_click_number DESC limit ?,? 
2018-05-05 22:56:50,679 DEBUG (BaseJdbcLogger.java:159)- ==> Parameters: a(String), 0(Integer), 4(Integer)
2018-05-05 22:56:50,684 DEBUG (BaseJdbcLogger.java:159)- <==      Total: 4
2018-05-05 22:56:50,685 DEBUG (BaseJdbcLogger.java:159)- ==>  Preparing: select a.ad_id, a.ad_user_id, a.ad_type, a.ad_type_code, a.ad_title, a.ad_html, a.ad_text, a.ad_pic, a.ad_price, a.ad_add_time, a.ad_last_update_time, a.ad_start_time, a.ad_end_time, a.ad_click_number, a.ad_collect_number, a.ad_comment_number, a.ad_last_comment_time,u.user_id, u.user_name, u.user_password, u.user_type, u.user_type_code, u.user_verify_status, u.user_regist_time, u.user_avatar, u.user_phone, u.user_email, u.user_sex, u.user_city, u.user_signature, u.user_qq, u.user_wechat, u.user_weibo, u.user_money, u.user_vip_grade, u.user_grade, u.user_preference from ad a JOIN user u ON a.ad_user_id = u.user_id WHERE a.ad_start_time <= CURDATE() AND a.ad_end_time >= CURDATE() ORDER BY a.ad_last_update_time DESC limit ?,? 
2018-05-05 22:56:50,685 DEBUG (BaseJdbcLogger.java:159)- ==> Parameters: 0(Integer), 12(Integer)
2018-05-05 22:56:50,691 DEBUG (BaseJdbcLogger.java:159)- <==      Total: 12
2018-05-05 22:56:50,691 DEBUG (BaseJdbcLogger.java:159)- ==>  Preparing: select a.ad_id, a.ad_user_id, a.ad_type, a.ad_type_code, a.ad_title, a.ad_html, a.ad_text, a.ad_pic, a.ad_price, a.ad_add_time, a.ad_last_update_time, a.ad_start_time, a.ad_end_time, a.ad_click_number, a.ad_collect_number, a.ad_comment_number, a.ad_last_comment_time,u.user_id, u.user_name, u.user_password, u.user_type, u.user_type_code, u.user_verify_status, u.user_regist_time, u.user_avatar, u.user_phone, u.user_email, u.user_sex, u.user_city, u.user_signature, u.user_qq, u.user_wechat, u.user_weibo, u.user_money, u.user_vip_grade, u.user_grade, u.user_preference from ad a JOIN user u ON a.ad_user_id = u.user_id WHERE a.ad_start_time <= CURDATE() AND a.ad_end_time >= CURDATE() ORDER BY a.ad_comment_number DESC limit ?,? 
2018-05-05 22:56:50,691 DEBUG (BaseJdbcLogger.java:159)- ==> Parameters: 0(Integer), 12(Integer)
2018-05-05 22:56:50,698 DEBUG (BaseJdbcLogger.java:159)- <==      Total: 12
2018-05-05 22:56:50,699 DEBUG (BaseJdbcLogger.java:159)- ==>  Preparing: select a.ad_id, a.ad_user_id, a.ad_type, a.ad_type_code, a.ad_title, a.ad_html, a.ad_text, a.ad_pic, a.ad_price, a.ad_add_time, a.ad_last_update_time, a.ad_start_time, a.ad_end_time, a.ad_click_number, a.ad_collect_number, a.ad_comment_number, a.ad_last_comment_time,u.user_id, u.user_name, u.user_password, u.user_type, u.user_type_code, u.user_verify_status, u.user_regist_time, u.user_avatar, u.user_phone, u.user_email, u.user_sex, u.user_city, u.user_signature, u.user_qq, u.user_wechat, u.user_weibo, u.user_money, u.user_vip_grade, u.user_grade, u.user_preference from ad a JOIN user u ON a.ad_user_id = u.user_id WHERE a.ad_start_time <= CURDATE() AND a.ad_end_time >= CURDATE() ORDER BY a.ad_click_number DESC limit ?,? 
2018-05-05 22:56:50,700 DEBUG (BaseJdbcLogger.java:159)- ==> Parameters: 0(Integer), 12(Integer)
2018-05-05 22:56:50,704 DEBUG (BaseJdbcLogger.java:159)- <==      Total: 12
2018-05-05 22:56:50,833 INFO (UserController.java:108)- 进入findUser
2018-05-05 22:56:50,833 INFO (UserController.java:109)- request>>>http://localhost:3000
2018-05-05 22:56:50,834 DEBUG (BaseJdbcLogger.java:159)- ==>  Preparing: select user_id, user_name, user_password, user_type, user_type_code, user_verify_status, user_regist_time, user_avatar, user_phone, user_email, user_sex, user_city, user_signature, user_qq, user_wechat, user_weibo, user_money, user_vip_grade, user_grade, user_preference from user where user_id = ? 
2018-05-05 22:56:50,834 DEBUG (BaseJdbcLogger.java:159)- ==> Parameters: 2(Integer)
2018-05-05 22:56:50,835 DEBUG (BaseJdbcLogger.java:159)- <==      Total: 1
2018-05-05 22:56:50,836 INFO (UserController.java:115)- User{userId=2, userName='张弛', userPassword='202cb962ac59075b964b07152d234b70', userType='政府', userTypeCode='GOV', userVerifyStatus='PENDING', userRegistTime=Sat May 05 22:55:20 CST 2018, userAvatar='null', userPhone='15161182029', userEmail='zc1234567@vip.qq.com', userSex='男', userCity='南京', userSignature='有些人，才遇见一下子，就好像认识了很久似的，什么事都想和他说。', userQq=null, userWechat='null', userWeibo='null', userMoney=1500, userVipGrade='5', userGrade=3, userPreference='a;a;a;a;a;b;b;a;b;b;b;b;a;a;b;'}
2018-05-05 22:57:50,302 INFO (StartupInfoLogger.java:48)- Starting ZachwebApplication on nkgw10nh1856 with PID 6720 (F:\ZachAdWeb\zachweb\target\classes started by Zach.Zhang in F:\ZachAdWeb\zachweb)
2018-05-05 22:57:50,302 DEBUG (StartupInfoLogger.java:51)- Running with Spring Boot v1.5.10.RELEASE, Spring v4.3.14.RELEASE
2018-05-05 22:57:50,302 INFO (SpringApplication.java:593)- No active profile set, falling back to default profiles: default
2018-05-05 22:57:51,154 INFO (StartupInfoLogger.java:57)- Started ZachwebApplication in 0.932 seconds (JVM running for 9716.8)
2018-05-05 22:57:56,152 INFO (UserController.java:132)- logout>>>
2018-05-05 22:57:56,153 INFO (UserController.java:133)- request>>>http://localhost:3000
2018-05-05 22:58:00,201 INFO (UserController.java:86)- User{userId=null, userName='张弛', userPassword='123', userType='null', userTypeCode='null', userVerifyStatus='null', userRegistTime=null, userAvatar='null', userPhone='null', userEmail='null', userSex='null', userCity='null', userSignature='null', userQq=null, userWechat='null', userWeibo='null', userMoney=null, userVipGrade='null', userGrade=null, userPreference='null'}
2018-05-05 22:58:00,236 DEBUG (BaseJdbcLogger.java:159)- ==>  Preparing: select user_id, user_name, user_password, user_type, user_type_code, user_verify_status, user_regist_time, user_avatar, user_phone, user_email, user_sex, user_city, user_signature, user_qq, user_wechat, user_weibo, user_money, user_vip_grade, user_grade, user_preference from user where user_name = ? 
2018-05-05 22:58:00,236 DEBUG (BaseJdbcLogger.java:159)- ==> Parameters: 张弛(String)
2018-05-05 22:58:00,237 DEBUG (BaseJdbcLogger.java:159)- <==      Total: 1
2018-05-05 22:58:00,239 DEBUG (BaseJdbcLogger.java:159)- ==>  Preparing: select user_id, user_name, user_password, user_type, user_type_code, user_verify_status, user_regist_time, user_avatar, user_phone, user_email, user_sex, user_city, user_signature, user_qq, user_wechat, user_weibo, user_money, user_vip_grade, user_grade, user_preference from user where user_name = ? AND user_password = ? 
2018-05-05 22:58:00,239 DEBUG (BaseJdbcLogger.java:159)- ==> Parameters: 张弛(String), 202cb962ac59075b964b07152d234b70(String)
2018-05-05 22:58:00,240 DEBUG (BaseJdbcLogger.java:159)- <==      Total: 1
2018-05-05 22:58:00,241 INFO (UserServiceImpl.java:81)- 验证成功！
2018-05-05 22:58:00,241 INFO (UserController.java:91)- User{userId=2, userName='张弛', userPassword='202cb962ac59075b964b07152d234b70', userType='政府', userTypeCode='GOV', userVerifyStatus='PENDING', userRegistTime=Sat May 05 22:55:20 CST 2018, userAvatar='null', userPhone='15161182029', userEmail='zc1234567@vip.qq.com', userSex='男', userCity='南京', userSignature='有些人，才遇见一下子，就好像认识了很久似的，什么事都想和他说。', userQq=null, userWechat='null', userWeibo='null', userMoney=1500, userVipGrade='5', userGrade=3, userPreference='a;a;a;a;a;b;b;a;b;b;b;b;a;a;b;'}
2018-05-05 22:58:00,597 INFO (UserController.java:108)- 进入findUser
2018-05-05 22:58:00,600 INFO (UserController.java:109)- request>>>http://localhost:3000
2018-05-05 22:58:00,601 DEBUG (BaseJdbcLogger.java:159)- ==>  Preparing: select user_id, user_name, user_password, user_type, user_type_code, user_verify_status, user_regist_time, user_avatar, user_phone, user_email, user_sex, user_city, user_signature, user_qq, user_wechat, user_weibo, user_money, user_vip_grade, user_grade, user_preference from user where user_id = ? 
2018-05-05 22:58:00,602 DEBUG (BaseJdbcLogger.java:159)- ==> Parameters: 2(Integer)
2018-05-05 22:58:00,605 INFO (AdController.java:163)- >>>>>>>进入finduserad
2018-05-05 22:58:00,605 DEBUG (BaseJdbcLogger.java:159)- <==      Total: 1
2018-05-05 22:58:00,606 INFO (UserController.java:115)- User{userId=2, userName='张弛', userPassword='202cb962ac59075b964b07152d234b70', userType='政府', userTypeCode='GOV', userVerifyStatus='PENDING', userRegistTime=Sat May 05 22:55:20 CST 2018, userAvatar='null', userPhone='15161182029', userEmail='zc1234567@vip.qq.com', userSex='男', userCity='南京', userSignature='有些人，才遇见一下子，就好像认识了很久似的，什么事都想和他说。', userQq=null, userWechat='null', userWeibo='null', userMoney=1500, userVipGrade='5', userGrade=3, userPreference='a;a;a;a;a;b;b;a;b;b;b;b;a;a;b;'}
2018-05-05 22:58:00,607 DEBUG (BaseJdbcLogger.java:159)- ==>  Preparing: select ad_id, ad_user_id, ad_type, ad_type_code, ad_title, ad_html, ad_text, ad_pic, ad_price, ad_add_time, ad_last_update_time, ad_start_time, ad_end_time, ad_click_number, ad_collect_number, ad_comment_number, ad_last_comment_time from ad where ad_user_id = ? ORDER BY ad_add_time DESC 
2018-05-05 22:58:00,607 DEBUG (BaseJdbcLogger.java:159)- ==> Parameters: 2(Integer)
2018-05-05 22:58:00,611 DEBUG (BaseJdbcLogger.java:159)- <==      Total: 12
2018-05-05 22:58:02,991 INFO (AdController.java:320)- >>>>>>>>进入首页>>>>>>>>>>>>>>
2018-05-05 22:58:02,992 INFO (AdServiceImpl.java:215)- [Ljava.lang.String;@636777bf
2018-05-05 22:58:02,993 INFO (AdServiceImpl.java:287)- 重复最多次数为：8
2018-05-05 22:58:02,993 INFO (AdServiceImpl.java:297)- 重复最多次(8)的字符串为：a
2018-05-05 22:58:02,993 INFO (AdServiceImpl.java:219)- 用户最喜欢的广告类型是：a
2018-05-05 22:58:02,994 DEBUG (BaseJdbcLogger.java:159)- ==>  Preparing: select a.ad_id, a.ad_user_id, a.ad_type, a.ad_type_code, a.ad_title, a.ad_html, a.ad_text, a.ad_pic, a.ad_price, a.ad_add_time, a.ad_last_update_time, a.ad_start_time, a.ad_end_time, a.ad_click_number, a.ad_collect_number, a.ad_comment_number, a.ad_last_comment_time,u.user_id, u.user_name, u.user_password, u.user_type, u.user_type_code, u.user_verify_status, u.user_regist_time, u.user_avatar, u.user_phone, u.user_email, u.user_sex, u.user_city, u.user_signature, u.user_qq, u.user_wechat, u.user_weibo, u.user_money, u.user_vip_grade, u.user_grade, u.user_preference from ad a JOIN user u ON a.ad_user_id = u.user_id WHERE a.ad_start_time <= CURDATE() AND a.ad_end_time >= CURDATE() AND a.ad_type_code = ? ORDER BY a.ad_click_number DESC limit ?,? 
2018-05-05 22:58:02,995 DEBUG (BaseJdbcLogger.java:159)- ==> Parameters: a(String), 0(Integer), 4(Integer)
2018-05-05 22:58:03,002 DEBUG (BaseJdbcLogger.java:159)- <==      Total: 4
2018-05-05 22:58:03,003 INFO (AdServiceImpl.java:231)- *********用户猜你喜欢的广告是：********请问请问群翁群无公益广告545
2018-05-05 22:58:03,003 INFO (AdServiceImpl.java:231)- *********用户猜你喜欢的广告是：********请问请问群翁群无公益广告439
2018-05-05 22:58:03,003 INFO (AdServiceImpl.java:231)- *********用户猜你喜欢的广告是：********36氪首发 | 用全息技术再现巨星的「棱镜光娱」获3000万元Pre-A轮融资，荣正资本领投公益广告145
2018-05-05 22:58:03,004 INFO (AdServiceImpl.java:231)- *********用户猜你喜欢的广告是：********IP，只是起点而非终点公益广告105
2018-05-05 22:58:03,004 DEBUG (BaseJdbcLogger.java:159)- ==>  Preparing: select a.ad_id, a.ad_user_id, a.ad_type, a.ad_type_code, a.ad_title, a.ad_html, a.ad_text, a.ad_pic, a.ad_price, a.ad_add_time, a.ad_last_update_time, a.ad_start_time, a.ad_end_time, a.ad_click_number, a.ad_collect_number, a.ad_comment_number, a.ad_last_comment_time,u.user_id, u.user_name, u.user_password, u.user_type, u.user_type_code, u.user_verify_status, u.user_regist_time, u.user_avatar, u.user_phone, u.user_email, u.user_sex, u.user_city, u.user_signature, u.user_qq, u.user_wechat, u.user_weibo, u.user_money, u.user_vip_grade, u.user_grade, u.user_preference from ad a JOIN user u ON a.ad_user_id = u.user_id WHERE a.ad_start_time <= CURDATE() AND a.ad_end_time >= CURDATE() ORDER BY a.ad_last_update_time DESC limit ?,? 
2018-05-05 22:58:03,004 DEBUG (BaseJdbcLogger.java:159)- ==> Parameters: 0(Integer), 12(Integer)
2018-05-05 22:58:03,010 DEBUG (BaseJdbcLogger.java:159)- <==      Total: 12
2018-05-05 22:58:03,011 DEBUG (BaseJdbcLogger.java:159)- ==>  Preparing: select a.ad_id, a.ad_user_id, a.ad_type, a.ad_type_code, a.ad_title, a.ad_html, a.ad_text, a.ad_pic, a.ad_price, a.ad_add_time, a.ad_last_update_time, a.ad_start_time, a.ad_end_time, a.ad_click_number, a.ad_collect_number, a.ad_comment_number, a.ad_last_comment_time,u.user_id, u.user_name, u.user_password, u.user_type, u.user_type_code, u.user_verify_status, u.user_regist_time, u.user_avatar, u.user_phone, u.user_email, u.user_sex, u.user_city, u.user_signature, u.user_qq, u.user_wechat, u.user_weibo, u.user_money, u.user_vip_grade, u.user_grade, u.user_preference from ad a JOIN user u ON a.ad_user_id = u.user_id WHERE a.ad_start_time <= CURDATE() AND a.ad_end_time >= CURDATE() ORDER BY a.ad_comment_number DESC limit ?,? 
2018-05-05 22:58:03,011 DEBUG (BaseJdbcLogger.java:159)- ==> Parameters: 0(Integer), 12(Integer)
2018-05-05 22:58:03,017 DEBUG (BaseJdbcLogger.java:159)- <==      Total: 12
2018-05-05 22:58:03,018 DEBUG (BaseJdbcLogger.java:159)- ==>  Preparing: select a.ad_id, a.ad_user_id, a.ad_type, a.ad_type_code, a.ad_title, a.ad_html, a.ad_text, a.ad_pic, a.ad_price, a.ad_add_time, a.ad_last_update_time, a.ad_start_time, a.ad_end_time, a.ad_click_number, a.ad_collect_number, a.ad_comment_number, a.ad_last_comment_time,u.user_id, u.user_name, u.user_password, u.user_type, u.user_type_code, u.user_verify_status, u.user_regist_time, u.user_avatar, u.user_phone, u.user_email, u.user_sex, u.user_city, u.user_signature, u.user_qq, u.user_wechat, u.user_weibo, u.user_money, u.user_vip_grade, u.user_grade, u.user_preference from ad a JOIN user u ON a.ad_user_id = u.user_id WHERE a.ad_start_time <= CURDATE() AND a.ad_end_time >= CURDATE() ORDER BY a.ad_click_number DESC limit ?,? 
2018-05-05 22:58:03,019 DEBUG (BaseJdbcLogger.java:159)- ==> Parameters: 0(Integer), 12(Integer)
2018-05-05 22:58:03,023 DEBUG (BaseJdbcLogger.java:159)- <==      Total: 12
2018-05-05 22:58:03,153 INFO (UserController.java:108)- 进入findUser
2018-05-05 22:58:03,154 INFO (UserController.java:109)- request>>>http://localhost:3000
2018-05-05 22:58:03,154 DEBUG (BaseJdbcLogger.java:159)- ==>  Preparing: select user_id, user_name, user_password, user_type, user_type_code, user_verify_status, user_regist_time, user_avatar, user_phone, user_email, user_sex, user_city, user_signature, user_qq, user_wechat, user_weibo, user_money, user_vip_grade, user_grade, user_preference from user where user_id = ? 
2018-05-05 22:58:03,155 DEBUG (BaseJdbcLogger.java:159)- ==> Parameters: 2(Integer)
2018-05-05 22:58:03,156 DEBUG (BaseJdbcLogger.java:159)- <==      Total: 1
2018-05-05 22:58:03,157 INFO (UserController.java:115)- User{userId=2, userName='张弛', userPassword='202cb962ac59075b964b07152d234b70', userType='政府', userTypeCode='GOV', userVerifyStatus='PENDING', userRegistTime=Sat May 05 22:55:20 CST 2018, userAvatar='null', userPhone='15161182029', userEmail='zc1234567@vip.qq.com', userSex='男', userCity='南京', userSignature='有些人，才遇见一下子，就好像认识了很久似的，什么事都想和他说。', userQq=null, userWechat='null', userWeibo='null', userMoney=1500, userVipGrade='5', userGrade=3, userPreference='a;a;a;a;a;b;b;a;b;b;b;b;a;a;b;'}
2018-05-05 23:02:52,086 INFO (StartupInfoLogger.java:48)- Starting ZachwebApplication on nkgw10nh1856 with PID 6720 (F:\ZachAdWeb\zachweb\target\classes started by Zach.Zhang in F:\ZachAdWeb\zachweb)
2018-05-05 23:02:52,090 DEBUG (StartupInfoLogger.java:51)- Running with Spring Boot v1.5.10.RELEASE, Spring v4.3.14.RELEASE
2018-05-05 23:02:52,090 INFO (SpringApplication.java:593)- No active profile set, falling back to default profiles: default
2018-05-05 23:02:53,506 INFO (StartupInfoLogger.java:57)- Started ZachwebApplication in 1.478 seconds (JVM running for 10019.152)
2018-05-05 23:03:32,359 INFO (UserController.java:108)- 进入findUser
2018-05-05 23:03:32,360 INFO (UserController.java:109)- request>>>http://localhost:3000
2018-05-05 23:03:32,361 INFO (UserController.java:118)- 未找到User
2018-05-05 23:03:37,993 INFO (UserController.java:86)- User{userId=null, userName='张弛', userPassword='123', userType='null', userTypeCode='null', userVerifyStatus='null', userRegistTime=null, userAvatar='null', userPhone='null', userEmail='null', userSex='null', userCity='null', userSignature='null', userQq=null, userWechat='null', userWeibo='null', userMoney=null, userVipGrade='null', userGrade=null, userPreference='null'}
2018-05-05 23:03:38,022 DEBUG (BaseJdbcLogger.java:159)- ==>  Preparing: select user_id, user_name, user_password, user_type, user_type_code, user_verify_status, user_regist_time, user_avatar, user_phone, user_email, user_sex, user_city, user_signature, user_qq, user_wechat, user_weibo, user_money, user_vip_grade, user_grade, user_preference from user where user_name = ? 
2018-05-05 23:03:38,022 DEBUG (BaseJdbcLogger.java:159)- ==> Parameters: 张弛(String)
2018-05-05 23:03:38,025 DEBUG (BaseJdbcLogger.java:159)- <==      Total: 1
2018-05-05 23:03:38,026 DEBUG (BaseJdbcLogger.java:159)- ==>  Preparing: select user_id, user_name, user_password, user_type, user_type_code, user_verify_status, user_regist_time, user_avatar, user_phone, user_email, user_sex, user_city, user_signature, user_qq, user_wechat, user_weibo, user_money, user_vip_grade, user_grade, user_preference from user where user_name = ? AND user_password = ? 
2018-05-05 23:03:38,027 DEBUG (BaseJdbcLogger.java:159)- ==> Parameters: 张弛(String), 202cb962ac59075b964b07152d234b70(String)
2018-05-05 23:03:38,028 DEBUG (BaseJdbcLogger.java:159)- <==      Total: 1
2018-05-05 23:03:38,028 INFO (UserServiceImpl.java:81)- 验证成功！
2018-05-05 23:03:38,028 INFO (UserController.java:91)- User{userId=2, userName='张弛', userPassword='202cb962ac59075b964b07152d234b70', userType='政府', userTypeCode='GOV', userVerifyStatus='PENDING', userRegistTime=Sat May 05 22:55:20 CST 2018, userAvatar='null', userPhone='15161182029', userEmail='zc1234567@vip.qq.com', userSex='男', userCity='南京', userSignature='有些人，才遇见一下子，就好像认识了很久似的，什么事都想和他说。', userQq=null, userWechat='null', userWeibo='null', userMoney=1500, userVipGrade='5', userGrade=3, userPreference='a;a;a;a;a;b;b;a;b;b;b;b;a;a;b;'}
2018-05-05 23:03:38,283 INFO (UserController.java:108)- 进入findUser
2018-05-05 23:03:38,283 INFO (UserController.java:109)- request>>>http://localhost:3000
2018-05-05 23:03:38,284 DEBUG (BaseJdbcLogger.java:159)- ==>  Preparing: select user_id, user_name, user_password, user_type, user_type_code, user_verify_status, user_regist_time, user_avatar, user_phone, user_email, user_sex, user_city, user_signature, user_qq, user_wechat, user_weibo, user_money, user_vip_grade, user_grade, user_preference from user where user_id = ? 
2018-05-05 23:03:38,284 INFO (AdController.java:163)- >>>>>>>进入finduserad
2018-05-05 23:03:38,285 DEBUG (BaseJdbcLogger.java:159)- ==> Parameters: 2(Integer)
2018-05-05 23:03:38,286 DEBUG (BaseJdbcLogger.java:159)- ==>  Preparing: select ad_id, ad_user_id, ad_type, ad_type_code, ad_title, ad_html, ad_text, ad_pic, ad_price, ad_add_time, ad_last_update_time, ad_start_time, ad_end_time, ad_click_number, ad_collect_number, ad_comment_number, ad_last_comment_time from ad where ad_user_id = ? ORDER BY ad_add_time DESC 
2018-05-05 23:03:38,286 DEBUG (BaseJdbcLogger.java:159)- <==      Total: 1
2018-05-05 23:03:38,287 DEBUG (BaseJdbcLogger.java:159)- ==> Parameters: 2(Integer)
2018-05-05 23:03:38,287 INFO (UserController.java:115)- User{userId=2, userName='张弛', userPassword='202cb962ac59075b964b07152d234b70', userType='政府', userTypeCode='GOV', userVerifyStatus='PENDING', userRegistTime=Sat May 05 22:55:20 CST 2018, userAvatar='null', userPhone='15161182029', userEmail='zc1234567@vip.qq.com', userSex='男', userCity='南京', userSignature='有些人，才遇见一下子，就好像认识了很久似的，什么事都想和他说。', userQq=null, userWechat='null', userWeibo='null', userMoney=1500, userVipGrade='5', userGrade=3, userPreference='a;a;a;a;a;b;b;a;b;b;b;b;a;a;b;'}
2018-05-05 23:03:38,292 DEBUG (BaseJdbcLogger.java:159)- <==      Total: 12
2018-05-06 15:40:12,153 INFO (StartupInfoLogger.java:48)- Starting ZachwebApplication on nkgw10nh1856 with PID 15916 (F:\ZachAdWeb\zachweb\target\classes started by Zach.Zhang in F:\ZachAdWeb\zachweb)
2018-05-06 15:40:12,153 DEBUG (StartupInfoLogger.java:51)- Running with Spring Boot v1.5.10.RELEASE, Spring v4.3.14.RELEASE
2018-05-06 15:40:12,153 INFO (SpringApplication.java:593)- No active profile set, falling back to default profiles: default
2018-05-06 15:40:15,481 INFO (StartupInfoLogger.java:57)- Started ZachwebApplication in 3.641 seconds (JVM running for 8.221)
2018-05-06 15:45:52,769 INFO (AdController.java:320)- >>>>>>>>进入首页>>>>>>>>>>>>>>
2018-05-06 15:45:55,875 INFO (UserController.java:108)- 进入findUser
2018-05-06 15:45:55,876 INFO (UserController.java:109)- request>>>http://localhost:3000
2018-05-06 15:45:55,877 INFO (UserController.java:118)- 未找到User
2018-05-06 15:46:24,736 INFO (AdController.java:320)- >>>>>>>>进入首页>>>>>>>>>>>>>>
2018-05-06 15:46:27,793 INFO (UserController.java:108)- 进入findUser
2018-05-06 15:46:27,794 INFO (UserController.java:109)- request>>>http://localhost:3000
2018-05-06 15:46:27,794 INFO (UserController.java:118)- 未找到User
2018-05-06 15:49:17,780 INFO (StartupInfoLogger.java:48)- Starting ZachwebApplication on nkgw10nh1856 with PID 15916 (F:\ZachAdWeb\zachweb\target\classes started by Zach.Zhang in F:\ZachAdWeb\zachweb)
2018-05-06 15:49:17,780 DEBUG (StartupInfoLogger.java:51)- Running with Spring Boot v1.5.10.RELEASE, Spring v4.3.14.RELEASE
2018-05-06 15:49:17,780 INFO (SpringApplication.java:593)- No active profile set, falling back to default profiles: default
2018-05-06 15:49:21,447 INFO (StartupInfoLogger.java:48)- Starting ZachwebApplication on nkgw10nh1856 with PID 15916 (F:\ZachAdWeb\zachweb\target\classes started by Zach.Zhang in F:\ZachAdWeb\zachweb)
2018-05-06 15:49:21,447 DEBUG (StartupInfoLogger.java:51)- Running with Spring Boot v1.5.10.RELEASE, Spring v4.3.14.RELEASE
2018-05-06 15:49:21,447 INFO (SpringApplication.java:593)- No active profile set, falling back to default profiles: default
2018-05-06 15:49:23,478 INFO (StartupInfoLogger.java:57)- Started ZachwebApplication in 2.281 seconds (JVM running for 556.227)
2018-05-06 15:49:33,259 INFO (StartupInfoLogger.java:48)- Starting ZachwebApplication on nkgw10nh1856 with PID 15916 (F:\ZachAdWeb\zachweb\target\classes started by Zach.Zhang in F:\ZachAdWeb\zachweb)
2018-05-06 15:49:33,259 DEBUG (StartupInfoLogger.java:51)- Running with Spring Boot v1.5.10.RELEASE, Spring v4.3.14.RELEASE
2018-05-06 15:49:33,259 INFO (SpringApplication.java:593)- No active profile set, falling back to default profiles: default
2018-05-06 15:49:35,427 INFO (StartupInfoLogger.java:57)- Started ZachwebApplication in 2.23 seconds (JVM running for 568.171)
2018-05-06 15:49:42,731 INFO (StartupInfoLogger.java:48)- Starting ZachwebApplication on nkgw10nh1856 with PID 15916 (F:\ZachAdWeb\zachweb\target\classes started by Zach.Zhang in F:\ZachAdWeb\zachweb)
2018-05-06 15:49:42,731 DEBUG (StartupInfoLogger.java:51)- Running with Spring Boot v1.5.10.RELEASE, Spring v4.3.14.RELEASE
2018-05-06 15:49:42,731 INFO (SpringApplication.java:593)- No active profile set, falling back to default profiles: default
2018-05-06 15:49:43,981 INFO (StartupInfoLogger.java:57)- Started ZachwebApplication in 1.297 seconds (JVM running for 576.726)
2018-05-06 15:49:49,921 INFO (AdController.java:320)- >>>>>>>>进入首页>>>>>>>>>>>>>>
2018-05-06 15:49:50,136 INFO (UserController.java:108)- 进入findUser
2018-05-06 15:49:50,137 INFO (UserController.java:109)- request>>>http://localhost:3000
2018-05-06 15:49:50,137 INFO (UserController.java:118)- 未找到User
2018-05-06 15:49:50,268 DEBUG (BaseJdbcLogger.java:159)- ==>  Preparing: select a.ad_id, a.ad_user_id, a.ad_type, a.ad_type_code, a.ad_title, a.ad_html, a.ad_text, a.ad_pic, a.ad_price, a.ad_add_time, a.ad_last_update_time, a.ad_start_time, a.ad_end_time, a.ad_click_number, a.ad_collect_number, a.ad_comment_number, a.ad_last_comment_time,u.user_id, u.user_name, u.user_password, u.user_type, u.user_type_code, u.user_verify_status, u.user_regist_time, u.user_avatar, u.user_phone, u.user_email, u.user_sex, u.user_city, u.user_signature, u.user_qq, u.user_wechat, u.user_weibo, u.user_money, u.user_vip_grade, u.user_grade, u.user_preference from ad a JOIN user u ON a.ad_user_id = u.user_id WHERE a.ad_start_time <= CURDATE() AND a.ad_end_time >= CURDATE() ORDER BY a.ad_last_update_time DESC limit ?,? 
2018-05-06 15:49:50,287 DEBUG (BaseJdbcLogger.java:159)- ==> Parameters: 0(Integer), 12(Integer)
2018-05-06 15:49:50,308 DEBUG (BaseJdbcLogger.java:159)- <==      Total: 12
2018-05-06 15:49:50,310 DEBUG (BaseJdbcLogger.java:159)- ==>  Preparing: select a.ad_id, a.ad_user_id, a.ad_type, a.ad_type_code, a.ad_title, a.ad_html, a.ad_text, a.ad_pic, a.ad_price, a.ad_add_time, a.ad_last_update_time, a.ad_start_time, a.ad_end_time, a.ad_click_number, a.ad_collect_number, a.ad_comment_number, a.ad_last_comment_time,u.user_id, u.user_name, u.user_password, u.user_type, u.user_type_code, u.user_verify_status, u.user_regist_time, u.user_avatar, u.user_phone, u.user_email, u.user_sex, u.user_city, u.user_signature, u.user_qq, u.user_wechat, u.user_weibo, u.user_money, u.user_vip_grade, u.user_grade, u.user_preference from ad a JOIN user u ON a.ad_user_id = u.user_id WHERE a.ad_start_time <= CURDATE() AND a.ad_end_time >= CURDATE() ORDER BY a.ad_comment_number DESC limit ?,? 
2018-05-06 15:49:50,311 DEBUG (BaseJdbcLogger.java:159)- ==> Parameters: 0(Integer), 12(Integer)
2018-05-06 15:49:50,323 DEBUG (BaseJdbcLogger.java:159)- <==      Total: 12
2018-05-06 15:49:50,324 DEBUG (BaseJdbcLogger.java:159)- ==>  Preparing: select a.ad_id, a.ad_user_id, a.ad_type, a.ad_type_code, a.ad_title, a.ad_html, a.ad_text, a.ad_pic, a.ad_price, a.ad_add_time, a.ad_last_update_time, a.ad_start_time, a.ad_end_time, a.ad_click_number, a.ad_collect_number, a.ad_comment_number, a.ad_last_comment_time,u.user_id, u.user_name, u.user_password, u.user_type, u.user_type_code, u.user_verify_status, u.user_regist_time, u.user_avatar, u.user_phone, u.user_email, u.user_sex, u.user_city, u.user_signature, u.user_qq, u.user_wechat, u.user_weibo, u.user_money, u.user_vip_grade, u.user_grade, u.user_preference from ad a JOIN user u ON a.ad_user_id = u.user_id WHERE a.ad_start_time <= CURDATE() AND a.ad_end_time >= CURDATE() ORDER BY a.ad_click_number DESC limit ?,? 
2018-05-06 15:49:50,325 DEBUG (BaseJdbcLogger.java:159)- ==> Parameters: 0(Integer), 12(Integer)
2018-05-06 15:49:50,334 DEBUG (BaseJdbcLogger.java:159)- <==      Total: 12
2018-05-06 15:50:04,324 INFO (UserController.java:86)- User{userId=null, userName='张弛', userPassword='123', userType='null', userTypeCode='null', userVerifyStatus='null', userRegistTime=null, userAvatar='null', userPhone='null', userEmail='null', userSex='null', userCity='null', userSignature='null', userQq=null, userWechat='null', userWeibo='null', userMoney=null, userVipGrade='null', userGrade=null, userPreference='null'}
2018-05-06 15:50:04,327 DEBUG (BaseJdbcLogger.java:159)- ==>  Preparing: select user_id, user_name, user_password, user_type, user_type_code, user_verify_status, user_regist_time, user_avatar, user_phone, user_email, user_sex, user_city, user_signature, user_qq, user_wechat, user_weibo, user_money, user_vip_grade, user_grade, user_preference from user where user_name = ? 
2018-05-06 15:50:04,328 DEBUG (BaseJdbcLogger.java:159)- ==> Parameters: 张弛(String)
2018-05-06 15:50:04,330 DEBUG (BaseJdbcLogger.java:159)- <==      Total: 1
2018-05-06 15:50:04,332 DEBUG (BaseJdbcLogger.java:159)- ==>  Preparing: select user_id, user_name, user_password, user_type, user_type_code, user_verify_status, user_regist_time, user_avatar, user_phone, user_email, user_sex, user_city, user_signature, user_qq, user_wechat, user_weibo, user_money, user_vip_grade, user_grade, user_preference from user where user_name = ? AND user_password = ? 
2018-05-06 15:50:04,333 DEBUG (BaseJdbcLogger.java:159)- ==> Parameters: 张弛(String), 202cb962ac59075b964b07152d234b70(String)
2018-05-06 15:50:04,334 DEBUG (BaseJdbcLogger.java:159)- <==      Total: 1
2018-05-06 15:50:04,335 INFO (UserServiceImpl.java:81)- 验证成功！
2018-05-06 15:50:04,335 INFO (UserController.java:91)- User{userId=2, userName='张弛', userPassword='202cb962ac59075b964b07152d234b70', userType='政府', userTypeCode='GOV', userVerifyStatus='PENDING', userRegistTime=Sat May 05 22:55:20 CST 2018, userAvatar='null', userPhone='15161182029', userEmail='zc1234567@vip.qq.com', userSex='男', userCity='南京', userSignature='有些人，才遇见一下子，就好像认识了很久似的，什么事都想和他说。', userQq=null, userWechat='null', userWeibo='null', userMoney=1500, userVipGrade='5', userGrade=3, userPreference='a;a;a;a;a;b;b;a;b;b;b;b;a;a;b;'}
2018-05-06 15:50:04,718 INFO (UserController.java:108)- 进入findUser
2018-05-06 15:50:04,718 INFO (UserController.java:109)- request>>>http://localhost:3000
2018-05-06 15:50:04,719 INFO (AdController.java:163)- >>>>>>>进入finduserad
2018-05-06 15:50:04,720 DEBUG (BaseJdbcLogger.java:159)- ==>  Preparing: select user_id, user_name, user_password, user_type, user_type_code, user_verify_status, user_regist_time, user_avatar, user_phone, user_email, user_sex, user_city, user_signature, user_qq, user_wechat, user_weibo, user_money, user_vip_grade, user_grade, user_preference from user where user_id = ? 
2018-05-06 15:50:04,721 DEBUG (BaseJdbcLogger.java:159)- ==> Parameters: 2(Integer)
2018-05-06 15:50:04,723 DEBUG (BaseJdbcLogger.java:159)- ==>  Preparing: select ad_id, ad_user_id, ad_type, ad_type_code, ad_title, ad_html, ad_text, ad_pic, ad_price, ad_add_time, ad_last_update_time, ad_start_time, ad_end_time, ad_click_number, ad_collect_number, ad_comment_number, ad_last_comment_time from ad where ad_user_id = ? ORDER BY ad_add_time DESC 
2018-05-06 15:50:04,724 DEBUG (BaseJdbcLogger.java:159)- <==      Total: 1
2018-05-06 15:50:04,724 DEBUG (BaseJdbcLogger.java:159)- ==> Parameters: 2(Integer)
2018-05-06 15:50:04,725 INFO (UserController.java:115)- User{userId=2, userName='张弛', userPassword='202cb962ac59075b964b07152d234b70', userType='政府', userTypeCode='GOV', userVerifyStatus='PENDING', userRegistTime=Sat May 05 22:55:20 CST 2018, userAvatar='null', userPhone='15161182029', userEmail='zc1234567@vip.qq.com', userSex='男', userCity='南京', userSignature='有些人，才遇见一下子，就好像认识了很久似的，什么事都想和他说。', userQq=null, userWechat='null', userWeibo='null', userMoney=1500, userVipGrade='5', userGrade=3, userPreference='a;a;a;a;a;b;b;a;b;b;b;b;a;a;b;'}
2018-05-06 15:50:04,733 DEBUG (BaseJdbcLogger.java:159)- <==      Total: 12
2018-05-06 15:50:07,161 INFO (AdController.java:320)- >>>>>>>>进入首页>>>>>>>>>>>>>>
2018-05-06 15:50:07,162 INFO (AdServiceImpl.java:218)- [Ljava.lang.String;@3383a360
2018-05-06 15:50:07,165 INFO (AdServiceImpl.java:290)- 重复最多次数为：8
2018-05-06 15:50:07,166 INFO (AdServiceImpl.java:300)- 重复最多次(8)的字符串为：a
2018-05-06 15:50:07,167 INFO (AdServiceImpl.java:222)- 用户最喜欢的广告类型是：a
2018-05-06 15:50:07,168 DEBUG (BaseJdbcLogger.java:159)- ==>  Preparing: select a.ad_id, a.ad_user_id, a.ad_type, a.ad_type_code, a.ad_title, a.ad_html, a.ad_text, a.ad_pic, a.ad_price, a.ad_add_time, a.ad_last_update_time, a.ad_start_time, a.ad_end_time, a.ad_click_number, a.ad_collect_number, a.ad_comment_number, a.ad_last_comment_time,u.user_id, u.user_name, u.user_password, u.user_type, u.user_type_code, u.user_verify_status, u.user_regist_time, u.user_avatar, u.user_phone, u.user_email, u.user_sex, u.user_city, u.user_signature, u.user_qq, u.user_wechat, u.user_weibo, u.user_money, u.user_vip_grade, u.user_grade, u.user_preference from ad a JOIN user u ON a.ad_user_id = u.user_id WHERE a.ad_start_time <= CURDATE() AND a.ad_end_time >= CURDATE() AND a.ad_type_code = ? ORDER BY a.ad_click_number DESC limit ?,? 
2018-05-06 15:50:07,171 DEBUG (BaseJdbcLogger.java:159)- ==> Parameters: a(String), 0(Integer), 4(Integer)
2018-05-06 15:50:07,177 DEBUG (BaseJdbcLogger.java:159)- <==      Total: 4
2018-05-06 15:50:07,181 INFO (AdServiceImpl.java:234)- *********用户猜你喜欢的广告是：********请问请问群翁群无公益广告545
2018-05-06 15:50:07,181 INFO (AdServiceImpl.java:234)- *********用户猜你喜欢的广告是：********请问请问群翁群无公益广告439
2018-05-06 15:50:07,182 INFO (AdServiceImpl.java:234)- *********用户猜你喜欢的广告是：********36氪首发 | 用全息技术再现巨星的「棱镜光娱」获3000万元Pre-A轮融资，荣正资本领投公益广告145
2018-05-06 15:50:07,182 INFO (AdServiceImpl.java:234)- *********用户猜你喜欢的广告是：********IP，只是起点而非终点公益广告105
2018-05-06 15:50:07,183 DEBUG (BaseJdbcLogger.java:159)- ==>  Preparing: select a.ad_id, a.ad_user_id, a.ad_type, a.ad_type_code, a.ad_title, a.ad_html, a.ad_text, a.ad_pic, a.ad_price, a.ad_add_time, a.ad_last_update_time, a.ad_start_time, a.ad_end_time, a.ad_click_number, a.ad_collect_number, a.ad_comment_number, a.ad_last_comment_time,u.user_id, u.user_name, u.user_password, u.user_type, u.user_type_code, u.user_verify_status, u.user_regist_time, u.user_avatar, u.user_phone, u.user_email, u.user_sex, u.user_city, u.user_signature, u.user_qq, u.user_wechat, u.user_weibo, u.user_money, u.user_vip_grade, u.user_grade, u.user_preference from ad a JOIN user u ON a.ad_user_id = u.user_id WHERE a.ad_start_time <= CURDATE() AND a.ad_end_time >= CURDATE() ORDER BY a.ad_last_update_time DESC limit ?,? 
2018-05-06 15:50:07,184 DEBUG (BaseJdbcLogger.java:159)- ==> Parameters: 0(Integer), 12(Integer)
2018-05-06 15:50:07,193 DEBUG (BaseJdbcLogger.java:159)- <==      Total: 12
2018-05-06 15:50:07,194 DEBUG (BaseJdbcLogger.java:159)- ==>  Preparing: select a.ad_id, a.ad_user_id, a.ad_type, a.ad_type_code, a.ad_title, a.ad_html, a.ad_text, a.ad_pic, a.ad_price, a.ad_add_time, a.ad_last_update_time, a.ad_start_time, a.ad_end_time, a.ad_click_number, a.ad_collect_number, a.ad_comment_number, a.ad_last_comment_time,u.user_id, u.user_name, u.user_password, u.user_type, u.user_type_code, u.user_verify_status, u.user_regist_time, u.user_avatar, u.user_phone, u.user_email, u.user_sex, u.user_city, u.user_signature, u.user_qq, u.user_wechat, u.user_weibo, u.user_money, u.user_vip_grade, u.user_grade, u.user_preference from ad a JOIN user u ON a.ad_user_id = u.user_id WHERE a.ad_start_time <= CURDATE() AND a.ad_end_time >= CURDATE() ORDER BY a.ad_comment_number DESC limit ?,? 
2018-05-06 15:50:07,195 DEBUG (BaseJdbcLogger.java:159)- ==> Parameters: 0(Integer), 12(Integer)
2018-05-06 15:50:07,231 DEBUG (BaseJdbcLogger.java:159)- <==      Total: 12
2018-05-06 15:50:07,234 DEBUG (BaseJdbcLogger.java:159)- ==>  Preparing: select a.ad_id, a.ad_user_id, a.ad_type, a.ad_type_code, a.ad_title, a.ad_html, a.ad_text, a.ad_pic, a.ad_price, a.ad_add_time, a.ad_last_update_time, a.ad_start_time, a.ad_end_time, a.ad_click_number, a.ad_collect_number, a.ad_comment_number, a.ad_last_comment_time,u.user_id, u.user_name, u.user_password, u.user_type, u.user_type_code, u.user_verify_status, u.user_regist_time, u.user_avatar, u.user_phone, u.user_email, u.user_sex, u.user_city, u.user_signature, u.user_qq, u.user_wechat, u.user_weibo, u.user_money, u.user_vip_grade, u.user_grade, u.user_preference from ad a JOIN user u ON a.ad_user_id = u.user_id WHERE a.ad_start_time <= CURDATE() AND a.ad_end_time >= CURDATE() ORDER BY a.ad_click_number DESC limit ?,? 
2018-05-06 15:50:07,234 DEBUG (BaseJdbcLogger.java:159)- ==> Parameters: 0(Integer), 12(Integer)
2018-05-06 15:50:07,241 DEBUG (BaseJdbcLogger.java:159)- <==      Total: 12
2018-05-06 15:50:07,390 INFO (UserController.java:108)- 进入findUser
2018-05-06 15:50:07,390 INFO (UserController.java:109)- request>>>http://localhost:3000
2018-05-06 15:50:07,391 DEBUG (BaseJdbcLogger.java:159)- ==>  Preparing: select user_id, user_name, user_password, user_type, user_type_code, user_verify_status, user_regist_time, user_avatar, user_phone, user_email, user_sex, user_city, user_signature, user_qq, user_wechat, user_weibo, user_money, user_vip_grade, user_grade, user_preference from user where user_id = ? 
2018-05-06 15:50:07,392 DEBUG (BaseJdbcLogger.java:159)- ==> Parameters: 2(Integer)
2018-05-06 15:50:07,393 DEBUG (BaseJdbcLogger.java:159)- <==      Total: 1
2018-05-06 15:50:07,394 INFO (UserController.java:115)- User{userId=2, userName='张弛', userPassword='202cb962ac59075b964b07152d234b70', userType='政府', userTypeCode='GOV', userVerifyStatus='PENDING', userRegistTime=Sat May 05 22:55:20 CST 2018, userAvatar='null', userPhone='15161182029', userEmail='zc1234567@vip.qq.com', userSex='男', userCity='南京', userSignature='有些人，才遇见一下子，就好像认识了很久似的，什么事都想和他说。', userQq=null, userWechat='null', userWeibo='null', userMoney=1500, userVipGrade='5', userGrade=3, userPreference='a;a;a;a;a;b;b;a;b;b;b;b;a;a;b;'}
2018-05-06 15:50:11,500 INFO (AdController.java:320)- >>>>>>>>进入首页>>>>>>>>>>>>>>
2018-05-06 15:50:11,500 INFO (AdServiceImpl.java:218)- [Ljava.lang.String;@2e6f5051
2018-05-06 15:50:11,501 INFO (AdServiceImpl.java:290)- 重复最多次数为：8
2018-05-06 15:50:11,501 INFO (AdServiceImpl.java:300)- 重复最多次(8)的字符串为：a
2018-05-06 15:50:11,502 INFO (AdServiceImpl.java:222)- 用户最喜欢的广告类型是：a
2018-05-06 15:50:11,504 DEBUG (BaseJdbcLogger.java:159)- ==>  Preparing: select a.ad_id, a.ad_user_id, a.ad_type, a.ad_type_code, a.ad_title, a.ad_html, a.ad_text, a.ad_pic, a.ad_price, a.ad_add_time, a.ad_last_update_time, a.ad_start_time, a.ad_end_time, a.ad_click_number, a.ad_collect_number, a.ad_comment_number, a.ad_last_comment_time,u.user_id, u.user_name, u.user_password, u.user_type, u.user_type_code, u.user_verify_status, u.user_regist_time, u.user_avatar, u.user_phone, u.user_email, u.user_sex, u.user_city, u.user_signature, u.user_qq, u.user_wechat, u.user_weibo, u.user_money, u.user_vip_grade, u.user_grade, u.user_preference from ad a JOIN user u ON a.ad_user_id = u.user_id WHERE a.ad_start_time <= CURDATE() AND a.ad_end_time >= CURDATE() AND a.ad_type_code = ? ORDER BY a.ad_click_number DESC limit ?,? 
2018-05-06 15:50:11,505 DEBUG (BaseJdbcLogger.java:159)- ==> Parameters: a(String), 0(Integer), 4(Integer)
2018-05-06 15:50:11,508 DEBUG (BaseJdbcLogger.java:159)- <==      Total: 4
2018-05-06 15:50:11,509 INFO (AdServiceImpl.java:234)- *********用户猜你喜欢的广告是：********请问请问群翁群无公益广告545
2018-05-06 15:50:11,509 INFO (AdServiceImpl.java:234)- *********用户猜你喜欢的广告是：********请问请问群翁群无公益广告439
2018-05-06 15:50:11,510 INFO (AdServiceImpl.java:234)- *********用户猜你喜欢的广告是：********36氪首发 | 用全息技术再现巨星的「棱镜光娱」获3000万元Pre-A轮融资，荣正资本领投公益广告145
2018-05-06 15:50:11,510 INFO (AdServiceImpl.java:234)- *********用户猜你喜欢的广告是：********IP，只是起点而非终点公益广告105
2018-05-06 15:50:11,511 DEBUG (BaseJdbcLogger.java:159)- ==>  Preparing: select a.ad_id, a.ad_user_id, a.ad_type, a.ad_type_code, a.ad_title, a.ad_html, a.ad_text, a.ad_pic, a.ad_price, a.ad_add_time, a.ad_last_update_time, a.ad_start_time, a.ad_end_time, a.ad_click_number, a.ad_collect_number, a.ad_comment_number, a.ad_last_comment_time,u.user_id, u.user_name, u.user_password, u.user_type, u.user_type_code, u.user_verify_status, u.user_regist_time, u.user_avatar, u.user_phone, u.user_email, u.user_sex, u.user_city, u.user_signature, u.user_qq, u.user_wechat, u.user_weibo, u.user_money, u.user_vip_grade, u.user_grade, u.user_preference from ad a JOIN user u ON a.ad_user_id = u.user_id WHERE a.ad_start_time <= CURDATE() AND a.ad_end_time >= CURDATE() ORDER BY a.ad_last_update_time DESC limit ?,? 
2018-05-06 15:50:11,512 DEBUG (BaseJdbcLogger.java:159)- ==> Parameters: 0(Integer), 12(Integer)
2018-05-06 15:50:11,521 DEBUG (BaseJdbcLogger.java:159)- <==      Total: 12
2018-05-06 15:50:11,522 DEBUG (BaseJdbcLogger.java:159)- ==>  Preparing: select a.ad_id, a.ad_user_id, a.ad_type, a.ad_type_code, a.ad_title, a.ad_html, a.ad_text, a.ad_pic, a.ad_price, a.ad_add_time, a.ad_last_update_time, a.ad_start_time, a.ad_end_time, a.ad_click_number, a.ad_collect_number, a.ad_comment_number, a.ad_last_comment_time,u.user_id, u.user_name, u.user_password, u.user_type, u.user_type_code, u.user_verify_status, u.user_regist_time, u.user_avatar, u.user_phone, u.user_email, u.user_sex, u.user_city, u.user_signature, u.user_qq, u.user_wechat, u.user_weibo, u.user_money, u.user_vip_grade, u.user_grade, u.user_preference from ad a JOIN user u ON a.ad_user_id = u.user_id WHERE a.ad_start_time <= CURDATE() AND a.ad_end_time >= CURDATE() ORDER BY a.ad_comment_number DESC limit ?,? 
2018-05-06 15:50:11,523 DEBUG (BaseJdbcLogger.java:159)- ==> Parameters: 0(Integer), 12(Integer)
2018-05-06 15:50:11,533 DEBUG (BaseJdbcLogger.java:159)- <==      Total: 12
2018-05-06 15:50:11,536 DEBUG (BaseJdbcLogger.java:159)- ==>  Preparing: select a.ad_id, a.ad_user_id, a.ad_type, a.ad_type_code, a.ad_title, a.ad_html, a.ad_text, a.ad_pic, a.ad_price, a.ad_add_time, a.ad_last_update_time, a.ad_start_time, a.ad_end_time, a.ad_click_number, a.ad_collect_number, a.ad_comment_number, a.ad_last_comment_time,u.user_id, u.user_name, u.user_password, u.user_type, u.user_type_code, u.user_verify_status, u.user_regist_time, u.user_avatar, u.user_phone, u.user_email, u.user_sex, u.user_city, u.user_signature, u.user_qq, u.user_wechat, u.user_weibo, u.user_money, u.user_vip_grade, u.user_grade, u.user_preference from ad a JOIN user u ON a.ad_user_id = u.user_id WHERE a.ad_start_time <= CURDATE() AND a.ad_end_time >= CURDATE() ORDER BY a.ad_click_number DESC limit ?,? 
2018-05-06 15:50:11,538 DEBUG (BaseJdbcLogger.java:159)- ==> Parameters: 0(Integer), 12(Integer)
2018-05-06 15:50:11,546 DEBUG (BaseJdbcLogger.java:159)- <==      Total: 12
2018-05-06 15:50:14,759 INFO (UserController.java:108)- 进入findUser
2018-05-06 15:50:14,760 INFO (UserController.java:109)- request>>>http://localhost:3000
2018-05-06 15:50:14,765 DEBUG (BaseJdbcLogger.java:159)- ==>  Preparing: select user_id, user_name, user_password, user_type, user_type_code, user_verify_status, user_regist_time, user_avatar, user_phone, user_email, user_sex, user_city, user_signature, user_qq, user_wechat, user_weibo, user_money, user_vip_grade, user_grade, user_preference from user where user_id = ? 
2018-05-06 15:50:14,766 DEBUG (BaseJdbcLogger.java:159)- ==> Parameters: 2(Integer)
2018-05-06 15:50:14,768 DEBUG (BaseJdbcLogger.java:159)- <==      Total: 1
2018-05-06 15:50:14,769 INFO (UserController.java:115)- User{userId=2, userName='张弛', userPassword='202cb962ac59075b964b07152d234b70', userType='政府', userTypeCode='GOV', userVerifyStatus='PENDING', userRegistTime=Sat May 05 22:55:20 CST 2018, userAvatar='null', userPhone='15161182029', userEmail='zc1234567@vip.qq.com', userSex='男', userCity='南京', userSignature='有些人，才遇见一下子，就好像认识了很久似的，什么事都想和他说。', userQq=null, userWechat='null', userWeibo='null', userMoney=1500, userVipGrade='5', userGrade=3, userPreference='a;a;a;a;a;b;b;a;b;b;b;b;a;a;b;'}
2018-05-06 15:51:59,988 INFO (UserController.java:108)- 进入findUser
2018-05-06 15:51:59,988 INFO (UserController.java:109)- request>>>http://localhost:3000
2018-05-06 15:51:59,990 DEBUG (BaseJdbcLogger.java:159)- ==>  Preparing: select user_id, user_name, user_password, user_type, user_type_code, user_verify_status, user_regist_time, user_avatar, user_phone, user_email, user_sex, user_city, user_signature, user_qq, user_wechat, user_weibo, user_money, user_vip_grade, user_grade, user_preference from user where user_id = ? 
2018-05-06 15:51:59,991 DEBUG (BaseJdbcLogger.java:159)- ==> Parameters: 2(Integer)
2018-05-06 15:51:59,993 DEBUG (BaseJdbcLogger.java:159)- <==      Total: 1
2018-05-06 15:51:59,994 INFO (UserController.java:115)- User{userId=2, userName='张弛', userPassword='202cb962ac59075b964b07152d234b70', userType='政府', userTypeCode='GOV', userVerifyStatus='PENDING', userRegistTime=Sat May 05 22:55:20 CST 2018, userAvatar='null', userPhone='15161182029', userEmail='zc1234567@vip.qq.com', userSex='男', userCity='南京', userSignature='有些人，才遇见一下子，就好像认识了很久似的，什么事都想和他说。', userQq=null, userWechat='null', userWeibo='null', userMoney=1500, userVipGrade='5', userGrade=3, userPreference='a;a;a;a;a;b;b;a;b;b;b;b;a;a;b;'}
2018-05-06 16:15:31,332 INFO (AdController.java:320)- >>>>>>>>进入首页>>>>>>>>>>>>>>
2018-05-06 16:15:31,333 INFO (AdServiceImpl.java:218)- [Ljava.lang.String;@3d8106bd
2018-05-06 16:15:31,333 INFO (AdServiceImpl.java:290)- 重复最多次数为：8
2018-05-06 16:15:31,333 INFO (AdServiceImpl.java:300)- 重复最多次(8)的字符串为：a
2018-05-06 16:15:31,334 INFO (AdServiceImpl.java:222)- 用户最喜欢的广告类型是：a
2018-05-06 16:15:31,335 DEBUG (BaseJdbcLogger.java:159)- ==>  Preparing: select a.ad_id, a.ad_user_id, a.ad_type, a.ad_type_code, a.ad_title, a.ad_html, a.ad_text, a.ad_pic, a.ad_price, a.ad_add_time, a.ad_last_update_time, a.ad_start_time, a.ad_end_time, a.ad_click_number, a.ad_collect_number, a.ad_comment_number, a.ad_last_comment_time,u.user_id, u.user_name, u.user_password, u.user_type, u.user_type_code, u.user_verify_status, u.user_regist_time, u.user_avatar, u.user_phone, u.user_email, u.user_sex, u.user_city, u.user_signature, u.user_qq, u.user_wechat, u.user_weibo, u.user_money, u.user_vip_grade, u.user_grade, u.user_preference from ad a JOIN user u ON a.ad_user_id = u.user_id WHERE a.ad_start_time <= CURDATE() AND a.ad_end_time >= CURDATE() AND a.ad_type_code = ? ORDER BY a.ad_click_number DESC limit ?,? 
2018-05-06 16:15:31,336 DEBUG (BaseJdbcLogger.java:159)- ==> Parameters: a(String), 0(Integer), 4(Integer)
2018-05-06 16:15:31,340 DEBUG (BaseJdbcLogger.java:159)- <==      Total: 4
2018-05-06 16:15:31,342 INFO (AdServiceImpl.java:234)- *********用户猜你喜欢的广告是：********请问请问群翁群无公益广告545
2018-05-06 16:15:31,343 INFO (AdServiceImpl.java:234)- *********用户猜你喜欢的广告是：********请问请问群翁群无公益广告439
2018-05-06 16:15:31,343 INFO (AdServiceImpl.java:234)- *********用户猜你喜欢的广告是：********36氪首发 | 用全息技术再现巨星的「棱镜光娱」获3000万元Pre-A轮融资，荣正资本领投公益广告145
2018-05-06 16:15:31,343 INFO (AdServiceImpl.java:234)- *********用户猜你喜欢的广告是：********IP，只是起点而非终点公益广告105
2018-05-06 16:15:31,344 DEBUG (BaseJdbcLogger.java:159)- ==>  Preparing: select a.ad_id, a.ad_user_id, a.ad_type, a.ad_type_code, a.ad_title, a.ad_html, a.ad_text, a.ad_pic, a.ad_price, a.ad_add_time, a.ad_last_update_time, a.ad_start_time, a.ad_end_time, a.ad_click_number, a.ad_collect_number, a.ad_comment_number, a.ad_last_comment_time,u.user_id, u.user_name, u.user_password, u.user_type, u.user_type_code, u.user_verify_status, u.user_regist_time, u.user_avatar, u.user_phone, u.user_email, u.user_sex, u.user_city, u.user_signature, u.user_qq, u.user_wechat, u.user_weibo, u.user_money, u.user_vip_grade, u.user_grade, u.user_preference from ad a JOIN user u ON a.ad_user_id = u.user_id WHERE a.ad_start_time <= CURDATE() AND a.ad_end_time >= CURDATE() ORDER BY a.ad_last_update_time DESC limit ?,? 
2018-05-06 16:15:31,345 DEBUG (BaseJdbcLogger.java:159)- ==> Parameters: 0(Integer), 12(Integer)
2018-05-06 16:15:31,353 DEBUG (BaseJdbcLogger.java:159)- <==      Total: 12
2018-05-06 16:15:31,354 DEBUG (BaseJdbcLogger.java:159)- ==>  Preparing: select a.ad_id, a.ad_user_id, a.ad_type, a.ad_type_code, a.ad_title, a.ad_html, a.ad_text, a.ad_pic, a.ad_price, a.ad_add_time, a.ad_last_update_time, a.ad_start_time, a.ad_end_time, a.ad_click_number, a.ad_collect_number, a.ad_comment_number, a.ad_last_comment_time,u.user_id, u.user_name, u.user_password, u.user_type, u.user_type_code, u.user_verify_status, u.user_regist_time, u.user_avatar, u.user_phone, u.user_email, u.user_sex, u.user_city, u.user_signature, u.user_qq, u.user_wechat, u.user_weibo, u.user_money, u.user_vip_grade, u.user_grade, u.user_preference from ad a JOIN user u ON a.ad_user_id = u.user_id WHERE a.ad_start_time <= CURDATE() AND a.ad_end_time >= CURDATE() ORDER BY a.ad_comment_number DESC limit ?,? 
2018-05-06 16:15:31,355 DEBUG (BaseJdbcLogger.java:159)- ==> Parameters: 0(Integer), 12(Integer)
2018-05-06 16:15:31,362 DEBUG (BaseJdbcLogger.java:159)- <==      Total: 12
2018-05-06 16:15:31,364 DEBUG (BaseJdbcLogger.java:159)- ==>  Preparing: select a.ad_id, a.ad_user_id, a.ad_type, a.ad_type_code, a.ad_title, a.ad_html, a.ad_text, a.ad_pic, a.ad_price, a.ad_add_time, a.ad_last_update_time, a.ad_start_time, a.ad_end_time, a.ad_click_number, a.ad_collect_number, a.ad_comment_number, a.ad_last_comment_time,u.user_id, u.user_name, u.user_password, u.user_type, u.user_type_code, u.user_verify_status, u.user_regist_time, u.user_avatar, u.user_phone, u.user_email, u.user_sex, u.user_city, u.user_signature, u.user_qq, u.user_wechat, u.user_weibo, u.user_money, u.user_vip_grade, u.user_grade, u.user_preference from ad a JOIN user u ON a.ad_user_id = u.user_id WHERE a.ad_start_time <= CURDATE() AND a.ad_end_time >= CURDATE() ORDER BY a.ad_click_number DESC limit ?,? 
2018-05-06 16:15:31,364 DEBUG (BaseJdbcLogger.java:159)- ==> Parameters: 0(Integer), 12(Integer)
2018-05-06 16:15:31,370 DEBUG (BaseJdbcLogger.java:159)- <==      Total: 12
2018-05-06 16:15:31,612 INFO (UserController.java:108)- 进入findUser
2018-05-06 16:15:31,612 INFO (UserController.java:109)- request>>>http://localhost:3000
2018-05-06 16:15:31,614 DEBUG (BaseJdbcLogger.java:159)- ==>  Preparing: select user_id, user_name, user_password, user_type, user_type_code, user_verify_status, user_regist_time, user_avatar, user_phone, user_email, user_sex, user_city, user_signature, user_qq, user_wechat, user_weibo, user_money, user_vip_grade, user_grade, user_preference from user where user_id = ? 
2018-05-06 16:15:31,615 DEBUG (BaseJdbcLogger.java:159)- ==> Parameters: 2(Integer)
2018-05-06 16:15:31,617 DEBUG (BaseJdbcLogger.java:159)- <==      Total: 1
2018-05-06 16:15:31,618 INFO (UserController.java:115)- User{userId=2, userName='张弛', userPassword='202cb962ac59075b964b07152d234b70', userType='政府', userTypeCode='GOV', userVerifyStatus='PENDING', userRegistTime=Sat May 05 22:55:20 CST 2018, userAvatar='null', userPhone='15161182029', userEmail='zc1234567@vip.qq.com', userSex='男', userCity='南京', userSignature='有些人，才遇见一下子，就好像认识了很久似的，什么事都想和他说。', userQq=null, userWechat='null', userWeibo='null', userMoney=1500, userVipGrade='5', userGrade=3, userPreference='a;a;a;a;a;b;b;a;b;b;b;b;a;a;b;'}
2018-05-06 16:15:38,750 INFO (AdController.java:163)- >>>>>>>进入finduserad
2018-05-06 16:15:38,753 DEBUG (BaseJdbcLogger.java:159)- ==>  Preparing: select ad_id, ad_user_id, ad_type, ad_type_code, ad_title, ad_html, ad_text, ad_pic, ad_price, ad_add_time, ad_last_update_time, ad_start_time, ad_end_time, ad_click_number, ad_collect_number, ad_comment_number, ad_last_comment_time from ad where ad_user_id = ? ORDER BY ad_add_time DESC 
2018-05-06 16:15:38,754 DEBUG (BaseJdbcLogger.java:159)- ==> Parameters: 2(Integer)
2018-05-06 16:15:38,761 DEBUG (BaseJdbcLogger.java:159)- <==      Total: 12
2018-05-06 16:15:38,887 INFO (UserController.java:108)- 进入findUser
2018-05-06 16:15:38,888 INFO (UserController.java:109)- request>>>http://localhost:3000
2018-05-06 16:15:38,889 DEBUG (BaseJdbcLogger.java:159)- ==>  Preparing: select user_id, user_name, user_password, user_type, user_type_code, user_verify_status, user_regist_time, user_avatar, user_phone, user_email, user_sex, user_city, user_signature, user_qq, user_wechat, user_weibo, user_money, user_vip_grade, user_grade, user_preference from user where user_id = ? 
2018-05-06 16:15:38,890 DEBUG (BaseJdbcLogger.java:159)- ==> Parameters: 2(Integer)
2018-05-06 16:15:38,893 DEBUG (BaseJdbcLogger.java:159)- <==      Total: 1
2018-05-06 16:15:38,894 INFO (UserController.java:115)- User{userId=2, userName='张弛', userPassword='202cb962ac59075b964b07152d234b70', userType='政府', userTypeCode='GOV', userVerifyStatus='PENDING', userRegistTime=Sat May 05 22:55:20 CST 2018, userAvatar='null', userPhone='15161182029', userEmail='zc1234567@vip.qq.com', userSex='男', userCity='南京', userSignature='有些人，才遇见一下子，就好像认识了很久似的，什么事都想和他说。', userQq=null, userWechat='null', userWeibo='null', userMoney=1500, userVipGrade='5', userGrade=3, userPreference='a;a;a;a;a;b;b;a;b;b;b;b;a;a;b;'}
2018-05-06 16:15:41,451 DEBUG (BaseJdbcLogger.java:159)- ==>  Preparing: select sys_id, user_id, ad_id, collect_time from user_ad where user_id = ? 
2018-05-06 16:15:41,451 DEBUG (BaseJdbcLogger.java:159)- ==> Parameters: 2(Integer)
2018-05-06 16:15:41,452 DEBUG (BaseJdbcLogger.java:159)- <==      Total: 1
2018-05-06 16:15:41,453 DEBUG (BaseJdbcLogger.java:159)- ==>  Preparing: select a.ad_id, a.ad_user_id, a.ad_type, a.ad_type_code, a.ad_title, a.ad_html, a.ad_text, a.ad_pic, a.ad_price, a.ad_add_time, a.ad_last_update_time, a.ad_start_time, a.ad_end_time, a.ad_click_number, a.ad_collect_number, a.ad_comment_number, a.ad_last_comment_time,u.user_id, u.user_name, u.user_password, u.user_type, u.user_type_code, u.user_verify_status, u.user_regist_time, u.user_avatar, u.user_phone, u.user_email, u.user_sex, u.user_city, u.user_signature, u.user_qq, u.user_wechat, u.user_weibo, u.user_money, u.user_vip_grade, u.user_grade, u.user_preference from ad a JOIN user u ON a.ad_user_id = u.user_id where ad_id = ? 
2018-05-06 16:15:41,453 DEBUG (BaseJdbcLogger.java:159)- ==> Parameters: 8(Integer)
2018-05-06 16:15:41,454 DEBUG (BaseJdbcLogger.java:159)- <==      Total: 1
2018-05-06 16:15:45,406 DEBUG (BaseJdbcLogger.java:159)- ==>  Preparing: select sys_id, user_id, ad_id, collect_time from user_ad where user_id = ? 
2018-05-06 16:15:45,407 DEBUG (BaseJdbcLogger.java:159)- ==> Parameters: 2(Integer)
2018-05-06 16:15:45,408 DEBUG (BaseJdbcLogger.java:159)- <==      Total: 1
2018-05-06 16:15:45,409 DEBUG (BaseJdbcLogger.java:159)- ==>  Preparing: select a.ad_id, a.ad_user_id, a.ad_type, a.ad_type_code, a.ad_title, a.ad_html, a.ad_text, a.ad_pic, a.ad_price, a.ad_add_time, a.ad_last_update_time, a.ad_start_time, a.ad_end_time, a.ad_click_number, a.ad_collect_number, a.ad_comment_number, a.ad_last_comment_time,u.user_id, u.user_name, u.user_password, u.user_type, u.user_type_code, u.user_verify_status, u.user_regist_time, u.user_avatar, u.user_phone, u.user_email, u.user_sex, u.user_city, u.user_signature, u.user_qq, u.user_wechat, u.user_weibo, u.user_money, u.user_vip_grade, u.user_grade, u.user_preference from ad a JOIN user u ON a.ad_user_id = u.user_id where ad_id = ? 
2018-05-06 16:15:45,410 DEBUG (BaseJdbcLogger.java:159)- ==> Parameters: 8(Integer)
2018-05-06 16:15:45,412 DEBUG (BaseJdbcLogger.java:159)- <==      Total: 1
2018-05-06 16:15:56,153 INFO (UserController.java:108)- 进入findUser
2018-05-06 16:15:56,154 INFO (UserController.java:109)- request>>>http://localhost:3000
2018-05-06 16:15:56,156 DEBUG (BaseJdbcLogger.java:159)- ==>  Preparing: select user_id, user_name, user_password, user_type, user_type_code, user_verify_status, user_regist_time, user_avatar, user_phone, user_email, user_sex, user_city, user_signature, user_qq, user_wechat, user_weibo, user_money, user_vip_grade, user_grade, user_preference from user where user_id = ? 
2018-05-06 16:15:56,156 DEBUG (BaseJdbcLogger.java:159)- ==> Parameters: 2(Integer)
2018-05-06 16:15:56,158 DEBUG (BaseJdbcLogger.java:159)- <==      Total: 1
2018-05-06 16:15:56,160 INFO (UserController.java:115)- User{userId=2, userName='张弛', userPassword='202cb962ac59075b964b07152d234b70', userType='政府', userTypeCode='GOV', userVerifyStatus='PENDING', userRegistTime=Sat May 05 22:55:20 CST 2018, userAvatar='null', userPhone='15161182029', userEmail='zc1234567@vip.qq.com', userSex='男', userCity='南京', userSignature='有些人，才遇见一下子，就好像认识了很久似的，什么事都想和他说。', userQq=null, userWechat='null', userWeibo='null', userMoney=1500, userVipGrade='5', userGrade=3, userPreference='a;a;a;a;a;b;b;a;b;b;b;b;a;a;b;'}
2018-05-06 16:16:02,122 INFO (UserController.java:108)- 进入findUser
2018-05-06 16:16:02,122 INFO (UserController.java:109)- request>>>http://localhost:3000
2018-05-06 16:16:02,124 DEBUG (BaseJdbcLogger.java:159)- ==>  Preparing: select user_id, user_name, user_password, user_type, user_type_code, user_verify_status, user_regist_time, user_avatar, user_phone, user_email, user_sex, user_city, user_signature, user_qq, user_wechat, user_weibo, user_money, user_vip_grade, user_grade, user_preference from user where user_id = ? 
2018-05-06 16:16:02,124 DEBUG (BaseJdbcLogger.java:159)- ==> Parameters: 2(Integer)
2018-05-06 16:16:02,126 DEBUG (BaseJdbcLogger.java:159)- <==      Total: 1
2018-05-06 16:16:02,127 INFO (UserController.java:115)- User{userId=2, userName='张弛', userPassword='202cb962ac59075b964b07152d234b70', userType='政府', userTypeCode='GOV', userVerifyStatus='PENDING', userRegistTime=Sat May 05 22:55:20 CST 2018, userAvatar='null', userPhone='15161182029', userEmail='zc1234567@vip.qq.com', userSex='男', userCity='南京', userSignature='有些人，才遇见一下子，就好像认识了很久似的，什么事都想和他说。', userQq=null, userWechat='null', userWeibo='null', userMoney=1500, userVipGrade='5', userGrade=3, userPreference='a;a;a;a;a;b;b;a;b;b;b;b;a;a;b;'}
2018-05-06 16:16:10,104 INFO (AdController.java:298)- >>>>>>>>管理员查找所有广告>>>>>>>>>>>>>>1,10
2018-05-06 16:16:10,106 DEBUG (BaseJdbcLogger.java:159)- ==>  Preparing: select a.ad_id, a.ad_user_id, a.ad_type, a.ad_type_code, a.ad_title, a.ad_html, a.ad_text, a.ad_pic, a.ad_price, a.ad_add_time, a.ad_last_update_time, a.ad_start_time, a.ad_end_time, a.ad_click_number, a.ad_collect_number, a.ad_comment_number, a.ad_last_comment_time,u.user_id, u.user_name, u.user_password, u.user_type, u.user_type_code, u.user_verify_status, u.user_regist_time, u.user_avatar, u.user_phone, u.user_email, u.user_sex, u.user_city, u.user_signature, u.user_qq, u.user_wechat, u.user_weibo, u.user_money, u.user_vip_grade, u.user_grade, u.user_preference from ad a JOIN user u ON a.ad_user_id = u.user_id 
2018-05-06 16:16:10,107 DEBUG (BaseJdbcLogger.java:159)- ==> Parameters: 
2018-05-06 16:16:10,114 DEBUG (BaseJdbcLogger.java:159)- <==      Total: 14
2018-05-06 16:16:10,116 DEBUG (BaseJdbcLogger.java:159)- ==>  Preparing: select a.ad_id, a.ad_user_id, a.ad_type, a.ad_type_code, a.ad_title, a.ad_html, a.ad_text, a.ad_pic, a.ad_price, a.ad_add_time, a.ad_last_update_time, a.ad_start_time, a.ad_end_time, a.ad_click_number, a.ad_collect_number, a.ad_comment_number, a.ad_last_comment_time,u.user_id, u.user_name from ad a JOIN user u ON a.ad_user_id = u.user_id limit ?,? 
2018-05-06 16:16:10,117 DEBUG (BaseJdbcLogger.java:159)- ==> Parameters: 0(Integer), 10(Integer)
2018-05-06 16:16:10,121 DEBUG (BaseJdbcLogger.java:159)- <==      Total: 10
2018-05-06 16:16:10,446 INFO (UserController.java:108)- 进入findUser
2018-05-06 16:16:10,447 INFO (UserController.java:109)- request>>>http://localhost:3000
2018-05-06 16:16:10,448 DEBUG (BaseJdbcLogger.java:159)- ==>  Preparing: select user_id, user_name, user_password, user_type, user_type_code, user_verify_status, user_regist_time, user_avatar, user_phone, user_email, user_sex, user_city, user_signature, user_qq, user_wechat, user_weibo, user_money, user_vip_grade, user_grade, user_preference from user where user_id = ? 
2018-05-06 16:16:10,449 DEBUG (BaseJdbcLogger.java:159)- ==> Parameters: 2(Integer)
2018-05-06 16:16:10,450 DEBUG (BaseJdbcLogger.java:159)- <==      Total: 1
2018-05-06 16:16:10,452 INFO (UserController.java:115)- User{userId=2, userName='张弛', userPassword='202cb962ac59075b964b07152d234b70', userType='政府', userTypeCode='GOV', userVerifyStatus='PENDING', userRegistTime=Sat May 05 22:55:20 CST 2018, userAvatar='null', userPhone='15161182029', userEmail='zc1234567@vip.qq.com', userSex='男', userCity='南京', userSignature='有些人，才遇见一下子，就好像认识了很久似的，什么事都想和他说。', userQq=null, userWechat='null', userWeibo='null', userMoney=1500, userVipGrade='5', userGrade=3, userPreference='a;a;a;a;a;b;b;a;b;b;b;b;a;a;b;'}
2018-05-06 16:16:13,558 INFO (AdController.java:203)- >>>>用户是否收藏广告
2018-05-06 16:16:13,558 DEBUG (BaseJdbcLogger.java:159)- ==>  Preparing: select a.ad_id, a.ad_user_id, a.ad_type, a.ad_type_code, a.ad_title, a.ad_html, a.ad_text, a.ad_pic, a.ad_price, a.ad_add_time, a.ad_last_update_time, a.ad_start_time, a.ad_end_time, a.ad_click_number, a.ad_collect_number, a.ad_comment_number, a.ad_last_comment_time,u.user_id, u.user_name, u.user_password, u.user_type, u.user_type_code, u.user_verify_status, u.user_regist_time, u.user_avatar, u.user_phone, u.user_email, u.user_sex, u.user_city, u.user_signature, u.user_qq, u.user_wechat, u.user_weibo, u.user_money, u.user_vip_grade, u.user_grade, u.user_preference from ad a JOIN user u ON a.ad_user_id = u.user_id where ad_id = ? 
2018-05-06 16:16:13,561 DEBUG (BaseJdbcLogger.java:159)- ==>  Preparing: select c.comment_id, c.comment_user_id, c.comment_ad_id, c.comment_content, c.comment_time, c.comment_like_number, u.user_id, u.user_name, u.user_password, u.user_type, u.user_type_code, u.user_verify_status, u.user_regist_time, u.user_avatar, u.user_phone, u.user_email, u.user_sex, u.user_city, u.user_signature, u.user_qq, u.user_wechat, u.user_weibo, u.user_money, u.user_vip_grade, u.user_grade, u.user_preference from comment c JOIN user u ON c.comment_user_id = u.user_id where comment_ad_id = ? 
2018-05-06 16:16:13,562 DEBUG (BaseJdbcLogger.java:159)- ==> Parameters: 1(Integer)
2018-05-06 16:16:13,562 DEBUG (BaseJdbcLogger.java:159)- ==>  Preparing: select sys_id, user_id, ad_id, collect_time from user_ad where ad_id = ? AND user_id = ? 
2018-05-06 16:16:13,562 DEBUG (BaseJdbcLogger.java:159)- ==> Parameters: 1(Integer)
2018-05-06 16:16:13,563 DEBUG (BaseJdbcLogger.java:159)- ==> Parameters: 1(Integer), 2(Integer)
2018-05-06 16:16:13,564 DEBUG (BaseJdbcLogger.java:159)- <==      Total: 1
2018-05-06 16:16:13,564 DEBUG (BaseJdbcLogger.java:159)- <==      Total: 0
2018-05-06 16:16:13,565 DEBUG (BaseJdbcLogger.java:159)- <==      Total: 0
2018-05-06 16:16:13,565 INFO (AdController.java:214)- >>>>用户是否收藏该广告：false
2018-05-06 16:16:13,570 DEBUG (BaseJdbcLogger.java:159)- ==>  Preparing: update ad SET ad_user_id = ?, ad_type = ?, ad_type_code = ?, ad_title = ?, ad_html = ?, ad_text = ?, ad_add_time = ?, ad_last_update_time = ?, ad_click_number = ?, ad_collect_number = ?, ad_comment_number = ? where ad_id = ? 
2018-05-06 16:16:13,573 DEBUG (BaseJdbcLogger.java:159)- ==> Parameters: 3(Integer), 公益广告(String), a(String), 为企鹅群(String), java.io.StringReader@1181723(StringReader), java.io.StringReader@20f2ac09(StringReader), 2018-04-16 18:17:46.0(Timestamp), 2018-04-16 18:17:46.0(Timestamp), 133(Integer), 21(Integer), 12(Integer), 1(Integer)
2018-05-06 16:16:13,623 DEBUG (BaseJdbcLogger.java:159)- <==    Updates: 1
2018-05-06 16:16:13,790 INFO (UserController.java:108)- 进入findUser
2018-05-06 16:16:13,791 INFO (UserController.java:109)- request>>>http://localhost:3000
2018-05-06 16:16:13,794 DEBUG (BaseJdbcLogger.java:159)- ==>  Preparing: select user_id, user_name, user_password, user_type, user_type_code, user_verify_status, user_regist_time, user_avatar, user_phone, user_email, user_sex, user_city, user_signature, user_qq, user_wechat, user_weibo, user_money, user_vip_grade, user_grade, user_preference from user where user_id = ? 
2018-05-06 16:16:13,795 DEBUG (BaseJdbcLogger.java:159)- ==> Parameters: 2(Integer)
2018-05-06 16:16:13,797 DEBUG (BaseJdbcLogger.java:159)- <==      Total: 1
2018-05-06 16:16:13,798 INFO (UserController.java:115)- User{userId=2, userName='张弛', userPassword='202cb962ac59075b964b07152d234b70', userType='政府', userTypeCode='GOV', userVerifyStatus='PENDING', userRegistTime=Sat May 05 22:55:20 CST 2018, userAvatar='null', userPhone='15161182029', userEmail='zc1234567@vip.qq.com', userSex='男', userCity='南京', userSignature='有些人，才遇见一下子，就好像认识了很久似的，什么事都想和他说。', userQq=null, userWechat='null', userWeibo='null', userMoney=1500, userVipGrade='5', userGrade=3, userPreference='a;a;a;a;a;b;b;a;b;b;b;b;a;a;b;'}
2018-05-06 16:16:22,250 INFO (AdController.java:203)- >>>>用户是否收藏广告
2018-05-06 16:16:22,250 DEBUG (BaseJdbcLogger.java:159)- ==>  Preparing: select c.comment_id, c.comment_user_id, c.comment_ad_id, c.comment_content, c.comment_time, c.comment_like_number, u.user_id, u.user_name, u.user_password, u.user_type, u.user_type_code, u.user_verify_status, u.user_regist_time, u.user_avatar, u.user_phone, u.user_email, u.user_sex, u.user_city, u.user_signature, u.user_qq, u.user_wechat, u.user_weibo, u.user_money, u.user_vip_grade, u.user_grade, u.user_preference from comment c JOIN user u ON c.comment_user_id = u.user_id where comment_ad_id = ? 
2018-05-06 16:16:22,250 DEBUG (BaseJdbcLogger.java:159)- ==>  Preparing: select a.ad_id, a.ad_user_id, a.ad_type, a.ad_type_code, a.ad_title, a.ad_html, a.ad_text, a.ad_pic, a.ad_price, a.ad_add_time, a.ad_last_update_time, a.ad_start_time, a.ad_end_time, a.ad_click_number, a.ad_collect_number, a.ad_comment_number, a.ad_last_comment_time,u.user_id, u.user_name, u.user_password, u.user_type, u.user_type_code, u.user_verify_status, u.user_regist_time, u.user_avatar, u.user_phone, u.user_email, u.user_sex, u.user_city, u.user_signature, u.user_qq, u.user_wechat, u.user_weibo, u.user_money, u.user_vip_grade, u.user_grade, u.user_preference from ad a JOIN user u ON a.ad_user_id = u.user_id where ad_id = ? 
2018-05-06 16:16:22,251 DEBUG (BaseJdbcLogger.java:159)- ==>  Preparing: select sys_id, user_id, ad_id, collect_time from user_ad where ad_id = ? AND user_id = ? 
2018-05-06 16:16:22,251 DEBUG (BaseJdbcLogger.java:159)- ==> Parameters: 1(Integer)
2018-05-06 16:16:22,251 DEBUG (BaseJdbcLogger.java:159)- ==> Parameters: 1(Integer)
2018-05-06 16:16:22,251 DEBUG (BaseJdbcLogger.java:159)- ==> Parameters: 1(Integer), 2(Integer)
2018-05-06 16:16:22,252 DEBUG (BaseJdbcLogger.java:159)- <==      Total: 0
2018-05-06 16:16:22,253 DEBUG (BaseJdbcLogger.java:159)- <==      Total: 0
2018-05-06 16:16:22,253 DEBUG (BaseJdbcLogger.java:159)- <==      Total: 1
2018-05-06 16:16:22,253 INFO (AdController.java:214)- >>>>用户是否收藏该广告：false
2018-05-06 16:16:22,255 DEBUG (BaseJdbcLogger.java:159)- ==>  Preparing: update ad SET ad_user_id = ?, ad_type = ?, ad_type_code = ?, ad_title = ?, ad_html = ?, ad_text = ?, ad_add_time = ?, ad_last_update_time = ?, ad_click_number = ?, ad_collect_number = ?, ad_comment_number = ? where ad_id = ? 
2018-05-06 16:16:22,256 DEBUG (BaseJdbcLogger.java:159)- ==> Parameters: 3(Integer), 公益广告(String), a(String), 为企鹅群(String), java.io.StringReader@a332b4f(StringReader), java.io.StringReader@6612a14c(StringReader), 2018-04-16 18:17:46.0(Timestamp), 2018-04-16 18:17:46.0(Timestamp), 134(Integer), 21(Integer), 12(Integer), 1(Integer)
2018-05-06 16:16:22,346 DEBUG (BaseJdbcLogger.java:159)- <==    Updates: 1
2018-05-06 16:16:22,553 DEBUG (BaseJdbcLogger.java:159)- ==>  Preparing: select a.ad_id, a.ad_user_id, a.ad_type, a.ad_type_code, a.ad_title, a.ad_html, a.ad_text, a.ad_pic, a.ad_price, a.ad_add_time, a.ad_last_update_time, a.ad_start_time, a.ad_end_time, a.ad_click_number, a.ad_collect_number, a.ad_comment_number, a.ad_last_comment_time,u.user_id, u.user_name, u.user_password, u.user_type, u.user_type_code, u.user_verify_status, u.user_regist_time, u.user_avatar, u.user_phone, u.user_email, u.user_sex, u.user_city, u.user_signature, u.user_qq, u.user_wechat, u.user_weibo, u.user_money, u.user_vip_grade, u.user_grade, u.user_preference from ad a JOIN user u ON a.ad_user_id = u.user_id where ad_id = ? 
2018-05-06 16:16:22,555 DEBUG (BaseJdbcLogger.java:159)- ==> Parameters: 1(Integer)
2018-05-06 16:16:22,557 DEBUG (BaseJdbcLogger.java:159)- <==      Total: 1
2018-05-06 16:16:22,558 DEBUG (BaseJdbcLogger.java:159)- ==>  Preparing: select c.comment_id, c.comment_user_id, c.comment_ad_id, c.comment_content, c.comment_time, c.comment_like_number, u.user_id, u.user_name, u.user_password, u.user_type, u.user_type_code, u.user_verify_status, u.user_regist_time, u.user_avatar, u.user_phone, u.user_email, u.user_sex, u.user_city, u.user_signature, u.user_qq, u.user_wechat, u.user_weibo, u.user_money, u.user_vip_grade, u.user_grade, u.user_preference from comment c JOIN user u ON c.comment_user_id = u.user_id where comment_ad_id = ? 
2018-05-06 16:16:22,560 DEBUG (BaseJdbcLogger.java:159)- ==>  Preparing: update ad SET ad_user_id = ?, ad_type = ?, ad_type_code = ?, ad_title = ?, ad_html = ?, ad_text = ?, ad_add_time = ?, ad_last_update_time = ?, ad_click_number = ?, ad_collect_number = ?, ad_comment_number = ? where ad_id = ? 
2018-05-06 16:16:22,563 DEBUG (BaseJdbcLogger.java:159)- ==> Parameters: 3(Integer), 公益广告(String), a(String), 为企鹅群(String), java.io.StringReader@35f1db09(StringReader), java.io.StringReader@6b555f44(StringReader), 2018-04-16 18:17:46.0(Timestamp), 2018-04-16 18:17:46.0(Timestamp), 135(Integer), 21(Integer), 12(Integer), 1(Integer)
2018-05-06 16:16:22,560 DEBUG (BaseJdbcLogger.java:159)- ==> Parameters: 1(Integer)
2018-05-06 16:16:22,566 DEBUG (BaseJdbcLogger.java:159)- <==      Total: 0
2018-05-06 16:16:22,567 INFO (AdController.java:203)- >>>>用户是否收藏广告
2018-05-06 16:16:22,569 DEBUG (BaseJdbcLogger.java:159)- ==>  Preparing: select sys_id, user_id, ad_id, collect_time from user_ad where ad_id = ? AND user_id = ? 
2018-05-06 16:16:22,570 DEBUG (BaseJdbcLogger.java:159)- ==> Parameters: 1(Integer), 2(Integer)
2018-05-06 16:16:22,572 DEBUG (BaseJdbcLogger.java:159)- <==      Total: 0
2018-05-06 16:16:22,573 INFO (AdController.java:214)- >>>>用户是否收藏该广告：false
2018-05-06 16:16:22,645 DEBUG (BaseJdbcLogger.java:159)- <==    Updates: 1
2018-05-06 16:16:22,771 INFO (UserController.java:108)- 进入findUser
2018-05-06 16:16:22,771 INFO (UserController.java:109)- request>>>http://localhost:3000
2018-05-06 16:16:22,772 DEBUG (BaseJdbcLogger.java:159)- ==>  Preparing: select user_id, user_name, user_password, user_type, user_type_code, user_verify_status, user_regist_time, user_avatar, user_phone, user_email, user_sex, user_city, user_signature, user_qq, user_wechat, user_weibo, user_money, user_vip_grade, user_grade, user_preference from user where user_id = ? 
2018-05-06 16:16:22,773 DEBUG (BaseJdbcLogger.java:159)- ==> Parameters: 2(Integer)
2018-05-06 16:16:22,775 DEBUG (BaseJdbcLogger.java:159)- <==      Total: 1
2018-05-06 16:16:22,776 INFO (UserController.java:115)- User{userId=2, userName='张弛', userPassword='202cb962ac59075b964b07152d234b70', userType='政府', userTypeCode='GOV', userVerifyStatus='PENDING', userRegistTime=Sat May 05 22:55:20 CST 2018, userAvatar='null', userPhone='15161182029', userEmail='zc1234567@vip.qq.com', userSex='男', userCity='南京', userSignature='有些人，才遇见一下子，就好像认识了很久似的，什么事都想和他说。', userQq=null, userWechat='null', userWeibo='null', userMoney=1500, userVipGrade='5', userGrade=3, userPreference='a;a;a;a;a;b;b;a;b;b;b;b;a;a;b;'}
2018-05-06 16:16:22,870 INFO (UserController.java:108)- 进入findUser
2018-05-06 16:16:22,870 INFO (UserController.java:109)- request>>>http://localhost:3000
2018-05-06 16:16:22,871 DEBUG (BaseJdbcLogger.java:159)- ==>  Preparing: select user_id, user_name, user_password, user_type, user_type_code, user_verify_status, user_regist_time, user_avatar, user_phone, user_email, user_sex, user_city, user_signature, user_qq, user_wechat, user_weibo, user_money, user_vip_grade, user_grade, user_preference from user where user_id = ? 
2018-05-06 16:16:22,871 DEBUG (BaseJdbcLogger.java:159)- ==> Parameters: 2(Integer)
2018-05-06 16:16:22,872 DEBUG (BaseJdbcLogger.java:159)- <==      Total: 1
2018-05-06 16:16:22,872 INFO (UserController.java:115)- User{userId=2, userName='张弛', userPassword='202cb962ac59075b964b07152d234b70', userType='政府', userTypeCode='GOV', userVerifyStatus='PENDING', userRegistTime=Sat May 05 22:55:20 CST 2018, userAvatar='null', userPhone='15161182029', userEmail='zc1234567@vip.qq.com', userSex='男', userCity='南京', userSignature='有些人，才遇见一下子，就好像认识了很久似的，什么事都想和他说。', userQq=null, userWechat='null', userWeibo='null', userMoney=1500, userVipGrade='5', userGrade=3, userPreference='a;a;a;a;a;b;b;a;b;b;b;b;a;a;b;'}
