2018-04-08 14:03:31,141 INFO (StartupInfoLogger.java:48)- Starting ZachwebApplication on nkgw10nh1856 with PID 11036 (F:\ZachAdWeb\zachweb\target\classes started by Zach.Zhang in F:\ZachAdWeb\zachweb)
2018-04-08 14:03:31,141 DEBUG (StartupInfoLogger.java:51)- Running with Spring Boot v1.5.10.RELEASE, Spring v4.3.14.RELEASE
2018-04-08 14:03:31,141 INFO (SpringApplication.java:593)- No active profile set, falling back to default profiles: default
2018-04-08 14:03:34,971 INFO (StartupInfoLogger.java:57)- Started ZachwebApplication in 4.522 seconds (JVM running for 5.775)
2018-04-08 14:04:10,018 INFO (UserController.java:67)- 进入LLogin
2018-04-08 14:04:10,018 INFO (UserController.java:72)- User{userId=null, userName='轻微的所', userPassword='123', userType='null', userTypeCode='null', userVerifyStatus='null', userRegistTime=null, userAvatar='null', userPhone='null', userEmail='null', userSex='null', userCity='null', userSignature='null', userQq=null, userWechat='null', userWeibo='null', userMoney=null, userVipGrade='null', userGrade=null, userPreference='null'}
2018-04-08 14:04:10,234 DEBUG (BaseJdbcLogger.java:159)- ==>  Preparing: select user_id, user_name, user_password, user_type, user_type_code, user_verify_status, user_regist_time, user_avatar, user_phone, user_email, user_sex, user_city, user_signature, user_qq, user_wechat, user_weibo, user_money, user_vip_grade, user_grade, user_preference from user where user_name = ? 
2018-04-08 14:04:10,374 DEBUG (BaseJdbcLogger.java:159)- ==> Parameters: 轻微的所(String)
2018-04-08 14:04:10,390 DEBUG (BaseJdbcLogger.java:159)- <==      Total: 1
2018-04-08 14:04:10,390 DEBUG (BaseJdbcLogger.java:159)- ==>  Preparing: select user_id, user_name, user_password, user_type, user_type_code, user_verify_status, user_regist_time, user_avatar, user_phone, user_email, user_sex, user_city, user_signature, user_qq, user_wechat, user_weibo, user_money, user_vip_grade, user_grade, user_preference from user where user_name = ? AND user_password = ? 
2018-04-08 14:04:10,390 DEBUG (BaseJdbcLogger.java:159)- ==> Parameters: 轻微的所(String), 202cb962ac59075b964b07152d234b70(String)
2018-04-08 14:04:10,390 DEBUG (BaseJdbcLogger.java:159)- <==      Total: 1
2018-04-08 14:04:10,390 INFO (UserServiceImpl.java:61)- 验证成功！
2018-04-08 14:04:59,997 INFO (UserController.java:67)- 进入LLogin
2018-04-08 14:04:59,998 INFO (UserController.java:72)- User{userId=null, userName='轻微的所', userPassword='123', userType='null', userTypeCode='null', userVerifyStatus='null', userRegistTime=null, userAvatar='null', userPhone='null', userEmail='null', userSex='null', userCity='null', userSignature='null', userQq=null, userWechat='null', userWeibo='null', userMoney=null, userVipGrade='null', userGrade=null, userPreference='null'}
2018-04-08 14:05:00,000 DEBUG (BaseJdbcLogger.java:159)- ==>  Preparing: select user_id, user_name, user_password, user_type, user_type_code, user_verify_status, user_regist_time, user_avatar, user_phone, user_email, user_sex, user_city, user_signature, user_qq, user_wechat, user_weibo, user_money, user_vip_grade, user_grade, user_preference from user where user_name = ? 
2018-04-08 14:05:00,001 DEBUG (BaseJdbcLogger.java:159)- ==> Parameters: 轻微的所(String)
2018-04-08 14:05:00,003 DEBUG (BaseJdbcLogger.java:159)- <==      Total: 1
2018-04-08 14:05:00,005 DEBUG (BaseJdbcLogger.java:159)- ==>  Preparing: select user_id, user_name, user_password, user_type, user_type_code, user_verify_status, user_regist_time, user_avatar, user_phone, user_email, user_sex, user_city, user_signature, user_qq, user_wechat, user_weibo, user_money, user_vip_grade, user_grade, user_preference from user where user_name = ? AND user_password = ? 
2018-04-08 14:05:00,006 DEBUG (BaseJdbcLogger.java:159)- ==> Parameters: 轻微的所(String), 202cb962ac59075b964b07152d234b70(String)
2018-04-08 14:05:00,008 DEBUG (BaseJdbcLogger.java:159)- <==      Total: 1
2018-04-08 14:05:00,009 INFO (UserServiceImpl.java:61)- 验证成功！
2018-04-08 14:06:40,648 INFO (UserController.java:67)- 进入LLogin
2018-04-08 14:06:40,649 INFO (UserController.java:72)- User{userId=null, userName='轻微的所', userPassword='123', userType='null', userTypeCode='null', userVerifyStatus='null', userRegistTime=null, userAvatar='null', userPhone='null', userEmail='null', userSex='null', userCity='null', userSignature='null', userQq=null, userWechat='null', userWeibo='null', userMoney=null, userVipGrade='null', userGrade=null, userPreference='null'}
2018-04-08 14:06:40,650 DEBUG (BaseJdbcLogger.java:159)- ==>  Preparing: select user_id, user_name, user_password, user_type, user_type_code, user_verify_status, user_regist_time, user_avatar, user_phone, user_email, user_sex, user_city, user_signature, user_qq, user_wechat, user_weibo, user_money, user_vip_grade, user_grade, user_preference from user where user_name = ? 
2018-04-08 14:06:40,651 DEBUG (BaseJdbcLogger.java:159)- ==> Parameters: 轻微的所(String)
2018-04-08 14:06:40,652 DEBUG (BaseJdbcLogger.java:159)- <==      Total: 1
2018-04-08 14:06:40,653 DEBUG (BaseJdbcLogger.java:159)- ==>  Preparing: select user_id, user_name, user_password, user_type, user_type_code, user_verify_status, user_regist_time, user_avatar, user_phone, user_email, user_sex, user_city, user_signature, user_qq, user_wechat, user_weibo, user_money, user_vip_grade, user_grade, user_preference from user where user_name = ? AND user_password = ? 
2018-04-08 14:06:40,654 DEBUG (BaseJdbcLogger.java:159)- ==> Parameters: 轻微的所(String), 202cb962ac59075b964b07152d234b70(String)
2018-04-08 14:06:40,655 DEBUG (BaseJdbcLogger.java:159)- <==      Total: 1
2018-04-08 14:06:40,656 INFO (UserServiceImpl.java:61)- 验证成功！
2018-04-08 14:09:06,040 INFO (StartupInfoLogger.java:48)- Starting ZachwebApplication on nkgw10nh1856 with PID 924 (F:\ZachAdWeb\zachweb\target\classes started by Zach.Zhang in F:\ZachAdWeb\zachweb)
2018-04-08 14:09:06,040 DEBUG (StartupInfoLogger.java:51)- Running with Spring Boot v1.5.10.RELEASE, Spring v4.3.14.RELEASE
2018-04-08 14:09:06,040 INFO (SpringApplication.java:593)- No active profile set, falling back to default profiles: default
2018-04-08 14:09:08,930 INFO (StartupInfoLogger.java:57)- Started ZachwebApplication in 3.265 seconds (JVM running for 3.908)
2018-04-08 14:09:23,029 INFO (UserController.java:67)- 进入LLogin
2018-04-08 14:09:23,029 INFO (UserController.java:72)- User{userId=null, userName='轻微的所', userPassword='123', userType='null', userTypeCode='null', userVerifyStatus='null', userRegistTime=null, userAvatar='null', userPhone='null', userEmail='null', userSex='null', userCity='null', userSignature='null', userQq=null, userWechat='null', userWeibo='null', userMoney=null, userVipGrade='null', userGrade=null, userPreference='null'}
2018-04-08 14:09:23,222 DEBUG (BaseJdbcLogger.java:159)- ==>  Preparing: select user_id, user_name, user_password, user_type, user_type_code, user_verify_status, user_regist_time, user_avatar, user_phone, user_email, user_sex, user_city, user_signature, user_qq, user_wechat, user_weibo, user_money, user_vip_grade, user_grade, user_preference from user where user_name = ? 
2018-04-08 14:09:23,355 DEBUG (BaseJdbcLogger.java:159)- ==> Parameters: 轻微的所(String)
2018-04-08 14:09:23,365 DEBUG (BaseJdbcLogger.java:159)- <==      Total: 1
2018-04-08 14:09:23,367 DEBUG (BaseJdbcLogger.java:159)- ==>  Preparing: select user_id, user_name, user_password, user_type, user_type_code, user_verify_status, user_regist_time, user_avatar, user_phone, user_email, user_sex, user_city, user_signature, user_qq, user_wechat, user_weibo, user_money, user_vip_grade, user_grade, user_preference from user where user_name = ? AND user_password = ? 
2018-04-08 14:09:23,367 DEBUG (BaseJdbcLogger.java:159)- ==> Parameters: 轻微的所(String), 202cb962ac59075b964b07152d234b70(String)
2018-04-08 14:09:23,368 DEBUG (BaseJdbcLogger.java:159)- <==      Total: 1
2018-04-08 14:09:23,369 INFO (UserServiceImpl.java:61)- 验证成功！
2018-04-08 14:09:45,817 INFO (StartupInfoLogger.java:48)- Starting ZachwebApplication on nkgw10nh1856 with PID 7420 (F:\ZachAdWeb\zachweb\target\classes started by Zach.Zhang in F:\ZachAdWeb\zachweb)
2018-04-08 14:09:45,817 DEBUG (StartupInfoLogger.java:51)- Running with Spring Boot v1.5.10.RELEASE, Spring v4.3.14.RELEASE
2018-04-08 14:09:45,817 INFO (SpringApplication.java:593)- No active profile set, falling back to default profiles: default
2018-04-08 14:09:49,620 INFO (StartupInfoLogger.java:57)- Started ZachwebApplication in 4.178 seconds (JVM running for 4.972)
2018-04-08 14:10:01,193 INFO (UserController.java:67)- 进入LLogin
2018-04-08 14:10:01,194 INFO (UserController.java:72)- User{userId=null, userName='轻微的所', userPassword='123', userType='null', userTypeCode='null', userVerifyStatus='null', userRegistTime=null, userAvatar='null', userPhone='null', userEmail='null', userSex='null', userCity='null', userSignature='null', userQq=null, userWechat='null', userWeibo='null', userMoney=null, userVipGrade='null', userGrade=null, userPreference='null'}
2018-04-08 14:10:01,380 DEBUG (BaseJdbcLogger.java:159)- ==>  Preparing: select user_id, user_name, user_password, user_type, user_type_code, user_verify_status, user_regist_time, user_avatar, user_phone, user_email, user_sex, user_city, user_signature, user_qq, user_wechat, user_weibo, user_money, user_vip_grade, user_grade, user_preference from user where user_name = ? 
2018-04-08 14:10:01,498 DEBUG (BaseJdbcLogger.java:159)- ==> Parameters: 轻微的所(String)
2018-04-08 14:10:01,498 DEBUG (BaseJdbcLogger.java:159)- <==      Total: 1
2018-04-08 14:10:01,498 DEBUG (BaseJdbcLogger.java:159)- ==>  Preparing: select user_id, user_name, user_password, user_type, user_type_code, user_verify_status, user_regist_time, user_avatar, user_phone, user_email, user_sex, user_city, user_signature, user_qq, user_wechat, user_weibo, user_money, user_vip_grade, user_grade, user_preference from user where user_name = ? AND user_password = ? 
2018-04-08 14:10:01,498 DEBUG (BaseJdbcLogger.java:159)- ==> Parameters: 轻微的所(String), 202cb962ac59075b964b07152d234b70(String)
2018-04-08 14:10:01,498 DEBUG (BaseJdbcLogger.java:159)- <==      Total: 1
2018-04-08 14:10:01,498 INFO (UserServiceImpl.java:61)- 验证成功！
2018-04-08 14:10:02,106 INFO (UserController.java:93)- 进入findUser
2018-04-08 14:10:02,107 INFO (UserController.java:107)- user is null
2018-04-08 14:11:41,776 INFO (StartupInfoLogger.java:48)- Starting ZachwebApplication on nkgw10nh1856 with PID 5132 (F:\ZachAdWeb\zachweb\target\classes started by Zach.Zhang in F:\ZachAdWeb\zachweb)
2018-04-08 14:11:41,776 DEBUG (StartupInfoLogger.java:51)- Running with Spring Boot v1.5.10.RELEASE, Spring v4.3.14.RELEASE
2018-04-08 14:11:41,776 INFO (SpringApplication.java:593)- No active profile set, falling back to default profiles: default
2018-04-08 14:11:44,579 INFO (StartupInfoLogger.java:57)- Started ZachwebApplication in 3.19 seconds (JVM running for 3.823)
2018-04-08 14:12:00,459 INFO (UserController.java:67)- 进入LLogin
2018-04-08 14:12:00,459 INFO (UserController.java:72)- User{userId=null, userName='轻微的所', userPassword='123', userType='null', userTypeCode='null', userVerifyStatus='null', userRegistTime=null, userAvatar='null', userPhone='null', userEmail='null', userSex='null', userCity='null', userSignature='null', userQq=null, userWechat='null', userWeibo='null', userMoney=null, userVipGrade='null', userGrade=null, userPreference='null'}
2018-04-08 14:12:00,633 DEBUG (BaseJdbcLogger.java:159)- ==>  Preparing: select user_id, user_name, user_password, user_type, user_type_code, user_verify_status, user_regist_time, user_avatar, user_phone, user_email, user_sex, user_city, user_signature, user_qq, user_wechat, user_weibo, user_money, user_vip_grade, user_grade, user_preference from user where user_name = ? 
2018-04-08 14:12:00,758 DEBUG (BaseJdbcLogger.java:159)- ==> Parameters: 轻微的所(String)
2018-04-08 14:12:00,758 DEBUG (BaseJdbcLogger.java:159)- <==      Total: 1
2018-04-08 14:12:00,774 DEBUG (BaseJdbcLogger.java:159)- ==>  Preparing: select user_id, user_name, user_password, user_type, user_type_code, user_verify_status, user_regist_time, user_avatar, user_phone, user_email, user_sex, user_city, user_signature, user_qq, user_wechat, user_weibo, user_money, user_vip_grade, user_grade, user_preference from user where user_name = ? AND user_password = ? 
2018-04-08 14:12:00,774 DEBUG (BaseJdbcLogger.java:159)- ==> Parameters: 轻微的所(String), 202cb962ac59075b964b07152d234b70(String)
2018-04-08 14:12:00,774 DEBUG (BaseJdbcLogger.java:159)- <==      Total: 1
2018-04-08 14:12:00,774 INFO (UserServiceImpl.java:61)- 验证成功！
2018-04-08 14:12:01,412 INFO (UserController.java:93)- 进入findUser
2018-04-08 14:12:01,413 INFO (UserController.java:107)- user is null
2018-04-08 14:12:27,478 INFO (StartupInfoLogger.java:48)- Starting ZachwebApplication on nkgw10nh1856 with PID 5216 (F:\ZachAdWeb\zachweb\target\classes started by Zach.Zhang in F:\ZachAdWeb\zachweb)
2018-04-08 14:12:27,478 DEBUG (StartupInfoLogger.java:51)- Running with Spring Boot v1.5.10.RELEASE, Spring v4.3.14.RELEASE
2018-04-08 14:12:27,478 INFO (SpringApplication.java:593)- No active profile set, falling back to default profiles: default
2018-04-08 14:12:30,413 INFO (StartupInfoLogger.java:57)- Started ZachwebApplication in 3.294 seconds (JVM running for 3.88)
2018-04-08 14:12:46,908 INFO (UserController.java:67)- 进入LLogin
2018-04-08 14:12:46,908 INFO (UserController.java:72)- User{userId=null, userName='轻微的所', userPassword='123', userType='null', userTypeCode='null', userVerifyStatus='null', userRegistTime=null, userAvatar='null', userPhone='null', userEmail='null', userSex='null', userCity='null', userSignature='null', userQq=null, userWechat='null', userWeibo='null', userMoney=null, userVipGrade='null', userGrade=null, userPreference='null'}
2018-04-08 14:12:47,102 DEBUG (BaseJdbcLogger.java:159)- ==>  Preparing: select user_id, user_name, user_password, user_type, user_type_code, user_verify_status, user_regist_time, user_avatar, user_phone, user_email, user_sex, user_city, user_signature, user_qq, user_wechat, user_weibo, user_money, user_vip_grade, user_grade, user_preference from user where user_name = ? 
2018-04-08 14:12:47,227 DEBUG (BaseJdbcLogger.java:159)- ==> Parameters: 轻微的所(String)
2018-04-08 14:12:47,242 DEBUG (BaseJdbcLogger.java:159)- <==      Total: 1
2018-04-08 14:12:47,242 DEBUG (BaseJdbcLogger.java:159)- ==>  Preparing: select user_id, user_name, user_password, user_type, user_type_code, user_verify_status, user_regist_time, user_avatar, user_phone, user_email, user_sex, user_city, user_signature, user_qq, user_wechat, user_weibo, user_money, user_vip_grade, user_grade, user_preference from user where user_name = ? AND user_password = ? 
2018-04-08 14:12:47,242 DEBUG (BaseJdbcLogger.java:159)- ==> Parameters: 轻微的所(String), 202cb962ac59075b964b07152d234b70(String)
2018-04-08 14:12:47,242 DEBUG (BaseJdbcLogger.java:159)- <==      Total: 1
2018-04-08 14:12:47,242 INFO (UserServiceImpl.java:61)- 验证成功！
2018-04-08 14:12:47,758 INFO (UserController.java:93)- 进入findUser
2018-04-08 14:12:47,758 INFO (UserController.java:107)- user is null
2018-04-08 14:13:51,286 INFO (StartupInfoLogger.java:48)- Starting ZachwebApplication on nkgw10nh1856 with PID 12156 (F:\ZachAdWeb\zachweb\target\classes started by Zach.Zhang in F:\ZachAdWeb\zachweb)
2018-04-08 14:13:51,286 DEBUG (StartupInfoLogger.java:51)- Running with Spring Boot v1.5.10.RELEASE, Spring v4.3.14.RELEASE
2018-04-08 14:13:51,286 INFO (SpringApplication.java:593)- No active profile set, falling back to default profiles: default
2018-04-08 14:13:54,103 INFO (StartupInfoLogger.java:57)- Started ZachwebApplication in 3.254 seconds (JVM running for 3.949)
2018-04-08 14:14:15,127 INFO (UserController.java:67)- 进入LLogin
2018-04-08 14:14:15,128 INFO (UserController.java:72)- User{userId=null, userName='轻微的所', userPassword='123', userType='null', userTypeCode='null', userVerifyStatus='null', userRegistTime=null, userAvatar='null', userPhone='null', userEmail='null', userSex='null', userCity='null', userSignature='null', userQq=null, userWechat='null', userWeibo='null', userMoney=null, userVipGrade='null', userGrade=null, userPreference='null'}
2018-04-08 14:14:15,317 DEBUG (BaseJdbcLogger.java:159)- ==>  Preparing: select user_id, user_name, user_password, user_type, user_type_code, user_verify_status, user_regist_time, user_avatar, user_phone, user_email, user_sex, user_city, user_signature, user_qq, user_wechat, user_weibo, user_money, user_vip_grade, user_grade, user_preference from user where user_name = ? 
2018-04-08 14:14:15,430 DEBUG (BaseJdbcLogger.java:159)- ==> Parameters: 轻微的所(String)
2018-04-08 14:14:15,438 DEBUG (BaseJdbcLogger.java:159)- <==      Total: 1
2018-04-08 14:14:15,440 DEBUG (BaseJdbcLogger.java:159)- ==>  Preparing: select user_id, user_name, user_password, user_type, user_type_code, user_verify_status, user_regist_time, user_avatar, user_phone, user_email, user_sex, user_city, user_signature, user_qq, user_wechat, user_weibo, user_money, user_vip_grade, user_grade, user_preference from user where user_name = ? AND user_password = ? 
2018-04-08 14:14:15,441 DEBUG (BaseJdbcLogger.java:159)- ==> Parameters: 轻微的所(String), 202cb962ac59075b964b07152d234b70(String)
2018-04-08 14:14:15,442 DEBUG (BaseJdbcLogger.java:159)- <==      Total: 1
2018-04-08 14:14:15,443 INFO (UserServiceImpl.java:61)- 验证成功！
2018-04-08 14:14:16,011 INFO (UserController.java:93)- 进入findUser
2018-04-08 14:14:16,012 INFO (UserController.java:107)- user is null
2018-04-08 14:19:17,786 INFO (StartupInfoLogger.java:48)- Starting ZachwebApplication on nkgw10nh1856 with PID 6028 (F:\ZachAdWeb\zachweb\target\classes started by Zach.Zhang in F:\ZachAdWeb\zachweb)
2018-04-08 14:19:17,786 DEBUG (StartupInfoLogger.java:51)- Running with Spring Boot v1.5.10.RELEASE, Spring v4.3.14.RELEASE
2018-04-08 14:19:17,786 INFO (SpringApplication.java:593)- No active profile set, falling back to default profiles: default
2018-04-08 14:19:20,842 INFO (StartupInfoLogger.java:57)- Started ZachwebApplication in 3.368 seconds (JVM running for 3.982)
2018-04-08 14:19:56,746 INFO (StartupInfoLogger.java:48)- Starting ZachwebApplication on nkgw10nh1856 with PID 8228 (F:\ZachAdWeb\zachweb\target\classes started by Zach.Zhang in F:\ZachAdWeb\zachweb)
2018-04-08 14:19:56,746 DEBUG (StartupInfoLogger.java:51)- Running with Spring Boot v1.5.10.RELEASE, Spring v4.3.14.RELEASE
2018-04-08 14:19:56,746 INFO (SpringApplication.java:593)- No active profile set, falling back to default profiles: default
2018-04-08 14:19:59,867 INFO (StartupInfoLogger.java:57)- Started ZachwebApplication in 3.464 seconds (JVM running for 4.086)
2018-04-08 14:21:20,121 INFO (UserController.java:67)- 进入LLogin
2018-04-08 14:21:20,122 INFO (UserController.java:72)- User{userId=null, userName='轻微的所', userPassword='123', userType='null', userTypeCode='null', userVerifyStatus='null', userRegistTime=null, userAvatar='null', userPhone='null', userEmail='null', userSex='null', userCity='null', userSignature='null', userQq=null, userWechat='null', userWeibo='null', userMoney=null, userVipGrade='null', userGrade=null, userPreference='null'}
2018-04-08 14:21:20,308 DEBUG (BaseJdbcLogger.java:159)- ==>  Preparing: select user_id, user_name, user_password, user_type, user_type_code, user_verify_status, user_regist_time, user_avatar, user_phone, user_email, user_sex, user_city, user_signature, user_qq, user_wechat, user_weibo, user_money, user_vip_grade, user_grade, user_preference from user where user_name = ? 
2018-04-08 14:21:20,424 DEBUG (BaseJdbcLogger.java:159)- ==> Parameters: 轻微的所(String)
2018-04-08 14:21:20,433 DEBUG (BaseJdbcLogger.java:159)- <==      Total: 1
2018-04-08 14:21:20,434 DEBUG (BaseJdbcLogger.java:159)- ==>  Preparing: select user_id, user_name, user_password, user_type, user_type_code, user_verify_status, user_regist_time, user_avatar, user_phone, user_email, user_sex, user_city, user_signature, user_qq, user_wechat, user_weibo, user_money, user_vip_grade, user_grade, user_preference from user where user_name = ? AND user_password = ? 
2018-04-08 14:21:20,435 DEBUG (BaseJdbcLogger.java:159)- ==> Parameters: 轻微的所(String), 202cb962ac59075b964b07152d234b70(String)
2018-04-08 14:21:20,437 DEBUG (BaseJdbcLogger.java:159)- <==      Total: 1
2018-04-08 14:21:20,437 INFO (UserServiceImpl.java:61)- 验证成功！
2018-04-08 14:21:20,946 INFO (UserController.java:93)- 进入findUser
2018-04-08 14:21:20,947 INFO (UserController.java:94)- request>>>http://localhost:3000
2018-04-08 14:21:20,948 INFO (UserController.java:108)- user is null
2018-04-08 14:25:45,076 INFO (StartupInfoLogger.java:48)- Starting ZachwebApplication on nkgw10nh1856 with PID 7884 (F:\ZachAdWeb\zachweb\target\classes started by Zach.Zhang in F:\ZachAdWeb\zachweb)
2018-04-08 14:25:45,092 DEBUG (StartupInfoLogger.java:51)- Running with Spring Boot v1.5.10.RELEASE, Spring v4.3.14.RELEASE
2018-04-08 14:25:45,092 INFO (SpringApplication.java:593)- No active profile set, falling back to default profiles: default
2018-04-08 14:25:47,981 INFO (StartupInfoLogger.java:57)- Started ZachwebApplication in 3.324 seconds (JVM running for 4.183)
2018-04-08 14:26:02,897 INFO (UserController.java:67)- 进入LLogin
2018-04-08 14:26:02,898 INFO (UserController.java:72)- User{userId=null, userName='轻微的所', userPassword='123', userType='null', userTypeCode='null', userVerifyStatus='null', userRegistTime=null, userAvatar='null', userPhone='null', userEmail='null', userSex='null', userCity='null', userSignature='null', userQq=null, userWechat='null', userWeibo='null', userMoney=null, userVipGrade='null', userGrade=null, userPreference='null'}
2018-04-08 14:26:03,087 DEBUG (BaseJdbcLogger.java:159)- ==>  Preparing: select user_id, user_name, user_password, user_type, user_type_code, user_verify_status, user_regist_time, user_avatar, user_phone, user_email, user_sex, user_city, user_signature, user_qq, user_wechat, user_weibo, user_money, user_vip_grade, user_grade, user_preference from user where user_name = ? 
2018-04-08 14:26:03,203 DEBUG (BaseJdbcLogger.java:159)- ==> Parameters: 轻微的所(String)
2018-04-08 14:26:03,211 DEBUG (BaseJdbcLogger.java:159)- <==      Total: 1
2018-04-08 14:26:03,213 DEBUG (BaseJdbcLogger.java:159)- ==>  Preparing: select user_id, user_name, user_password, user_type, user_type_code, user_verify_status, user_regist_time, user_avatar, user_phone, user_email, user_sex, user_city, user_signature, user_qq, user_wechat, user_weibo, user_money, user_vip_grade, user_grade, user_preference from user where user_name = ? AND user_password = ? 
2018-04-08 14:26:03,214 DEBUG (BaseJdbcLogger.java:159)- ==> Parameters: 轻微的所(String), 202cb962ac59075b964b07152d234b70(String)
2018-04-08 14:26:03,215 DEBUG (BaseJdbcLogger.java:159)- <==      Total: 1
2018-04-08 14:26:03,216 INFO (UserServiceImpl.java:61)- 验证成功！
2018-04-08 14:26:03,681 INFO (UserController.java:93)- 进入findUser
2018-04-08 14:26:03,682 INFO (UserController.java:94)- request>>>http://localhost:3000
2018-04-08 14:26:03,683 INFO (UserController.java:108)- user is null
2018-04-08 14:28:51,921 INFO (StartupInfoLogger.java:48)- Starting ZachwebApplication on nkgw10nh1856 with PID 3532 (F:\ZachAdWeb\zachweb\target\classes started by Zach.Zhang in F:\ZachAdWeb\zachweb)
2018-04-08 14:28:51,921 DEBUG (StartupInfoLogger.java:51)- Running with Spring Boot v1.5.10.RELEASE, Spring v4.3.14.RELEASE
2018-04-08 14:28:51,921 INFO (SpringApplication.java:593)- No active profile set, falling back to default profiles: default
2018-04-08 14:28:54,906 INFO (StartupInfoLogger.java:57)- Started ZachwebApplication in 3.36 seconds (JVM running for 3.966)
2018-04-08 14:29:04,252 INFO (UserController.java:67)- 进入LLogin
2018-04-08 14:29:04,252 INFO (UserController.java:72)- User{userId=null, userName='轻微的所', userPassword='123', userType='null', userTypeCode='null', userVerifyStatus='null', userRegistTime=null, userAvatar='null', userPhone='null', userEmail='null', userSex='null', userCity='null', userSignature='null', userQq=null, userWechat='null', userWeibo='null', userMoney=null, userVipGrade='null', userGrade=null, userPreference='null'}
2018-04-08 14:29:04,446 DEBUG (BaseJdbcLogger.java:159)- ==>  Preparing: select user_id, user_name, user_password, user_type, user_type_code, user_verify_status, user_regist_time, user_avatar, user_phone, user_email, user_sex, user_city, user_signature, user_qq, user_wechat, user_weibo, user_money, user_vip_grade, user_grade, user_preference from user where user_name = ? 
2018-04-08 14:29:04,576 DEBUG (BaseJdbcLogger.java:159)- ==> Parameters: 轻微的所(String)
2018-04-08 14:29:04,585 DEBUG (BaseJdbcLogger.java:159)- <==      Total: 1
2018-04-08 14:29:04,587 DEBUG (BaseJdbcLogger.java:159)- ==>  Preparing: select user_id, user_name, user_password, user_type, user_type_code, user_verify_status, user_regist_time, user_avatar, user_phone, user_email, user_sex, user_city, user_signature, user_qq, user_wechat, user_weibo, user_money, user_vip_grade, user_grade, user_preference from user where user_name = ? AND user_password = ? 
2018-04-08 14:29:04,588 DEBUG (BaseJdbcLogger.java:159)- ==> Parameters: 轻微的所(String), 202cb962ac59075b964b07152d234b70(String)
2018-04-08 14:29:04,590 DEBUG (BaseJdbcLogger.java:159)- <==      Total: 1
2018-04-08 14:29:04,590 INFO (UserServiceImpl.java:61)- 验证成功！
2018-04-08 14:29:05,083 INFO (UserController.java:93)- 进入findUser
2018-04-08 14:29:05,084 INFO (UserController.java:94)- request>>>http://localhost:3000
2018-04-08 14:29:05,085 INFO (UserController.java:108)- user is null
2018-04-08 14:31:25,019 INFO (StartupInfoLogger.java:48)- Starting ZachwebApplication on nkgw10nh1856 with PID 6180 (F:\ZachAdWeb\zachweb\target\classes started by Zach.Zhang in F:\ZachAdWeb\zachweb)
2018-04-08 14:31:25,024 DEBUG (StartupInfoLogger.java:51)- Running with Spring Boot v1.5.10.RELEASE, Spring v4.3.14.RELEASE
2018-04-08 14:31:25,024 INFO (SpringApplication.java:593)- No active profile set, falling back to default profiles: default
2018-04-08 14:31:27,768 INFO (StartupInfoLogger.java:57)- Started ZachwebApplication in 3.178 seconds (JVM running for 3.895)
2018-04-08 14:31:37,299 INFO (UserController.java:67)- 进入LLogin
2018-04-08 14:31:37,299 INFO (UserController.java:72)- User{userId=null, userName='轻微的所', userPassword='123', userType='null', userTypeCode='null', userVerifyStatus='null', userRegistTime=null, userAvatar='null', userPhone='null', userEmail='null', userSex='null', userCity='null', userSignature='null', userQq=null, userWechat='null', userWeibo='null', userMoney=null, userVipGrade='null', userGrade=null, userPreference='null'}
2018-04-08 14:31:37,482 DEBUG (BaseJdbcLogger.java:159)- ==>  Preparing: select user_id, user_name, user_password, user_type, user_type_code, user_verify_status, user_regist_time, user_avatar, user_phone, user_email, user_sex, user_city, user_signature, user_qq, user_wechat, user_weibo, user_money, user_vip_grade, user_grade, user_preference from user where user_name = ? 
2018-04-08 14:31:37,603 DEBUG (BaseJdbcLogger.java:159)- ==> Parameters: 轻微的所(String)
2018-04-08 14:31:37,612 DEBUG (BaseJdbcLogger.java:159)- <==      Total: 1
2018-04-08 14:31:37,614 DEBUG (BaseJdbcLogger.java:159)- ==>  Preparing: select user_id, user_name, user_password, user_type, user_type_code, user_verify_status, user_regist_time, user_avatar, user_phone, user_email, user_sex, user_city, user_signature, user_qq, user_wechat, user_weibo, user_money, user_vip_grade, user_grade, user_preference from user where user_name = ? AND user_password = ? 
2018-04-08 14:31:37,615 DEBUG (BaseJdbcLogger.java:159)- ==> Parameters: 轻微的所(String), 202cb962ac59075b964b07152d234b70(String)
2018-04-08 14:31:37,616 DEBUG (BaseJdbcLogger.java:159)- <==      Total: 1
2018-04-08 14:31:37,617 INFO (UserServiceImpl.java:61)- 验证成功！
2018-04-08 14:31:38,115 INFO (UserController.java:93)- 进入findUser
2018-04-08 14:31:38,116 INFO (UserController.java:94)- request>>>http://localhost:3000
2018-04-08 14:31:38,116 INFO (UserController.java:109)- user is null
2018-04-08 14:32:04,747 INFO (StartupInfoLogger.java:48)- Starting ZachwebApplication on nkgw10nh1856 with PID 9932 (F:\ZachAdWeb\zachweb\target\classes started by Zach.Zhang in F:\ZachAdWeb\zachweb)
2018-04-08 14:32:04,750 DEBUG (StartupInfoLogger.java:51)- Running with Spring Boot v1.5.10.RELEASE, Spring v4.3.14.RELEASE
2018-04-08 14:32:04,751 INFO (SpringApplication.java:593)- No active profile set, falling back to default profiles: default
2018-04-08 14:32:07,655 INFO (StartupInfoLogger.java:57)- Started ZachwebApplication in 3.351 seconds (JVM running for 4.071)
2018-04-08 14:32:31,532 INFO (UserController.java:67)- 进入LLogin
2018-04-08 14:32:31,534 INFO (UserController.java:73)- User{userId=null, userName='轻微的所', userPassword='123', userType='null', userTypeCode='null', userVerifyStatus='null', userRegistTime=null, userAvatar='null', userPhone='null', userEmail='null', userSex='null', userCity='null', userSignature='null', userQq=null, userWechat='null', userWeibo='null', userMoney=null, userVipGrade='null', userGrade=null, userPreference='null'}
2018-04-08 14:32:31,734 DEBUG (BaseJdbcLogger.java:159)- ==>  Preparing: select user_id, user_name, user_password, user_type, user_type_code, user_verify_status, user_regist_time, user_avatar, user_phone, user_email, user_sex, user_city, user_signature, user_qq, user_wechat, user_weibo, user_money, user_vip_grade, user_grade, user_preference from user where user_name = ? 
2018-04-08 14:32:31,853 DEBUG (BaseJdbcLogger.java:159)- ==> Parameters: 轻微的所(String)
2018-04-08 14:32:31,862 DEBUG (BaseJdbcLogger.java:159)- <==      Total: 1
2018-04-08 14:32:31,863 DEBUG (BaseJdbcLogger.java:159)- ==>  Preparing: select user_id, user_name, user_password, user_type, user_type_code, user_verify_status, user_regist_time, user_avatar, user_phone, user_email, user_sex, user_city, user_signature, user_qq, user_wechat, user_weibo, user_money, user_vip_grade, user_grade, user_preference from user where user_name = ? AND user_password = ? 
2018-04-08 14:32:31,864 DEBUG (BaseJdbcLogger.java:159)- ==> Parameters: 轻微的所(String), 202cb962ac59075b964b07152d234b70(String)
2018-04-08 14:32:31,865 DEBUG (BaseJdbcLogger.java:159)- <==      Total: 1
2018-04-08 14:32:31,866 INFO (UserServiceImpl.java:61)- 验证成功！
2018-04-08 14:32:32,403 INFO (UserController.java:94)- 进入findUser
2018-04-08 14:32:32,404 INFO (UserController.java:95)- request>>>http://localhost:3000
2018-04-08 14:32:32,405 INFO (UserController.java:107)- User{userId=5, userName='轻微的所', userPassword='202cb962ac59075b964b07152d234b70', userType='普通用户', userTypeCode='null', userVerifyStatus='null', userRegistTime=Tue Apr 03 11:01:36 CST 2018, userAvatar='null', userPhone='123', userEmail='zc123@qq.com', userSex='男', userCity='南京', userSignature='123', userQq=null, userWechat='null', userWeibo='null', userMoney=null, userVipGrade='null', userGrade=null, userPreference='null'}
2018-04-08 14:34:28,245 INFO (UserController.java:94)- 进入findUser
2018-04-08 14:34:28,246 INFO (UserController.java:95)- request>>>http://localhost:3000
2018-04-08 14:34:28,246 INFO (UserController.java:107)- User{userId=5, userName='轻微的所', userPassword='202cb962ac59075b964b07152d234b70', userType='普通用户', userTypeCode='null', userVerifyStatus='null', userRegistTime=Tue Apr 03 11:01:36 CST 2018, userAvatar='null', userPhone='123', userEmail='zc123@qq.com', userSex='男', userCity='南京', userSignature='123', userQq=null, userWechat='null', userWeibo='null', userMoney=null, userVipGrade='null', userGrade=null, userPreference='null'}
2018-04-08 14:34:29,056 INFO (UserController.java:94)- 进入findUser
2018-04-08 14:34:29,058 INFO (UserController.java:95)- request>>>http://localhost:3000
2018-04-08 14:34:29,059 INFO (UserController.java:107)- User{userId=5, userName='轻微的所', userPassword='202cb962ac59075b964b07152d234b70', userType='普通用户', userTypeCode='null', userVerifyStatus='null', userRegistTime=Tue Apr 03 11:01:36 CST 2018, userAvatar='null', userPhone='123', userEmail='zc123@qq.com', userSex='男', userCity='南京', userSignature='123', userQq=null, userWechat='null', userWeibo='null', userMoney=null, userVipGrade='null', userGrade=null, userPreference='null'}
2018-04-08 14:34:29,806 INFO (UserController.java:94)- 进入findUser
2018-04-08 14:34:29,807 INFO (UserController.java:95)- request>>>http://localhost:3000
2018-04-08 14:34:29,809 INFO (UserController.java:107)- User{userId=5, userName='轻微的所', userPassword='202cb962ac59075b964b07152d234b70', userType='普通用户', userTypeCode='null', userVerifyStatus='null', userRegistTime=Tue Apr 03 11:01:36 CST 2018, userAvatar='null', userPhone='123', userEmail='zc123@qq.com', userSex='男', userCity='南京', userSignature='123', userQq=null, userWechat='null', userWeibo='null', userMoney=null, userVipGrade='null', userGrade=null, userPreference='null'}
2018-04-08 14:34:30,413 INFO (UserController.java:94)- 进入findUser
2018-04-08 14:34:30,413 INFO (UserController.java:95)- request>>>http://localhost:3000
2018-04-08 14:34:30,413 INFO (UserController.java:107)- User{userId=5, userName='轻微的所', userPassword='202cb962ac59075b964b07152d234b70', userType='普通用户', userTypeCode='null', userVerifyStatus='null', userRegistTime=Tue Apr 03 11:01:36 CST 2018, userAvatar='null', userPhone='123', userEmail='zc123@qq.com', userSex='男', userCity='南京', userSignature='123', userQq=null, userWechat='null', userWeibo='null', userMoney=null, userVipGrade='null', userGrade=null, userPreference='null'}
2018-04-08 14:41:41,038 INFO (UserController.java:94)- 进入findUser
2018-04-08 14:41:41,039 INFO (UserController.java:95)- request>>>http://localhost:3000
2018-04-08 14:41:41,040 INFO (UserController.java:107)- User{userId=5, userName='轻微的所', userPassword='202cb962ac59075b964b07152d234b70', userType='普通用户', userTypeCode='null', userVerifyStatus='null', userRegistTime=Tue Apr 03 11:01:36 CST 2018, userAvatar='null', userPhone='123', userEmail='zc123@qq.com', userSex='男', userCity='南京', userSignature='123', userQq=null, userWechat='null', userWeibo='null', userMoney=null, userVipGrade='null', userGrade=null, userPreference='null'}
2018-04-08 14:41:52,005 INFO (UserController.java:94)- 进入findUser
2018-04-08 14:42:06,470 INFO (UserController.java:94)- 进入findUser
2018-04-08 14:42:06,471 INFO (UserController.java:95)- request>>>http://localhost:3000
2018-04-08 14:42:06,473 INFO (UserController.java:107)- User{userId=5, userName='轻微的所', userPassword='202cb962ac59075b964b07152d234b70', userType='普通用户', userTypeCode='null', userVerifyStatus='null', userRegistTime=Tue Apr 03 11:01:36 CST 2018, userAvatar='null', userPhone='123', userEmail='zc123@qq.com', userSex='男', userCity='南京', userSignature='123', userQq=null, userWechat='null', userWeibo='null', userMoney=null, userVipGrade='null', userGrade=null, userPreference='null'}
2018-04-08 14:52:08,524 INFO (UserController.java:67)- 进入LLogin
2018-04-08 14:52:08,525 INFO (UserController.java:73)- User{userId=null, userName='轻微的所', userPassword='123', userType='null', userTypeCode='null', userVerifyStatus='null', userRegistTime=null, userAvatar='null', userPhone='null', userEmail='null', userSex='null', userCity='null', userSignature='null', userQq=null, userWechat='null', userWeibo='null', userMoney=null, userVipGrade='null', userGrade=null, userPreference='null'}
2018-04-08 14:52:08,528 DEBUG (BaseJdbcLogger.java:159)- ==>  Preparing: select user_id, user_name, user_password, user_type, user_type_code, user_verify_status, user_regist_time, user_avatar, user_phone, user_email, user_sex, user_city, user_signature, user_qq, user_wechat, user_weibo, user_money, user_vip_grade, user_grade, user_preference from user where user_name = ? 
2018-04-08 14:52:08,529 DEBUG (BaseJdbcLogger.java:159)- ==> Parameters: 轻微的所(String)
2018-04-08 14:52:08,531 DEBUG (BaseJdbcLogger.java:159)- <==      Total: 1
2018-04-08 14:52:08,532 DEBUG (BaseJdbcLogger.java:159)- ==>  Preparing: select user_id, user_name, user_password, user_type, user_type_code, user_verify_status, user_regist_time, user_avatar, user_phone, user_email, user_sex, user_city, user_signature, user_qq, user_wechat, user_weibo, user_money, user_vip_grade, user_grade, user_preference from user where user_name = ? AND user_password = ? 
2018-04-08 14:52:08,533 DEBUG (BaseJdbcLogger.java:159)- ==> Parameters: 轻微的所(String), 202cb962ac59075b964b07152d234b70(String)
2018-04-08 14:52:08,534 DEBUG (BaseJdbcLogger.java:159)- <==      Total: 1
2018-04-08 14:52:08,535 INFO (UserServiceImpl.java:61)- 验证成功！
2018-04-08 14:52:08,871 INFO (UserController.java:94)- 进入findUser
2018-04-08 14:52:08,872 INFO (UserController.java:95)- request>>>http://localhost:3000
2018-04-08 14:52:08,875 INFO (UserController.java:107)- User{userId=5, userName='轻微的所', userPassword='202cb962ac59075b964b07152d234b70', userType='普通用户', userTypeCode='null', userVerifyStatus='null', userRegistTime=Tue Apr 03 11:01:36 CST 2018, userAvatar='null', userPhone='123', userEmail='zc123@qq.com', userSex='男', userCity='南京', userSignature='123', userQq=null, userWechat='null', userWeibo='null', userMoney=null, userVipGrade='null', userGrade=null, userPreference='null'}
2018-04-08 14:56:12,970 INFO (UserController.java:67)- 进入LLogin
2018-04-08 14:56:12,971 INFO (UserController.java:73)- User{userId=null, userName='轻微的所', userPassword='123', userType='null', userTypeCode='null', userVerifyStatus='null', userRegistTime=null, userAvatar='null', userPhone='null', userEmail='null', userSex='null', userCity='null', userSignature='null', userQq=null, userWechat='null', userWeibo='null', userMoney=null, userVipGrade='null', userGrade=null, userPreference='null'}
2018-04-08 14:56:12,972 DEBUG (BaseJdbcLogger.java:159)- ==>  Preparing: select user_id, user_name, user_password, user_type, user_type_code, user_verify_status, user_regist_time, user_avatar, user_phone, user_email, user_sex, user_city, user_signature, user_qq, user_wechat, user_weibo, user_money, user_vip_grade, user_grade, user_preference from user where user_name = ? 
2018-04-08 14:56:12,973 DEBUG (BaseJdbcLogger.java:159)- ==> Parameters: 轻微的所(String)
2018-04-08 14:56:12,974 DEBUG (BaseJdbcLogger.java:159)- <==      Total: 1
2018-04-08 14:56:12,975 DEBUG (BaseJdbcLogger.java:159)- ==>  Preparing: select user_id, user_name, user_password, user_type, user_type_code, user_verify_status, user_regist_time, user_avatar, user_phone, user_email, user_sex, user_city, user_signature, user_qq, user_wechat, user_weibo, user_money, user_vip_grade, user_grade, user_preference from user where user_name = ? AND user_password = ? 
2018-04-08 14:56:12,977 DEBUG (BaseJdbcLogger.java:159)- ==> Parameters: 轻微的所(String), 202cb962ac59075b964b07152d234b70(String)
2018-04-08 14:56:12,978 DEBUG (BaseJdbcLogger.java:159)- <==      Total: 1
2018-04-08 14:56:12,978 INFO (UserServiceImpl.java:61)- 验证成功！
2018-04-08 14:56:13,340 INFO (UserController.java:94)- 进入findUser
2018-04-08 14:56:13,341 INFO (UserController.java:95)- request>>>http://localhost:3000
2018-04-08 14:56:13,341 INFO (UserController.java:107)- User{userId=5, userName='轻微的所', userPassword='202cb962ac59075b964b07152d234b70', userType='普通用户', userTypeCode='null', userVerifyStatus='null', userRegistTime=Tue Apr 03 11:01:36 CST 2018, userAvatar='null', userPhone='123', userEmail='zc123@qq.com', userSex='男', userCity='南京', userSignature='123', userQq=null, userWechat='null', userWeibo='null', userMoney=null, userVipGrade='null', userGrade=null, userPreference='null'}
2018-04-08 14:58:11,556 INFO (UserController.java:94)- 进入findUser
2018-04-08 14:58:11,557 INFO (UserController.java:95)- request>>>http://localhost:3000
2018-04-08 14:58:11,557 INFO (UserController.java:107)- User{userId=5, userName='轻微的所', userPassword='202cb962ac59075b964b07152d234b70', userType='普通用户', userTypeCode='null', userVerifyStatus='null', userRegistTime=Tue Apr 03 11:01:36 CST 2018, userAvatar='null', userPhone='123', userEmail='zc123@qq.com', userSex='男', userCity='南京', userSignature='123', userQq=null, userWechat='null', userWeibo='null', userMoney=null, userVipGrade='null', userGrade=null, userPreference='null'}
2018-04-08 15:02:30,174 INFO (UserController.java:94)- 进入findUser
2018-04-08 15:02:30,176 INFO (UserController.java:95)- request>>>http://localhost:3000
2018-04-08 15:02:30,177 INFO (UserController.java:107)- User{userId=5, userName='轻微的所', userPassword='202cb962ac59075b964b07152d234b70', userType='普通用户', userTypeCode='null', userVerifyStatus='null', userRegistTime=Tue Apr 03 11:01:36 CST 2018, userAvatar='null', userPhone='123', userEmail='zc123@qq.com', userSex='男', userCity='南京', userSignature='123', userQq=null, userWechat='null', userWeibo='null', userMoney=null, userVipGrade='null', userGrade=null, userPreference='null'}
2018-04-08 15:04:30,326 INFO (UserController.java:94)- 进入findUser
2018-04-08 15:04:30,327 INFO (UserController.java:95)- request>>>http://localhost:3000
2018-04-08 15:04:30,327 INFO (UserController.java:107)- User{userId=5, userName='轻微的所', userPassword='202cb962ac59075b964b07152d234b70', userType='普通用户', userTypeCode='null', userVerifyStatus='null', userRegistTime=Tue Apr 03 11:01:36 CST 2018, userAvatar='null', userPhone='123', userEmail='zc123@qq.com', userSex='男', userCity='南京', userSignature='123', userQq=null, userWechat='null', userWeibo='null', userMoney=null, userVipGrade='null', userGrade=null, userPreference='null'}
2018-04-08 15:05:26,430 INFO (UserController.java:94)- 进入findUser
2018-04-08 15:05:26,431 INFO (UserController.java:95)- request>>>http://localhost:3000
2018-04-08 15:05:26,431 INFO (UserController.java:107)- User{userId=5, userName='轻微的所', userPassword='202cb962ac59075b964b07152d234b70', userType='普通用户', userTypeCode='null', userVerifyStatus='null', userRegistTime=Tue Apr 03 11:01:36 CST 2018, userAvatar='null', userPhone='123', userEmail='zc123@qq.com', userSex='男', userCity='南京', userSignature='123', userQq=null, userWechat='null', userWeibo='null', userMoney=null, userVipGrade='null', userGrade=null, userPreference='null'}
2018-04-08 15:05:45,093 INFO (UserController.java:67)- 进入LLogin
2018-04-08 15:05:45,093 INFO (UserController.java:73)- User{userId=null, userName='轻微的所', userPassword='123', userType='null', userTypeCode='null', userVerifyStatus='null', userRegistTime=null, userAvatar='null', userPhone='null', userEmail='null', userSex='null', userCity='null', userSignature='null', userQq=null, userWechat='null', userWeibo='null', userMoney=null, userVipGrade='null', userGrade=null, userPreference='null'}
2018-04-08 15:05:45,095 DEBUG (BaseJdbcLogger.java:159)- ==>  Preparing: select user_id, user_name, user_password, user_type, user_type_code, user_verify_status, user_regist_time, user_avatar, user_phone, user_email, user_sex, user_city, user_signature, user_qq, user_wechat, user_weibo, user_money, user_vip_grade, user_grade, user_preference from user where user_name = ? 
2018-04-08 15:05:45,095 DEBUG (BaseJdbcLogger.java:159)- ==> Parameters: 轻微的所(String)
2018-04-08 15:05:45,096 DEBUG (BaseJdbcLogger.java:159)- <==      Total: 1
2018-04-08 15:05:45,099 DEBUG (BaseJdbcLogger.java:159)- ==>  Preparing: select user_id, user_name, user_password, user_type, user_type_code, user_verify_status, user_regist_time, user_avatar, user_phone, user_email, user_sex, user_city, user_signature, user_qq, user_wechat, user_weibo, user_money, user_vip_grade, user_grade, user_preference from user where user_name = ? AND user_password = ? 
2018-04-08 15:05:45,100 DEBUG (BaseJdbcLogger.java:159)- ==> Parameters: 轻微的所(String), 202cb962ac59075b964b07152d234b70(String)
2018-04-08 15:05:45,103 DEBUG (BaseJdbcLogger.java:159)- <==      Total: 1
2018-04-08 15:05:45,104 INFO (UserServiceImpl.java:61)- 验证成功！
2018-04-08 15:05:45,487 INFO (UserController.java:94)- 进入findUser
2018-04-08 15:05:45,487 INFO (UserController.java:95)- request>>>http://localhost:3000
2018-04-08 15:05:45,488 INFO (UserController.java:107)- User{userId=5, userName='轻微的所', userPassword='202cb962ac59075b964b07152d234b70', userType='普通用户', userTypeCode='null', userVerifyStatus='null', userRegistTime=Sun Apr 08 15:05:18 CST 2018, userAvatar='null', userPhone='123', userEmail='zc123@qq.com', userSex='男', userCity='南京', userSignature='123', userQq=271343981, userWechat='null', userWeibo='null', userMoney=null, userVipGrade='1', userGrade=null, userPreference='null'}
2018-04-08 15:09:22,511 INFO (UserController.java:94)- 进入findUser
2018-04-08 15:09:22,511 INFO (UserController.java:95)- request>>>http://localhost:3000
2018-04-08 15:09:22,512 INFO (UserController.java:107)- User{userId=5, userName='轻微的所', userPassword='202cb962ac59075b964b07152d234b70', userType='普通用户', userTypeCode='null', userVerifyStatus='null', userRegistTime=Sun Apr 08 15:05:18 CST 2018, userAvatar='null', userPhone='123', userEmail='zc123@qq.com', userSex='男', userCity='南京', userSignature='123', userQq=271343981, userWechat='null', userWeibo='null', userMoney=null, userVipGrade='1', userGrade=null, userPreference='null'}
2018-04-08 15:10:10,669 INFO (UserController.java:67)- 进入LLogin
2018-04-08 15:10:10,669 INFO (UserController.java:73)- User{userId=null, userName='轻微的所', userPassword='123', userType='null', userTypeCode='null', userVerifyStatus='null', userRegistTime=null, userAvatar='null', userPhone='null', userEmail='null', userSex='null', userCity='null', userSignature='null', userQq=null, userWechat='null', userWeibo='null', userMoney=null, userVipGrade='null', userGrade=null, userPreference='null'}
2018-04-08 15:10:10,670 DEBUG (BaseJdbcLogger.java:159)- ==>  Preparing: select user_id, user_name, user_password, user_type, user_type_code, user_verify_status, user_regist_time, user_avatar, user_phone, user_email, user_sex, user_city, user_signature, user_qq, user_wechat, user_weibo, user_money, user_vip_grade, user_grade, user_preference from user where user_name = ? 
2018-04-08 15:10:10,671 DEBUG (BaseJdbcLogger.java:159)- ==> Parameters: 轻微的所(String)
2018-04-08 15:10:10,674 DEBUG (BaseJdbcLogger.java:159)- <==      Total: 1
2018-04-08 15:10:10,676 DEBUG (BaseJdbcLogger.java:159)- ==>  Preparing: select user_id, user_name, user_password, user_type, user_type_code, user_verify_status, user_regist_time, user_avatar, user_phone, user_email, user_sex, user_city, user_signature, user_qq, user_wechat, user_weibo, user_money, user_vip_grade, user_grade, user_preference from user where user_name = ? AND user_password = ? 
2018-04-08 15:10:10,677 DEBUG (BaseJdbcLogger.java:159)- ==> Parameters: 轻微的所(String), 202cb962ac59075b964b07152d234b70(String)
2018-04-08 15:10:10,679 DEBUG (BaseJdbcLogger.java:159)- <==      Total: 1
2018-04-08 15:10:10,679 INFO (UserServiceImpl.java:61)- 验证成功！
2018-04-08 15:10:11,007 INFO (UserController.java:94)- 进入findUser
2018-04-08 15:10:11,008 INFO (UserController.java:95)- request>>>http://localhost:3000
2018-04-08 15:10:11,009 INFO (UserController.java:107)- User{userId=5, userName='轻微的所', userPassword='202cb962ac59075b964b07152d234b70', userType='普通用户', userTypeCode='null', userVerifyStatus='null', userRegistTime=Sun Apr 08 15:07:03 CST 2018, userAvatar='null', userPhone='123', userEmail='zc123@qq.com', userSex='男', userCity='南京', userSignature='123', userQq=271343981, userWechat='null', userWeibo='null', userMoney=8937, userVipGrade='1', userGrade=null, userPreference='null'}
2018-04-08 15:10:25,410 INFO (UserController.java:94)- 进入findUser
2018-04-08 15:10:25,411 INFO (UserController.java:95)- request>>>http://localhost:3000
2018-04-08 15:10:25,411 INFO (UserController.java:107)- User{userId=5, userName='轻微的所', userPassword='202cb962ac59075b964b07152d234b70', userType='普通用户', userTypeCode='null', userVerifyStatus='null', userRegistTime=Sun Apr 08 15:07:03 CST 2018, userAvatar='null', userPhone='123', userEmail='zc123@qq.com', userSex='男', userCity='南京', userSignature='123', userQq=271343981, userWechat='null', userWeibo='null', userMoney=8937, userVipGrade='1', userGrade=null, userPreference='null'}
2018-04-08 15:14:16,622 INFO (UserController.java:67)- 进入LLogin
2018-04-08 15:14:16,623 INFO (UserController.java:73)- User{userId=null, userName='轻微的所', userPassword='123', userType='null', userTypeCode='null', userVerifyStatus='null', userRegistTime=null, userAvatar='null', userPhone='null', userEmail='null', userSex='null', userCity='null', userSignature='null', userQq=null, userWechat='null', userWeibo='null', userMoney=null, userVipGrade='null', userGrade=null, userPreference='null'}
2018-04-08 15:14:16,624 DEBUG (BaseJdbcLogger.java:159)- ==>  Preparing: select user_id, user_name, user_password, user_type, user_type_code, user_verify_status, user_regist_time, user_avatar, user_phone, user_email, user_sex, user_city, user_signature, user_qq, user_wechat, user_weibo, user_money, user_vip_grade, user_grade, user_preference from user where user_name = ? 
2018-04-08 15:14:16,625 DEBUG (BaseJdbcLogger.java:159)- ==> Parameters: 轻微的所(String)
2018-04-08 15:14:16,626 DEBUG (BaseJdbcLogger.java:159)- <==      Total: 1
2018-04-08 15:14:16,627 DEBUG (BaseJdbcLogger.java:159)- ==>  Preparing: select user_id, user_name, user_password, user_type, user_type_code, user_verify_status, user_regist_time, user_avatar, user_phone, user_email, user_sex, user_city, user_signature, user_qq, user_wechat, user_weibo, user_money, user_vip_grade, user_grade, user_preference from user where user_name = ? AND user_password = ? 
2018-04-08 15:14:16,628 DEBUG (BaseJdbcLogger.java:159)- ==> Parameters: 轻微的所(String), 202cb962ac59075b964b07152d234b70(String)
2018-04-08 15:14:16,629 DEBUG (BaseJdbcLogger.java:159)- <==      Total: 1
2018-04-08 15:14:16,631 INFO (UserServiceImpl.java:61)- 验证成功！
2018-04-08 15:14:16,952 INFO (UserController.java:94)- 进入findUser
2018-04-08 15:14:16,953 INFO (UserController.java:95)- request>>>http://localhost:3000
2018-04-08 15:14:16,953 INFO (UserController.java:107)- User{userId=5, userName='轻微的所', userPassword='202cb962ac59075b964b07152d234b70', userType='普通用户', userTypeCode='null', userVerifyStatus='null', userRegistTime=Sun Apr 08 15:07:03 CST 2018, userAvatar='null', userPhone='123', userEmail='zc123@qq.com', userSex='男', userCity='南京', userSignature='123', userQq=271343981, userWechat='null', userWeibo='null', userMoney=8937, userVipGrade='1', userGrade=null, userPreference='null'}
2018-04-08 15:19:31,064 INFO (UserController.java:94)- 进入findUser
2018-04-08 15:19:31,065 INFO (UserController.java:95)- request>>>http://localhost:3000
2018-04-08 15:19:31,065 INFO (UserController.java:107)- User{userId=5, userName='轻微的所', userPassword='202cb962ac59075b964b07152d234b70', userType='普通用户', userTypeCode='null', userVerifyStatus='null', userRegistTime=Sun Apr 08 15:07:03 CST 2018, userAvatar='null', userPhone='123', userEmail='zc123@qq.com', userSex='男', userCity='南京', userSignature='123', userQq=271343981, userWechat='null', userWeibo='null', userMoney=8937, userVipGrade='1', userGrade=null, userPreference='null'}
2018-04-08 15:20:20,223 INFO (UserController.java:67)- 进入LLogin
2018-04-08 15:20:20,224 INFO (UserController.java:73)- User{userId=null, userName='轻微的所', userPassword='123', userType='null', userTypeCode='null', userVerifyStatus='null', userRegistTime=null, userAvatar='null', userPhone='null', userEmail='null', userSex='null', userCity='null', userSignature='null', userQq=null, userWechat='null', userWeibo='null', userMoney=null, userVipGrade='null', userGrade=null, userPreference='null'}
2018-04-08 15:20:20,226 DEBUG (BaseJdbcLogger.java:159)- ==>  Preparing: select user_id, user_name, user_password, user_type, user_type_code, user_verify_status, user_regist_time, user_avatar, user_phone, user_email, user_sex, user_city, user_signature, user_qq, user_wechat, user_weibo, user_money, user_vip_grade, user_grade, user_preference from user where user_name = ? 
2018-04-08 15:20:20,227 DEBUG (BaseJdbcLogger.java:159)- ==> Parameters: 轻微的所(String)
2018-04-08 15:20:20,229 DEBUG (BaseJdbcLogger.java:159)- <==      Total: 1
2018-04-08 15:20:20,230 DEBUG (BaseJdbcLogger.java:159)- ==>  Preparing: select user_id, user_name, user_password, user_type, user_type_code, user_verify_status, user_regist_time, user_avatar, user_phone, user_email, user_sex, user_city, user_signature, user_qq, user_wechat, user_weibo, user_money, user_vip_grade, user_grade, user_preference from user where user_name = ? AND user_password = ? 
2018-04-08 15:20:20,231 DEBUG (BaseJdbcLogger.java:159)- ==> Parameters: 轻微的所(String), 202cb962ac59075b964b07152d234b70(String)
2018-04-08 15:20:20,233 DEBUG (BaseJdbcLogger.java:159)- <==      Total: 1
2018-04-08 15:20:20,233 INFO (UserServiceImpl.java:61)- 验证成功！
2018-04-08 15:20:20,700 INFO (UserController.java:94)- 进入findUser
2018-04-08 15:20:20,701 INFO (UserController.java:95)- request>>>http://localhost:3000
2018-04-08 15:20:20,701 INFO (UserController.java:107)- User{userId=5, userName='轻微的所', userPassword='202cb962ac59075b964b07152d234b70', userType='普通用户', userTypeCode='null', userVerifyStatus='null', userRegistTime=Sun Apr 08 15:07:03 CST 2018, userAvatar='null', userPhone='123', userEmail='zc123@qq.com', userSex='男', userCity='南京', userSignature='123', userQq=271343981, userWechat='null', userWeibo='null', userMoney=8937, userVipGrade='1', userGrade=null, userPreference='null'}
2018-04-08 15:20:42,435 INFO (UserController.java:94)- 进入findUser
2018-04-08 15:20:42,435 INFO (UserController.java:95)- request>>>http://localhost:3000
2018-04-08 15:20:42,436 INFO (UserController.java:107)- User{userId=5, userName='轻微的所', userPassword='202cb962ac59075b964b07152d234b70', userType='普通用户', userTypeCode='null', userVerifyStatus='null', userRegistTime=Sun Apr 08 15:07:03 CST 2018, userAvatar='null', userPhone='123', userEmail='zc123@qq.com', userSex='男', userCity='南京', userSignature='123', userQq=271343981, userWechat='null', userWeibo='null', userMoney=8937, userVipGrade='1', userGrade=null, userPreference='null'}
2018-04-08 15:23:41,509 INFO (UserController.java:67)- 进入LLogin
2018-04-08 15:23:41,510 INFO (UserController.java:73)- User{userId=null, userName='轻微的所', userPassword='123', userType='null', userTypeCode='null', userVerifyStatus='null', userRegistTime=null, userAvatar='null', userPhone='null', userEmail='null', userSex='null', userCity='null', userSignature='null', userQq=null, userWechat='null', userWeibo='null', userMoney=null, userVipGrade='null', userGrade=null, userPreference='null'}
2018-04-08 15:23:41,511 DEBUG (BaseJdbcLogger.java:159)- ==>  Preparing: select user_id, user_name, user_password, user_type, user_type_code, user_verify_status, user_regist_time, user_avatar, user_phone, user_email, user_sex, user_city, user_signature, user_qq, user_wechat, user_weibo, user_money, user_vip_grade, user_grade, user_preference from user where user_name = ? 
2018-04-08 15:23:41,512 DEBUG (BaseJdbcLogger.java:159)- ==> Parameters: 轻微的所(String)
2018-04-08 15:23:41,515 DEBUG (BaseJdbcLogger.java:159)- <==      Total: 1
2018-04-08 15:23:41,519 DEBUG (BaseJdbcLogger.java:159)- ==>  Preparing: select user_id, user_name, user_password, user_type, user_type_code, user_verify_status, user_regist_time, user_avatar, user_phone, user_email, user_sex, user_city, user_signature, user_qq, user_wechat, user_weibo, user_money, user_vip_grade, user_grade, user_preference from user where user_name = ? AND user_password = ? 
2018-04-08 15:23:41,520 DEBUG (BaseJdbcLogger.java:159)- ==> Parameters: 轻微的所(String), 202cb962ac59075b964b07152d234b70(String)
2018-04-08 15:23:41,525 DEBUG (BaseJdbcLogger.java:159)- <==      Total: 1
2018-04-08 15:23:41,526 INFO (UserServiceImpl.java:61)- 验证成功！
2018-04-08 15:23:41,970 INFO (UserController.java:94)- 进入findUser
2018-04-08 15:23:41,970 INFO (UserController.java:95)- request>>>http://localhost:3000
2018-04-08 15:23:41,971 INFO (UserController.java:107)- User{userId=5, userName='轻微的所', userPassword='202cb962ac59075b964b07152d234b70', userType='普通用户', userTypeCode='null', userVerifyStatus='null', userRegistTime=Sun Apr 08 15:23:29 CST 2018, userAvatar='null', userPhone='123', userEmail='zc123@qq.com', userSex='男', userCity='南京', userSignature='卢本伟牛逼', userQq=271343981, userWechat='null', userWeibo='null', userMoney=8937, userVipGrade='1', userGrade=null, userPreference='null'}
2018-04-08 15:25:02,305 INFO (UserController.java:94)- 进入findUser
2018-04-08 15:25:02,306 INFO (UserController.java:95)- request>>>http://localhost:3000
2018-04-08 15:25:02,306 INFO (UserController.java:107)- User{userId=5, userName='轻微的所', userPassword='202cb962ac59075b964b07152d234b70', userType='普通用户', userTypeCode='null', userVerifyStatus='null', userRegistTime=Sun Apr 08 15:23:29 CST 2018, userAvatar='null', userPhone='123', userEmail='zc123@qq.com', userSex='男', userCity='南京', userSignature='卢本伟牛逼', userQq=271343981, userWechat='null', userWeibo='null', userMoney=8937, userVipGrade='1', userGrade=null, userPreference='null'}
2018-04-08 15:25:06,058 INFO (UserController.java:94)- 进入findUser
2018-04-08 15:25:06,059 INFO (UserController.java:95)- request>>>http://localhost:3000
2018-04-08 15:25:06,059 INFO (UserController.java:107)- User{userId=5, userName='轻微的所', userPassword='202cb962ac59075b964b07152d234b70', userType='普通用户', userTypeCode='null', userVerifyStatus='null', userRegistTime=Sun Apr 08 15:23:29 CST 2018, userAvatar='null', userPhone='123', userEmail='zc123@qq.com', userSex='男', userCity='南京', userSignature='卢本伟牛逼', userQq=271343981, userWechat='null', userWeibo='null', userMoney=8937, userVipGrade='1', userGrade=null, userPreference='null'}
2018-04-08 15:25:14,183 INFO (UserController.java:94)- 进入findUser
2018-04-08 15:25:14,184 INFO (UserController.java:95)- request>>>http://localhost:3000
2018-04-08 15:25:14,185 INFO (UserController.java:107)- User{userId=5, userName='轻微的所', userPassword='202cb962ac59075b964b07152d234b70', userType='普通用户', userTypeCode='null', userVerifyStatus='null', userRegistTime=Sun Apr 08 15:23:29 CST 2018, userAvatar='null', userPhone='123', userEmail='zc123@qq.com', userSex='男', userCity='南京', userSignature='卢本伟牛逼', userQq=271343981, userWechat='null', userWeibo='null', userMoney=8937, userVipGrade='1', userGrade=null, userPreference='null'}
2018-04-08 15:31:57,475 INFO (UserController.java:94)- 进入findUser
2018-04-08 15:31:57,476 INFO (UserController.java:95)- request>>>http://localhost:3000
2018-04-08 15:31:57,476 INFO (UserController.java:107)- User{userId=5, userName='轻微的所', userPassword='202cb962ac59075b964b07152d234b70', userType='普通用户', userTypeCode='null', userVerifyStatus='null', userRegistTime=Sun Apr 08 15:23:29 CST 2018, userAvatar='null', userPhone='123', userEmail='zc123@qq.com', userSex='男', userCity='南京', userSignature='卢本伟牛逼', userQq=271343981, userWechat='null', userWeibo='null', userMoney=8937, userVipGrade='1', userGrade=null, userPreference='null'}
2018-04-08 15:32:17,606 INFO (UserController.java:94)- 进入findUser
2018-04-08 15:32:17,606 INFO (UserController.java:95)- request>>>http://localhost:3000
2018-04-08 15:32:17,606 INFO (UserController.java:107)- User{userId=5, userName='轻微的所', userPassword='202cb962ac59075b964b07152d234b70', userType='普通用户', userTypeCode='null', userVerifyStatus='null', userRegistTime=Sun Apr 08 15:23:29 CST 2018, userAvatar='null', userPhone='123', userEmail='zc123@qq.com', userSex='男', userCity='南京', userSignature='卢本伟牛逼', userQq=271343981, userWechat='null', userWeibo='null', userMoney=8937, userVipGrade='1', userGrade=null, userPreference='null'}
2018-04-08 17:06:29,086 INFO (StartupInfoLogger.java:48)- Starting ZachwebApplication on nkgw10nh1856 with PID 7728 (F:\ZachAdWeb\zachweb\target\classes started by Zach.Zhang in F:\ZachAdWeb\zachweb)
2018-04-08 17:06:29,089 DEBUG (StartupInfoLogger.java:51)- Running with Spring Boot v1.5.10.RELEASE, Spring v4.3.14.RELEASE
2018-04-08 17:06:29,089 INFO (SpringApplication.java:593)- No active profile set, falling back to default profiles: default
2018-04-08 17:06:32,169 INFO (StartupInfoLogger.java:57)- Started ZachwebApplication in 3.628 seconds (JVM running for 5.866)
2018-04-08 17:07:29,545 INFO (UserController.java:67)- 进入LLogin
2018-04-08 17:07:29,546 INFO (UserController.java:73)- User{userId=null, userName='轻微的所', userPassword='123', userType='null', userTypeCode='null', userVerifyStatus='null', userRegistTime=null, userAvatar='null', userPhone='null', userEmail='null', userSex='null', userCity='null', userSignature='null', userQq=null, userWechat='null', userWeibo='null', userMoney=null, userVipGrade='null', userGrade=null, userPreference='null'}
2018-04-08 17:07:29,776 DEBUG (BaseJdbcLogger.java:159)- ==>  Preparing: select user_id, user_name, user_password, user_type, user_type_code, user_verify_status, user_regist_time, user_avatar, user_phone, user_email, user_sex, user_city, user_signature, user_qq, user_wechat, user_weibo, user_money, user_vip_grade, user_grade, user_preference from user where user_name = ? 
2018-04-08 17:07:29,795 DEBUG (BaseJdbcLogger.java:159)- ==> Parameters: 轻微的所(String)
2018-04-08 17:07:29,807 DEBUG (BaseJdbcLogger.java:159)- <==      Total: 1
2018-04-08 17:07:29,809 DEBUG (BaseJdbcLogger.java:159)- ==>  Preparing: select user_id, user_name, user_password, user_type, user_type_code, user_verify_status, user_regist_time, user_avatar, user_phone, user_email, user_sex, user_city, user_signature, user_qq, user_wechat, user_weibo, user_money, user_vip_grade, user_grade, user_preference from user where user_name = ? AND user_password = ? 
2018-04-08 17:07:29,810 DEBUG (BaseJdbcLogger.java:159)- ==> Parameters: 轻微的所(String), 202cb962ac59075b964b07152d234b70(String)
2018-04-08 17:07:29,812 DEBUG (BaseJdbcLogger.java:159)- <==      Total: 1
2018-04-08 17:07:29,812 INFO (UserServiceImpl.java:61)- 验证成功！
2018-04-08 17:07:30,338 INFO (UserController.java:94)- 进入findUser
2018-04-08 17:07:30,339 INFO (UserController.java:95)- request>>>http://localhost:3000
2018-04-08 17:07:30,339 INFO (UserController.java:101)- User{userId=5, userName='轻微的所', userPassword='202cb962ac59075b964b07152d234b70', userType='普通用户', userTypeCode='null', userVerifyStatus='null', userRegistTime=Sun Apr 08 15:23:29 CST 2018, userAvatar='null', userPhone='123', userEmail='zc123@qq.com', userSex='男', userCity='南京', userSignature='卢本伟牛逼', userQq=271343981, userWechat='null', userWeibo='null', userMoney=8937, userVipGrade='1', userGrade=null, userPreference='null'}
2018-04-08 17:08:01,920 INFO (UserController.java:67)- 进入LLogin
2018-04-08 17:08:01,921 INFO (UserController.java:73)- User{userId=null, userName='轻微的所', userPassword='123', userType='null', userTypeCode='null', userVerifyStatus='null', userRegistTime=null, userAvatar='null', userPhone='null', userEmail='null', userSex='null', userCity='null', userSignature='null', userQq=null, userWechat='null', userWeibo='null', userMoney=null, userVipGrade='null', userGrade=null, userPreference='null'}
2018-04-08 17:08:01,923 DEBUG (BaseJdbcLogger.java:159)- ==>  Preparing: select user_id, user_name, user_password, user_type, user_type_code, user_verify_status, user_regist_time, user_avatar, user_phone, user_email, user_sex, user_city, user_signature, user_qq, user_wechat, user_weibo, user_money, user_vip_grade, user_grade, user_preference from user where user_name = ? 
2018-04-08 17:08:01,924 DEBUG (BaseJdbcLogger.java:159)- ==> Parameters: 轻微的所(String)
2018-04-08 17:08:01,925 DEBUG (BaseJdbcLogger.java:159)- <==      Total: 1
2018-04-08 17:08:01,927 DEBUG (BaseJdbcLogger.java:159)- ==>  Preparing: select user_id, user_name, user_password, user_type, user_type_code, user_verify_status, user_regist_time, user_avatar, user_phone, user_email, user_sex, user_city, user_signature, user_qq, user_wechat, user_weibo, user_money, user_vip_grade, user_grade, user_preference from user where user_name = ? AND user_password = ? 
2018-04-08 17:08:01,927 DEBUG (BaseJdbcLogger.java:159)- ==> Parameters: 轻微的所(String), 202cb962ac59075b964b07152d234b70(String)
2018-04-08 17:08:01,929 DEBUG (BaseJdbcLogger.java:159)- <==      Total: 1
2018-04-08 17:08:01,930 INFO (UserServiceImpl.java:61)- 验证成功！
2018-04-08 17:08:02,276 INFO (UserController.java:94)- 进入findUser
2018-04-08 17:08:02,276 INFO (UserController.java:95)- request>>>http://localhost:3000
2018-04-08 17:08:02,277 INFO (UserController.java:101)- User{userId=5, userName='轻微的所', userPassword='202cb962ac59075b964b07152d234b70', userType='普通用户', userTypeCode='null', userVerifyStatus='null', userRegistTime=Sun Apr 08 15:23:29 CST 2018, userAvatar='null', userPhone='123', userEmail='zc123@qq.com', userSex='男', userCity='南京', userSignature='卢本伟牛逼', userQq=271343981, userWechat='null', userWeibo='null', userMoney=8937, userVipGrade='1', userGrade=null, userPreference='null'}
2018-04-08 17:08:18,195 INFO (StartupInfoLogger.java:48)- Starting ZachwebApplication on nkgw10nh1856 with PID 11908 (F:\ZachAdWeb\zachweb\target\classes started by Zach.Zhang in F:\ZachAdWeb\zachweb)
2018-04-08 17:08:18,200 DEBUG (StartupInfoLogger.java:51)- Running with Spring Boot v1.5.10.RELEASE, Spring v4.3.14.RELEASE
2018-04-08 17:08:18,200 INFO (SpringApplication.java:593)- No active profile set, falling back to default profiles: default
2018-04-08 17:08:21,193 INFO (StartupInfoLogger.java:57)- Started ZachwebApplication in 3.499 seconds (JVM running for 4.875)
2018-04-08 17:08:27,643 INFO (UserController.java:67)- 进入LLoginnnnnnnnnnnnnnnnnnnnnnnnnnn
2018-04-08 17:08:27,644 INFO (UserController.java:73)- User{userId=null, userName='轻微的所', userPassword='123', userType='null', userTypeCode='null', userVerifyStatus='null', userRegistTime=null, userAvatar='null', userPhone='null', userEmail='null', userSex='null', userCity='null', userSignature='null', userQq=null, userWechat='null', userWeibo='null', userMoney=null, userVipGrade='null', userGrade=null, userPreference='null'}
2018-04-08 17:08:27,844 DEBUG (BaseJdbcLogger.java:159)- ==>  Preparing: select user_id, user_name, user_password, user_type, user_type_code, user_verify_status, user_regist_time, user_avatar, user_phone, user_email, user_sex, user_city, user_signature, user_qq, user_wechat, user_weibo, user_money, user_vip_grade, user_grade, user_preference from user where user_name = ? 
2018-04-08 17:08:27,859 DEBUG (BaseJdbcLogger.java:159)- ==> Parameters: 轻微的所(String)
2018-04-08 17:08:27,868 DEBUG (BaseJdbcLogger.java:159)- <==      Total: 1
2018-04-08 17:08:27,870 DEBUG (BaseJdbcLogger.java:159)- ==>  Preparing: select user_id, user_name, user_password, user_type, user_type_code, user_verify_status, user_regist_time, user_avatar, user_phone, user_email, user_sex, user_city, user_signature, user_qq, user_wechat, user_weibo, user_money, user_vip_grade, user_grade, user_preference from user where user_name = ? AND user_password = ? 
2018-04-08 17:08:27,871 DEBUG (BaseJdbcLogger.java:159)- ==> Parameters: 轻微的所(String), 202cb962ac59075b964b07152d234b70(String)
2018-04-08 17:08:27,872 DEBUG (BaseJdbcLogger.java:159)- <==      Total: 1
2018-04-08 17:08:27,873 INFO (UserServiceImpl.java:61)- 验证成功！
2018-04-08 17:08:28,271 INFO (UserController.java:94)- 进入findUser
2018-04-08 17:08:28,272 INFO (UserController.java:95)- request>>>http://localhost:3000
2018-04-08 17:08:28,273 INFO (UserController.java:101)- User{userId=5, userName='轻微的所', userPassword='202cb962ac59075b964b07152d234b70', userType='普通用户', userTypeCode='null', userVerifyStatus='null', userRegistTime=Sun Apr 08 15:23:29 CST 2018, userAvatar='null', userPhone='123', userEmail='zc123@qq.com', userSex='男', userCity='南京', userSignature='卢本伟牛逼', userQq=271343981, userWechat='null', userWeibo='null', userMoney=8937, userVipGrade='1', userGrade=null, userPreference='null'}
2018-04-08 17:11:58,968 INFO (UserController.java:67)- 进入LLoginnnnnnnnnnnnnnnnnnnnnnnnnnn
2018-04-08 17:11:58,969 INFO (UserController.java:73)- User{userId=null, userName='轻微的所', userPassword='123', userType='null', userTypeCode='null', userVerifyStatus='null', userRegistTime=null, userAvatar='null', userPhone='null', userEmail='null', userSex='null', userCity='null', userSignature='null', userQq=null, userWechat='null', userWeibo='null', userMoney=null, userVipGrade='null', userGrade=null, userPreference='null'}
2018-04-08 17:11:58,971 DEBUG (BaseJdbcLogger.java:159)- ==>  Preparing: select user_id, user_name, user_password, user_type, user_type_code, user_verify_status, user_regist_time, user_avatar, user_phone, user_email, user_sex, user_city, user_signature, user_qq, user_wechat, user_weibo, user_money, user_vip_grade, user_grade, user_preference from user where user_name = ? 
2018-04-08 17:11:58,972 DEBUG (BaseJdbcLogger.java:159)- ==> Parameters: 轻微的所(String)
2018-04-08 17:11:58,974 DEBUG (BaseJdbcLogger.java:159)- <==      Total: 1
2018-04-08 17:11:58,977 DEBUG (BaseJdbcLogger.java:159)- ==>  Preparing: select user_id, user_name, user_password, user_type, user_type_code, user_verify_status, user_regist_time, user_avatar, user_phone, user_email, user_sex, user_city, user_signature, user_qq, user_wechat, user_weibo, user_money, user_vip_grade, user_grade, user_preference from user where user_name = ? AND user_password = ? 
2018-04-08 17:11:58,978 DEBUG (BaseJdbcLogger.java:159)- ==> Parameters: 轻微的所(String), 202cb962ac59075b964b07152d234b70(String)
2018-04-08 17:11:58,979 DEBUG (BaseJdbcLogger.java:159)- <==      Total: 1
2018-04-08 17:11:58,980 INFO (UserServiceImpl.java:61)- 验证成功！
2018-04-08 17:11:59,325 INFO (UserController.java:94)- 进入findUser
2018-04-08 17:11:59,326 INFO (UserController.java:95)- request>>>http://localhost:3000
2018-04-08 17:11:59,326 INFO (UserController.java:101)- User{userId=5, userName='轻微的所', userPassword='202cb962ac59075b964b07152d234b70', userType='普通用户', userTypeCode='null', userVerifyStatus='null', userRegistTime=Sun Apr 08 15:23:29 CST 2018, userAvatar='null', userPhone='123', userEmail='zc123@qq.com', userSex='男', userCity='南京', userSignature='卢本伟牛逼', userQq=271343981, userWechat='null', userWeibo='null', userMoney=8937, userVipGrade='1', userGrade=null, userPreference='null'}
2018-04-08 17:14:48,253 INFO (StartupInfoLogger.java:48)- Starting ZachwebApplication on nkgw10nh1856 with PID 5872 (F:\ZachAdWeb\zachweb\target\classes started by Zach.Zhang in F:\ZachAdWeb\zachweb)
2018-04-08 17:14:48,258 DEBUG (StartupInfoLogger.java:51)- Running with Spring Boot v1.5.10.RELEASE, Spring v4.3.14.RELEASE
2018-04-08 17:14:48,259 INFO (SpringApplication.java:593)- No active profile set, falling back to default profiles: default
2018-04-08 17:14:52,803 INFO (StartupInfoLogger.java:57)- Started ZachwebApplication in 5.09 seconds (JVM running for 6.62)
2018-04-08 17:15:06,404 INFO (UserController.java:67)- 进入LLogin
2018-04-08 17:15:06,405 INFO (UserController.java:73)- User{userId=null, userName='轻微的所', userPassword='123', userType='null', userTypeCode='null', userVerifyStatus='null', userRegistTime=null, userAvatar='null', userPhone='null', userEmail='null', userSex='null', userCity='null', userSignature='null', userQq=null, userWechat='null', userWeibo='null', userMoney=null, userVipGrade='null', userGrade=null, userPreference='null'}
2018-04-08 17:15:06,613 DEBUG (BaseJdbcLogger.java:159)- ==>  Preparing: select user_id, user_name, user_password, user_type, user_type_code, user_verify_status, user_regist_time, user_avatar, user_phone, user_email, user_sex, user_city, user_signature, user_qq, user_wechat, user_weibo, user_money, user_vip_grade, user_grade, user_preference from user where user_name = ? 
2018-04-08 17:15:06,627 DEBUG (BaseJdbcLogger.java:159)- ==> Parameters: 轻微的所(String)
2018-04-08 17:15:06,636 DEBUG (BaseJdbcLogger.java:159)- <==      Total: 1
2018-04-08 17:15:06,638 DEBUG (BaseJdbcLogger.java:159)- ==>  Preparing: select user_id, user_name, user_password, user_type, user_type_code, user_verify_status, user_regist_time, user_avatar, user_phone, user_email, user_sex, user_city, user_signature, user_qq, user_wechat, user_weibo, user_money, user_vip_grade, user_grade, user_preference from user where user_name = ? AND user_password = ? 
2018-04-08 17:15:06,638 DEBUG (BaseJdbcLogger.java:159)- ==> Parameters: 轻微的所(String), 202cb962ac59075b964b07152d234b70(String)
2018-04-08 17:15:06,641 DEBUG (BaseJdbcLogger.java:159)- <==      Total: 1
2018-04-08 17:15:06,642 INFO (UserServiceImpl.java:61)- 验证成功！
2018-04-08 17:15:07,023 INFO (UserController.java:94)- 进入findUser
2018-04-08 17:15:07,023 INFO (UserController.java:95)- request>>>http://localhost:3000
2018-04-08 17:15:07,024 INFO (UserController.java:101)- User{userId=5, userName='轻微的所', userPassword='202cb962ac59075b964b07152d234b70', userType='普通用户', userTypeCode='null', userVerifyStatus='null', userRegistTime=Sun Apr 08 15:23:29 CST 2018, userAvatar='null', userPhone='123', userEmail='zc123@qq.com', userSex='男', userCity='南京', userSignature='卢本伟牛逼', userQq=271343981, userWechat='null', userWeibo='null', userMoney=8937, userVipGrade='1', userGrade=null, userPreference='null'}
2018-04-08 17:15:25,264 INFO (UserController.java:67)- 进入LLogin
2018-04-08 17:15:25,265 INFO (UserController.java:73)- User{userId=null, userName='轻微的所', userPassword='123', userType='null', userTypeCode='null', userVerifyStatus='null', userRegistTime=null, userAvatar='null', userPhone='null', userEmail='null', userSex='null', userCity='null', userSignature='null', userQq=null, userWechat='null', userWeibo='null', userMoney=null, userVipGrade='null', userGrade=null, userPreference='null'}
2018-04-08 17:15:25,268 DEBUG (BaseJdbcLogger.java:159)- ==>  Preparing: select user_id, user_name, user_password, user_type, user_type_code, user_verify_status, user_regist_time, user_avatar, user_phone, user_email, user_sex, user_city, user_signature, user_qq, user_wechat, user_weibo, user_money, user_vip_grade, user_grade, user_preference from user where user_name = ? 
2018-04-08 17:15:25,268 DEBUG (BaseJdbcLogger.java:159)- ==> Parameters: 轻微的所(String)
2018-04-08 17:15:25,270 DEBUG (BaseJdbcLogger.java:159)- <==      Total: 1
2018-04-08 17:15:25,271 DEBUG (BaseJdbcLogger.java:159)- ==>  Preparing: select user_id, user_name, user_password, user_type, user_type_code, user_verify_status, user_regist_time, user_avatar, user_phone, user_email, user_sex, user_city, user_signature, user_qq, user_wechat, user_weibo, user_money, user_vip_grade, user_grade, user_preference from user where user_name = ? AND user_password = ? 
2018-04-08 17:15:25,272 DEBUG (BaseJdbcLogger.java:159)- ==> Parameters: 轻微的所(String), 202cb962ac59075b964b07152d234b70(String)
2018-04-08 17:15:25,274 DEBUG (BaseJdbcLogger.java:159)- <==      Total: 1
2018-04-08 17:15:25,274 INFO (UserServiceImpl.java:61)- 验证成功！
2018-04-08 17:15:25,621 INFO (UserController.java:94)- 进入findUser
2018-04-08 17:15:25,622 INFO (UserController.java:95)- request>>>http://localhost:3000
2018-04-08 17:15:25,622 INFO (UserController.java:101)- User{userId=5, userName='轻微的所', userPassword='202cb962ac59075b964b07152d234b70', userType='普通用户', userTypeCode='null', userVerifyStatus='null', userRegistTime=Sun Apr 08 15:23:29 CST 2018, userAvatar='null', userPhone='123', userEmail='zc123@qq.com', userSex='男', userCity='南京', userSignature='卢本伟牛逼', userQq=271343981, userWechat='null', userWeibo='null', userMoney=8937, userVipGrade='1', userGrade=null, userPreference='null'}
2018-04-08 17:17:48,614 INFO (StartupInfoLogger.java:48)- Starting ZachwebApplication on nkgw10nh1856 with PID 9012 (F:\ZachAdWeb\zachweb\target\classes started by Zach.Zhang in F:\ZachAdWeb\zachweb)
2018-04-08 17:17:48,618 DEBUG (StartupInfoLogger.java:51)- Running with Spring Boot v1.5.10.RELEASE, Spring v4.3.14.RELEASE
2018-04-08 17:17:48,619 INFO (SpringApplication.java:593)- No active profile set, falling back to default profiles: default
2018-04-08 17:17:52,023 INFO (StartupInfoLogger.java:57)- Started ZachwebApplication in 3.816 seconds (JVM running for 5.101)
2018-04-08 17:18:14,892 INFO (UserController.java:67)- 进入LLogin
2018-04-08 17:18:14,893 INFO (UserController.java:73)- User{userId=null, userName='轻微的所', userPassword='123', userType='null', userTypeCode='null', userVerifyStatus='null', userRegistTime=null, userAvatar='null', userPhone='null', userEmail='null', userSex='null', userCity='null', userSignature='null', userQq=null, userWechat='null', userWeibo='null', userMoney=null, userVipGrade='null', userGrade=null, userPreference='null'}
2018-04-08 17:18:15,097 DEBUG (BaseJdbcLogger.java:159)- ==>  Preparing: select user_id, user_name, user_password, user_type, user_type_code, user_verify_status, user_regist_time, user_avatar, user_phone, user_email, user_sex, user_city, user_signature, user_qq, user_wechat, user_weibo, user_money, user_vip_grade, user_grade, user_preference from user where user_name = ? 
2018-04-08 17:18:15,113 DEBUG (BaseJdbcLogger.java:159)- ==> Parameters: 轻微的所(String)
2018-04-08 17:18:15,123 DEBUG (BaseJdbcLogger.java:159)- <==      Total: 1
2018-04-08 17:18:15,125 DEBUG (BaseJdbcLogger.java:159)- ==>  Preparing: select user_id, user_name, user_password, user_type, user_type_code, user_verify_status, user_regist_time, user_avatar, user_phone, user_email, user_sex, user_city, user_signature, user_qq, user_wechat, user_weibo, user_money, user_vip_grade, user_grade, user_preference from user where user_name = ? AND user_password = ? 
2018-04-08 17:18:15,125 DEBUG (BaseJdbcLogger.java:159)- ==> Parameters: 轻微的所(String), 202cb962ac59075b964b07152d234b70(String)
2018-04-08 17:18:15,127 DEBUG (BaseJdbcLogger.java:159)- <==      Total: 1
2018-04-08 17:18:15,128 INFO (UserServiceImpl.java:61)- 验证成功！
2018-04-08 17:18:15,526 INFO (UserController.java:94)- 进入findUser
2018-04-08 17:18:15,526 INFO (UserController.java:95)- request>>>http://localhost:3000
2018-04-08 17:18:15,527 INFO (UserController.java:101)- User{userId=5, userName='轻微的所', userPassword='202cb962ac59075b964b07152d234b70', userType='普通用户', userTypeCode='null', userVerifyStatus='null', userRegistTime=Sun Apr 08 15:23:29 CST 2018, userAvatar='null', userPhone='123', userEmail='zc123@qq.com', userSex='男', userCity='南京', userSignature='卢本伟牛逼', userQq=271343981, userWechat='null', userWeibo='null', userMoney=8937, userVipGrade='1', userGrade=null, userPreference='null'}
2018-04-08 17:18:34,353 INFO (StartupInfoLogger.java:48)- Starting ZachwebApplication on nkgw10nh1856 with PID 3812 (F:\ZachAdWeb\zachweb\target\classes started by Zach.Zhang in F:\ZachAdWeb\zachweb)
2018-04-08 17:18:34,356 DEBUG (StartupInfoLogger.java:51)- Running with Spring Boot v1.5.10.RELEASE, Spring v4.3.14.RELEASE
2018-04-08 17:18:34,357 INFO (SpringApplication.java:593)- No active profile set, falling back to default profiles: default
2018-04-08 17:18:38,156 INFO (StartupInfoLogger.java:57)- Started ZachwebApplication in 4.502 seconds (JVM running for 5.739)
2018-04-08 17:18:46,563 INFO (UserController.java:67)- 进入LLoginnnnnnnnnn
2018-04-08 17:18:46,563 INFO (UserController.java:73)- User{userId=null, userName='轻微的所', userPassword='123', userType='null', userTypeCode='null', userVerifyStatus='null', userRegistTime=null, userAvatar='null', userPhone='null', userEmail='null', userSex='null', userCity='null', userSignature='null', userQq=null, userWechat='null', userWeibo='null', userMoney=null, userVipGrade='null', userGrade=null, userPreference='null'}
2018-04-08 17:18:46,764 DEBUG (BaseJdbcLogger.java:159)- ==>  Preparing: select user_id, user_name, user_password, user_type, user_type_code, user_verify_status, user_regist_time, user_avatar, user_phone, user_email, user_sex, user_city, user_signature, user_qq, user_wechat, user_weibo, user_money, user_vip_grade, user_grade, user_preference from user where user_name = ? 
2018-04-08 17:18:46,780 DEBUG (BaseJdbcLogger.java:159)- ==> Parameters: 轻微的所(String)
2018-04-08 17:18:46,790 DEBUG (BaseJdbcLogger.java:159)- <==      Total: 1
2018-04-08 17:18:46,792 DEBUG (BaseJdbcLogger.java:159)- ==>  Preparing: select user_id, user_name, user_password, user_type, user_type_code, user_verify_status, user_regist_time, user_avatar, user_phone, user_email, user_sex, user_city, user_signature, user_qq, user_wechat, user_weibo, user_money, user_vip_grade, user_grade, user_preference from user where user_name = ? AND user_password = ? 
2018-04-08 17:18:46,792 DEBUG (BaseJdbcLogger.java:159)- ==> Parameters: 轻微的所(String), 202cb962ac59075b964b07152d234b70(String)
2018-04-08 17:18:46,794 DEBUG (BaseJdbcLogger.java:159)- <==      Total: 1
2018-04-08 17:18:46,794 INFO (UserServiceImpl.java:61)- 验证成功！
2018-04-08 17:18:47,184 INFO (UserController.java:94)- 进入findUser
2018-04-08 17:18:47,186 INFO (UserController.java:95)- request>>>http://localhost:3000
2018-04-08 17:18:47,187 INFO (UserController.java:101)- User{userId=5, userName='轻微的所', userPassword='202cb962ac59075b964b07152d234b70', userType='普通用户', userTypeCode='null', userVerifyStatus='null', userRegistTime=Sun Apr 08 15:23:29 CST 2018, userAvatar='null', userPhone='123', userEmail='zc123@qq.com', userSex='男', userCity='南京', userSignature='卢本伟牛逼', userQq=271343981, userWechat='null', userWeibo='null', userMoney=8937, userVipGrade='1', userGrade=null, userPreference='null'}
2018-04-08 17:19:11,694 INFO (UserController.java:67)- 进入LLoginnnnnnnnnn
2018-04-08 17:19:11,694 INFO (UserController.java:73)- User{userId=null, userName='轻微的所', userPassword='123', userType='null', userTypeCode='null', userVerifyStatus='null', userRegistTime=null, userAvatar='null', userPhone='null', userEmail='null', userSex='null', userCity='null', userSignature='null', userQq=null, userWechat='null', userWeibo='null', userMoney=null, userVipGrade='null', userGrade=null, userPreference='null'}
2018-04-08 17:19:11,696 DEBUG (BaseJdbcLogger.java:159)- ==>  Preparing: select user_id, user_name, user_password, user_type, user_type_code, user_verify_status, user_regist_time, user_avatar, user_phone, user_email, user_sex, user_city, user_signature, user_qq, user_wechat, user_weibo, user_money, user_vip_grade, user_grade, user_preference from user where user_name = ? 
2018-04-08 17:19:11,697 DEBUG (BaseJdbcLogger.java:159)- ==> Parameters: 轻微的所(String)
2018-04-08 17:19:11,699 DEBUG (BaseJdbcLogger.java:159)- <==      Total: 1
2018-04-08 17:19:11,700 DEBUG (BaseJdbcLogger.java:159)- ==>  Preparing: select user_id, user_name, user_password, user_type, user_type_code, user_verify_status, user_regist_time, user_avatar, user_phone, user_email, user_sex, user_city, user_signature, user_qq, user_wechat, user_weibo, user_money, user_vip_grade, user_grade, user_preference from user where user_name = ? AND user_password = ? 
2018-04-08 17:19:11,700 DEBUG (BaseJdbcLogger.java:159)- ==> Parameters: 轻微的所(String), 202cb962ac59075b964b07152d234b70(String)
2018-04-08 17:19:11,704 DEBUG (BaseJdbcLogger.java:159)- <==      Total: 1
2018-04-08 17:19:11,704 INFO (UserServiceImpl.java:61)- 验证成功！
2018-04-08 17:19:12,045 INFO (UserController.java:94)- 进入findUser
2018-04-08 17:19:12,046 INFO (UserController.java:95)- request>>>http://localhost:3000
2018-04-08 17:19:12,046 INFO (UserController.java:101)- User{userId=5, userName='轻微的所', userPassword='202cb962ac59075b964b07152d234b70', userType='普通用户', userTypeCode='null', userVerifyStatus='null', userRegistTime=Sun Apr 08 15:23:29 CST 2018, userAvatar='null', userPhone='123', userEmail='zc123@qq.com', userSex='男', userCity='南京', userSignature='卢本伟牛逼', userQq=271343981, userWechat='null', userWeibo='null', userMoney=8937, userVipGrade='1', userGrade=null, userPreference='null'}
2018-04-08 17:26:50,281 INFO (UserController.java:67)- 进入LLoginnnnnnnnnn
2018-04-08 17:26:50,282 INFO (UserController.java:73)- User{userId=null, userName='轻微的所', userPassword='123', userType='null', userTypeCode='null', userVerifyStatus='null', userRegistTime=null, userAvatar='null', userPhone='null', userEmail='null', userSex='null', userCity='null', userSignature='null', userQq=null, userWechat='null', userWeibo='null', userMoney=null, userVipGrade='null', userGrade=null, userPreference='null'}
2018-04-08 17:26:50,285 DEBUG (BaseJdbcLogger.java:159)- ==>  Preparing: select user_id, user_name, user_password, user_type, user_type_code, user_verify_status, user_regist_time, user_avatar, user_phone, user_email, user_sex, user_city, user_signature, user_qq, user_wechat, user_weibo, user_money, user_vip_grade, user_grade, user_preference from user where user_name = ? 
2018-04-08 17:26:50,286 DEBUG (BaseJdbcLogger.java:159)- ==> Parameters: 轻微的所(String)
2018-04-08 17:26:50,288 DEBUG (BaseJdbcLogger.java:159)- <==      Total: 1
2018-04-08 17:26:50,289 DEBUG (BaseJdbcLogger.java:159)- ==>  Preparing: select user_id, user_name, user_password, user_type, user_type_code, user_verify_status, user_regist_time, user_avatar, user_phone, user_email, user_sex, user_city, user_signature, user_qq, user_wechat, user_weibo, user_money, user_vip_grade, user_grade, user_preference from user where user_name = ? AND user_password = ? 
2018-04-08 17:26:50,290 DEBUG (BaseJdbcLogger.java:159)- ==> Parameters: 轻微的所(String), 202cb962ac59075b964b07152d234b70(String)
2018-04-08 17:26:50,291 DEBUG (BaseJdbcLogger.java:159)- <==      Total: 1
2018-04-08 17:26:50,292 INFO (UserServiceImpl.java:61)- 验证成功！
2018-04-08 17:26:50,631 INFO (UserController.java:94)- 进入findUser
2018-04-08 17:26:50,632 INFO (UserController.java:95)- request>>>http://localhost:3000
2018-04-08 17:26:50,635 INFO (UserController.java:101)- User{userId=5, userName='轻微的所', userPassword='202cb962ac59075b964b07152d234b70', userType='普通用户', userTypeCode='null', userVerifyStatus='null', userRegistTime=Sun Apr 08 15:23:29 CST 2018, userAvatar='null', userPhone='123', userEmail='zc123@qq.com', userSex='男', userCity='南京', userSignature='卢本伟牛逼', userQq=271343981, userWechat='null', userWeibo='null', userMoney=8937, userVipGrade='1', userGrade=null, userPreference='null'}
