2018-04-12 10:23:58,906 INFO (StartupInfoLogger.java:48)- Starting ZachwebApplication on nkgw10nh1856 with PID 3784 (F:\ZachAdWeb\zachweb\target\classes started by Zach.Zhang in F:\ZachAdWeb\zachweb)
2018-04-12 10:23:58,914 DEBUG (StartupInfoLogger.java:51)- Running with Spring Boot v1.5.10.RELEASE, Spring v4.3.14.RELEASE
2018-04-12 10:23:58,916 INFO (SpringApplication.java:593)- No active profile set, falling back to default profiles: default
2018-04-12 10:33:06,887 INFO (StartupInfoLogger.java:48)- Starting ZachwebApplication on nkgw10nh1856 with PID 11460 (F:\ZachAdWeb\zachweb\target\classes started by Zach.Zhang in F:\ZachAdWeb\zachweb)
2018-04-12 10:33:06,888 DEBUG (StartupInfoLogger.java:51)- Running with Spring Boot v1.5.10.RELEASE, Spring v4.3.14.RELEASE
2018-04-12 10:33:06,889 INFO (SpringApplication.java:593)- No active profile set, falling back to default profiles: default
2018-04-12 10:34:51,496 INFO (StartupInfoLogger.java:48)- Starting ZachwebApplication on nkgw10nh1856 with PID 11988 (F:\ZachAdWeb\zachweb\target\classes started by Zach.Zhang in F:\ZachAdWeb\zachweb)
2018-04-12 10:34:51,496 DEBUG (StartupInfoLogger.java:51)- Running with Spring Boot v1.5.10.RELEASE, Spring v4.3.14.RELEASE
2018-04-12 10:34:51,497 INFO (SpringApplication.java:593)- No active profile set, falling back to default profiles: default
2018-04-12 10:35:47,090 INFO (StartupInfoLogger.java:48)- Starting ZachwebApplication on nkgw10nh1856 with PID 10196 (F:\ZachAdWeb\zachweb\target\classes started by Zach.Zhang in F:\ZachAdWeb\zachweb)
2018-04-12 10:35:47,091 DEBUG (StartupInfoLogger.java:51)- Running with Spring Boot v1.5.10.RELEASE, Spring v4.3.14.RELEASE
2018-04-12 10:35:47,091 INFO (SpringApplication.java:593)- No active profile set, falling back to default profiles: default
2018-04-12 10:39:48,192 INFO (StartupInfoLogger.java:48)- Starting ZachwebApplication on nkgw10nh1856 with PID 8340 (F:\ZachAdWeb\zachweb\target\classes started by Zach.Zhang in F:\ZachAdWeb\zachweb)
2018-04-12 10:39:48,192 DEBUG (StartupInfoLogger.java:51)- Running with Spring Boot v1.5.10.RELEASE, Spring v4.3.14.RELEASE
2018-04-12 10:39:48,192 INFO (SpringApplication.java:593)- No active profile set, falling back to default profiles: default
2018-04-12 10:39:51,785 INFO (StartupInfoLogger.java:57)- Started ZachwebApplication in 4.046 seconds (JVM running for 5.0)
2018-04-12 10:43:45,892 INFO (StartupInfoLogger.java:48)- Starting ZachwebApplication on nkgw10nh1856 with PID 964 (F:\ZachAdWeb\zachweb\target\classes started by Zach.Zhang in F:\ZachAdWeb\zachweb)
2018-04-12 10:43:45,893 DEBUG (StartupInfoLogger.java:51)- Running with Spring Boot v1.5.10.RELEASE, Spring v4.3.14.RELEASE
2018-04-12 10:43:45,894 INFO (SpringApplication.java:593)- No active profile set, falling back to default profiles: default
2018-04-12 10:50:09,089 INFO (StartupInfoLogger.java:48)- Starting ZachwebApplication on nkgw10nh1856 with PID 4196 (F:\ZachAdWeb\zachweb\target\classes started by Zach.Zhang in F:\ZachAdWeb\zachweb)
2018-04-12 10:50:09,090 DEBUG (StartupInfoLogger.java:51)- Running with Spring Boot v1.5.10.RELEASE, Spring v4.3.14.RELEASE
2018-04-12 10:50:09,091 INFO (SpringApplication.java:593)- No active profile set, falling back to default profiles: default
2018-04-12 10:53:33,446 INFO (StartupInfoLogger.java:48)- Starting ZachwebApplication on nkgw10nh1856 with PID 6304 (F:\ZachAdWeb\zachweb\target\classes started by Zach.Zhang in F:\ZachAdWeb\zachweb)
2018-04-12 10:53:33,447 DEBUG (StartupInfoLogger.java:51)- Running with Spring Boot v1.5.10.RELEASE, Spring v4.3.14.RELEASE
2018-04-12 10:53:33,447 INFO (SpringApplication.java:593)- No active profile set, falling back to default profiles: default
2018-04-12 10:57:41,709 INFO (StartupInfoLogger.java:48)- Starting ZachwebApplication on nkgw10nh1856 with PID 4712 (F:\ZachAdWeb\zachweb\target\classes started by Zach.Zhang in F:\ZachAdWeb\zachweb)
2018-04-12 10:57:41,710 DEBUG (StartupInfoLogger.java:51)- Running with Spring Boot v1.5.10.RELEASE, Spring v4.3.14.RELEASE
2018-04-12 10:57:41,710 INFO (SpringApplication.java:593)- No active profile set, falling back to default profiles: default
2018-04-12 11:08:16,043 INFO (StartupInfoLogger.java:48)- Starting ZachwebApplication on nkgw10nh1856 with PID 9848 (F:\ZachAdWeb\zachweb\target\classes started by Zach.Zhang in F:\ZachAdWeb\zachweb)
2018-04-12 11:08:16,043 DEBUG (StartupInfoLogger.java:51)- Running with Spring Boot v1.5.10.RELEASE, Spring v4.3.14.RELEASE
2018-04-12 11:08:16,044 INFO (SpringApplication.java:593)- No active profile set, falling back to default profiles: default
2018-04-12 11:10:37,575 INFO (StartupInfoLogger.java:48)- Starting ZachwebApplication on nkgw10nh1856 with PID 12272 (F:\ZachAdWeb\zachweb\target\classes started by Zach.Zhang in F:\ZachAdWeb\zachweb)
2018-04-12 11:10:37,576 DEBUG (StartupInfoLogger.java:51)- Running with Spring Boot v1.5.10.RELEASE, Spring v4.3.14.RELEASE
2018-04-12 11:10:37,576 INFO (SpringApplication.java:593)- No active profile set, falling back to default profiles: default
2018-04-12 13:51:06,428 INFO (StartupInfoLogger.java:48)- Starting ZachwebApplication on nkgw10nh1856 with PID 7232 (F:\ZachAdWeb\zachweb\target\classes started by Zach.Zhang in F:\ZachAdWeb\zachweb)
2018-04-12 13:51:06,428 DEBUG (StartupInfoLogger.java:51)- Running with Spring Boot v1.5.10.RELEASE, Spring v4.3.14.RELEASE
2018-04-12 13:51:06,428 INFO (SpringApplication.java:593)- No active profile set, falling back to default profiles: default
2018-04-12 13:51:10,059 INFO (StartupInfoLogger.java:57)- Started ZachwebApplication in 4.116 seconds (JVM running for 5.259)
2018-04-12 13:54:28,468 DEBUG (BaseJdbcLogger.java:159)- ==>  Preparing: insert into user ( user_name, user_password, user_type, user_regist_time, user_phone, user_email, user_sex, user_city, user_signature ) values ( ?, ?, ?, ?, ?, ?, ?, ?, ? ) 
2018-04-12 13:54:28,483 DEBUG (BaseJdbcLogger.java:159)- ==> Parameters: zach(String), 9cf2d994ebdb1322c8f66202544d49a1(String), 股份有限公司(String), 2018-04-12 13:54:28.0(Timestamp), 15161182029(String), 271343981@qq.com(String), 女(String), 南京(String), 卢本伟牛逼(String)
2018-04-12 13:54:28,593 DEBUG (BaseJdbcLogger.java:159)- <==    Updates: 1
2018-04-12 13:54:29,466 INFO (MailService.java:42)- 简单邮件已经发送。
2018-04-12 13:55:13,234 INFO (UserController.java:71)- User{userId=null, userName='zach', userPassword='zachng123', userType='null', userTypeCode='null', userVerifyStatus='null', userRegistTime=null, userAvatar='null', userPhone='null', userEmail='null', userSex='null', userCity='null', userSignature='null', userQq=null, userWechat='null', userWeibo='null', userMoney=null, userVipGrade='null', userGrade=null, userPreference='null'}
2018-04-12 13:55:13,246 DEBUG (BaseJdbcLogger.java:159)- ==>  Preparing: select user_id, user_name, user_password, user_type, user_type_code, user_verify_status, user_regist_time, user_avatar, user_phone, user_email, user_sex, user_city, user_signature, user_qq, user_wechat, user_weibo, user_money, user_vip_grade, user_grade, user_preference from user where user_name = ? 
2018-04-12 13:55:13,248 DEBUG (BaseJdbcLogger.java:159)- ==> Parameters: zach(String)
2018-04-12 13:55:13,263 DEBUG (BaseJdbcLogger.java:159)- <==      Total: 3
2018-04-12 13:56:02,502 INFO (UserController.java:71)- User{userId=null, userName='zach', userPassword='zachng123', userType='null', userTypeCode='null', userVerifyStatus='null', userRegistTime=null, userAvatar='null', userPhone='null', userEmail='null', userSex='null', userCity='null', userSignature='null', userQq=null, userWechat='null', userWeibo='null', userMoney=null, userVipGrade='null', userGrade=null, userPreference='null'}
2018-04-12 13:56:02,505 DEBUG (BaseJdbcLogger.java:159)- ==>  Preparing: select user_id, user_name, user_password, user_type, user_type_code, user_verify_status, user_regist_time, user_avatar, user_phone, user_email, user_sex, user_city, user_signature, user_qq, user_wechat, user_weibo, user_money, user_vip_grade, user_grade, user_preference from user where user_name = ? 
2018-04-12 13:56:02,506 DEBUG (BaseJdbcLogger.java:159)- ==> Parameters: zach(String)
2018-04-12 13:56:02,509 DEBUG (BaseJdbcLogger.java:159)- <==      Total: 1
2018-04-12 13:56:02,511 DEBUG (BaseJdbcLogger.java:159)- ==>  Preparing: select user_id, user_name, user_password, user_type, user_type_code, user_verify_status, user_regist_time, user_avatar, user_phone, user_email, user_sex, user_city, user_signature, user_qq, user_wechat, user_weibo, user_money, user_vip_grade, user_grade, user_preference from user where user_name = ? AND user_password = ? 
2018-04-12 13:56:02,513 DEBUG (BaseJdbcLogger.java:159)- ==> Parameters: zach(String), 9cf2d994ebdb1322c8f66202544d49a1(String)
2018-04-12 13:56:02,515 DEBUG (BaseJdbcLogger.java:159)- <==      Total: 1
2018-04-12 13:56:02,516 INFO (UserServiceImpl.java:66)- 验证成功！
2018-04-12 13:56:02,520 INFO (UserController.java:76)- User{userId=9, userName='zach', userPassword='9cf2d994ebdb1322c8f66202544d49a1', userType='股份有限公司', userTypeCode='null', userVerifyStatus='null', userRegistTime=Thu Apr 12 13:54:28 CST 2018, userAvatar='null', userPhone='15161182029', userEmail='271343981@qq.com', userSex='女', userCity='南京', userSignature='卢本伟牛逼', userQq=null, userWechat='null', userWeibo='null', userMoney=null, userVipGrade='null', userGrade=null, userPreference='null'}
2018-04-12 13:56:03,139 INFO (UserController.java:93)- 进入findUser
2018-04-12 13:56:03,140 INFO (UserController.java:94)- request>>>http://localhost:3000
2018-04-12 13:56:03,141 INFO (UserController.java:100)- User{userId=9, userName='zach', userPassword='9cf2d994ebdb1322c8f66202544d49a1', userType='股份有限公司', userTypeCode='null', userVerifyStatus='null', userRegistTime=Thu Apr 12 13:54:28 CST 2018, userAvatar='null', userPhone='15161182029', userEmail='271343981@qq.com', userSex='女', userCity='南京', userSignature='卢本伟牛逼', userQq=null, userWechat='null', userWeibo='null', userMoney=null, userVipGrade='null', userGrade=null, userPreference='null'}
2018-04-12 13:57:13,113 INFO (UserController.java:93)- 进入findUser
2018-04-12 13:57:13,114 INFO (UserController.java:94)- request>>>http://localhost:3000
2018-04-12 13:57:13,115 INFO (UserController.java:100)- User{userId=9, userName='zach', userPassword='9cf2d994ebdb1322c8f66202544d49a1', userType='股份有限公司', userTypeCode='null', userVerifyStatus='null', userRegistTime=Thu Apr 12 13:54:28 CST 2018, userAvatar='null', userPhone='15161182029', userEmail='271343981@qq.com', userSex='女', userCity='南京', userSignature='卢本伟牛逼', userQq=null, userWechat='null', userWeibo='null', userMoney=null, userVipGrade='null', userGrade=null, userPreference='null'}
2018-04-12 13:58:08,106 INFO (UserController.java:93)- 进入findUser
2018-04-12 13:58:08,107 INFO (UserController.java:94)- request>>>http://localhost:3000
2018-04-12 13:58:08,107 INFO (UserController.java:100)- User{userId=9, userName='zach', userPassword='9cf2d994ebdb1322c8f66202544d49a1', userType='股份有限公司', userTypeCode='null', userVerifyStatus='null', userRegistTime=Thu Apr 12 13:54:28 CST 2018, userAvatar='null', userPhone='15161182029', userEmail='271343981@qq.com', userSex='女', userCity='南京', userSignature='卢本伟牛逼', userQq=null, userWechat='null', userWeibo='null', userMoney=null, userVipGrade='null', userGrade=null, userPreference='null'}
2018-04-12 13:58:46,803 INFO (StartupInfoLogger.java:48)- Starting ZachwebApplication on nkgw10nh1856 with PID 7232 (F:\ZachAdWeb\zachweb\target\classes started by Zach.Zhang in F:\ZachAdWeb\zachweb)
2018-04-12 13:58:46,804 DEBUG (StartupInfoLogger.java:51)- Running with Spring Boot v1.5.10.RELEASE, Spring v4.3.14.RELEASE
2018-04-12 13:58:46,804 INFO (SpringApplication.java:593)- No active profile set, falling back to default profiles: default
2018-04-12 13:59:00,202 INFO (StartupInfoLogger.java:48)- Starting ZachwebApplication on nkgw10nh1856 with PID 7232 (F:\ZachAdWeb\zachweb\target\classes started by Zach.Zhang in F:\ZachAdWeb\zachweb)
2018-04-12 13:59:00,202 DEBUG (StartupInfoLogger.java:51)- Running with Spring Boot v1.5.10.RELEASE, Spring v4.3.14.RELEASE
2018-04-12 13:59:00,202 INFO (SpringApplication.java:593)- No active profile set, falling back to default profiles: default
2018-04-12 13:59:01,472 INFO (StartupInfoLogger.java:57)- Started ZachwebApplication in 1.333 seconds (JVM running for 476.668)
2018-04-12 13:59:15,218 INFO (StartupInfoLogger.java:48)- Starting ZachwebApplication on nkgw10nh1856 with PID 7232 (F:\ZachAdWeb\zachweb\target\classes started by Zach.Zhang in F:\ZachAdWeb\zachweb)
2018-04-12 13:59:15,218 DEBUG (StartupInfoLogger.java:51)- Running with Spring Boot v1.5.10.RELEASE, Spring v4.3.14.RELEASE
2018-04-12 13:59:15,219 INFO (SpringApplication.java:593)- No active profile set, falling back to default profiles: default
2018-04-12 13:59:34,100 INFO (StartupInfoLogger.java:48)- Starting ZachwebApplication on nkgw10nh1856 with PID 7232 (F:\ZachAdWeb\zachweb\target\classes started by Zach.Zhang in F:\ZachAdWeb\zachweb)
2018-04-12 13:59:34,101 DEBUG (StartupInfoLogger.java:51)- Running with Spring Boot v1.5.10.RELEASE, Spring v4.3.14.RELEASE
2018-04-12 13:59:34,101 INFO (SpringApplication.java:593)- No active profile set, falling back to default profiles: default
2018-04-12 13:59:35,337 INFO (StartupInfoLogger.java:57)- Started ZachwebApplication in 1.282 seconds (JVM running for 510.533)
2018-04-12 14:00:15,314 INFO (StartupInfoLogger.java:48)- Starting ZachwebApplication on nkgw10nh1856 with PID 7232 (F:\ZachAdWeb\zachweb\target\classes started by Zach.Zhang in F:\ZachAdWeb\zachweb)
2018-04-12 14:00:15,314 DEBUG (StartupInfoLogger.java:51)- Running with Spring Boot v1.5.10.RELEASE, Spring v4.3.14.RELEASE
2018-04-12 14:00:15,314 INFO (SpringApplication.java:593)- No active profile set, falling back to default profiles: default
2018-04-12 14:00:20,525 INFO (StartupInfoLogger.java:48)- Starting ZachwebApplication on nkgw10nh1856 with PID 7232 (F:\ZachAdWeb\zachweb\target\classes started by Zach.Zhang in F:\ZachAdWeb\zachweb)
2018-04-12 14:00:20,525 DEBUG (StartupInfoLogger.java:51)- Running with Spring Boot v1.5.10.RELEASE, Spring v4.3.14.RELEASE
2018-04-12 14:00:20,526 INFO (SpringApplication.java:593)- No active profile set, falling back to default profiles: default
2018-04-12 14:00:21,976 INFO (StartupInfoLogger.java:57)- Started ZachwebApplication in 1.507 seconds (JVM running for 557.172)
2018-04-12 14:00:24,855 INFO (StartupInfoLogger.java:48)- Starting ZachwebApplication on nkgw10nh1856 with PID 7232 (F:\ZachAdWeb\zachweb\target\classes started by Zach.Zhang in F:\ZachAdWeb\zachweb)
2018-04-12 14:00:24,856 DEBUG (StartupInfoLogger.java:51)- Running with Spring Boot v1.5.10.RELEASE, Spring v4.3.14.RELEASE
2018-04-12 14:00:24,856 INFO (SpringApplication.java:593)- No active profile set, falling back to default profiles: default
2018-04-12 14:00:26,045 INFO (StartupInfoLogger.java:57)- Started ZachwebApplication in 1.261 seconds (JVM running for 561.241)
2018-04-12 14:01:53,501 INFO (StartupInfoLogger.java:48)- Starting ZachwebApplication on nkgw10nh1856 with PID 7232 (F:\ZachAdWeb\zachweb\target\classes started by Zach.Zhang in F:\ZachAdWeb\zachweb)
2018-04-12 14:01:53,501 DEBUG (StartupInfoLogger.java:51)- Running with Spring Boot v1.5.10.RELEASE, Spring v4.3.14.RELEASE
2018-04-12 14:01:53,501 INFO (SpringApplication.java:593)- No active profile set, falling back to default profiles: default
2018-04-12 14:01:55,123 INFO (StartupInfoLogger.java:57)- Started ZachwebApplication in 1.671 seconds (JVM running for 650.319)
2018-04-12 14:02:09,727 INFO (StartupInfoLogger.java:48)- Starting ZachwebApplication on nkgw10nh1856 with PID 7232 (F:\ZachAdWeb\zachweb\target\classes started by Zach.Zhang in F:\ZachAdWeb\zachweb)
2018-04-12 14:02:09,728 DEBUG (StartupInfoLogger.java:51)- Running with Spring Boot v1.5.10.RELEASE, Spring v4.3.14.RELEASE
2018-04-12 14:02:09,728 INFO (SpringApplication.java:593)- No active profile set, falling back to default profiles: default
2018-04-12 14:10:15,555 INFO (StartupInfoLogger.java:48)- Starting ZachwebApplication on nkgw10nh1856 with PID 7232 (F:\ZachAdWeb\zachweb\target\classes started by Zach.Zhang in F:\ZachAdWeb\zachweb)
2018-04-12 14:10:15,555 DEBUG (StartupInfoLogger.java:51)- Running with Spring Boot v1.5.10.RELEASE, Spring v4.3.14.RELEASE
2018-04-12 14:10:15,555 INFO (SpringApplication.java:593)- No active profile set, falling back to default profiles: default
2018-04-12 14:10:17,319 INFO (StartupInfoLogger.java:57)- Started ZachwebApplication in 1.877 seconds (JVM running for 1152.516)
2018-04-12 14:14:49,411 INFO (StartupInfoLogger.java:48)- Starting ZachwebApplication on nkgw10nh1856 with PID 7232 (F:\ZachAdWeb\zachweb\target\classes started by Zach.Zhang in F:\ZachAdWeb\zachweb)
2018-04-12 14:14:49,412 DEBUG (StartupInfoLogger.java:51)- Running with Spring Boot v1.5.10.RELEASE, Spring v4.3.14.RELEASE
2018-04-12 14:14:49,412 INFO (SpringApplication.java:593)- No active profile set, falling back to default profiles: default
2018-04-12 14:14:50,823 INFO (StartupInfoLogger.java:57)- Started ZachwebApplication in 1.465 seconds (JVM running for 1426.019)
2018-04-12 14:14:58,559 INFO (StartupInfoLogger.java:48)- Starting ZachwebApplication on nkgw10nh1856 with PID 7232 (F:\ZachAdWeb\zachweb\target\classes started by Zach.Zhang in F:\ZachAdWeb\zachweb)
2018-04-12 14:14:58,559 DEBUG (StartupInfoLogger.java:51)- Running with Spring Boot v1.5.10.RELEASE, Spring v4.3.14.RELEASE
2018-04-12 14:14:58,559 INFO (SpringApplication.java:593)- No active profile set, falling back to default profiles: default
2018-04-12 14:14:59,470 INFO (StartupInfoLogger.java:57)- Started ZachwebApplication in 0.97 seconds (JVM running for 1434.666)
2018-04-12 14:15:02,391 INFO (StartupInfoLogger.java:48)- Starting ZachwebApplication on nkgw10nh1856 with PID 7232 (F:\ZachAdWeb\zachweb\target\classes started by Zach.Zhang in F:\ZachAdWeb\zachweb)
2018-04-12 14:15:02,391 DEBUG (StartupInfoLogger.java:51)- Running with Spring Boot v1.5.10.RELEASE, Spring v4.3.14.RELEASE
2018-04-12 14:15:02,391 INFO (SpringApplication.java:593)- No active profile set, falling back to default profiles: default
2018-04-12 14:15:03,431 INFO (StartupInfoLogger.java:57)- Started ZachwebApplication in 1.165 seconds (JVM running for 1438.627)
2018-04-12 14:15:13,202 INFO (StartupInfoLogger.java:48)- Starting ZachwebApplication on nkgw10nh1856 with PID 7232 (F:\ZachAdWeb\zachweb\target\classes started by Zach.Zhang in F:\ZachAdWeb\zachweb)
2018-04-12 14:15:13,203 DEBUG (StartupInfoLogger.java:51)- Running with Spring Boot v1.5.10.RELEASE, Spring v4.3.14.RELEASE
2018-04-12 14:15:13,203 INFO (SpringApplication.java:593)- No active profile set, falling back to default profiles: default
2018-04-12 14:20:12,844 INFO (StartupInfoLogger.java:48)- Starting ZachwebApplication on nkgw10nh1856 with PID 7232 (F:\ZachAdWeb\zachweb\target\classes started by Zach.Zhang in F:\ZachAdWeb\zachweb)
2018-04-12 14:20:12,844 DEBUG (StartupInfoLogger.java:51)- Running with Spring Boot v1.5.10.RELEASE, Spring v4.3.14.RELEASE
2018-04-12 14:20:12,844 INFO (SpringApplication.java:593)- No active profile set, falling back to default profiles: default
2018-04-12 14:20:14,119 INFO (StartupInfoLogger.java:57)- Started ZachwebApplication in 1.336 seconds (JVM running for 1749.316)
2018-04-12 14:20:16,831 INFO (StartupInfoLogger.java:48)- Starting ZachwebApplication on nkgw10nh1856 with PID 7232 (F:\ZachAdWeb\zachweb\target\classes started by Zach.Zhang in F:\ZachAdWeb\zachweb)
2018-04-12 14:20:16,832 DEBUG (StartupInfoLogger.java:51)- Running with Spring Boot v1.5.10.RELEASE, Spring v4.3.14.RELEASE
2018-04-12 14:20:16,832 INFO (SpringApplication.java:593)- No active profile set, falling back to default profiles: default
2018-04-12 14:20:18,048 INFO (StartupInfoLogger.java:57)- Started ZachwebApplication in 1.265 seconds (JVM running for 1753.244)
2018-04-12 14:20:24,802 INFO (StartupInfoLogger.java:48)- Starting ZachwebApplication on nkgw10nh1856 with PID 7232 (F:\ZachAdWeb\zachweb\target\classes started by Zach.Zhang in F:\ZachAdWeb\zachweb)
2018-04-12 14:20:24,802 DEBUG (StartupInfoLogger.java:51)- Running with Spring Boot v1.5.10.RELEASE, Spring v4.3.14.RELEASE
2018-04-12 14:20:24,802 INFO (SpringApplication.java:593)- No active profile set, falling back to default profiles: default
2018-04-12 14:20:25,693 INFO (StartupInfoLogger.java:57)- Started ZachwebApplication in 0.949 seconds (JVM running for 1760.89)
2018-04-12 14:22:17,755 INFO (StartupInfoLogger.java:48)- Starting ZachwebApplication on nkgw10nh1856 with PID 7232 (F:\ZachAdWeb\zachweb\target\classes started by Zach.Zhang in F:\ZachAdWeb\zachweb)
2018-04-12 14:22:17,755 DEBUG (StartupInfoLogger.java:51)- Running with Spring Boot v1.5.10.RELEASE, Spring v4.3.14.RELEASE
2018-04-12 14:22:17,755 INFO (SpringApplication.java:593)- No active profile set, falling back to default profiles: default
2018-04-12 14:22:53,006 INFO (StartupInfoLogger.java:48)- Starting ZachwebApplication on nkgw10nh1856 with PID 7232 (F:\ZachAdWeb\zachweb\target\classes started by Zach.Zhang in F:\ZachAdWeb\zachweb)
2018-04-12 14:22:53,007 DEBUG (StartupInfoLogger.java:51)- Running with Spring Boot v1.5.10.RELEASE, Spring v4.3.14.RELEASE
2018-04-12 14:22:53,007 INFO (SpringApplication.java:593)- No active profile set, falling back to default profiles: default
2018-04-12 14:22:54,448 INFO (StartupInfoLogger.java:57)- Started ZachwebApplication in 1.487 seconds (JVM running for 1909.644)
2018-04-12 14:22:57,998 INFO (StartupInfoLogger.java:48)- Starting ZachwebApplication on nkgw10nh1856 with PID 7232 (F:\ZachAdWeb\zachweb\target\classes started by Zach.Zhang in F:\ZachAdWeb\zachweb)
2018-04-12 14:22:57,998 DEBUG (StartupInfoLogger.java:51)- Running with Spring Boot v1.5.10.RELEASE, Spring v4.3.14.RELEASE
2018-04-12 14:22:57,998 INFO (SpringApplication.java:593)- No active profile set, falling back to default profiles: default
2018-04-12 14:22:59,289 INFO (StartupInfoLogger.java:57)- Started ZachwebApplication in 1.342 seconds (JVM running for 1914.485)
2018-04-12 14:23:08,533 INFO (StartupInfoLogger.java:48)- Starting ZachwebApplication on nkgw10nh1856 with PID 7232 (F:\ZachAdWeb\zachweb\target\classes started by Zach.Zhang in F:\ZachAdWeb\zachweb)
2018-04-12 14:23:08,534 DEBUG (StartupInfoLogger.java:51)- Running with Spring Boot v1.5.10.RELEASE, Spring v4.3.14.RELEASE
2018-04-12 14:23:08,534 INFO (SpringApplication.java:593)- No active profile set, falling back to default profiles: default
2018-04-12 14:23:09,636 INFO (StartupInfoLogger.java:57)- Started ZachwebApplication in 1.141 seconds (JVM running for 1924.833)
2018-04-12 14:23:19,752 INFO (StartupInfoLogger.java:48)- Starting ZachwebApplication on nkgw10nh1856 with PID 7232 (F:\ZachAdWeb\zachweb\target\classes started by Zach.Zhang in F:\ZachAdWeb\zachweb)
2018-04-12 14:23:19,753 DEBUG (StartupInfoLogger.java:51)- Running with Spring Boot v1.5.10.RELEASE, Spring v4.3.14.RELEASE
2018-04-12 14:23:19,753 INFO (SpringApplication.java:593)- No active profile set, falling back to default profiles: default
2018-04-12 14:23:20,890 INFO (StartupInfoLogger.java:57)- Started ZachwebApplication in 1.186 seconds (JVM running for 1936.086)
2018-04-12 14:23:26,715 INFO (StartupInfoLogger.java:48)- Starting ZachwebApplication on nkgw10nh1856 with PID 7232 (F:\ZachAdWeb\zachweb\target\classes started by Zach.Zhang in F:\ZachAdWeb\zachweb)
2018-04-12 14:23:26,716 DEBUG (StartupInfoLogger.java:51)- Running with Spring Boot v1.5.10.RELEASE, Spring v4.3.14.RELEASE
2018-04-12 14:23:26,716 INFO (SpringApplication.java:593)- No active profile set, falling back to default profiles: default
2018-04-12 14:23:27,749 INFO (StartupInfoLogger.java:57)- Started ZachwebApplication in 1.102 seconds (JVM running for 1942.945)
2018-04-12 14:23:41,614 INFO (StartupInfoLogger.java:48)- Starting ZachwebApplication on nkgw10nh1856 with PID 7232 (F:\ZachAdWeb\zachweb\target\classes started by Zach.Zhang in F:\ZachAdWeb\zachweb)
2018-04-12 14:23:41,615 DEBUG (StartupInfoLogger.java:51)- Running with Spring Boot v1.5.10.RELEASE, Spring v4.3.14.RELEASE
2018-04-12 14:23:41,615 INFO (SpringApplication.java:593)- No active profile set, falling back to default profiles: default
2018-04-12 14:23:46,947 INFO (StartupInfoLogger.java:48)- Starting ZachwebApplication on nkgw10nh1856 with PID 3672 (F:\ZachAdWeb\zachweb\target\classes started by Zach.Zhang in F:\ZachAdWeb\zachweb)
2018-04-12 14:23:46,948 DEBUG (StartupInfoLogger.java:51)- Running with Spring Boot v1.5.10.RELEASE, Spring v4.3.14.RELEASE
2018-04-12 14:23:46,948 INFO (SpringApplication.java:593)- No active profile set, falling back to default profiles: default
2018-04-12 14:23:51,105 INFO (StartupInfoLogger.java:57)- Started ZachwebApplication in 4.593 seconds (JVM running for 5.451)
2018-04-12 14:24:27,902 DEBUG (BaseJdbcLogger.java:159)- ==>  Preparing: select user_id, user_name, user_password, user_type, user_type_code, user_verify_status, user_regist_time, user_avatar, user_phone, user_email, user_sex, user_city, user_signature, user_qq, user_wechat, user_weibo, user_money, user_vip_grade, user_grade, user_preference from user where user_name = ? 
2018-04-12 14:24:27,917 DEBUG (BaseJdbcLogger.java:159)- ==> Parameters: zach(String)
2018-04-12 14:24:27,925 DEBUG (BaseJdbcLogger.java:159)- <==      Total: 1
2018-04-12 14:24:27,927 INFO (UserServiceImpl.java:94)- 用户名已存在！
2018-04-12 14:24:27,933 ERROR (ControllerExceptionHandler.java:23)- error info:该昵称已被注册，换个试试吧！~
2018-04-12 14:26:02,985 DEBUG (BaseJdbcLogger.java:159)- ==>  Preparing: select user_id, user_name, user_password, user_type, user_type_code, user_verify_status, user_regist_time, user_avatar, user_phone, user_email, user_sex, user_city, user_signature, user_qq, user_wechat, user_weibo, user_money, user_vip_grade, user_grade, user_preference from user where user_name = ? 
2018-04-12 14:26:02,986 DEBUG (BaseJdbcLogger.java:159)- ==> Parameters: zach(String)
2018-04-12 14:26:02,989 DEBUG (BaseJdbcLogger.java:159)- <==      Total: 1
2018-04-12 14:26:02,990 INFO (UserServiceImpl.java:94)- 用户名已存在！
2018-04-12 14:26:02,993 ERROR (ControllerExceptionHandler.java:23)- error info:该昵称已被注册，换个试试吧！~
2018-04-12 14:26:31,767 DEBUG (BaseJdbcLogger.java:159)- ==>  Preparing: select user_id, user_name, user_password, user_type, user_type_code, user_verify_status, user_regist_time, user_avatar, user_phone, user_email, user_sex, user_city, user_signature, user_qq, user_wechat, user_weibo, user_money, user_vip_grade, user_grade, user_preference from user where user_name = ? 
2018-04-12 14:26:31,768 DEBUG (BaseJdbcLogger.java:159)- ==> Parameters: zach思维(String)
2018-04-12 14:26:31,769 DEBUG (BaseJdbcLogger.java:159)- <==      Total: 0
2018-04-12 14:26:31,795 DEBUG (BaseJdbcLogger.java:159)- ==>  Preparing: insert into user ( user_name, user_password, user_type, user_type_code, user_verify_status, user_regist_time, user_phone, user_email, user_sex, user_city, user_signature, user_money, user_vip_grade ) values ( ?, ?, ?, ?, ?, ?, ?, ?, ?, ?, ?, ?, ? ) 
2018-04-12 14:26:31,799 DEBUG (BaseJdbcLogger.java:159)- ==> Parameters: zach思维(String), 202cb962ac59075b964b07152d234b70(String), 外资公司(String), (String), NO_AUTHENTICATE(String), 2018-04-12 14:26:31.0(Timestamp), 123(String), 271343981@qq.com(String), 女(String), 南京(String), (String), 10(Integer), 1(String)
2018-04-12 14:26:31,895 DEBUG (BaseJdbcLogger.java:159)- <==    Updates: 1
2018-04-12 14:26:32,748 INFO (MailService.java:42)- 简单邮件已经发送。
2018-04-12 14:26:56,459 INFO (UserController.java:71)- User{userId=null, userName='zach思维', userPassword='123', userType='null', userTypeCode='null', userVerifyStatus='null', userRegistTime=null, userAvatar='null', userPhone='null', userEmail='null', userSex='null', userCity='null', userSignature='null', userQq=null, userWechat='null', userWeibo='null', userMoney=null, userVipGrade='null', userGrade=null, userPreference='null'}
2018-04-12 14:26:56,466 DEBUG (BaseJdbcLogger.java:159)- ==>  Preparing: select user_id, user_name, user_password, user_type, user_type_code, user_verify_status, user_regist_time, user_avatar, user_phone, user_email, user_sex, user_city, user_signature, user_qq, user_wechat, user_weibo, user_money, user_vip_grade, user_grade, user_preference from user where user_name = ? 
2018-04-12 14:26:56,468 DEBUG (BaseJdbcLogger.java:159)- ==> Parameters: zach思维(String)
2018-04-12 14:26:56,470 DEBUG (BaseJdbcLogger.java:159)- <==      Total: 1
2018-04-12 14:26:56,471 INFO (UserServiceImpl.java:94)- 用户名已存在！
2018-04-12 14:26:56,476 ERROR (ControllerExceptionHandler.java:23)- error info:该昵称已被注册，换个试试吧！~
2018-04-12 14:27:01,373 INFO (UserController.java:71)- User{userId=null, userName='zach思维', userPassword='123', userType='null', userTypeCode='null', userVerifyStatus='null', userRegistTime=null, userAvatar='null', userPhone='null', userEmail='null', userSex='null', userCity='null', userSignature='null', userQq=null, userWechat='null', userWeibo='null', userMoney=null, userVipGrade='null', userGrade=null, userPreference='null'}
2018-04-12 14:27:01,375 DEBUG (BaseJdbcLogger.java:159)- ==>  Preparing: select user_id, user_name, user_password, user_type, user_type_code, user_verify_status, user_regist_time, user_avatar, user_phone, user_email, user_sex, user_city, user_signature, user_qq, user_wechat, user_weibo, user_money, user_vip_grade, user_grade, user_preference from user where user_name = ? 
2018-04-12 14:27:01,376 DEBUG (BaseJdbcLogger.java:159)- ==> Parameters: zach思维(String)
2018-04-12 14:27:01,379 DEBUG (BaseJdbcLogger.java:159)- <==      Total: 1
2018-04-12 14:27:01,383 INFO (UserServiceImpl.java:94)- 用户名已存在！
2018-04-12 14:27:01,385 ERROR (ControllerExceptionHandler.java:23)- error info:该昵称已被注册，换个试试吧！~
2018-04-12 14:27:39,061 INFO (StartupInfoLogger.java:48)- Starting ZachwebApplication on nkgw10nh1856 with PID 3672 (F:\ZachAdWeb\zachweb\target\classes started by Zach.Zhang in F:\ZachAdWeb\zachweb)
2018-04-12 14:27:39,061 DEBUG (StartupInfoLogger.java:51)- Running with Spring Boot v1.5.10.RELEASE, Spring v4.3.14.RELEASE
2018-04-12 14:27:39,062 INFO (SpringApplication.java:593)- No active profile set, falling back to default profiles: default
2018-04-12 14:27:40,719 INFO (StartupInfoLogger.java:57)- Started ZachwebApplication in 1.721 seconds (JVM running for 235.065)
2018-04-12 14:27:47,463 INFO (StartupInfoLogger.java:48)- Starting ZachwebApplication on nkgw10nh1856 with PID 3672 (F:\ZachAdWeb\zachweb\target\classes started by Zach.Zhang in F:\ZachAdWeb\zachweb)
2018-04-12 14:27:47,463 DEBUG (StartupInfoLogger.java:51)- Running with Spring Boot v1.5.10.RELEASE, Spring v4.3.14.RELEASE
2018-04-12 14:27:47,464 INFO (SpringApplication.java:593)- No active profile set, falling back to default profiles: default
2018-04-12 14:27:48,717 INFO (StartupInfoLogger.java:57)- Started ZachwebApplication in 1.318 seconds (JVM running for 243.063)
2018-04-12 14:27:53,522 INFO (StartupInfoLogger.java:48)- Starting ZachwebApplication on nkgw10nh1856 with PID 9552 (F:\ZachAdWeb\zachweb\target\classes started by Zach.Zhang in F:\ZachAdWeb\zachweb)
2018-04-12 14:27:53,524 DEBUG (StartupInfoLogger.java:51)- Running with Spring Boot v1.5.10.RELEASE, Spring v4.3.14.RELEASE
2018-04-12 14:27:53,524 INFO (SpringApplication.java:593)- No active profile set, falling back to default profiles: default
2018-04-12 14:27:57,626 INFO (StartupInfoLogger.java:57)- Started ZachwebApplication in 4.547 seconds (JVM running for 5.332)
2018-04-12 14:28:09,761 INFO (UserController.java:71)- User{userId=null, userName='zach思维', userPassword='123', userType='null', userTypeCode='null', userVerifyStatus='null', userRegistTime=null, userAvatar='null', userPhone='null', userEmail='null', userSex='null', userCity='null', userSignature='null', userQq=null, userWechat='null', userWeibo='null', userMoney=null, userVipGrade='null', userGrade=null, userPreference='null'}
2018-04-12 14:28:10,138 DEBUG (BaseJdbcLogger.java:159)- ==>  Preparing: select user_id, user_name, user_password, user_type, user_type_code, user_verify_status, user_regist_time, user_avatar, user_phone, user_email, user_sex, user_city, user_signature, user_qq, user_wechat, user_weibo, user_money, user_vip_grade, user_grade, user_preference from user where user_name = ? 
2018-04-12 14:28:10,161 DEBUG (BaseJdbcLogger.java:159)- ==> Parameters: zach思维(String)
2018-04-12 14:28:10,172 DEBUG (BaseJdbcLogger.java:159)- <==      Total: 1
2018-04-12 14:28:10,174 DEBUG (BaseJdbcLogger.java:159)- ==>  Preparing: select user_id, user_name, user_password, user_type, user_type_code, user_verify_status, user_regist_time, user_avatar, user_phone, user_email, user_sex, user_city, user_signature, user_qq, user_wechat, user_weibo, user_money, user_vip_grade, user_grade, user_preference from user where user_name = ? AND user_password = ? 
2018-04-12 14:28:10,175 DEBUG (BaseJdbcLogger.java:159)- ==> Parameters: zach思维(String), 202cb962ac59075b964b07152d234b70(String)
2018-04-12 14:28:10,177 DEBUG (BaseJdbcLogger.java:159)- <==      Total: 1
2018-04-12 14:28:10,177 INFO (UserServiceImpl.java:76)- 验证成功！
2018-04-12 14:28:10,182 INFO (UserController.java:76)- User{userId=10, userName='zach思维', userPassword='202cb962ac59075b964b07152d234b70', userType='外资公司', userTypeCode='', userVerifyStatus='NO_AUTHENTICATE', userRegistTime=Thu Apr 12 14:26:31 CST 2018, userAvatar='null', userPhone='123', userEmail='271343981@qq.com', userSex='女', userCity='南京', userSignature='', userQq=null, userWechat='null', userWeibo='null', userMoney=10, userVipGrade='1', userGrade=null, userPreference='null'}
2018-04-12 14:28:10,773 INFO (UserController.java:93)- 进入findUser
2018-04-12 14:28:10,774 INFO (UserController.java:94)- request>>>http://localhost:3000
2018-04-12 14:28:10,775 INFO (UserController.java:100)- User{userId=10, userName='zach思维', userPassword='202cb962ac59075b964b07152d234b70', userType='外资公司', userTypeCode='', userVerifyStatus='NO_AUTHENTICATE', userRegistTime=Thu Apr 12 14:26:31 CST 2018, userAvatar='null', userPhone='123', userEmail='271343981@qq.com', userSex='女', userCity='南京', userSignature='', userQq=null, userWechat='null', userWeibo='null', userMoney=10, userVipGrade='1', userGrade=null, userPreference='null'}
2018-04-12 14:30:50,738 INFO (UserController.java:93)- 进入findUser
2018-04-12 14:30:50,739 INFO (UserController.java:94)- request>>>http://localhost:3000
2018-04-12 14:30:50,740 INFO (UserController.java:100)- User{userId=10, userName='zach思维', userPassword='202cb962ac59075b964b07152d234b70', userType='外资公司', userTypeCode='', userVerifyStatus='NO_AUTHENTICATE', userRegistTime=Thu Apr 12 14:26:31 CST 2018, userAvatar='null', userPhone='123', userEmail='271343981@qq.com', userSex='女', userCity='南京', userSignature='', userQq=null, userWechat='null', userWeibo='null', userMoney=10, userVipGrade='1', userGrade=null, userPreference='null'}
2018-04-12 14:32:01,406 INFO (UserController.java:93)- 进入findUser
2018-04-12 14:32:01,408 INFO (UserController.java:94)- request>>>http://localhost:3000
2018-04-12 14:32:01,409 INFO (UserController.java:100)- User{userId=10, userName='zach思维', userPassword='202cb962ac59075b964b07152d234b70', userType='外资公司', userTypeCode='', userVerifyStatus='NO_AUTHENTICATE', userRegistTime=Thu Apr 12 14:26:31 CST 2018, userAvatar='null', userPhone='123', userEmail='271343981@qq.com', userSex='女', userCity='南京', userSignature='', userQq=null, userWechat='null', userWeibo='null', userMoney=10, userVipGrade='1', userGrade=null, userPreference='null'}
2018-04-12 14:35:36,297 INFO (UserController.java:93)- 进入findUser
2018-04-12 14:35:36,299 INFO (UserController.java:94)- request>>>http://localhost:3000
2018-04-12 14:35:36,299 INFO (UserController.java:100)- User{userId=10, userName='zach思维', userPassword='202cb962ac59075b964b07152d234b70', userType='外资公司', userTypeCode='', userVerifyStatus='NO_AUTHENTICATE', userRegistTime=Thu Apr 12 14:26:31 CST 2018, userAvatar='null', userPhone='123', userEmail='271343981@qq.com', userSex='女', userCity='南京', userSignature='', userQq=null, userWechat='null', userWeibo='null', userMoney=10, userVipGrade='1', userGrade=null, userPreference='null'}
2018-04-12 14:35:38,849 INFO (UserController.java:93)- 进入findUser
2018-04-12 14:35:38,850 INFO (UserController.java:94)- request>>>http://localhost:3000
2018-04-12 14:35:38,850 INFO (UserController.java:100)- User{userId=10, userName='zach思维', userPassword='202cb962ac59075b964b07152d234b70', userType='外资公司', userTypeCode='', userVerifyStatus='NO_AUTHENTICATE', userRegistTime=Thu Apr 12 14:26:31 CST 2018, userAvatar='null', userPhone='123', userEmail='271343981@qq.com', userSex='女', userCity='南京', userSignature='', userQq=null, userWechat='null', userWeibo='null', userMoney=10, userVipGrade='1', userGrade=null, userPreference='null'}
2018-04-12 14:36:37,692 INFO (UserController.java:93)- 进入findUser
2018-04-12 14:36:37,693 INFO (UserController.java:94)- request>>>http://localhost:3000
2018-04-12 14:36:37,693 INFO (UserController.java:100)- User{userId=10, userName='zach思维', userPassword='202cb962ac59075b964b07152d234b70', userType='外资公司', userTypeCode='', userVerifyStatus='NO_AUTHENTICATE', userRegistTime=Thu Apr 12 14:26:31 CST 2018, userAvatar='null', userPhone='123', userEmail='271343981@qq.com', userSex='女', userCity='南京', userSignature='', userQq=null, userWechat='null', userWeibo='null', userMoney=10, userVipGrade='1', userGrade=null, userPreference='null'}
2018-04-12 14:42:05,944 INFO (StartupInfoLogger.java:48)- Starting ZachwebApplication on nkgw10nh1856 with PID 9576 (F:\ZachAdWeb\zachweb\target\classes started by Zach.Zhang in F:\ZachAdWeb\zachweb)
2018-04-12 14:42:05,945 DEBUG (StartupInfoLogger.java:51)- Running with Spring Boot v1.5.10.RELEASE, Spring v4.3.14.RELEASE
2018-04-12 14:42:05,946 INFO (SpringApplication.java:593)- No active profile set, falling back to default profiles: default
2018-04-12 14:42:10,170 INFO (StartupInfoLogger.java:57)- Started ZachwebApplication in 4.7 seconds (JVM running for 5.636)
2018-04-12 14:42:19,779 INFO (UserController.java:93)- 进入findUser
2018-04-12 14:42:19,779 INFO (UserController.java:94)- request>>>http://localhost:3000
2018-04-12 14:42:19,784 INFO (UserController.java:103)- 未找到User
2018-04-12 14:42:29,134 INFO (UserController.java:93)- 进入findUser
2018-04-12 14:42:29,135 INFO (UserController.java:94)- request>>>http://localhost:3000
2018-04-12 14:42:29,135 INFO (UserController.java:103)- 未找到User
2018-04-12 15:20:49,231 INFO (UserController.java:71)- User{userId=null, userName='轻微的所', userPassword='123', userType='null', userTypeCode='null', userVerifyStatus='null', userRegistTime=null, userAvatar='null', userPhone='null', userEmail='null', userSex='null', userCity='null', userSignature='null', userQq=null, userWechat='null', userWeibo='null', userMoney=null, userVipGrade='null', userGrade=null, userPreference='null'}
2018-04-12 15:20:49,742 DEBUG (BaseJdbcLogger.java:159)- ==>  Preparing: select user_id, user_name, user_password, user_type, user_type_code, user_verify_status, user_regist_time, user_avatar, user_phone, user_email, user_sex, user_city, user_signature, user_qq, user_wechat, user_weibo, user_money, user_vip_grade, user_grade, user_preference from user where user_name = ? 
2018-04-12 15:20:49,763 DEBUG (BaseJdbcLogger.java:159)- ==> Parameters: 轻微的所(String)
2018-04-12 15:20:49,773 DEBUG (BaseJdbcLogger.java:159)- <==      Total: 1
2018-04-12 15:20:49,775 DEBUG (BaseJdbcLogger.java:159)- ==>  Preparing: select user_id, user_name, user_password, user_type, user_type_code, user_verify_status, user_regist_time, user_avatar, user_phone, user_email, user_sex, user_city, user_signature, user_qq, user_wechat, user_weibo, user_money, user_vip_grade, user_grade, user_preference from user where user_name = ? AND user_password = ? 
2018-04-12 15:20:49,776 DEBUG (BaseJdbcLogger.java:159)- ==> Parameters: 轻微的所(String), 202cb962ac59075b964b07152d234b70(String)
2018-04-12 15:20:49,779 DEBUG (BaseJdbcLogger.java:159)- <==      Total: 1
2018-04-12 15:20:49,780 INFO (UserServiceImpl.java:76)- 验证成功！
2018-04-12 15:20:49,781 INFO (UserController.java:76)- User{userId=5, userName='轻微的所', userPassword='202cb962ac59075b964b07152d234b70', userType='普通用户', userTypeCode='null', userVerifyStatus='null', userRegistTime=Sun Apr 08 15:23:29 CST 2018, userAvatar='null', userPhone='123', userEmail='zc123@qq.com', userSex='男', userCity='南京', userSignature='卢本伟牛逼', userQq=271343981, userWechat='null', userWeibo='null', userMoney=8937, userVipGrade='1', userGrade=null, userPreference='null'}
2018-04-12 15:20:50,185 INFO (UserController.java:93)- 进入findUser
2018-04-12 15:20:50,185 INFO (UserController.java:94)- request>>>http://localhost:3000
2018-04-12 15:20:50,186 INFO (UserController.java:100)- User{userId=5, userName='轻微的所', userPassword='202cb962ac59075b964b07152d234b70', userType='普通用户', userTypeCode='null', userVerifyStatus='null', userRegistTime=Sun Apr 08 15:23:29 CST 2018, userAvatar='null', userPhone='123', userEmail='zc123@qq.com', userSex='男', userCity='南京', userSignature='卢本伟牛逼', userQq=271343981, userWechat='null', userWeibo='null', userMoney=8937, userVipGrade='1', userGrade=null, userPreference='null'}
2018-04-12 15:21:14,892 INFO (UserController.java:93)- 进入findUser
2018-04-12 15:21:14,893 INFO (UserController.java:94)- request>>>http://localhost:3000
2018-04-12 15:21:14,893 INFO (UserController.java:100)- User{userId=5, userName='轻微的所', userPassword='202cb962ac59075b964b07152d234b70', userType='普通用户', userTypeCode='null', userVerifyStatus='null', userRegistTime=Sun Apr 08 15:23:29 CST 2018, userAvatar='null', userPhone='123', userEmail='zc123@qq.com', userSex='男', userCity='南京', userSignature='卢本伟牛逼', userQq=271343981, userWechat='null', userWeibo='null', userMoney=8937, userVipGrade='1', userGrade=null, userPreference='null'}
2018-04-12 15:21:16,315 INFO (UserController.java:93)- 进入findUser
2018-04-12 15:21:16,316 INFO (UserController.java:94)- request>>>http://localhost:3000
2018-04-12 15:21:16,316 INFO (UserController.java:100)- User{userId=5, userName='轻微的所', userPassword='202cb962ac59075b964b07152d234b70', userType='普通用户', userTypeCode='null', userVerifyStatus='null', userRegistTime=Sun Apr 08 15:23:29 CST 2018, userAvatar='null', userPhone='123', userEmail='zc123@qq.com', userSex='男', userCity='南京', userSignature='卢本伟牛逼', userQq=271343981, userWechat='null', userWeibo='null', userMoney=8937, userVipGrade='1', userGrade=null, userPreference='null'}
2018-04-12 15:22:11,456 INFO (UserController.java:71)- User{userId=null, userName='轻微的所', userPassword='123', userType='null', userTypeCode='null', userVerifyStatus='null', userRegistTime=null, userAvatar='null', userPhone='null', userEmail='null', userSex='null', userCity='null', userSignature='null', userQq=null, userWechat='null', userWeibo='null', userMoney=null, userVipGrade='null', userGrade=null, userPreference='null'}
2018-04-12 15:22:11,458 DEBUG (BaseJdbcLogger.java:159)- ==>  Preparing: select user_id, user_name, user_password, user_type, user_type_code, user_verify_status, user_regist_time, user_avatar, user_phone, user_email, user_sex, user_city, user_signature, user_qq, user_wechat, user_weibo, user_money, user_vip_grade, user_grade, user_preference from user where user_name = ? 
2018-04-12 15:22:11,459 DEBUG (BaseJdbcLogger.java:159)- ==> Parameters: 轻微的所(String)
2018-04-12 15:22:11,461 DEBUG (BaseJdbcLogger.java:159)- <==      Total: 1
2018-04-12 15:22:11,464 DEBUG (BaseJdbcLogger.java:159)- ==>  Preparing: select user_id, user_name, user_password, user_type, user_type_code, user_verify_status, user_regist_time, user_avatar, user_phone, user_email, user_sex, user_city, user_signature, user_qq, user_wechat, user_weibo, user_money, user_vip_grade, user_grade, user_preference from user where user_name = ? AND user_password = ? 
2018-04-12 15:22:11,465 DEBUG (BaseJdbcLogger.java:159)- ==> Parameters: 轻微的所(String), 202cb962ac59075b964b07152d234b70(String)
2018-04-12 15:22:11,468 DEBUG (BaseJdbcLogger.java:159)- <==      Total: 1
2018-04-12 15:22:11,469 INFO (UserServiceImpl.java:76)- 验证成功！
2018-04-12 15:22:11,470 INFO (UserController.java:76)- User{userId=5, userName='轻微的所', userPassword='202cb962ac59075b964b07152d234b70', userType='普通用户', userTypeCode='null', userVerifyStatus='null', userRegistTime=Sun Apr 08 15:23:29 CST 2018, userAvatar='null', userPhone='123', userEmail='zc123@qq.com', userSex='男', userCity='南京', userSignature='卢本伟牛逼', userQq=271343981, userWechat='null', userWeibo='null', userMoney=8937, userVipGrade='1', userGrade=null, userPreference='null'}
2018-04-12 15:22:11,853 INFO (UserController.java:93)- 进入findUser
2018-04-12 15:22:11,854 INFO (UserController.java:94)- request>>>http://localhost:3000
2018-04-12 15:22:11,854 INFO (UserController.java:100)- User{userId=5, userName='轻微的所', userPassword='202cb962ac59075b964b07152d234b70', userType='普通用户', userTypeCode='null', userVerifyStatus='null', userRegistTime=Sun Apr 08 15:23:29 CST 2018, userAvatar='null', userPhone='123', userEmail='zc123@qq.com', userSex='男', userCity='南京', userSignature='卢本伟牛逼', userQq=271343981, userWechat='null', userWeibo='null', userMoney=8937, userVipGrade='1', userGrade=null, userPreference='null'}
2018-04-12 15:40:20,244 DEBUG (BaseJdbcLogger.java:159)- ==>  Preparing: select user_id, user_name, user_password, user_type, user_type_code, user_verify_status, user_regist_time, user_avatar, user_phone, user_email, user_sex, user_city, user_signature, user_qq, user_wechat, user_weibo, user_money, user_vip_grade, user_grade, user_preference from user where user_name = ? 
2018-04-12 15:40:20,248 DEBUG (BaseJdbcLogger.java:159)- ==> Parameters: 请问请问123(String)
2018-04-12 15:40:20,252 DEBUG (BaseJdbcLogger.java:159)- <==      Total: 0
2018-04-12 15:40:20,302 DEBUG (BaseJdbcLogger.java:159)- ==>  Preparing: insert into user ( user_name, user_password, user_type, user_type_code, user_verify_status, user_regist_time, user_phone, user_email, user_sex, user_city, user_signature, user_money, user_vip_grade ) values ( ?, ?, ?, ?, ?, ?, ?, ?, ?, ?, ?, ?, ? ) 
2018-04-12 15:40:20,307 DEBUG (BaseJdbcLogger.java:159)- ==> Parameters: 请问请问123(String), 202cb962ac59075b964b07152d234b70(String), 外资公司(String), (String), NO_AUTHENTICATE(String), 2018-04-12 15:40:20.0(Timestamp), 123(String), 10001@qq.com(String), 女(String), 南京(String), (String), 10(Integer), 1(String)
2018-04-12 15:40:20,393 DEBUG (BaseJdbcLogger.java:159)- <==    Updates: 1
2018-04-12 15:40:21,329 INFO (MailService.java:42)- 简单邮件已经发送。
2018-04-12 15:40:29,135 INFO (UserController.java:71)- User{userId=null, userName='请问请问123', userPassword='123', userType='null', userTypeCode='null', userVerifyStatus='null', userRegistTime=null, userAvatar='null', userPhone='null', userEmail='null', userSex='null', userCity='null', userSignature='null', userQq=null, userWechat='null', userWeibo='null', userMoney=null, userVipGrade='null', userGrade=null, userPreference='null'}
2018-04-12 15:40:29,137 DEBUG (BaseJdbcLogger.java:159)- ==>  Preparing: select user_id, user_name, user_password, user_type, user_type_code, user_verify_status, user_regist_time, user_avatar, user_phone, user_email, user_sex, user_city, user_signature, user_qq, user_wechat, user_weibo, user_money, user_vip_grade, user_grade, user_preference from user where user_name = ? 
2018-04-12 15:40:29,138 DEBUG (BaseJdbcLogger.java:159)- ==> Parameters: 请问请问123(String)
2018-04-12 15:40:29,140 DEBUG (BaseJdbcLogger.java:159)- <==      Total: 1
2018-04-12 15:40:29,143 DEBUG (BaseJdbcLogger.java:159)- ==>  Preparing: select user_id, user_name, user_password, user_type, user_type_code, user_verify_status, user_regist_time, user_avatar, user_phone, user_email, user_sex, user_city, user_signature, user_qq, user_wechat, user_weibo, user_money, user_vip_grade, user_grade, user_preference from user where user_name = ? AND user_password = ? 
2018-04-12 15:40:29,145 DEBUG (BaseJdbcLogger.java:159)- ==> Parameters: 请问请问123(String), 202cb962ac59075b964b07152d234b70(String)
2018-04-12 15:40:29,149 DEBUG (BaseJdbcLogger.java:159)- <==      Total: 1
2018-04-12 15:40:29,151 INFO (UserServiceImpl.java:76)- 验证成功！
2018-04-12 15:40:29,152 INFO (UserController.java:76)- User{userId=11, userName='请问请问123', userPassword='202cb962ac59075b964b07152d234b70', userType='外资公司', userTypeCode='', userVerifyStatus='NO_AUTHENTICATE', userRegistTime=Thu Apr 12 15:40:20 CST 2018, userAvatar='null', userPhone='123', userEmail='10001@qq.com', userSex='女', userCity='南京', userSignature='', userQq=null, userWechat='null', userWeibo='null', userMoney=10, userVipGrade='1', userGrade=null, userPreference='null'}
2018-04-12 15:40:29,621 INFO (UserController.java:93)- 进入findUser
2018-04-12 15:40:29,622 INFO (UserController.java:94)- request>>>http://localhost:3000
2018-04-12 15:40:29,623 INFO (UserController.java:100)- User{userId=11, userName='请问请问123', userPassword='202cb962ac59075b964b07152d234b70', userType='外资公司', userTypeCode='', userVerifyStatus='NO_AUTHENTICATE', userRegistTime=Thu Apr 12 15:40:20 CST 2018, userAvatar='null', userPhone='123', userEmail='10001@qq.com', userSex='女', userCity='南京', userSignature='', userQq=null, userWechat='null', userWeibo='null', userMoney=10, userVipGrade='1', userGrade=null, userPreference='null'}
2018-04-12 15:41:55,188 INFO (StartupInfoLogger.java:48)- Starting ZachwebApplication on nkgw10nh1856 with PID 9576 (F:\ZachAdWeb\zachweb\target\classes started by Zach.Zhang in F:\ZachAdWeb\zachweb)
2018-04-12 15:41:55,188 DEBUG (StartupInfoLogger.java:51)- Running with Spring Boot v1.5.10.RELEASE, Spring v4.3.14.RELEASE
2018-04-12 15:41:55,188 INFO (SpringApplication.java:593)- No active profile set, falling back to default profiles: default
2018-04-12 15:41:56,968 INFO (StartupInfoLogger.java:57)- Started ZachwebApplication in 1.877 seconds (JVM running for 3592.434)
2018-04-12 15:42:00,306 INFO (StartupInfoLogger.java:48)- Starting ZachwebApplication on nkgw10nh1856 with PID 9576 (F:\ZachAdWeb\zachweb\target\classes started by Zach.Zhang in F:\ZachAdWeb\zachweb)
2018-04-12 15:42:00,307 DEBUG (StartupInfoLogger.java:51)- Running with Spring Boot v1.5.10.RELEASE, Spring v4.3.14.RELEASE
2018-04-12 15:42:00,308 INFO (SpringApplication.java:593)- No active profile set, falling back to default profiles: default
2018-04-12 15:42:05,683 INFO (StartupInfoLogger.java:48)- Starting ZachwebApplication on nkgw10nh1856 with PID 9576 (F:\ZachAdWeb\zachweb\target\classes started by Zach.Zhang in F:\ZachAdWeb\zachweb)
2018-04-12 15:42:05,683 DEBUG (StartupInfoLogger.java:51)- Running with Spring Boot v1.5.10.RELEASE, Spring v4.3.14.RELEASE
2018-04-12 15:42:05,683 INFO (SpringApplication.java:593)- No active profile set, falling back to default profiles: default
2018-04-12 15:42:07,283 INFO (StartupInfoLogger.java:57)- Started ZachwebApplication in 1.753 seconds (JVM running for 3602.749)
2018-04-12 15:42:12,158 INFO (StartupInfoLogger.java:48)- Starting ZachwebApplication on nkgw10nh1856 with PID 9576 (F:\ZachAdWeb\zachweb\target\classes started by Zach.Zhang in F:\ZachAdWeb\zachweb)
2018-04-12 15:42:12,158 DEBUG (StartupInfoLogger.java:51)- Running with Spring Boot v1.5.10.RELEASE, Spring v4.3.14.RELEASE
2018-04-12 15:42:12,158 INFO (SpringApplication.java:593)- No active profile set, falling back to default profiles: default
2018-04-12 15:42:13,509 INFO (StartupInfoLogger.java:57)- Started ZachwebApplication in 1.423 seconds (JVM running for 3608.976)
2018-04-12 15:42:17,659 INFO (StartupInfoLogger.java:48)- Starting ZachwebApplication on nkgw10nh1856 with PID 9576 (F:\ZachAdWeb\zachweb\target\classes started by Zach.Zhang in F:\ZachAdWeb\zachweb)
2018-04-12 15:42:17,659 DEBUG (StartupInfoLogger.java:51)- Running with Spring Boot v1.5.10.RELEASE, Spring v4.3.14.RELEASE
2018-04-12 15:42:17,659 INFO (SpringApplication.java:593)- No active profile set, falling back to default profiles: default
2018-04-12 15:42:18,900 INFO (StartupInfoLogger.java:57)- Started ZachwebApplication in 1.297 seconds (JVM running for 3614.366)
2018-04-12 15:42:21,720 INFO (StartupInfoLogger.java:48)- Starting ZachwebApplication on nkgw10nh1856 with PID 9576 (F:\ZachAdWeb\zachweb\target\classes started by Zach.Zhang in F:\ZachAdWeb\zachweb)
2018-04-12 15:42:21,723 DEBUG (StartupInfoLogger.java:51)- Running with Spring Boot v1.5.10.RELEASE, Spring v4.3.14.RELEASE
2018-04-12 15:42:21,723 INFO (SpringApplication.java:593)- No active profile set, falling back to default profiles: default
2018-04-12 15:42:23,265 INFO (StartupInfoLogger.java:57)- Started ZachwebApplication in 1.622 seconds (JVM running for 3618.731)
2018-04-12 15:42:30,403 INFO (StartupInfoLogger.java:48)- Starting ZachwebApplication on nkgw10nh1856 with PID 9576 (F:\ZachAdWeb\zachweb\target\classes started by Zach.Zhang in F:\ZachAdWeb\zachweb)
2018-04-12 15:42:30,403 DEBUG (StartupInfoLogger.java:51)- Running with Spring Boot v1.5.10.RELEASE, Spring v4.3.14.RELEASE
2018-04-12 15:42:30,403 INFO (SpringApplication.java:593)- No active profile set, falling back to default profiles: default
2018-04-12 15:42:31,875 INFO (StartupInfoLogger.java:57)- Started ZachwebApplication in 1.528 seconds (JVM running for 3627.34)
2018-04-12 15:42:47,626 INFO (StartupInfoLogger.java:48)- Starting ZachwebApplication on nkgw10nh1856 with PID 9576 (F:\ZachAdWeb\zachweb\target\classes started by Zach.Zhang in F:\ZachAdWeb\zachweb)
2018-04-12 15:42:47,626 DEBUG (StartupInfoLogger.java:51)- Running with Spring Boot v1.5.10.RELEASE, Spring v4.3.14.RELEASE
2018-04-12 15:42:47,626 INFO (SpringApplication.java:593)- No active profile set, falling back to default profiles: default
2018-04-12 15:42:48,805 INFO (StartupInfoLogger.java:57)- Started ZachwebApplication in 1.239 seconds (JVM running for 3644.271)
2018-04-12 15:42:58,736 INFO (StartupInfoLogger.java:48)- Starting ZachwebApplication on nkgw10nh1856 with PID 9576 (F:\ZachAdWeb\zachweb\target\classes started by Zach.Zhang in F:\ZachAdWeb\zachweb)
2018-04-12 15:42:58,737 DEBUG (StartupInfoLogger.java:51)- Running with Spring Boot v1.5.10.RELEASE, Spring v4.3.14.RELEASE
2018-04-12 15:42:58,737 INFO (SpringApplication.java:593)- No active profile set, falling back to default profiles: default
2018-04-12 15:43:00,110 INFO (StartupInfoLogger.java:57)- Started ZachwebApplication in 1.462 seconds (JVM running for 3655.576)
2018-04-12 15:43:02,870 INFO (StartupInfoLogger.java:48)- Starting ZachwebApplication on nkgw10nh1856 with PID 9576 (F:\ZachAdWeb\zachweb\target\classes started by Zach.Zhang in F:\ZachAdWeb\zachweb)
2018-04-12 15:43:02,871 DEBUG (StartupInfoLogger.java:51)- Running with Spring Boot v1.5.10.RELEASE, Spring v4.3.14.RELEASE
2018-04-12 15:43:02,871 INFO (SpringApplication.java:593)- No active profile set, falling back to default profiles: default
2018-04-12 15:43:03,964 INFO (StartupInfoLogger.java:57)- Started ZachwebApplication in 1.158 seconds (JVM running for 3659.43)
2018-04-12 15:43:13,355 INFO (StartupInfoLogger.java:48)- Starting ZachwebApplication on nkgw10nh1856 with PID 7496 (F:\ZachAdWeb\zachweb\target\classes started by Zach.Zhang in F:\ZachAdWeb\zachweb)
2018-04-12 15:43:13,356 DEBUG (StartupInfoLogger.java:51)- Running with Spring Boot v1.5.10.RELEASE, Spring v4.3.14.RELEASE
2018-04-12 15:43:13,356 INFO (SpringApplication.java:593)- No active profile set, falling back to default profiles: default
2018-04-12 15:43:17,695 INFO (StartupInfoLogger.java:57)- Started ZachwebApplication in 4.747 seconds (JVM running for 5.683)
2018-04-12 15:44:23,504 DEBUG (BaseJdbcLogger.java:159)- ==>  Preparing: select user_id, user_name, user_password, user_type, user_type_code, user_verify_status, user_regist_time, user_avatar, user_phone, user_email, user_sex, user_city, user_signature, user_qq, user_wechat, user_weibo, user_money, user_vip_grade, user_grade, user_preference from user where user_name = ? 
2018-04-12 15:44:23,528 DEBUG (BaseJdbcLogger.java:159)- ==> Parameters: dfdf(String)
2018-04-12 15:44:23,538 DEBUG (BaseJdbcLogger.java:159)- <==      Total: 0
2018-04-12 15:44:23,542 INFO (UserServiceImpl.java:51)- user.getUserTypeCode
2018-04-12 15:44:23,559 DEBUG (BaseJdbcLogger.java:159)- ==>  Preparing: insert into user ( user_name, user_password, user_type, user_type_code, user_verify_status, user_regist_time, user_phone, user_email, user_sex, user_city, user_signature, user_money, user_vip_grade ) values ( ?, ?, ?, ?, ?, ?, ?, ?, ?, ?, ?, ?, ? ) 
2018-04-12 15:44:23,562 DEBUG (BaseJdbcLogger.java:159)- ==> Parameters: dfdf(String), 202cb962ac59075b964b07152d234b70(String), 外资公司(String), (String), NO_AUTHENTICATE(String), 2018-04-12 15:44:23.0(Timestamp), 123(String), dfdf@123.com(String), 男(String), 南京(String), (String), 10(Integer), 1(String)
2018-04-12 15:44:23,649 DEBUG (BaseJdbcLogger.java:159)- <==    Updates: 1
2018-04-12 15:44:24,560 INFO (MailService.java:42)- 简单邮件已经发送。
2018-04-12 15:44:28,510 INFO (UserController.java:71)- User{userId=null, userName='dfdf', userPassword='123', userType='null', userTypeCode='null', userVerifyStatus='null', userRegistTime=null, userAvatar='null', userPhone='null', userEmail='null', userSex='null', userCity='null', userSignature='null', userQq=null, userWechat='null', userWeibo='null', userMoney=null, userVipGrade='null', userGrade=null, userPreference='null'}
2018-04-12 15:44:28,512 DEBUG (BaseJdbcLogger.java:159)- ==>  Preparing: select user_id, user_name, user_password, user_type, user_type_code, user_verify_status, user_regist_time, user_avatar, user_phone, user_email, user_sex, user_city, user_signature, user_qq, user_wechat, user_weibo, user_money, user_vip_grade, user_grade, user_preference from user where user_name = ? 
2018-04-12 15:44:28,513 DEBUG (BaseJdbcLogger.java:159)- ==> Parameters: dfdf(String)
2018-04-12 15:44:28,516 DEBUG (BaseJdbcLogger.java:159)- <==      Total: 1
2018-04-12 15:44:28,518 DEBUG (BaseJdbcLogger.java:159)- ==>  Preparing: select user_id, user_name, user_password, user_type, user_type_code, user_verify_status, user_regist_time, user_avatar, user_phone, user_email, user_sex, user_city, user_signature, user_qq, user_wechat, user_weibo, user_money, user_vip_grade, user_grade, user_preference from user where user_name = ? AND user_password = ? 
2018-04-12 15:44:28,519 DEBUG (BaseJdbcLogger.java:159)- ==> Parameters: dfdf(String), 202cb962ac59075b964b07152d234b70(String)
2018-04-12 15:44:28,522 DEBUG (BaseJdbcLogger.java:159)- <==      Total: 1
2018-04-12 15:44:28,523 INFO (UserServiceImpl.java:77)- 验证成功！
2018-04-12 15:44:28,524 INFO (UserController.java:76)- User{userId=12, userName='dfdf', userPassword='202cb962ac59075b964b07152d234b70', userType='外资公司', userTypeCode='', userVerifyStatus='NO_AUTHENTICATE', userRegistTime=Thu Apr 12 15:44:23 CST 2018, userAvatar='null', userPhone='123', userEmail='dfdf@123.com', userSex='男', userCity='南京', userSignature='', userQq=null, userWechat='null', userWeibo='null', userMoney=10, userVipGrade='1', userGrade=null, userPreference='null'}
2018-04-12 15:44:28,918 INFO (UserController.java:93)- 进入findUser
2018-04-12 15:44:28,918 INFO (UserController.java:94)- request>>>http://localhost:3000
2018-04-12 15:44:28,918 INFO (UserController.java:100)- User{userId=12, userName='dfdf', userPassword='202cb962ac59075b964b07152d234b70', userType='外资公司', userTypeCode='', userVerifyStatus='NO_AUTHENTICATE', userRegistTime=Thu Apr 12 15:44:23 CST 2018, userAvatar='null', userPhone='123', userEmail='dfdf@123.com', userSex='男', userCity='南京', userSignature='', userQq=null, userWechat='null', userWeibo='null', userMoney=10, userVipGrade='1', userGrade=null, userPreference='null'}
2018-04-12 15:45:13,842 INFO (StartupInfoLogger.java:48)- Starting ZachwebApplication on nkgw10nh1856 with PID 7496 (F:\ZachAdWeb\zachweb\target\classes started by Zach.Zhang in F:\ZachAdWeb\zachweb)
2018-04-12 15:45:13,842 DEBUG (StartupInfoLogger.java:51)- Running with Spring Boot v1.5.10.RELEASE, Spring v4.3.14.RELEASE
2018-04-12 15:45:13,842 INFO (SpringApplication.java:593)- No active profile set, falling back to default profiles: default
2018-04-12 15:45:25,404 INFO (StartupInfoLogger.java:48)- Starting ZachwebApplication on nkgw10nh1856 with PID 7496 (F:\ZachAdWeb\zachweb\target\classes started by Zach.Zhang in F:\ZachAdWeb\zachweb)
2018-04-12 15:45:25,404 DEBUG (StartupInfoLogger.java:51)- Running with Spring Boot v1.5.10.RELEASE, Spring v4.3.14.RELEASE
2018-04-12 15:45:25,404 INFO (SpringApplication.java:593)- No active profile set, falling back to default profiles: default
2018-04-12 15:45:26,796 INFO (StartupInfoLogger.java:57)- Started ZachwebApplication in 1.452 seconds (JVM running for 134.784)
2018-04-12 15:45:36,595 INFO (StartupInfoLogger.java:48)- Starting ZachwebApplication on nkgw10nh1856 with PID 7496 (F:\ZachAdWeb\zachweb\target\classes started by Zach.Zhang in F:\ZachAdWeb\zachweb)
2018-04-12 15:45:36,596 DEBUG (StartupInfoLogger.java:51)- Running with Spring Boot v1.5.10.RELEASE, Spring v4.3.14.RELEASE
2018-04-12 15:45:36,596 INFO (SpringApplication.java:593)- No active profile set, falling back to default profiles: default
2018-04-12 15:46:18,159 INFO (StartupInfoLogger.java:48)- Starting ZachwebApplication on nkgw10nh1856 with PID 7496 (F:\ZachAdWeb\zachweb\target\classes started by Zach.Zhang in F:\ZachAdWeb\zachweb)
2018-04-12 15:46:18,160 DEBUG (StartupInfoLogger.java:51)- Running with Spring Boot v1.5.10.RELEASE, Spring v4.3.14.RELEASE
2018-04-12 15:46:18,160 INFO (SpringApplication.java:593)- No active profile set, falling back to default profiles: default
2018-04-12 15:46:19,613 INFO (StartupInfoLogger.java:57)- Started ZachwebApplication in 1.514 seconds (JVM running for 187.601)
2018-04-12 15:46:23,877 INFO (StartupInfoLogger.java:48)- Starting ZachwebApplication on nkgw10nh1856 with PID 5872 (F:\ZachAdWeb\zachweb\target\classes started by Zach.Zhang in F:\ZachAdWeb\zachweb)
2018-04-12 15:46:23,878 DEBUG (StartupInfoLogger.java:51)- Running with Spring Boot v1.5.10.RELEASE, Spring v4.3.14.RELEASE
2018-04-12 15:46:23,879 INFO (SpringApplication.java:593)- No active profile set, falling back to default profiles: default
2018-04-12 15:46:28,635 INFO (StartupInfoLogger.java:57)- Started ZachwebApplication in 5.305 seconds (JVM running for 6.199)
2018-04-12 15:47:04,620 DEBUG (BaseJdbcLogger.java:159)- ==>  Preparing: select user_id, user_name, user_password, user_type, user_type_code, user_verify_status, user_regist_time, user_avatar, user_phone, user_email, user_sex, user_city, user_signature, user_qq, user_wechat, user_weibo, user_money, user_vip_grade, user_grade, user_preference from user where user_name = ? 
2018-04-12 15:47:04,638 DEBUG (BaseJdbcLogger.java:159)- ==> Parameters: erer(String)
2018-04-12 15:47:04,650 DEBUG (BaseJdbcLogger.java:159)- <==      Total: 0
2018-04-12 15:47:04,654 INFO (UserServiceImpl.java:51)- user.getUserTypeCodenull
2018-04-12 15:47:04,672 DEBUG (BaseJdbcLogger.java:159)- ==>  Preparing: insert into user ( user_name, user_password, user_type, user_verify_status, user_regist_time, user_phone, user_email, user_sex, user_city, user_signature, user_money, user_vip_grade ) values ( ?, ?, ?, ?, ?, ?, ?, ?, ?, ?, ?, ? ) 
2018-04-12 15:47:04,675 DEBUG (BaseJdbcLogger.java:159)- ==> Parameters: erer(String), 202cb962ac59075b964b07152d234b70(String), 外资公司(String), NO_AUTHENTICATE(String), 2018-04-12 15:47:04.0(Timestamp), 123(String), erer@qq.com(String), 男(String), 南京(String), (String), 10(Integer), 1(String)
2018-04-12 15:47:04,765 DEBUG (BaseJdbcLogger.java:159)- <==    Updates: 1
2018-04-12 15:47:05,542 INFO (MailService.java:42)- 简单邮件已经发送。
2018-04-12 15:47:54,013 INFO (StartupInfoLogger.java:48)- Starting ZachwebApplication on nkgw10nh1856 with PID 5872 (F:\ZachAdWeb\zachweb\target\classes started by Zach.Zhang in F:\ZachAdWeb\zachweb)
2018-04-12 15:47:54,013 DEBUG (StartupInfoLogger.java:51)- Running with Spring Boot v1.5.10.RELEASE, Spring v4.3.14.RELEASE
2018-04-12 15:47:54,013 INFO (SpringApplication.java:593)- No active profile set, falling back to default profiles: default
2018-04-12 15:47:55,529 INFO (StartupInfoLogger.java:57)- Started ZachwebApplication in 1.581 seconds (JVM running for 93.093)
2018-04-12 15:48:11,682 INFO (StartupInfoLogger.java:48)- Starting ZachwebApplication on nkgw10nh1856 with PID 5872 (F:\ZachAdWeb\zachweb\target\classes started by Zach.Zhang in F:\ZachAdWeb\zachweb)
2018-04-12 15:48:11,682 DEBUG (StartupInfoLogger.java:51)- Running with Spring Boot v1.5.10.RELEASE, Spring v4.3.14.RELEASE
2018-04-12 15:48:11,682 INFO (SpringApplication.java:593)- No active profile set, falling back to default profiles: default
2018-04-12 15:48:13,269 INFO (StartupInfoLogger.java:57)- Started ZachwebApplication in 1.633 seconds (JVM running for 110.834)
2018-04-12 15:48:17,111 INFO (StartupInfoLogger.java:48)- Starting ZachwebApplication on nkgw10nh1856 with PID 5872 (F:\ZachAdWeb\zachweb\target\classes started by Zach.Zhang in F:\ZachAdWeb\zachweb)
2018-04-12 15:48:17,111 DEBUG (StartupInfoLogger.java:51)- Running with Spring Boot v1.5.10.RELEASE, Spring v4.3.14.RELEASE
2018-04-12 15:48:17,111 INFO (SpringApplication.java:593)- No active profile set, falling back to default profiles: default
2018-04-12 15:48:18,417 INFO (StartupInfoLogger.java:57)- Started ZachwebApplication in 1.35 seconds (JVM running for 115.981)
2018-04-12 15:49:10,592 INFO (StartupInfoLogger.java:48)- Starting ZachwebApplication on nkgw10nh1856 with PID 5872 (F:\ZachAdWeb\zachweb\target\classes started by Zach.Zhang in F:\ZachAdWeb\zachweb)
2018-04-12 15:49:10,592 DEBUG (StartupInfoLogger.java:51)- Running with Spring Boot v1.5.10.RELEASE, Spring v4.3.14.RELEASE
2018-04-12 15:49:10,592 INFO (SpringApplication.java:593)- No active profile set, falling back to default profiles: default
2018-04-12 15:49:11,940 INFO (StartupInfoLogger.java:57)- Started ZachwebApplication in 1.399 seconds (JVM running for 169.505)
2018-04-12 15:49:14,684 INFO (StartupInfoLogger.java:48)- Starting ZachwebApplication on nkgw10nh1856 with PID 5872 (F:\ZachAdWeb\zachweb\target\classes started by Zach.Zhang in F:\ZachAdWeb\zachweb)
2018-04-12 15:49:14,684 DEBUG (StartupInfoLogger.java:51)- Running with Spring Boot v1.5.10.RELEASE, Spring v4.3.14.RELEASE
2018-04-12 15:49:14,685 INFO (SpringApplication.java:593)- No active profile set, falling back to default profiles: default
2018-04-12 15:49:15,849 INFO (StartupInfoLogger.java:57)- Started ZachwebApplication in 1.219 seconds (JVM running for 173.413)
2018-04-12 15:49:18,606 INFO (StartupInfoLogger.java:48)- Starting ZachwebApplication on nkgw10nh1856 with PID 5872 (F:\ZachAdWeb\zachweb\target\classes started by Zach.Zhang in F:\ZachAdWeb\zachweb)
2018-04-12 15:49:18,607 DEBUG (StartupInfoLogger.java:51)- Running with Spring Boot v1.5.10.RELEASE, Spring v4.3.14.RELEASE
2018-04-12 15:49:18,607 INFO (SpringApplication.java:593)- No active profile set, falling back to default profiles: default
2018-04-12 15:49:19,679 INFO (StartupInfoLogger.java:57)- Started ZachwebApplication in 1.122 seconds (JVM running for 177.243)
2018-04-12 15:49:22,359 INFO (StartupInfoLogger.java:48)- Starting ZachwebApplication on nkgw10nh1856 with PID 5872 (F:\ZachAdWeb\zachweb\target\classes started by Zach.Zhang in F:\ZachAdWeb\zachweb)
2018-04-12 15:49:22,359 DEBUG (StartupInfoLogger.java:51)- Running with Spring Boot v1.5.10.RELEASE, Spring v4.3.14.RELEASE
2018-04-12 15:49:22,359 INFO (SpringApplication.java:593)- No active profile set, falling back to default profiles: default
2018-04-12 15:49:23,499 INFO (StartupInfoLogger.java:57)- Started ZachwebApplication in 1.199 seconds (JVM running for 181.064)
2018-04-12 15:49:46,949 DEBUG (BaseJdbcLogger.java:159)- ==>  Preparing: select user_id, user_name, user_password, user_type, user_type_code, user_verify_status, user_regist_time, user_avatar, user_phone, user_email, user_sex, user_city, user_signature, user_qq, user_wechat, user_weibo, user_money, user_vip_grade, user_grade, user_preference from user where user_name = ? 
2018-04-12 15:49:46,951 DEBUG (BaseJdbcLogger.java:159)- ==> Parameters: qwqwqw(String)
2018-04-12 15:49:46,954 DEBUG (BaseJdbcLogger.java:159)- <==      Total: 0
2018-04-12 15:49:46,957 INFO (UserServiceImpl.java:51)- >>>>>>user.getUserType外资公司
2018-04-12 15:49:46,957 INFO (UserServiceImpl.java:52)- >>>>>>user.getUserTypeCodenull
2018-04-12 15:49:46,958 DEBUG (BaseJdbcLogger.java:159)- ==>  Preparing: insert into user ( user_name, user_password, user_type, user_verify_status, user_regist_time, user_phone, user_email, user_sex, user_city, user_signature, user_money, user_vip_grade ) values ( ?, ?, ?, ?, ?, ?, ?, ?, ?, ?, ?, ? ) 
2018-04-12 15:49:46,961 DEBUG (BaseJdbcLogger.java:159)- ==> Parameters: qwqwqw(String), 202cb962ac59075b964b07152d234b70(String), 外资公司(String), NO_AUTHENTICATE(String), 2018-04-12 15:49:46.0(Timestamp), 123(String), qwqwqw@qw.com(String), 男(String), 南京(String), (String), 10(Integer), 1(String)
2018-04-12 15:49:47,043 DEBUG (BaseJdbcLogger.java:159)- <==    Updates: 1
2018-04-12 15:49:47,649 INFO (MailService.java:42)- 简单邮件已经发送。
2018-04-12 15:50:43,163 DEBUG (BaseJdbcLogger.java:159)- ==>  Preparing: select user_id, user_name, user_password, user_type, user_type_code, user_verify_status, user_regist_time, user_avatar, user_phone, user_email, user_sex, user_city, user_signature, user_qq, user_wechat, user_weibo, user_money, user_vip_grade, user_grade, user_preference from user where user_name = ? 
2018-04-12 15:50:43,165 DEBUG (BaseJdbcLogger.java:159)- ==> Parameters: qqqqqqq(String)
2018-04-12 15:50:43,167 DEBUG (BaseJdbcLogger.java:159)- <==      Total: 0
2018-04-12 15:50:43,168 INFO (UserServiceImpl.java:51)- >>>>>>user.getUserType普通用户
2018-04-12 15:50:43,168 INFO (UserServiceImpl.java:52)- >>>>>>user.getUserTypeCodenull
2018-04-12 15:50:43,170 DEBUG (BaseJdbcLogger.java:159)- ==>  Preparing: insert into user ( user_name, user_password, user_type, user_verify_status, user_regist_time, user_phone, user_email, user_sex, user_city, user_signature, user_money, user_vip_grade ) values ( ?, ?, ?, ?, ?, ?, ?, ?, ?, ?, ?, ? ) 
2018-04-12 15:50:43,171 DEBUG (BaseJdbcLogger.java:159)- ==> Parameters: qqqqqqq(String), 202cb962ac59075b964b07152d234b70(String), 普通用户(String), NO_AUTHENTICATE(String), 2018-04-12 15:50:43.0(Timestamp), 123(String), qqqqqq@123.com(String), 男(String), 南京(String), 123(String), 10(Integer), 1(String)
2018-04-12 15:50:43,266 DEBUG (BaseJdbcLogger.java:159)- <==    Updates: 1
2018-04-12 15:50:43,763 INFO (MailService.java:42)- 简单邮件已经发送。
2018-04-12 15:52:03,923 INFO (StartupInfoLogger.java:48)- Starting ZachwebApplication on nkgw10nh1856 with PID 5872 (F:\ZachAdWeb\zachweb\target\classes started by Zach.Zhang in F:\ZachAdWeb\zachweb)
2018-04-12 15:52:03,924 DEBUG (StartupInfoLogger.java:51)- Running with Spring Boot v1.5.10.RELEASE, Spring v4.3.14.RELEASE
2018-04-12 15:52:03,924 INFO (SpringApplication.java:593)- No active profile set, falling back to default profiles: default
2018-04-12 15:52:08,992 INFO (StartupInfoLogger.java:48)- Starting ZachwebApplication on nkgw10nh1856 with PID 5872 (F:\ZachAdWeb\zachweb\target\classes started by Zach.Zhang in F:\ZachAdWeb\zachweb)
2018-04-12 15:52:08,992 DEBUG (StartupInfoLogger.java:51)- Running with Spring Boot v1.5.10.RELEASE, Spring v4.3.14.RELEASE
2018-04-12 15:52:08,992 INFO (SpringApplication.java:593)- No active profile set, falling back to default profiles: default
2018-04-12 15:52:10,432 INFO (StartupInfoLogger.java:57)- Started ZachwebApplication in 1.534 seconds (JVM running for 347.996)
2018-04-12 15:52:23,193 INFO (StartupInfoLogger.java:48)- Starting ZachwebApplication on nkgw10nh1856 with PID 5872 (F:\ZachAdWeb\zachweb\target\classes started by Zach.Zhang in F:\ZachAdWeb\zachweb)
2018-04-12 15:52:23,193 DEBUG (StartupInfoLogger.java:51)- Running with Spring Boot v1.5.10.RELEASE, Spring v4.3.14.RELEASE
2018-04-12 15:52:23,194 INFO (SpringApplication.java:593)- No active profile set, falling back to default profiles: default
2018-04-12 15:52:55,841 INFO (StartupInfoLogger.java:48)- Starting ZachwebApplication on nkgw10nh1856 with PID 5872 (F:\ZachAdWeb\zachweb\target\classes started by Zach.Zhang in F:\ZachAdWeb\zachweb)
2018-04-12 15:52:55,842 DEBUG (StartupInfoLogger.java:51)- Running with Spring Boot v1.5.10.RELEASE, Spring v4.3.14.RELEASE
2018-04-12 15:52:55,842 INFO (SpringApplication.java:593)- No active profile set, falling back to default profiles: default
2018-04-12 15:52:57,208 INFO (StartupInfoLogger.java:57)- Started ZachwebApplication in 1.417 seconds (JVM running for 394.773)
2018-04-12 15:53:32,304 DEBUG (BaseJdbcLogger.java:159)- ==>  Preparing: select user_id, user_name, user_password, user_type, user_type_code, user_verify_status, user_regist_time, user_avatar, user_phone, user_email, user_sex, user_city, user_signature, user_qq, user_wechat, user_weibo, user_money, user_vip_grade, user_grade, user_preference from user where user_name = ? 
2018-04-12 15:53:32,306 DEBUG (BaseJdbcLogger.java:159)- ==> Parameters: zazaza(String)
2018-04-12 15:53:32,309 DEBUG (BaseJdbcLogger.java:159)- <==      Total: 0
2018-04-12 15:53:32,311 INFO (UserServiceImpl.java:51)- >>>>>>user.getUserType普通用户
2018-04-12 15:53:32,311 INFO (UserServiceImpl.java:52)- >>>>>>user.getUserTypeCodeUSER
2018-04-12 15:53:32,312 DEBUG (BaseJdbcLogger.java:159)- ==>  Preparing: insert into user ( user_name, user_password, user_type, user_type_code, user_verify_status, user_regist_time, user_phone, user_email, user_sex, user_city, user_signature, user_money, user_vip_grade ) values ( ?, ?, ?, ?, ?, ?, ?, ?, ?, ?, ?, ?, ? ) 
2018-04-12 15:53:32,314 DEBUG (BaseJdbcLogger.java:159)- ==> Parameters: zazaza(String), 202cb962ac59075b964b07152d234b70(String), 普通用户(String), USER(String), HAS_AUTHENTICATED(String), 2018-04-12 15:53:32.0(Timestamp), 123(String), zazaza@za.com(String), 女(String), 南京(String), (String), 10(Integer), 1(String)
2018-04-12 15:53:32,412 DEBUG (BaseJdbcLogger.java:159)- <==    Updates: 1
2018-04-12 15:53:32,951 INFO (MailService.java:42)- 简单邮件已经发送。
2018-04-12 16:40:47,344 INFO (StartupInfoLogger.java:48)- Starting ZachwebApplication on nkgw10nh1856 with PID 5872 (F:\ZachAdWeb\zachweb\target\classes started by Zach.Zhang in F:\ZachAdWeb\zachweb)
2018-04-12 16:40:47,344 DEBUG (StartupInfoLogger.java:51)- Running with Spring Boot v1.5.10.RELEASE, Spring v4.3.14.RELEASE
2018-04-12 16:40:47,345 INFO (SpringApplication.java:593)- No active profile set, falling back to default profiles: default
2018-04-12 16:40:48,788 INFO (StartupInfoLogger.java:57)- Started ZachwebApplication in 1.512 seconds (JVM running for 3266.352)
2018-04-12 16:57:15,875 INFO (StartupInfoLogger.java:48)- Starting ZachwebApplication on nkgw10nh1856 with PID 5872 (F:\ZachAdWeb\zachweb\target\classes started by Zach.Zhang in F:\ZachAdWeb\zachweb)
2018-04-12 16:57:15,876 DEBUG (StartupInfoLogger.java:51)- Running with Spring Boot v1.5.10.RELEASE, Spring v4.3.14.RELEASE
2018-04-12 16:57:15,876 INFO (SpringApplication.java:593)- No active profile set, falling back to default profiles: default
2018-04-12 16:57:17,551 INFO (StartupInfoLogger.java:57)- Started ZachwebApplication in 1.72 seconds (JVM running for 4255.115)
2018-04-12 16:57:22,428 INFO (StartupInfoLogger.java:48)- Starting ZachwebApplication on nkgw10nh1856 with PID 5872 (F:\ZachAdWeb\zachweb\target\classes started by Zach.Zhang in F:\ZachAdWeb\zachweb)
2018-04-12 16:57:22,429 DEBUG (StartupInfoLogger.java:51)- Running with Spring Boot v1.5.10.RELEASE, Spring v4.3.14.RELEASE
2018-04-12 16:57:22,429 INFO (SpringApplication.java:593)- No active profile set, falling back to default profiles: default
2018-04-12 16:57:27,230 INFO (StartupInfoLogger.java:48)- Starting ZachwebApplication on nkgw10nh1856 with PID 5872 (F:\ZachAdWeb\zachweb\target\classes started by Zach.Zhang in F:\ZachAdWeb\zachweb)
2018-04-12 16:57:27,230 DEBUG (StartupInfoLogger.java:51)- Running with Spring Boot v1.5.10.RELEASE, Spring v4.3.14.RELEASE
2018-04-12 16:57:27,230 INFO (SpringApplication.java:593)- No active profile set, falling back to default profiles: default
2018-04-12 16:57:28,532 INFO (StartupInfoLogger.java:57)- Started ZachwebApplication in 1.438 seconds (JVM running for 4266.096)
2018-04-12 16:57:37,491 INFO (StartupInfoLogger.java:48)- Starting ZachwebApplication on nkgw10nh1856 with PID 5872 (F:\ZachAdWeb\zachweb\target\classes started by Zach.Zhang in F:\ZachAdWeb\zachweb)
2018-04-12 16:57:37,491 DEBUG (StartupInfoLogger.java:51)- Running with Spring Boot v1.5.10.RELEASE, Spring v4.3.14.RELEASE
2018-04-12 16:57:37,491 INFO (SpringApplication.java:593)- No active profile set, falling back to default profiles: default
2018-04-12 16:57:38,717 INFO (StartupInfoLogger.java:57)- Started ZachwebApplication in 1.301 seconds (JVM running for 4276.282)
2018-04-12 16:57:58,028 INFO (StartupInfoLogger.java:48)- Starting ZachwebApplication on nkgw10nh1856 with PID 5872 (F:\ZachAdWeb\zachweb\target\classes started by Zach.Zhang in F:\ZachAdWeb\zachweb)
2018-04-12 16:57:58,029 DEBUG (StartupInfoLogger.java:51)- Running with Spring Boot v1.5.10.RELEASE, Spring v4.3.14.RELEASE
2018-04-12 16:57:58,029 INFO (SpringApplication.java:593)- No active profile set, falling back to default profiles: default
2018-04-12 16:57:59,293 INFO (StartupInfoLogger.java:57)- Started ZachwebApplication in 1.341 seconds (JVM running for 4296.857)
2018-04-12 16:58:02,065 INFO (StartupInfoLogger.java:48)- Starting ZachwebApplication on nkgw10nh1856 with PID 5872 (F:\ZachAdWeb\zachweb\target\classes started by Zach.Zhang in F:\ZachAdWeb\zachweb)
2018-04-12 16:58:02,066 DEBUG (StartupInfoLogger.java:51)- Running with Spring Boot v1.5.10.RELEASE, Spring v4.3.14.RELEASE
2018-04-12 16:58:02,066 INFO (SpringApplication.java:593)- No active profile set, falling back to default profiles: default
2018-04-12 16:58:03,185 INFO (StartupInfoLogger.java:57)- Started ZachwebApplication in 1.177 seconds (JVM running for 4300.749)
2018-04-12 16:58:12,943 INFO (StartupInfoLogger.java:48)- Starting ZachwebApplication on nkgw10nh1856 with PID 5872 (F:\ZachAdWeb\zachweb\target\classes started by Zach.Zhang in F:\ZachAdWeb\zachweb)
2018-04-12 16:58:12,944 DEBUG (StartupInfoLogger.java:51)- Running with Spring Boot v1.5.10.RELEASE, Spring v4.3.14.RELEASE
2018-04-12 16:58:12,944 INFO (SpringApplication.java:593)- No active profile set, falling back to default profiles: default
2018-04-12 16:58:14,208 INFO (StartupInfoLogger.java:57)- Started ZachwebApplication in 1.318 seconds (JVM running for 4311.772)
2018-04-12 16:58:42,282 INFO (StartupInfoLogger.java:48)- Starting ZachwebApplication on nkgw10nh1856 with PID 5872 (F:\ZachAdWeb\zachweb\target\classes started by Zach.Zhang in F:\ZachAdWeb\zachweb)
2018-04-12 16:58:42,282 DEBUG (StartupInfoLogger.java:51)- Running with Spring Boot v1.5.10.RELEASE, Spring v4.3.14.RELEASE
2018-04-12 16:58:42,282 INFO (SpringApplication.java:593)- No active profile set, falling back to default profiles: default
2018-04-12 16:58:51,100 INFO (StartupInfoLogger.java:48)- Starting ZachwebApplication on nkgw10nh1856 with PID 5872 (F:\ZachAdWeb\zachweb\target\classes started by Zach.Zhang in F:\ZachAdWeb\zachweb)
2018-04-12 16:58:51,100 DEBUG (StartupInfoLogger.java:51)- Running with Spring Boot v1.5.10.RELEASE, Spring v4.3.14.RELEASE
2018-04-12 16:58:51,100 INFO (SpringApplication.java:593)- No active profile set, falling back to default profiles: default
2018-04-12 16:58:52,667 INFO (StartupInfoLogger.java:57)- Started ZachwebApplication in 1.675 seconds (JVM running for 4350.232)
2018-04-12 16:59:16,175 INFO (StartupInfoLogger.java:48)- Starting ZachwebApplication on nkgw10nh1856 with PID 5872 (F:\ZachAdWeb\zachweb\target\classes started by Zach.Zhang in F:\ZachAdWeb\zachweb)
2018-04-12 16:59:16,176 DEBUG (StartupInfoLogger.java:51)- Running with Spring Boot v1.5.10.RELEASE, Spring v4.3.14.RELEASE
2018-04-12 16:59:16,176 INFO (SpringApplication.java:593)- No active profile set, falling back to default profiles: default
2018-04-12 16:59:17,475 INFO (StartupInfoLogger.java:57)- Started ZachwebApplication in 1.351 seconds (JVM running for 4375.04)
2018-04-12 17:01:06,103 INFO (StartupInfoLogger.java:48)- Starting ZachwebApplication on nkgw10nh1856 with PID 5872 (F:\ZachAdWeb\zachweb\target\classes started by Zach.Zhang in F:\ZachAdWeb\zachweb)
2018-04-12 17:01:06,106 DEBUG (StartupInfoLogger.java:51)- Running with Spring Boot v1.5.10.RELEASE, Spring v4.3.14.RELEASE
2018-04-12 17:01:06,109 INFO (SpringApplication.java:593)- No active profile set, falling back to default profiles: default
2018-04-12 17:01:07,267 INFO (StartupInfoLogger.java:57)- Started ZachwebApplication in 1.232 seconds (JVM running for 4484.832)
2018-04-12 17:01:12,227 INFO (StartupInfoLogger.java:48)- Starting ZachwebApplication on nkgw10nh1856 with PID 5872 (F:\ZachAdWeb\zachweb\target\classes started by Zach.Zhang in F:\ZachAdWeb\zachweb)
2018-04-12 17:01:12,227 DEBUG (StartupInfoLogger.java:51)- Running with Spring Boot v1.5.10.RELEASE, Spring v4.3.14.RELEASE
2018-04-12 17:01:12,227 INFO (SpringApplication.java:593)- No active profile set, falling back to default profiles: default
2018-04-12 17:01:13,413 INFO (StartupInfoLogger.java:57)- Started ZachwebApplication in 1.258 seconds (JVM running for 4490.977)
2018-04-12 17:10:02,732 INFO (StartupInfoLogger.java:48)- Starting ZachwebApplication on nkgw10nh1856 with PID 6360 (F:\ZachAdWeb\zachweb\target\classes started by Zach.Zhang in F:\ZachAdWeb\zachweb)
2018-04-12 17:10:02,734 DEBUG (StartupInfoLogger.java:51)- Running with Spring Boot v1.5.10.RELEASE, Spring v4.3.14.RELEASE
2018-04-12 17:10:02,734 INFO (SpringApplication.java:593)- No active profile set, falling back to default profiles: default
2018-04-12 17:10:08,464 INFO (StartupInfoLogger.java:57)- Started ZachwebApplication in 6.331 seconds (JVM running for 7.428)
2018-04-12 17:11:59,474 INFO (StartupInfoLogger.java:48)- Starting ZachwebApplication on nkgw10nh1856 with PID 6360 (F:\ZachAdWeb\zachweb\target\classes started by Zach.Zhang in F:\ZachAdWeb\zachweb)
2018-04-12 17:11:59,474 DEBUG (StartupInfoLogger.java:51)- Running with Spring Boot v1.5.10.RELEASE, Spring v4.3.14.RELEASE
2018-04-12 17:11:59,474 INFO (SpringApplication.java:593)- No active profile set, falling back to default profiles: default
2018-04-12 17:12:01,056 INFO (StartupInfoLogger.java:57)- Started ZachwebApplication in 1.64 seconds (JVM running for 120.019)
2018-04-12 17:12:05,701 INFO (StartupInfoLogger.java:48)- Starting ZachwebApplication on nkgw10nh1856 with PID 6360 (F:\ZachAdWeb\zachweb\target\classes started by Zach.Zhang in F:\ZachAdWeb\zachweb)
2018-04-12 17:12:05,702 DEBUG (StartupInfoLogger.java:51)- Running with Spring Boot v1.5.10.RELEASE, Spring v4.3.14.RELEASE
2018-04-12 17:12:05,702 INFO (SpringApplication.java:593)- No active profile set, falling back to default profiles: default
2018-04-12 17:12:07,125 INFO (StartupInfoLogger.java:57)- Started ZachwebApplication in 1.481 seconds (JVM running for 126.088)
2018-04-12 17:13:23,440 INFO (UserController.java:119)- sendCode
2018-04-12 17:13:23,443 INFO (UserServiceImpl.java:85)- 邮箱格式不正确！
2018-04-12 17:13:23,451 ERROR (ControllerExceptionHandler.java:23)- error info:邮箱格式不正确！请重新填写
2018-04-12 17:14:16,687 INFO (UserController.java:119)- sendCode
2018-04-12 17:14:18,545 INFO (MailService.java:42)- 简单邮件已经发送。
2018-04-12 17:17:40,018 INFO (UserController.java:119)- sendCode
2018-04-12 17:17:40,580 INFO (MailService.java:42)- 简单邮件已经发送。
2018-04-12 17:23:02,304 INFO (StartupInfoLogger.java:48)- Starting ZachwebApplication on nkgw10nh1856 with PID 6360 (F:\ZachAdWeb\zachweb\target\classes started by Zach.Zhang in F:\ZachAdWeb\zachweb)
2018-04-12 17:23:02,305 DEBUG (StartupInfoLogger.java:51)- Running with Spring Boot v1.5.10.RELEASE, Spring v4.3.14.RELEASE
2018-04-12 17:23:02,305 INFO (SpringApplication.java:593)- No active profile set, falling back to default profiles: default
2018-04-12 17:23:03,694 INFO (StartupInfoLogger.java:57)- Started ZachwebApplication in 1.441 seconds (JVM running for 782.657)
2018-04-12 17:28:27,526 INFO (StartupInfoLogger.java:48)- Starting ZachwebApplication on nkgw10nh1856 with PID 6360 (F:\ZachAdWeb\zachweb\target\classes started by Zach.Zhang in F:\ZachAdWeb\zachweb)
2018-04-12 17:28:27,526 DEBUG (StartupInfoLogger.java:51)- Running with Spring Boot v1.5.10.RELEASE, Spring v4.3.14.RELEASE
2018-04-12 17:28:27,527 INFO (SpringApplication.java:593)- No active profile set, falling back to default profiles: default
2018-04-12 17:28:28,901 INFO (StartupInfoLogger.java:57)- Started ZachwebApplication in 1.439 seconds (JVM running for 1107.864)
2018-04-12 17:29:00,453 INFO (StartupInfoLogger.java:48)- Starting ZachwebApplication on nkgw10nh1856 with PID 6360 (F:\ZachAdWeb\zachweb\target\classes started by Zach.Zhang in F:\ZachAdWeb\zachweb)
2018-04-12 17:29:00,453 DEBUG (StartupInfoLogger.java:51)- Running with Spring Boot v1.5.10.RELEASE, Spring v4.3.14.RELEASE
2018-04-12 17:29:00,453 INFO (SpringApplication.java:593)- No active profile set, falling back to default profiles: default
2018-04-12 17:29:01,727 INFO (StartupInfoLogger.java:57)- Started ZachwebApplication in 1.34 seconds (JVM running for 1140.691)
2018-04-12 17:29:04,900 INFO (StartupInfoLogger.java:48)- Starting ZachwebApplication on nkgw10nh1856 with PID 6360 (F:\ZachAdWeb\zachweb\target\classes started by Zach.Zhang in F:\ZachAdWeb\zachweb)
2018-04-12 17:29:04,901 DEBUG (StartupInfoLogger.java:51)- Running with Spring Boot v1.5.10.RELEASE, Spring v4.3.14.RELEASE
2018-04-12 17:29:04,901 INFO (SpringApplication.java:593)- No active profile set, falling back to default profiles: default
2018-04-12 17:29:06,460 INFO (StartupInfoLogger.java:57)- Started ZachwebApplication in 1.621 seconds (JVM running for 1145.423)
2018-04-12 17:29:29,246 INFO (StartupInfoLogger.java:48)- Starting ZachwebApplication on nkgw10nh1856 with PID 6360 (F:\ZachAdWeb\zachweb\target\classes started by Zach.Zhang in F:\ZachAdWeb\zachweb)
2018-04-12 17:29:29,246 DEBUG (StartupInfoLogger.java:51)- Running with Spring Boot v1.5.10.RELEASE, Spring v4.3.14.RELEASE
2018-04-12 17:29:29,246 INFO (SpringApplication.java:593)- No active profile set, falling back to default profiles: default
2018-04-12 17:29:30,588 INFO (StartupInfoLogger.java:57)- Started ZachwebApplication in 1.397 seconds (JVM running for 1169.551)
2018-04-12 17:29:40,384 INFO (StartupInfoLogger.java:48)- Starting ZachwebApplication on nkgw10nh1856 with PID 6360 (F:\ZachAdWeb\zachweb\target\classes started by Zach.Zhang in F:\ZachAdWeb\zachweb)
2018-04-12 17:29:40,384 DEBUG (StartupInfoLogger.java:51)- Running with Spring Boot v1.5.10.RELEASE, Spring v4.3.14.RELEASE
2018-04-12 17:29:40,384 INFO (SpringApplication.java:593)- No active profile set, falling back to default profiles: default
2018-04-12 17:29:41,821 INFO (StartupInfoLogger.java:57)- Started ZachwebApplication in 1.491 seconds (JVM running for 1180.784)
2018-04-12 17:29:54,334 INFO (UserController.java:120)- sendCode
2018-04-12 17:29:55,010 INFO (MailService.java:42)- 简单邮件已经发送。
2018-04-12 17:30:37,013 INFO (UserController.java:140)- >>>>>>验证验证码是否正确:code,3b04
2018-04-12 17:30:46,975 INFO (UserController.java:140)- >>>>>>验证验证码是否正确:code,3b05
2018-04-12 17:30:46,979 ERROR (ControllerExceptionHandler.java:23)- error info:验证码错误
2018-04-12 17:30:54,691 INFO (UserController.java:140)- >>>>>>验证验证码是否正确:code,3b04
2018-04-12 17:31:22,259 INFO (StartupInfoLogger.java:48)- Starting ZachwebApplication on nkgw10nh1856 with PID 6360 (F:\ZachAdWeb\zachweb\target\classes started by Zach.Zhang in F:\ZachAdWeb\zachweb)
2018-04-12 17:31:22,260 DEBUG (StartupInfoLogger.java:51)- Running with Spring Boot v1.5.10.RELEASE, Spring v4.3.14.RELEASE
2018-04-12 17:31:22,260 INFO (SpringApplication.java:593)- No active profile set, falling back to default profiles: default
2018-04-12 17:31:23,930 INFO (StartupInfoLogger.java:57)- Started ZachwebApplication in 1.721 seconds (JVM running for 1282.893)
2018-04-12 17:31:25,889 INFO (StartupInfoLogger.java:48)- Starting ZachwebApplication on nkgw10nh1856 with PID 6360 (F:\ZachAdWeb\zachweb\target\classes started by Zach.Zhang in F:\ZachAdWeb\zachweb)
2018-04-12 17:31:25,889 DEBUG (StartupInfoLogger.java:51)- Running with Spring Boot v1.5.10.RELEASE, Spring v4.3.14.RELEASE
2018-04-12 17:31:25,889 INFO (SpringApplication.java:593)- No active profile set, falling back to default profiles: default
2018-04-12 17:31:27,072 INFO (StartupInfoLogger.java:57)- Started ZachwebApplication in 1.248 seconds (JVM running for 1286.034)
2018-04-12 17:31:29,755 INFO (StartupInfoLogger.java:48)- Starting ZachwebApplication on nkgw10nh1856 with PID 6360 (F:\ZachAdWeb\zachweb\target\classes started by Zach.Zhang in F:\ZachAdWeb\zachweb)
2018-04-12 17:31:29,756 DEBUG (StartupInfoLogger.java:51)- Running with Spring Boot v1.5.10.RELEASE, Spring v4.3.14.RELEASE
2018-04-12 17:31:29,756 INFO (SpringApplication.java:593)- No active profile set, falling back to default profiles: default
2018-04-12 17:31:30,806 INFO (StartupInfoLogger.java:57)- Started ZachwebApplication in 1.094 seconds (JVM running for 1289.769)
2018-04-12 17:32:13,027 INFO (UserController.java:140)- >>>>>>验证验证码是否正确:code,3b04
2018-04-12 17:32:13,027 INFO (UserController.java:148)- >>>>>>验证成功！！！
2018-04-12 17:32:19,657 INFO (UserController.java:140)- >>>>>>验证验证码是否正确:code,3b05
2018-04-12 17:32:19,662 ERROR (ControllerExceptionHandler.java:23)- error info:验证码错误
2018-04-12 17:32:26,954 INFO (UserController.java:140)- >>>>>>验证验证码是否正确:code,3b04
2018-04-12 17:32:26,954 INFO (UserController.java:148)- >>>>>>验证成功！！！
2018-04-12 17:32:31,344 INFO (UserController.java:140)- >>>>>>验证验证码是否正确:code,3B04
2018-04-12 17:32:31,345 INFO (UserController.java:148)- >>>>>>验证成功！！！
2018-04-12 17:37:51,888 INFO (UserController.java:120)- sendCode
2018-04-12 17:37:52,497 INFO (MailService.java:42)- 简单邮件已经发送。
2018-04-12 17:41:29,686 INFO (UserController.java:120)- sendCode
2018-04-12 17:41:30,234 INFO (MailService.java:42)- 简单邮件已经发送。
2018-04-12 17:42:24,214 INFO (UserController.java:120)- sendCode
2018-04-12 17:42:24,531 INFO (UserController.java:120)- sendCode
2018-04-12 17:42:24,692 INFO (UserController.java:120)- sendCode
2018-04-12 17:42:24,819 INFO (MailService.java:42)- 简单邮件已经发送。
2018-04-12 17:42:25,138 INFO (MailService.java:42)- 简单邮件已经发送。
2018-04-12 17:42:25,271 INFO (MailService.java:42)- 简单邮件已经发送。
2018-04-12 17:51:17,051 INFO (UserController.java:120)- sendCode
2018-04-12 17:51:17,655 INFO (MailService.java:42)- 简单邮件已经发送。
2018-04-12 17:51:53,991 INFO (UserController.java:120)- sendCode
2018-04-12 17:51:54,521 INFO (MailService.java:42)- 简单邮件已经发送。
2018-04-12 17:52:28,203 INFO (UserController.java:120)- sendCode
2018-04-12 17:52:28,741 INFO (MailService.java:42)- 简单邮件已经发送。
2018-04-12 17:53:33,574 INFO (UserController.java:120)- sendCode
2018-04-12 17:53:34,173 INFO (MailService.java:42)- 简单邮件已经发送。
2018-04-12 17:53:59,025 INFO (UserController.java:140)- >>>>>>验证验证码是否正确:code,fcf0
2018-04-12 17:53:59,026 INFO (UserController.java:148)- >>>>>>验证成功！！！
2018-04-12 17:54:23,718 INFO (UserController.java:120)- sendCode
2018-04-12 17:54:24,273 INFO (MailService.java:42)- 简单邮件已经发送。
2018-04-12 17:54:34,388 INFO (UserController.java:140)- >>>>>>验证验证码是否正确:code,b999
2018-04-12 17:54:34,388 INFO (UserController.java:148)- >>>>>>验证成功！！！
2018-04-12 17:54:53,823 INFO (UserController.java:120)- sendCode
2018-04-12 17:54:54,388 INFO (MailService.java:42)- 简单邮件已经发送。
2018-04-12 17:55:06,982 INFO (UserController.java:140)- >>>>>>验证验证码是否正确:code,3a41
2018-04-12 17:55:06,982 INFO (UserController.java:148)- >>>>>>验证成功！！！
