2018-04-04 17:23:43,513 INFO (StartupInfoLogger.java:48)- Starting ZachwebApplication on nkgw10nh1856 with PID 12036 (F:\ZachAdWeb\zachweb\target\classes started by Zach.Zhang in F:\ZachAdWeb\zachweb)
2018-04-04 17:23:43,529 DEBUG (StartupInfoLogger.java:51)- Running with Spring Boot v1.5.10.RELEASE, Spring v4.3.14.RELEASE
2018-04-04 17:23:43,529 INFO (SpringApplication.java:593)- No active profile set, falling back to default profiles: default
2018-04-04 17:23:46,164 INFO (StartupInfoLogger.java:57)- Started ZachwebApplication in 2.932 seconds (JVM running for 5.65)
2018-04-04 17:26:14,890 INFO (UserController.java:70)- User{userId=null, userName='轻微的所', userPassword='123', userType='null', userTypeCode='null', userVerifyStatus='null', userRegistTime=null, userAvatar='null', userPhone='null', userEmail='null', userSex='null', userCity='null', userSignature='null', userQq=null, userWechat='null', userWeibo='null', userMoney=null, userVipGrade='null', userGrade=null, userPreference='null'}
2018-04-04 17:26:15,124 DEBUG (BaseJdbcLogger.java:159)- ==>  Preparing: select user_id, user_name, user_password, user_type, user_type_code, user_verify_status, user_regist_time, user_avatar, user_phone, user_email, user_sex, user_city, user_signature, user_qq, user_wechat, user_weibo, user_money, user_vip_grade, user_grade, user_preference from user where user_name = ? 
2018-04-04 17:26:15,238 DEBUG (BaseJdbcLogger.java:159)- ==> Parameters: 轻微的所(String)
2018-04-04 17:26:15,253 DEBUG (BaseJdbcLogger.java:159)- <==      Total: 1
2018-04-04 17:26:15,253 DEBUG (BaseJdbcLogger.java:159)- ==>  Preparing: select user_id, user_name, user_password, user_type, user_type_code, user_verify_status, user_regist_time, user_avatar, user_phone, user_email, user_sex, user_city, user_signature, user_qq, user_wechat, user_weibo, user_money, user_vip_grade, user_grade, user_preference from user where user_name = ? AND user_password = ? 
2018-04-04 17:26:15,253 DEBUG (BaseJdbcLogger.java:159)- ==> Parameters: 轻微的所(String), 202cb962ac59075b964b07152d234b70(String)
2018-04-04 17:26:15,253 DEBUG (BaseJdbcLogger.java:159)- <==      Total: 1
2018-04-04 17:26:15,253 INFO (UserServiceImpl.java:61)- 验证成功！
2018-04-04 17:26:15,826 INFO (UserController.java:91)- 进入findUser
2018-04-04 17:26:15,827 INFO (UserController.java:105)- user is null
2018-04-04 17:27:40,956 INFO (StartupInfoLogger.java:48)- Starting ZachwebApplication on nkgw10nh1856 with PID 8220 (F:\ZachAdWeb\zachweb\target\classes started by Zach.Zhang in F:\ZachAdWeb\zachweb)
2018-04-04 17:27:40,972 DEBUG (StartupInfoLogger.java:51)- Running with Spring Boot v1.5.10.RELEASE, Spring v4.3.14.RELEASE
2018-04-04 17:27:40,972 INFO (SpringApplication.java:593)- No active profile set, falling back to default profiles: default
2018-04-04 17:27:44,451 INFO (StartupInfoLogger.java:57)- Started ZachwebApplication in 3.885 seconds (JVM running for 4.669)
2018-04-04 17:27:57,768 INFO (UserController.java:71)- User{userId=null, userName='轻微的所', userPassword='123', userType='null', userTypeCode='null', userVerifyStatus='null', userRegistTime=null, userAvatar='null', userPhone='null', userEmail='null', userSex='null', userCity='null', userSignature='null', userQq=null, userWechat='null', userWeibo='null', userMoney=null, userVipGrade='null', userGrade=null, userPreference='null'}
2018-04-04 17:27:57,958 DEBUG (BaseJdbcLogger.java:159)- ==>  Preparing: select user_id, user_name, user_password, user_type, user_type_code, user_verify_status, user_regist_time, user_avatar, user_phone, user_email, user_sex, user_city, user_signature, user_qq, user_wechat, user_weibo, user_money, user_vip_grade, user_grade, user_preference from user where user_name = ? 
2018-04-04 17:27:58,068 DEBUG (BaseJdbcLogger.java:159)- ==> Parameters: 轻微的所(String)
2018-04-04 17:27:58,083 DEBUG (BaseJdbcLogger.java:159)- <==      Total: 1
2018-04-04 17:27:58,083 DEBUG (BaseJdbcLogger.java:159)- ==>  Preparing: select user_id, user_name, user_password, user_type, user_type_code, user_verify_status, user_regist_time, user_avatar, user_phone, user_email, user_sex, user_city, user_signature, user_qq, user_wechat, user_weibo, user_money, user_vip_grade, user_grade, user_preference from user where user_name = ? AND user_password = ? 
2018-04-04 17:27:58,083 DEBUG (BaseJdbcLogger.java:159)- ==> Parameters: 轻微的所(String), 202cb962ac59075b964b07152d234b70(String)
2018-04-04 17:27:58,083 DEBUG (BaseJdbcLogger.java:159)- <==      Total: 1
2018-04-04 17:27:58,083 INFO (UserServiceImpl.java:61)- 验证成功！
2018-04-04 17:27:58,617 INFO (UserController.java:92)- 进入findUser
2018-04-04 17:27:58,617 INFO (UserController.java:106)- user is null
2018-04-04 17:40:25,169 INFO (StartupInfoLogger.java:48)- Starting ZachwebApplication on nkgw10nh1856 with PID 6412 (F:\ZachAdWeb\zachweb\target\classes started by Zach.Zhang in F:\ZachAdWeb\zachweb)
2018-04-04 17:40:25,169 DEBUG (StartupInfoLogger.java:51)- Running with Spring Boot v1.5.10.RELEASE, Spring v4.3.14.RELEASE
2018-04-04 17:40:25,169 INFO (SpringApplication.java:593)- No active profile set, falling back to default profiles: default
2018-04-04 17:40:28,585 INFO (StartupInfoLogger.java:57)- Started ZachwebApplication in 3.727 seconds (JVM running for 4.653)
2018-04-04 17:41:49,713 INFO (StartupInfoLogger.java:48)- Starting ZachwebApplication on nkgw10nh1856 with PID 5336 (F:\ZachAdWeb\zachweb\target\classes started by Zach.Zhang in F:\ZachAdWeb\zachweb)
2018-04-04 17:41:49,717 DEBUG (StartupInfoLogger.java:51)- Running with Spring Boot v1.5.10.RELEASE, Spring v4.3.14.RELEASE
2018-04-04 17:41:49,717 INFO (SpringApplication.java:593)- No active profile set, falling back to default profiles: default
2018-04-04 17:41:52,885 INFO (StartupInfoLogger.java:57)- Started ZachwebApplication in 3.632 seconds (JVM running for 4.376)
2018-04-04 17:45:08,830 INFO (StartupInfoLogger.java:48)- Starting ZachwebApplication on nkgw10nh1856 with PID 5700 (F:\ZachAdWeb\zachweb\target\classes started by Zach.Zhang in F:\ZachAdWeb\zachweb)
2018-04-04 17:45:08,834 DEBUG (StartupInfoLogger.java:51)- Running with Spring Boot v1.5.10.RELEASE, Spring v4.3.14.RELEASE
2018-04-04 17:45:08,835 INFO (SpringApplication.java:593)- No active profile set, falling back to default profiles: default
2018-04-04 17:45:12,044 INFO (StartupInfoLogger.java:57)- Started ZachwebApplication in 3.583 seconds (JVM running for 4.254)
2018-04-04 17:45:52,227 INFO (StartupInfoLogger.java:48)- Starting ZachwebApplication on nkgw10nh1856 with PID 10292 (F:\ZachAdWeb\zachweb\target\classes started by Zach.Zhang in F:\ZachAdWeb\zachweb)
2018-04-04 17:45:52,230 DEBUG (StartupInfoLogger.java:51)- Running with Spring Boot v1.5.10.RELEASE, Spring v4.3.14.RELEASE
2018-04-04 17:45:52,230 INFO (SpringApplication.java:593)- No active profile set, falling back to default profiles: default
2018-04-04 17:45:55,231 INFO (StartupInfoLogger.java:57)- Started ZachwebApplication in 3.344 seconds (JVM running for 4.004)
2018-04-04 17:47:24,047 INFO (StartupInfoLogger.java:48)- Starting ZachwebApplication on nkgw10nh1856 with PID 6208 (F:\ZachAdWeb\zachweb\target\classes started by Zach.Zhang in F:\ZachAdWeb\zachweb)
2018-04-04 17:47:24,050 DEBUG (StartupInfoLogger.java:51)- Running with Spring Boot v1.5.10.RELEASE, Spring v4.3.14.RELEASE
2018-04-04 17:47:24,051 INFO (SpringApplication.java:593)- No active profile set, falling back to default profiles: default
2018-04-04 17:47:26,997 INFO (StartupInfoLogger.java:57)- Started ZachwebApplication in 3.278 seconds (JVM running for 3.91)
2018-04-04 17:47:39,671 INFO (HttpServletInterceptor.java:35)- >>>>>>>>>>>>>>>>>>>>>preHandle
2018-04-04 17:48:01,852 INFO (StartupInfoLogger.java:48)- Starting ZachwebApplication on nkgw10nh1856 with PID 5692 (F:\ZachAdWeb\zachweb\target\classes started by Zach.Zhang in F:\ZachAdWeb\zachweb)
2018-04-04 17:48:01,855 DEBUG (StartupInfoLogger.java:51)- Running with Spring Boot v1.5.10.RELEASE, Spring v4.3.14.RELEASE
2018-04-04 17:48:01,856 INFO (SpringApplication.java:593)- No active profile set, falling back to default profiles: default
2018-04-04 17:48:04,512 INFO (StartupInfoLogger.java:57)- Started ZachwebApplication in 2.976 seconds (JVM running for 3.596)
2018-04-04 17:48:16,057 INFO (HttpServletInterceptor.java:35)- >>>>>>>>>>>>>>>>>>>>>preHandle
2018-04-04 17:48:23,123 INFO (HttpServletInterceptor.java:35)- >>>>>>>>>>>>>>>>>>>>>preHandle
2018-04-04 17:48:45,759 INFO (HttpServletInterceptor.java:35)- >>>>>>>>>>>>>>>>>>>>>preHandle
