2018-04-25 14:33:36,611 INFO (StartupInfoLogger.java:48)- Starting ZachwebApplication on nkgw10nh1856 with PID 5048 (F:\ZachAdWeb\zachweb\target\classes started by Zach.Zhang in F:\ZachAdWeb\zachweb)
2018-04-25 14:33:36,611 DEBUG (StartupInfoLogger.java:51)- Running with Spring Boot v1.5.10.RELEASE, Spring v4.3.14.RELEASE
2018-04-25 14:33:36,611 INFO (SpringApplication.java:593)- No active profile set, falling back to default profiles: default
2018-04-25 14:33:39,788 INFO (StartupInfoLogger.java:57)- Started ZachwebApplication in 3.521 seconds (JVM running for 6.898)
2018-04-25 14:33:48,195 INFO (UserController.java:74)- User{userId=null, userName='张弛', userPassword='123', userType='null', userTypeCode='null', userVerifyStatus='null', userRegistTime=null, userAvatar='null', userPhone='null', userEmail='null', userSex='null', userCity='null', userSignature='null', userQq=null, userWechat='null', userWeibo='null', userMoney=null, userVipGrade='null', userGrade=null, userPreference='null'}
2018-04-25 14:33:48,553 DEBUG (BaseJdbcLogger.java:159)- ==>  Preparing: select user_id, user_name, user_password, user_type, user_type_code, user_verify_status, user_regist_time, user_avatar, user_phone, user_email, user_sex, user_city, user_signature, user_qq, user_wechat, user_weibo, user_money, user_vip_grade, user_grade, user_preference from user where user_name = ? 
2018-04-25 14:33:48,569 DEBUG (BaseJdbcLogger.java:159)- ==> Parameters: 张弛(String)
2018-04-25 14:33:48,579 DEBUG (BaseJdbcLogger.java:159)- <==      Total: 1
2018-04-25 14:33:48,581 DEBUG (BaseJdbcLogger.java:159)- ==>  Preparing: select user_id, user_name, user_password, user_type, user_type_code, user_verify_status, user_regist_time, user_avatar, user_phone, user_email, user_sex, user_city, user_signature, user_qq, user_wechat, user_weibo, user_money, user_vip_grade, user_grade, user_preference from user where user_name = ? AND user_password = ? 
2018-04-25 14:33:48,582 DEBUG (BaseJdbcLogger.java:159)- ==> Parameters: 张弛(String), 202cb962ac59075b964b07152d234b70(String)
2018-04-25 14:33:48,583 DEBUG (BaseJdbcLogger.java:159)- <==      Total: 1
2018-04-25 14:33:48,584 INFO (UserServiceImpl.java:82)- 验证成功！
2018-04-25 14:33:48,588 INFO (UserController.java:79)- User{userId=2, userName='张弛', userPassword='202cb962ac59075b964b07152d234b70', userType='政府', userTypeCode='GOV', userVerifyStatus='HAS_AUTHENTICATED', userRegistTime=Mon Apr 23 11:23:49 CST 2018, userAvatar='null', userPhone='15161182029', userEmail='zc1234567@vip.qq.com', userSex='男', userCity='南京', userSignature='Spring历史版本变迁和如今的生态帝国', userQq=null, userWechat='null', userWeibo='null', userMoney=99999, userVipGrade='5', userGrade=null, userPreference='a;a;a;a;a;b;b;a;b;b;b;'}
2018-04-25 14:33:49,025 INFO (UserController.java:96)- 进入findUser
2018-04-25 14:33:49,026 INFO (UserController.java:97)- request>>>http://localhost:3000
2018-04-25 14:33:49,027 INFO (AdController.java:154)- >>>>>>>进入finduserad
2018-04-25 14:33:49,028 DEBUG (BaseJdbcLogger.java:159)- ==>  Preparing: select user_id, user_name, user_password, user_type, user_type_code, user_verify_status, user_regist_time, user_avatar, user_phone, user_email, user_sex, user_city, user_signature, user_qq, user_wechat, user_weibo, user_money, user_vip_grade, user_grade, user_preference from user where user_id = ? 
2018-04-25 14:33:49,029 DEBUG (BaseJdbcLogger.java:159)- ==> Parameters: 2(Integer)
2018-04-25 14:33:49,029 DEBUG (BaseJdbcLogger.java:159)- ==>  Preparing: select ad_id, ad_user_id, ad_type, ad_type_code, ad_title, ad_html, ad_text, ad_pic, ad_price, ad_add_time, ad_last_update_time, ad_start_time, ad_end_time, ad_click_number, ad_collect_number, ad_comment_number, ad_last_comment_time from ad where ad_user_id = ? 
2018-04-25 14:33:49,032 DEBUG (BaseJdbcLogger.java:159)- ==> Parameters: 2(Integer)
2018-04-25 14:33:49,032 DEBUG (BaseJdbcLogger.java:159)- <==      Total: 1
2018-04-25 14:33:49,033 INFO (UserController.java:103)- User{userId=2, userName='张弛', userPassword='202cb962ac59075b964b07152d234b70', userType='政府', userTypeCode='GOV', userVerifyStatus='HAS_AUTHENTICATED', userRegistTime=Mon Apr 23 11:23:49 CST 2018, userAvatar='null', userPhone='15161182029', userEmail='zc1234567@vip.qq.com', userSex='男', userCity='南京', userSignature='Spring历史版本变迁和如今的生态帝国', userQq=null, userWechat='null', userWeibo='null', userMoney=99999, userVipGrade='5', userGrade=null, userPreference='a;a;a;a;a;b;b;a;b;b;b;'}
2018-04-25 14:33:49,045 DEBUG (BaseJdbcLogger.java:159)- <==      Total: 7
2018-04-25 14:33:53,841 INFO (UserController.java:96)- 进入findUser
2018-04-25 14:33:53,842 INFO (UserController.java:97)- request>>>http://localhost:3000
2018-04-25 14:33:53,846 DEBUG (BaseJdbcLogger.java:159)- ==>  Preparing: select user_id, user_name, user_password, user_type, user_type_code, user_verify_status, user_regist_time, user_avatar, user_phone, user_email, user_sex, user_city, user_signature, user_qq, user_wechat, user_weibo, user_money, user_vip_grade, user_grade, user_preference from user where user_id = ? 
2018-04-25 14:33:53,848 DEBUG (BaseJdbcLogger.java:159)- ==> Parameters: 2(Integer)
2018-04-25 14:33:53,853 DEBUG (BaseJdbcLogger.java:159)- <==      Total: 1
2018-04-25 14:33:53,853 INFO (UserController.java:103)- User{userId=2, userName='张弛', userPassword='202cb962ac59075b964b07152d234b70', userType='政府', userTypeCode='GOV', userVerifyStatus='HAS_AUTHENTICATED', userRegistTime=Mon Apr 23 11:23:49 CST 2018, userAvatar='null', userPhone='15161182029', userEmail='zc1234567@vip.qq.com', userSex='男', userCity='南京', userSignature='Spring历史版本变迁和如今的生态帝国', userQq=null, userWechat='null', userWeibo='null', userMoney=99999, userVipGrade='5', userGrade=null, userPreference='a;a;a;a;a;b;b;a;b;b;b;'}
2018-04-25 14:34:42,176 INFO (AdController.java:154)- >>>>>>>进入finduserad
2018-04-25 14:34:42,177 INFO (UserController.java:96)- 进入findUser
2018-04-25 14:34:42,177 INFO (UserController.java:97)- request>>>http://localhost:3000
2018-04-25 14:34:42,179 DEBUG (BaseJdbcLogger.java:159)- ==>  Preparing: select ad_id, ad_user_id, ad_type, ad_type_code, ad_title, ad_html, ad_text, ad_pic, ad_price, ad_add_time, ad_last_update_time, ad_start_time, ad_end_time, ad_click_number, ad_collect_number, ad_comment_number, ad_last_comment_time from ad where ad_user_id = ? 
2018-04-25 14:34:42,180 DEBUG (BaseJdbcLogger.java:159)- ==>  Preparing: select user_id, user_name, user_password, user_type, user_type_code, user_verify_status, user_regist_time, user_avatar, user_phone, user_email, user_sex, user_city, user_signature, user_qq, user_wechat, user_weibo, user_money, user_vip_grade, user_grade, user_preference from user where user_id = ? 
2018-04-25 14:34:42,180 DEBUG (BaseJdbcLogger.java:159)- ==> Parameters: 2(Integer)
2018-04-25 14:34:42,180 DEBUG (BaseJdbcLogger.java:159)- ==> Parameters: 2(Integer)
2018-04-25 14:34:42,182 DEBUG (BaseJdbcLogger.java:159)- <==      Total: 1
2018-04-25 14:34:42,183 INFO (UserController.java:103)- User{userId=2, userName='张弛', userPassword='202cb962ac59075b964b07152d234b70', userType='政府', userTypeCode='GOV', userVerifyStatus='HAS_AUTHENTICATED', userRegistTime=Mon Apr 23 11:23:49 CST 2018, userAvatar='null', userPhone='15161182029', userEmail='zc1234567@vip.qq.com', userSex='男', userCity='南京', userSignature='Spring历史版本变迁和如今的生态帝国', userQq=null, userWechat='null', userWeibo='null', userMoney=99999, userVipGrade='5', userGrade=null, userPreference='a;a;a;a;a;b;b;a;b;b;b;'}
2018-04-25 14:34:42,188 DEBUG (BaseJdbcLogger.java:159)- <==      Total: 7
2018-04-25 14:34:55,517 INFO (UserController.java:96)- 进入findUser
2018-04-25 14:34:55,518 INFO (UserController.java:97)- request>>>http://localhost:3000
2018-04-25 14:34:55,520 DEBUG (BaseJdbcLogger.java:159)- ==>  Preparing: select user_id, user_name, user_password, user_type, user_type_code, user_verify_status, user_regist_time, user_avatar, user_phone, user_email, user_sex, user_city, user_signature, user_qq, user_wechat, user_weibo, user_money, user_vip_grade, user_grade, user_preference from user where user_id = ? 
2018-04-25 14:34:55,522 DEBUG (BaseJdbcLogger.java:159)- ==> Parameters: 2(Integer)
2018-04-25 14:34:55,525 DEBUG (BaseJdbcLogger.java:159)- <==      Total: 1
2018-04-25 14:34:55,527 INFO (UserController.java:103)- User{userId=2, userName='张弛', userPassword='202cb962ac59075b964b07152d234b70', userType='政府', userTypeCode='GOV', userVerifyStatus='HAS_AUTHENTICATED', userRegistTime=Mon Apr 23 11:23:49 CST 2018, userAvatar='null', userPhone='15161182029', userEmail='zc1234567@vip.qq.com', userSex='男', userCity='南京', userSignature='Spring历史版本变迁和如今的生态帝国', userQq=null, userWechat='null', userWeibo='null', userMoney=99999, userVipGrade='5', userGrade=null, userPreference='a;a;a;a;a;b;b;a;b;b;b;'}
2018-04-25 14:34:56,589 INFO (UserController.java:96)- 进入findUser
2018-04-25 14:34:56,590 INFO (UserController.java:97)- request>>>http://localhost:3000
2018-04-25 14:34:56,591 DEBUG (BaseJdbcLogger.java:159)- ==>  Preparing: select user_id, user_name, user_password, user_type, user_type_code, user_verify_status, user_regist_time, user_avatar, user_phone, user_email, user_sex, user_city, user_signature, user_qq, user_wechat, user_weibo, user_money, user_vip_grade, user_grade, user_preference from user where user_id = ? 
2018-04-25 14:34:56,590 INFO (AdController.java:154)- >>>>>>>进入finduserad
2018-04-25 14:34:56,592 DEBUG (BaseJdbcLogger.java:159)- ==> Parameters: 2(Integer)
2018-04-25 14:34:56,594 DEBUG (BaseJdbcLogger.java:159)- ==>  Preparing: select ad_id, ad_user_id, ad_type, ad_type_code, ad_title, ad_html, ad_text, ad_pic, ad_price, ad_add_time, ad_last_update_time, ad_start_time, ad_end_time, ad_click_number, ad_collect_number, ad_comment_number, ad_last_comment_time from ad where ad_user_id = ? 
2018-04-25 14:34:56,595 DEBUG (BaseJdbcLogger.java:159)- <==      Total: 1
2018-04-25 14:34:56,597 INFO (UserController.java:103)- User{userId=2, userName='张弛', userPassword='202cb962ac59075b964b07152d234b70', userType='政府', userTypeCode='GOV', userVerifyStatus='HAS_AUTHENTICATED', userRegistTime=Mon Apr 23 11:23:49 CST 2018, userAvatar='null', userPhone='15161182029', userEmail='zc1234567@vip.qq.com', userSex='男', userCity='南京', userSignature='Spring历史版本变迁和如今的生态帝国', userQq=null, userWechat='null', userWeibo='null', userMoney=99999, userVipGrade='5', userGrade=null, userPreference='a;a;a;a;a;b;b;a;b;b;b;'}
2018-04-25 14:34:56,602 DEBUG (BaseJdbcLogger.java:159)- ==> Parameters: 2(Integer)
2018-04-25 14:34:56,613 DEBUG (BaseJdbcLogger.java:159)- <==      Total: 7
2018-04-25 14:36:02,732 INFO (AdController.java:179)- >>>>用户是否收藏广告
2018-04-25 14:36:02,733 DEBUG (BaseJdbcLogger.java:159)- ==>  Preparing: select c.comment_id, c.comment_user_id, c.comment_ad_id, c.comment_content, c.comment_time, c.comment_like_number, u.user_id, u.user_name, u.user_password, u.user_type, u.user_type_code, u.user_verify_status, u.user_regist_time, u.user_avatar, u.user_phone, u.user_email, u.user_sex, u.user_city, u.user_signature, u.user_qq, u.user_wechat, u.user_weibo, u.user_money, u.user_vip_grade, u.user_grade, u.user_preference from comment c JOIN user u ON c.comment_user_id = u.user_id where comment_ad_id = ? 
2018-04-25 14:36:02,734 DEBUG (BaseJdbcLogger.java:159)- ==> Parameters: 8(Integer)
2018-04-25 14:36:02,735 DEBUG (BaseJdbcLogger.java:159)- ==>  Preparing: select a.ad_id, a.ad_user_id, a.ad_type, a.ad_type_code, a.ad_title, a.ad_html, a.ad_text, a.ad_pic, a.ad_price, a.ad_add_time, a.ad_last_update_time, a.ad_start_time, a.ad_end_time, a.ad_click_number, a.ad_collect_number, a.ad_comment_number, a.ad_last_comment_time,u.user_id, u.user_name, u.user_password, u.user_type, u.user_type_code, u.user_verify_status, u.user_regist_time, u.user_avatar, u.user_phone, u.user_email, u.user_sex, u.user_city, u.user_signature, u.user_qq, u.user_wechat, u.user_weibo, u.user_money, u.user_vip_grade, u.user_grade, u.user_preference from ad a JOIN user u ON a.ad_user_id = u.user_id where ad_id = ? 
2018-04-25 14:36:02,736 DEBUG (BaseJdbcLogger.java:159)- ==>  Preparing: select sys_id, user_id, ad_id, collect_time from user_ad where ad_id = ? AND user_id = ? 
2018-04-25 14:36:02,736 DEBUG (BaseJdbcLogger.java:159)- ==> Parameters: 8(Integer)
2018-04-25 14:36:02,736 DEBUG (BaseJdbcLogger.java:159)- ==> Parameters: 8(Integer), 2(Integer)
2018-04-25 14:36:02,738 DEBUG (BaseJdbcLogger.java:159)- <==      Total: 0
2018-04-25 14:36:02,738 DEBUG (BaseJdbcLogger.java:159)- <==      Total: 1
2018-04-25 14:36:02,738 DEBUG (BaseJdbcLogger.java:159)- <==      Total: 4
2018-04-25 14:36:02,739 INFO (AdController.java:190)- >>>>用户是否收藏该广告：false
2018-04-25 14:36:02,765 DEBUG (BaseJdbcLogger.java:159)- ==>  Preparing: update ad SET ad_user_id = ?, ad_type = ?, ad_type_code = ?, ad_title = ?, ad_html = ?, ad_text = ?, ad_add_time = ?, ad_last_update_time = ?, ad_start_time = ?, ad_end_time = ?, ad_click_number = ?, ad_collect_number = ?, ad_comment_number = ? where ad_id = ? 
2018-04-25 14:36:02,768 DEBUG (BaseJdbcLogger.java:159)- ==> Parameters: 2(Integer), 招聘(String), b(String), layer是一款近年来备受青睐的web弹层组件(String), java.io.StringReader@4163c54b(StringReader), java.io.StringReader@7af80104(StringReader), 2018-04-23 13:50:21.0(Timestamp), 2018-04-23 13:50:21.0(Timestamp), 2018-04-23 00:00:00.0(Timestamp), 2018-05-01 00:00:00.0(Timestamp), 59(Integer), 0(Integer), 13(Integer), 8(Integer)
2018-04-25 14:36:02,820 DEBUG (BaseJdbcLogger.java:159)- <==    Updates: 1
2018-04-25 14:36:03,159 INFO (UserController.java:96)- 进入findUser
2018-04-25 14:36:03,159 INFO (UserController.java:97)- request>>>http://localhost:3000
2018-04-25 14:36:03,161 DEBUG (BaseJdbcLogger.java:159)- ==>  Preparing: select user_id, user_name, user_password, user_type, user_type_code, user_verify_status, user_regist_time, user_avatar, user_phone, user_email, user_sex, user_city, user_signature, user_qq, user_wechat, user_weibo, user_money, user_vip_grade, user_grade, user_preference from user where user_id = ? 
2018-04-25 14:36:03,162 DEBUG (BaseJdbcLogger.java:159)- ==> Parameters: 2(Integer)
2018-04-25 14:36:03,164 DEBUG (BaseJdbcLogger.java:159)- <==      Total: 1
2018-04-25 14:36:03,165 INFO (UserController.java:103)- User{userId=2, userName='张弛', userPassword='202cb962ac59075b964b07152d234b70', userType='政府', userTypeCode='GOV', userVerifyStatus='HAS_AUTHENTICATED', userRegistTime=Mon Apr 23 11:23:49 CST 2018, userAvatar='null', userPhone='15161182029', userEmail='zc1234567@vip.qq.com', userSex='男', userCity='南京', userSignature='Spring历史版本变迁和如今的生态帝国', userQq=null, userWechat='null', userWeibo='null', userMoney=99999, userVipGrade='5', userGrade=null, userPreference='a;a;a;a;a;b;b;a;b;b;b;'}
2018-04-25 14:36:05,951 INFO (UserController.java:96)- 进入findUser
2018-04-25 14:36:05,951 INFO (UserController.java:97)- request>>>http://localhost:3000
2018-04-25 14:36:05,953 INFO (AdController.java:154)- >>>>>>>进入finduserad
2018-04-25 14:36:05,954 DEBUG (BaseJdbcLogger.java:159)- ==>  Preparing: select user_id, user_name, user_password, user_type, user_type_code, user_verify_status, user_regist_time, user_avatar, user_phone, user_email, user_sex, user_city, user_signature, user_qq, user_wechat, user_weibo, user_money, user_vip_grade, user_grade, user_preference from user where user_id = ? 
2018-04-25 14:36:05,954 DEBUG (BaseJdbcLogger.java:159)- ==>  Preparing: select ad_id, ad_user_id, ad_type, ad_type_code, ad_title, ad_html, ad_text, ad_pic, ad_price, ad_add_time, ad_last_update_time, ad_start_time, ad_end_time, ad_click_number, ad_collect_number, ad_comment_number, ad_last_comment_time from ad where ad_user_id = ? 
2018-04-25 14:36:05,955 DEBUG (BaseJdbcLogger.java:159)- ==> Parameters: 2(Integer)
2018-04-25 14:36:05,955 DEBUG (BaseJdbcLogger.java:159)- ==> Parameters: 2(Integer)
2018-04-25 14:36:05,957 DEBUG (BaseJdbcLogger.java:159)- <==      Total: 1
2018-04-25 14:36:05,958 INFO (UserController.java:103)- User{userId=2, userName='张弛', userPassword='202cb962ac59075b964b07152d234b70', userType='政府', userTypeCode='GOV', userVerifyStatus='HAS_AUTHENTICATED', userRegistTime=Mon Apr 23 11:23:49 CST 2018, userAvatar='null', userPhone='15161182029', userEmail='zc1234567@vip.qq.com', userSex='男', userCity='南京', userSignature='Spring历史版本变迁和如今的生态帝国', userQq=null, userWechat='null', userWeibo='null', userMoney=99999, userVipGrade='5', userGrade=null, userPreference='a;a;a;a;a;b;b;a;b;b;b;'}
2018-04-25 14:36:05,962 DEBUG (BaseJdbcLogger.java:159)- <==      Total: 7
2018-04-25 14:36:07,086 DEBUG (BaseJdbcLogger.java:159)- ==>  Preparing: select a.ad_id, a.ad_user_id, a.ad_type, a.ad_type_code, a.ad_title, a.ad_html, a.ad_text, a.ad_pic, a.ad_price, a.ad_add_time, a.ad_last_update_time, a.ad_start_time, a.ad_end_time, a.ad_click_number, a.ad_collect_number, a.ad_comment_number, a.ad_last_comment_time,u.user_id, u.user_name, u.user_password, u.user_type, u.user_type_code, u.user_verify_status, u.user_regist_time, u.user_avatar, u.user_phone, u.user_email, u.user_sex, u.user_city, u.user_signature, u.user_qq, u.user_wechat, u.user_weibo, u.user_money, u.user_vip_grade, u.user_grade, u.user_preference from ad a JOIN user u ON a.ad_user_id = u.user_id where ad_id = ? 
2018-04-25 14:36:07,087 DEBUG (BaseJdbcLogger.java:159)- ==> Parameters: 9(Integer)
2018-04-25 14:36:07,086 DEBUG (BaseJdbcLogger.java:159)- ==>  Preparing: select c.comment_id, c.comment_user_id, c.comment_ad_id, c.comment_content, c.comment_time, c.comment_like_number, u.user_id, u.user_name, u.user_password, u.user_type, u.user_type_code, u.user_verify_status, u.user_regist_time, u.user_avatar, u.user_phone, u.user_email, u.user_sex, u.user_city, u.user_signature, u.user_qq, u.user_wechat, u.user_weibo, u.user_money, u.user_vip_grade, u.user_grade, u.user_preference from comment c JOIN user u ON c.comment_user_id = u.user_id where comment_ad_id = ? 
2018-04-25 14:36:07,090 INFO (AdController.java:179)- >>>>用户是否收藏广告
2018-04-25 14:36:07,090 DEBUG (BaseJdbcLogger.java:159)- ==> Parameters: 9(Integer)
2018-04-25 14:36:07,090 DEBUG (BaseJdbcLogger.java:159)- <==      Total: 1
2018-04-25 14:36:07,091 DEBUG (BaseJdbcLogger.java:159)- <==      Total: 0
2018-04-25 14:36:07,096 DEBUG (BaseJdbcLogger.java:159)- ==>  Preparing: update ad SET ad_user_id = ?, ad_type = ?, ad_type_code = ?, ad_title = ?, ad_html = ?, ad_text = ?, ad_add_time = ?, ad_last_update_time = ?, ad_start_time = ?, ad_end_time = ?, ad_click_number = ?, ad_collect_number = ?, ad_comment_number = ? where ad_id = ? 
2018-04-25 14:36:07,099 DEBUG (BaseJdbcLogger.java:159)- ==> Parameters: 2(Integer), 公益广告(String), a(String), 123(String), java.io.StringReader@3567d54e(StringReader), java.io.StringReader@1aeafe64(StringReader), 2018-04-23 17:47:42.0(Timestamp), 2018-04-23 17:47:42.0(Timestamp), 2018-04-23 00:00:00.0(Timestamp), 2018-04-27 00:00:00.0(Timestamp), 1(Integer), 0(Integer), 0(Integer), 9(Integer)
2018-04-25 14:36:07,103 DEBUG (BaseJdbcLogger.java:159)- ==>  Preparing: select sys_id, user_id, ad_id, collect_time from user_ad where ad_id = ? AND user_id = ? 
2018-04-25 14:36:07,105 DEBUG (BaseJdbcLogger.java:159)- ==> Parameters: 9(Integer), 2(Integer)
2018-04-25 14:36:07,107 DEBUG (BaseJdbcLogger.java:159)- <==      Total: 0
2018-04-25 14:36:07,108 INFO (AdController.java:190)- >>>>用户是否收藏该广告：false
2018-04-25 14:36:07,191 DEBUG (BaseJdbcLogger.java:159)- <==    Updates: 1
2018-04-25 14:36:07,364 INFO (UserController.java:96)- 进入findUser
2018-04-25 14:36:07,365 INFO (UserController.java:97)- request>>>http://localhost:3000
2018-04-25 14:36:07,366 DEBUG (BaseJdbcLogger.java:159)- ==>  Preparing: select user_id, user_name, user_password, user_type, user_type_code, user_verify_status, user_regist_time, user_avatar, user_phone, user_email, user_sex, user_city, user_signature, user_qq, user_wechat, user_weibo, user_money, user_vip_grade, user_grade, user_preference from user where user_id = ? 
2018-04-25 14:36:07,367 DEBUG (BaseJdbcLogger.java:159)- ==> Parameters: 2(Integer)
2018-04-25 14:36:07,373 DEBUG (BaseJdbcLogger.java:159)- <==      Total: 1
2018-04-25 14:36:07,374 INFO (UserController.java:103)- User{userId=2, userName='张弛', userPassword='202cb962ac59075b964b07152d234b70', userType='政府', userTypeCode='GOV', userVerifyStatus='HAS_AUTHENTICATED', userRegistTime=Mon Apr 23 11:23:49 CST 2018, userAvatar='null', userPhone='15161182029', userEmail='zc1234567@vip.qq.com', userSex='男', userCity='南京', userSignature='Spring历史版本变迁和如今的生态帝国', userQq=null, userWechat='null', userWeibo='null', userMoney=99999, userVipGrade='5', userGrade=null, userPreference='a;a;a;a;a;b;b;a;b;b;b;'}
2018-04-25 14:36:13,191 INFO (UserController.java:96)- 进入findUser
2018-04-25 14:36:13,191 INFO (UserController.java:97)- request>>>http://localhost:3000
2018-04-25 14:36:13,192 INFO (AdController.java:154)- >>>>>>>进入finduserad
2018-04-25 14:36:13,193 DEBUG (BaseJdbcLogger.java:159)- ==>  Preparing: select user_id, user_name, user_password, user_type, user_type_code, user_verify_status, user_regist_time, user_avatar, user_phone, user_email, user_sex, user_city, user_signature, user_qq, user_wechat, user_weibo, user_money, user_vip_grade, user_grade, user_preference from user where user_id = ? 
2018-04-25 14:36:13,194 DEBUG (BaseJdbcLogger.java:159)- ==>  Preparing: select ad_id, ad_user_id, ad_type, ad_type_code, ad_title, ad_html, ad_text, ad_pic, ad_price, ad_add_time, ad_last_update_time, ad_start_time, ad_end_time, ad_click_number, ad_collect_number, ad_comment_number, ad_last_comment_time from ad where ad_user_id = ? 
2018-04-25 14:36:13,194 DEBUG (BaseJdbcLogger.java:159)- ==> Parameters: 2(Integer)
2018-04-25 14:36:13,194 DEBUG (BaseJdbcLogger.java:159)- ==> Parameters: 2(Integer)
2018-04-25 14:36:13,197 DEBUG (BaseJdbcLogger.java:159)- <==      Total: 1
2018-04-25 14:36:13,198 INFO (UserController.java:103)- User{userId=2, userName='张弛', userPassword='202cb962ac59075b964b07152d234b70', userType='政府', userTypeCode='GOV', userVerifyStatus='HAS_AUTHENTICATED', userRegistTime=Mon Apr 23 11:23:49 CST 2018, userAvatar='null', userPhone='15161182029', userEmail='zc1234567@vip.qq.com', userSex='男', userCity='南京', userSignature='Spring历史版本变迁和如今的生态帝国', userQq=null, userWechat='null', userWeibo='null', userMoney=99999, userVipGrade='5', userGrade=null, userPreference='a;a;a;a;a;b;b;a;b;b;b;'}
2018-04-25 14:36:13,202 DEBUG (BaseJdbcLogger.java:159)- <==      Total: 7
2018-04-25 14:36:19,874 INFO (AdController.java:179)- >>>>用户是否收藏广告
2018-04-25 14:36:19,875 DEBUG (BaseJdbcLogger.java:159)- ==>  Preparing: select a.ad_id, a.ad_user_id, a.ad_type, a.ad_type_code, a.ad_title, a.ad_html, a.ad_text, a.ad_pic, a.ad_price, a.ad_add_time, a.ad_last_update_time, a.ad_start_time, a.ad_end_time, a.ad_click_number, a.ad_collect_number, a.ad_comment_number, a.ad_last_comment_time,u.user_id, u.user_name, u.user_password, u.user_type, u.user_type_code, u.user_verify_status, u.user_regist_time, u.user_avatar, u.user_phone, u.user_email, u.user_sex, u.user_city, u.user_signature, u.user_qq, u.user_wechat, u.user_weibo, u.user_money, u.user_vip_grade, u.user_grade, u.user_preference from ad a JOIN user u ON a.ad_user_id = u.user_id where ad_id = ? 
2018-04-25 14:36:19,875 DEBUG (BaseJdbcLogger.java:159)- ==>  Preparing: select c.comment_id, c.comment_user_id, c.comment_ad_id, c.comment_content, c.comment_time, c.comment_like_number, u.user_id, u.user_name, u.user_password, u.user_type, u.user_type_code, u.user_verify_status, u.user_regist_time, u.user_avatar, u.user_phone, u.user_email, u.user_sex, u.user_city, u.user_signature, u.user_qq, u.user_wechat, u.user_weibo, u.user_money, u.user_vip_grade, u.user_grade, u.user_preference from comment c JOIN user u ON c.comment_user_id = u.user_id where comment_ad_id = ? 
2018-04-25 14:36:19,875 DEBUG (BaseJdbcLogger.java:159)- ==>  Preparing: select sys_id, user_id, ad_id, collect_time from user_ad where ad_id = ? AND user_id = ? 
2018-04-25 14:36:19,875 DEBUG (BaseJdbcLogger.java:159)- ==> Parameters: 8(Integer)
2018-04-25 14:36:19,876 DEBUG (BaseJdbcLogger.java:159)- ==> Parameters: 8(Integer)
2018-04-25 14:36:19,876 DEBUG (BaseJdbcLogger.java:159)- ==> Parameters: 8(Integer), 2(Integer)
2018-04-25 14:36:19,877 DEBUG (BaseJdbcLogger.java:159)- <==      Total: 0
2018-04-25 14:36:19,878 INFO (AdController.java:190)- >>>>用户是否收藏该广告：false
2018-04-25 14:36:19,880 DEBUG (BaseJdbcLogger.java:159)- <==      Total: 1
2018-04-25 14:36:19,880 DEBUG (BaseJdbcLogger.java:159)- <==      Total: 4
2018-04-25 14:36:19,884 DEBUG (BaseJdbcLogger.java:159)- ==>  Preparing: update ad SET ad_user_id = ?, ad_type = ?, ad_type_code = ?, ad_title = ?, ad_html = ?, ad_text = ?, ad_add_time = ?, ad_last_update_time = ?, ad_start_time = ?, ad_end_time = ?, ad_click_number = ?, ad_collect_number = ?, ad_comment_number = ? where ad_id = ? 
2018-04-25 14:36:19,886 DEBUG (BaseJdbcLogger.java:159)- ==> Parameters: 2(Integer), 招聘(String), b(String), layer是一款近年来备受青睐的web弹层组件(String), java.io.StringReader@6e177998(StringReader), java.io.StringReader@1eba42de(StringReader), 2018-04-23 13:50:21.0(Timestamp), 2018-04-23 13:50:21.0(Timestamp), 2018-04-23 00:00:00.0(Timestamp), 2018-05-01 00:00:00.0(Timestamp), 60(Integer), 0(Integer), 13(Integer), 8(Integer)
2018-04-25 14:36:19,965 DEBUG (BaseJdbcLogger.java:159)- <==    Updates: 1
2018-04-25 14:36:20,183 INFO (UserController.java:96)- 进入findUser
2018-04-25 14:36:20,184 INFO (UserController.java:97)- request>>>http://localhost:3000
2018-04-25 14:36:20,185 DEBUG (BaseJdbcLogger.java:159)- ==>  Preparing: select user_id, user_name, user_password, user_type, user_type_code, user_verify_status, user_regist_time, user_avatar, user_phone, user_email, user_sex, user_city, user_signature, user_qq, user_wechat, user_weibo, user_money, user_vip_grade, user_grade, user_preference from user where user_id = ? 
2018-04-25 14:36:20,186 DEBUG (BaseJdbcLogger.java:159)- ==> Parameters: 2(Integer)
2018-04-25 14:36:20,188 DEBUG (BaseJdbcLogger.java:159)- <==      Total: 1
2018-04-25 14:36:20,189 INFO (UserController.java:103)- User{userId=2, userName='张弛', userPassword='202cb962ac59075b964b07152d234b70', userType='政府', userTypeCode='GOV', userVerifyStatus='HAS_AUTHENTICATED', userRegistTime=Mon Apr 23 11:23:49 CST 2018, userAvatar='null', userPhone='15161182029', userEmail='zc1234567@vip.qq.com', userSex='男', userCity='南京', userSignature='Spring历史版本变迁和如今的生态帝国', userQq=null, userWechat='null', userWeibo='null', userMoney=99999, userVipGrade='5', userGrade=null, userPreference='a;a;a;a;a;b;b;a;b;b;b;'}
2018-04-25 14:36:22,063 INFO (AdController.java:154)- >>>>>>>进入finduserad
2018-04-25 14:36:22,064 DEBUG (BaseJdbcLogger.java:159)- ==>  Preparing: select ad_id, ad_user_id, ad_type, ad_type_code, ad_title, ad_html, ad_text, ad_pic, ad_price, ad_add_time, ad_last_update_time, ad_start_time, ad_end_time, ad_click_number, ad_collect_number, ad_comment_number, ad_last_comment_time from ad where ad_user_id = ? 
2018-04-25 14:36:22,065 DEBUG (BaseJdbcLogger.java:159)- ==> Parameters: 2(Integer)
2018-04-25 14:36:22,065 INFO (UserController.java:96)- 进入findUser
2018-04-25 14:36:22,069 INFO (UserController.java:97)- request>>>http://localhost:3000
2018-04-25 14:36:22,070 DEBUG (BaseJdbcLogger.java:159)- ==>  Preparing: select user_id, user_name, user_password, user_type, user_type_code, user_verify_status, user_regist_time, user_avatar, user_phone, user_email, user_sex, user_city, user_signature, user_qq, user_wechat, user_weibo, user_money, user_vip_grade, user_grade, user_preference from user where user_id = ? 
2018-04-25 14:36:22,071 DEBUG (BaseJdbcLogger.java:159)- <==      Total: 7
2018-04-25 14:36:22,072 DEBUG (BaseJdbcLogger.java:159)- ==> Parameters: 2(Integer)
2018-04-25 14:36:22,077 DEBUG (BaseJdbcLogger.java:159)- <==      Total: 1
2018-04-25 14:36:22,078 INFO (UserController.java:103)- User{userId=2, userName='张弛', userPassword='202cb962ac59075b964b07152d234b70', userType='政府', userTypeCode='GOV', userVerifyStatus='HAS_AUTHENTICATED', userRegistTime=Mon Apr 23 11:23:49 CST 2018, userAvatar='null', userPhone='15161182029', userEmail='zc1234567@vip.qq.com', userSex='男', userCity='南京', userSignature='Spring历史版本变迁和如今的生态帝国', userQq=null, userWechat='null', userWeibo='null', userMoney=99999, userVipGrade='5', userGrade=null, userPreference='a;a;a;a;a;b;b;a;b;b;b;'}
2018-04-25 14:36:26,260 DEBUG (BaseJdbcLogger.java:159)- ==>  Preparing: select a.ad_id, a.ad_user_id, a.ad_type, a.ad_type_code, a.ad_title, a.ad_html, a.ad_text, a.ad_pic, a.ad_price, a.ad_add_time, a.ad_last_update_time, a.ad_start_time, a.ad_end_time, a.ad_click_number, a.ad_collect_number, a.ad_comment_number, a.ad_last_comment_time,u.user_id, u.user_name, u.user_password, u.user_type, u.user_type_code, u.user_verify_status, u.user_regist_time, u.user_avatar, u.user_phone, u.user_email, u.user_sex, u.user_city, u.user_signature, u.user_qq, u.user_wechat, u.user_weibo, u.user_money, u.user_vip_grade, u.user_grade, u.user_preference from ad a JOIN user u ON a.ad_user_id = u.user_id where ad_id = ? 
2018-04-25 14:36:26,261 DEBUG (BaseJdbcLogger.java:159)- ==> Parameters: 6(Integer)
2018-04-25 14:36:26,260 DEBUG (BaseJdbcLogger.java:159)- ==>  Preparing: select c.comment_id, c.comment_user_id, c.comment_ad_id, c.comment_content, c.comment_time, c.comment_like_number, u.user_id, u.user_name, u.user_password, u.user_type, u.user_type_code, u.user_verify_status, u.user_regist_time, u.user_avatar, u.user_phone, u.user_email, u.user_sex, u.user_city, u.user_signature, u.user_qq, u.user_wechat, u.user_weibo, u.user_money, u.user_vip_grade, u.user_grade, u.user_preference from comment c JOIN user u ON c.comment_user_id = u.user_id where comment_ad_id = ? 
2018-04-25 14:36:26,262 DEBUG (BaseJdbcLogger.java:159)- ==> Parameters: 6(Integer)
2018-04-25 14:36:26,263 DEBUG (BaseJdbcLogger.java:159)- <==      Total: 1
2018-04-25 14:36:26,264 DEBUG (BaseJdbcLogger.java:159)- <==      Total: 0
2018-04-25 14:36:26,265 DEBUG (BaseJdbcLogger.java:159)- ==>  Preparing: update ad SET ad_user_id = ?, ad_type = ?, ad_type_code = ?, ad_title = ?, ad_html = ?, ad_text = ?, ad_add_time = ?, ad_last_update_time = ?, ad_start_time = ?, ad_end_time = ?, ad_click_number = ?, ad_collect_number = ?, ad_comment_number = ? where ad_id = ? 
2018-04-25 14:36:26,270 INFO (AdController.java:179)- >>>>用户是否收藏广告
2018-04-25 14:36:26,270 DEBUG (BaseJdbcLogger.java:159)- ==> Parameters: 2(Integer), 公益广告(String), a(String), 36氪首发 | 用全息技术再现巨星的「棱镜光娱」获3000万元Pre-A轮融资，荣正资本领投(String), java.io.StringReader@13144fbf(StringReader), java.io.StringReader@28a293be(StringReader), 2018-04-16 18:56:09.0(Timestamp), 2018-04-16 18:56:09.0(Timestamp), 2018-04-03 00:00:00.0(Timestamp), 2018-04-30 00:00:00.0(Timestamp), 140(Integer), 13(Integer), 10(Integer), 6(Integer)
2018-04-25 14:36:26,272 DEBUG (BaseJdbcLogger.java:159)- ==>  Preparing: select sys_id, user_id, ad_id, collect_time from user_ad where ad_id = ? AND user_id = ? 
2018-04-25 14:36:26,273 DEBUG (BaseJdbcLogger.java:159)- ==> Parameters: 6(Integer), 2(Integer)
2018-04-25 14:36:26,277 DEBUG (BaseJdbcLogger.java:159)- <==      Total: 1
2018-04-25 14:36:26,277 INFO (AdController.java:187)- >>>>用户是否收藏该广告：true
2018-04-25 14:36:26,348 DEBUG (BaseJdbcLogger.java:159)- <==    Updates: 1
2018-04-25 14:36:26,680 INFO (UserController.java:96)- 进入findUser
2018-04-25 14:36:26,680 INFO (UserController.java:97)- request>>>http://localhost:3000
2018-04-25 14:36:26,681 DEBUG (BaseJdbcLogger.java:159)- ==>  Preparing: select user_id, user_name, user_password, user_type, user_type_code, user_verify_status, user_regist_time, user_avatar, user_phone, user_email, user_sex, user_city, user_signature, user_qq, user_wechat, user_weibo, user_money, user_vip_grade, user_grade, user_preference from user where user_id = ? 
2018-04-25 14:36:26,682 DEBUG (BaseJdbcLogger.java:159)- ==> Parameters: 2(Integer)
2018-04-25 14:36:26,684 DEBUG (BaseJdbcLogger.java:159)- <==      Total: 1
2018-04-25 14:36:26,686 INFO (UserController.java:103)- User{userId=2, userName='张弛', userPassword='202cb962ac59075b964b07152d234b70', userType='政府', userTypeCode='GOV', userVerifyStatus='HAS_AUTHENTICATED', userRegistTime=Mon Apr 23 11:23:49 CST 2018, userAvatar='null', userPhone='15161182029', userEmail='zc1234567@vip.qq.com', userSex='男', userCity='南京', userSignature='Spring历史版本变迁和如今的生态帝国', userQq=null, userWechat='null', userWeibo='null', userMoney=99999, userVipGrade='5', userGrade=null, userPreference='a;a;a;a;a;b;b;a;b;b;b;'}
2018-04-25 14:38:38,240 INFO (UserController.java:96)- 进入findUser
2018-04-25 14:38:38,242 INFO (UserController.java:97)- request>>>http://localhost:3000
2018-04-25 14:38:38,244 DEBUG (BaseJdbcLogger.java:159)- ==>  Preparing: select user_id, user_name, user_password, user_type, user_type_code, user_verify_status, user_regist_time, user_avatar, user_phone, user_email, user_sex, user_city, user_signature, user_qq, user_wechat, user_weibo, user_money, user_vip_grade, user_grade, user_preference from user where user_id = ? 
2018-04-25 14:38:38,245 DEBUG (BaseJdbcLogger.java:159)- ==> Parameters: 2(Integer)
2018-04-25 14:38:38,246 DEBUG (BaseJdbcLogger.java:159)- <==      Total: 1
2018-04-25 14:38:38,247 INFO (UserController.java:103)- User{userId=2, userName='张弛', userPassword='202cb962ac59075b964b07152d234b70', userType='政府', userTypeCode='GOV', userVerifyStatus='HAS_AUTHENTICATED', userRegistTime=Mon Apr 23 11:23:49 CST 2018, userAvatar='null', userPhone='15161182029', userEmail='zc1234567@vip.qq.com', userSex='男', userCity='南京', userSignature='Spring历史版本变迁和如今的生态帝国', userQq=null, userWechat='null', userWeibo='null', userMoney=99999, userVipGrade='5', userGrade=null, userPreference='a;a;a;a;a;b;b;a;b;b;b;'}
2018-04-25 14:39:16,295 INFO (AdController.java:154)- >>>>>>>进入finduserad
2018-04-25 14:39:16,295 INFO (UserController.java:96)- 进入findUser
2018-04-25 14:39:16,297 INFO (UserController.java:97)- request>>>http://localhost:3000
2018-04-25 14:39:16,299 DEBUG (BaseJdbcLogger.java:159)- ==>  Preparing: select ad_id, ad_user_id, ad_type, ad_type_code, ad_title, ad_html, ad_text, ad_pic, ad_price, ad_add_time, ad_last_update_time, ad_start_time, ad_end_time, ad_click_number, ad_collect_number, ad_comment_number, ad_last_comment_time from ad where ad_user_id = ? 
2018-04-25 14:39:16,300 DEBUG (BaseJdbcLogger.java:159)- ==> Parameters: 2(Integer)
2018-04-25 14:39:16,301 DEBUG (BaseJdbcLogger.java:159)- ==>  Preparing: select user_id, user_name, user_password, user_type, user_type_code, user_verify_status, user_regist_time, user_avatar, user_phone, user_email, user_sex, user_city, user_signature, user_qq, user_wechat, user_weibo, user_money, user_vip_grade, user_grade, user_preference from user where user_id = ? 
2018-04-25 14:39:16,302 DEBUG (BaseJdbcLogger.java:159)- ==> Parameters: 2(Integer)
2018-04-25 14:39:16,303 DEBUG (BaseJdbcLogger.java:159)- <==      Total: 7
2018-04-25 14:39:16,303 DEBUG (BaseJdbcLogger.java:159)- <==      Total: 1
2018-04-25 14:39:16,305 INFO (UserController.java:103)- User{userId=2, userName='张弛', userPassword='202cb962ac59075b964b07152d234b70', userType='政府', userTypeCode='GOV', userVerifyStatus='HAS_AUTHENTICATED', userRegistTime=Mon Apr 23 11:23:49 CST 2018, userAvatar='null', userPhone='15161182029', userEmail='zc1234567@vip.qq.com', userSex='男', userCity='南京', userSignature='Spring历史版本变迁和如今的生态帝国', userQq=null, userWechat='null', userWeibo='null', userMoney=99999, userVipGrade='5', userGrade=null, userPreference='a;a;a;a;a;b;b;a;b;b;b;'}
2018-04-25 15:16:55,685 INFO (AdController.java:179)- >>>>用户是否收藏广告
2018-04-25 15:16:55,704 DEBUG (BaseJdbcLogger.java:159)- ==>  Preparing: select c.comment_id, c.comment_user_id, c.comment_ad_id, c.comment_content, c.comment_time, c.comment_like_number, u.user_id, u.user_name, u.user_password, u.user_type, u.user_type_code, u.user_verify_status, u.user_regist_time, u.user_avatar, u.user_phone, u.user_email, u.user_sex, u.user_city, u.user_signature, u.user_qq, u.user_wechat, u.user_weibo, u.user_money, u.user_vip_grade, u.user_grade, u.user_preference from comment c JOIN user u ON c.comment_user_id = u.user_id where comment_ad_id = ? 
2018-04-25 15:16:55,707 DEBUG (BaseJdbcLogger.java:159)- ==>  Preparing: select a.ad_id, a.ad_user_id, a.ad_type, a.ad_type_code, a.ad_title, a.ad_html, a.ad_text, a.ad_pic, a.ad_price, a.ad_add_time, a.ad_last_update_time, a.ad_start_time, a.ad_end_time, a.ad_click_number, a.ad_collect_number, a.ad_comment_number, a.ad_last_comment_time,u.user_id, u.user_name, u.user_password, u.user_type, u.user_type_code, u.user_verify_status, u.user_regist_time, u.user_avatar, u.user_phone, u.user_email, u.user_sex, u.user_city, u.user_signature, u.user_qq, u.user_wechat, u.user_weibo, u.user_money, u.user_vip_grade, u.user_grade, u.user_preference from ad a JOIN user u ON a.ad_user_id = u.user_id where ad_id = ? 
2018-04-25 15:16:55,709 DEBUG (BaseJdbcLogger.java:159)- ==> Parameters: 3(Integer)
2018-04-25 15:16:55,706 INFO (AdController.java:195)- 用户为空！
2018-04-25 15:16:55,709 DEBUG (BaseJdbcLogger.java:159)- ==> Parameters: 3(Integer)
2018-04-25 15:16:55,716 DEBUG (BaseJdbcLogger.java:159)- <==      Total: 1
2018-04-25 15:16:55,718 DEBUG (BaseJdbcLogger.java:159)- <==      Total: 0
2018-04-25 15:16:55,719 DEBUG (BaseJdbcLogger.java:159)- ==>  Preparing: update ad SET ad_user_id = ?, ad_type = ?, ad_type_code = ?, ad_title = ?, ad_html = ?, ad_text = ?, ad_add_time = ?, ad_last_update_time = ?, ad_click_number = ?, ad_collect_number = ?, ad_comment_number = ? where ad_id = ? 
2018-04-25 15:16:55,722 DEBUG (BaseJdbcLogger.java:159)- ==> Parameters: 2(Integer), 公益广告(String), a(String), 21312312(String), java.io.StringReader@2a512a(StringReader), java.io.StringReader@3a62cf20(StringReader), 2018-04-16 18:46:04.0(Timestamp), 2018-04-16 18:46:04.0(Timestamp), 24(Integer), 67(Integer), 12(Integer), 3(Integer)
2018-04-25 15:16:55,763 ERROR (ControllerExceptionHandler.java:23)- error info:请先登录！
2018-04-25 15:16:55,798 DEBUG (BaseJdbcLogger.java:159)- <==    Updates: 1
2018-04-25 15:16:57,289 INFO (UserController.java:96)- 进入findUser
2018-04-25 15:16:57,290 INFO (UserController.java:97)- request>>>http://localhost:3000
2018-04-25 15:16:57,290 INFO (UserController.java:106)- 未找到User
2018-04-25 15:17:04,688 INFO (UserController.java:74)- User{userId=null, userName='轻微的所', userPassword='123', userType='null', userTypeCode='null', userVerifyStatus='null', userRegistTime=null, userAvatar='null', userPhone='null', userEmail='null', userSex='null', userCity='null', userSignature='null', userQq=null, userWechat='null', userWeibo='null', userMoney=null, userVipGrade='null', userGrade=null, userPreference='null'}
2018-04-25 15:17:04,690 DEBUG (BaseJdbcLogger.java:159)- ==>  Preparing: select user_id, user_name, user_password, user_type, user_type_code, user_verify_status, user_regist_time, user_avatar, user_phone, user_email, user_sex, user_city, user_signature, user_qq, user_wechat, user_weibo, user_money, user_vip_grade, user_grade, user_preference from user where user_name = ? 
2018-04-25 15:17:04,691 DEBUG (BaseJdbcLogger.java:159)- ==> Parameters: 轻微的所(String)
2018-04-25 15:17:04,692 DEBUG (BaseJdbcLogger.java:159)- <==      Total: 1
2018-04-25 15:17:04,693 DEBUG (BaseJdbcLogger.java:159)- ==>  Preparing: select user_id, user_name, user_password, user_type, user_type_code, user_verify_status, user_regist_time, user_avatar, user_phone, user_email, user_sex, user_city, user_signature, user_qq, user_wechat, user_weibo, user_money, user_vip_grade, user_grade, user_preference from user where user_name = ? AND user_password = ? 
2018-04-25 15:17:04,693 DEBUG (BaseJdbcLogger.java:159)- ==> Parameters: 轻微的所(String), 202cb962ac59075b964b07152d234b70(String)
2018-04-25 15:17:04,694 DEBUG (BaseJdbcLogger.java:159)- <==      Total: 1
2018-04-25 15:17:04,696 INFO (UserServiceImpl.java:82)- 验证成功！
2018-04-25 15:17:04,696 INFO (UserController.java:79)- User{userId=1, userName='轻微的所', userPassword='202cb962ac59075b964b07152d234b70', userType='普通用户', userTypeCode='USER', userVerifyStatus='HAS_AUTHENTICATED', userRegistTime=Fri Apr 20 16:30:04 CST 2018, userAvatar='null', userPhone='123', userEmail='zc123@qq.com', userSex='女', userCity='华盛顿', userSignature='', userQq=271343981, userWechat='null', userWeibo='null', userMoney=7112, userVipGrade='1', userGrade=null, userPreference='null'}
2018-04-25 15:17:05,059 INFO (UserController.java:96)- 进入findUser
2018-04-25 15:17:05,059 INFO (UserController.java:97)- request>>>http://localhost:3000
2018-04-25 15:17:05,060 DEBUG (BaseJdbcLogger.java:159)- ==>  Preparing: select user_id, user_name, user_password, user_type, user_type_code, user_verify_status, user_regist_time, user_avatar, user_phone, user_email, user_sex, user_city, user_signature, user_qq, user_wechat, user_weibo, user_money, user_vip_grade, user_grade, user_preference from user where user_id = ? 
2018-04-25 15:17:05,060 INFO (AdController.java:154)- >>>>>>>进入finduserad
2018-04-25 15:17:05,061 DEBUG (BaseJdbcLogger.java:159)- ==> Parameters: 1(Integer)
2018-04-25 15:17:05,063 DEBUG (BaseJdbcLogger.java:159)- ==>  Preparing: select ad_id, ad_user_id, ad_type, ad_type_code, ad_title, ad_html, ad_text, ad_pic, ad_price, ad_add_time, ad_last_update_time, ad_start_time, ad_end_time, ad_click_number, ad_collect_number, ad_comment_number, ad_last_comment_time from ad where ad_user_id = ? 
2018-04-25 15:17:05,064 DEBUG (BaseJdbcLogger.java:159)- ==> Parameters: 1(Integer)
2018-04-25 15:17:05,065 DEBUG (BaseJdbcLogger.java:159)- <==      Total: 1
2018-04-25 15:17:05,065 INFO (UserController.java:103)- User{userId=1, userName='轻微的所', userPassword='202cb962ac59075b964b07152d234b70', userType='普通用户', userTypeCode='USER', userVerifyStatus='HAS_AUTHENTICATED', userRegistTime=Fri Apr 20 16:30:04 CST 2018, userAvatar='null', userPhone='123', userEmail='zc123@qq.com', userSex='女', userCity='华盛顿', userSignature='', userQq=271343981, userWechat='null', userWeibo='null', userMoney=7112, userVipGrade='1', userGrade=null, userPreference='null'}
2018-04-25 15:17:05,066 DEBUG (BaseJdbcLogger.java:159)- <==      Total: 1
2018-04-25 15:17:22,884 INFO (AdController.java:179)- >>>>用户是否收藏广告
2018-04-25 15:17:22,884 DEBUG (BaseJdbcLogger.java:159)- ==>  Preparing: select a.ad_id, a.ad_user_id, a.ad_type, a.ad_type_code, a.ad_title, a.ad_html, a.ad_text, a.ad_pic, a.ad_price, a.ad_add_time, a.ad_last_update_time, a.ad_start_time, a.ad_end_time, a.ad_click_number, a.ad_collect_number, a.ad_comment_number, a.ad_last_comment_time,u.user_id, u.user_name, u.user_password, u.user_type, u.user_type_code, u.user_verify_status, u.user_regist_time, u.user_avatar, u.user_phone, u.user_email, u.user_sex, u.user_city, u.user_signature, u.user_qq, u.user_wechat, u.user_weibo, u.user_money, u.user_vip_grade, u.user_grade, u.user_preference from ad a JOIN user u ON a.ad_user_id = u.user_id where ad_id = ? 
2018-04-25 15:17:22,885 DEBUG (BaseJdbcLogger.java:159)- ==> Parameters: 10(Integer)
2018-04-25 15:17:22,886 DEBUG (BaseJdbcLogger.java:159)- ==>  Preparing: select sys_id, user_id, ad_id, collect_time from user_ad where ad_id = ? AND user_id = ? 
2018-04-25 15:17:22,886 DEBUG (BaseJdbcLogger.java:159)- ==>  Preparing: select c.comment_id, c.comment_user_id, c.comment_ad_id, c.comment_content, c.comment_time, c.comment_like_number, u.user_id, u.user_name, u.user_password, u.user_type, u.user_type_code, u.user_verify_status, u.user_regist_time, u.user_avatar, u.user_phone, u.user_email, u.user_sex, u.user_city, u.user_signature, u.user_qq, u.user_wechat, u.user_weibo, u.user_money, u.user_vip_grade, u.user_grade, u.user_preference from comment c JOIN user u ON c.comment_user_id = u.user_id where comment_ad_id = ? 
2018-04-25 15:17:22,887 DEBUG (BaseJdbcLogger.java:159)- ==> Parameters: 10(Integer), 1(Integer)
2018-04-25 15:17:22,887 DEBUG (BaseJdbcLogger.java:159)- ==> Parameters: 10(Integer)
2018-04-25 15:17:22,888 DEBUG (BaseJdbcLogger.java:159)- <==      Total: 1
2018-04-25 15:17:22,888 DEBUG (BaseJdbcLogger.java:159)- <==      Total: 0
2018-04-25 15:17:22,888 DEBUG (BaseJdbcLogger.java:159)- <==      Total: 0
2018-04-25 15:17:22,889 INFO (AdController.java:190)- >>>>用户是否收藏该广告：false
2018-04-25 15:17:22,889 DEBUG (BaseJdbcLogger.java:159)- ==>  Preparing: update ad SET ad_user_id = ?, ad_type = ?, ad_type_code = ?, ad_title = ?, ad_html = ?, ad_text = ?, ad_add_time = ?, ad_last_update_time = ?, ad_start_time = ?, ad_end_time = ?, ad_click_number = ?, ad_collect_number = ?, ad_comment_number = ? where ad_id = ? 
2018-04-25 15:17:22,891 DEBUG (BaseJdbcLogger.java:159)- ==> Parameters: 1(Integer), 招聘(String), b(String), 2222222222222222(String), java.io.StringReader@989fc86(StringReader), java.io.StringReader@633c7d4b(StringReader), 2018-04-24 11:28:24.0(Timestamp), 2018-04-24 11:28:24.0(Timestamp), 2018-04-24 00:00:00.0(Timestamp), 2019-04-24 00:00:00.0(Timestamp), 1(Integer), 0(Integer), 0(Integer), 10(Integer)
2018-04-25 15:17:22,988 DEBUG (BaseJdbcLogger.java:159)- <==    Updates: 1
2018-04-25 15:17:23,169 INFO (UserController.java:96)- 进入findUser
2018-04-25 15:17:23,170 INFO (UserController.java:97)- request>>>http://localhost:3000
2018-04-25 15:17:23,173 DEBUG (BaseJdbcLogger.java:159)- ==>  Preparing: select user_id, user_name, user_password, user_type, user_type_code, user_verify_status, user_regist_time, user_avatar, user_phone, user_email, user_sex, user_city, user_signature, user_qq, user_wechat, user_weibo, user_money, user_vip_grade, user_grade, user_preference from user where user_id = ? 
2018-04-25 15:17:23,173 DEBUG (BaseJdbcLogger.java:159)- ==> Parameters: 1(Integer)
2018-04-25 15:17:23,175 DEBUG (BaseJdbcLogger.java:159)- <==      Total: 1
2018-04-25 15:17:23,176 INFO (UserController.java:103)- User{userId=1, userName='轻微的所', userPassword='202cb962ac59075b964b07152d234b70', userType='普通用户', userTypeCode='USER', userVerifyStatus='HAS_AUTHENTICATED', userRegistTime=Fri Apr 20 16:30:04 CST 2018, userAvatar='null', userPhone='123', userEmail='zc123@qq.com', userSex='女', userCity='华盛顿', userSignature='', userQq=271343981, userWechat='null', userWeibo='null', userMoney=7112, userVipGrade='1', userGrade=null, userPreference='null'}
2018-04-25 15:17:25,226 INFO (UserController.java:96)- 进入findUser
2018-04-25 15:17:25,226 INFO (UserController.java:97)- request>>>http://localhost:3000
2018-04-25 15:17:25,226 INFO (AdController.java:154)- >>>>>>>进入finduserad
2018-04-25 15:17:25,227 DEBUG (BaseJdbcLogger.java:159)- ==>  Preparing: select user_id, user_name, user_password, user_type, user_type_code, user_verify_status, user_regist_time, user_avatar, user_phone, user_email, user_sex, user_city, user_signature, user_qq, user_wechat, user_weibo, user_money, user_vip_grade, user_grade, user_preference from user where user_id = ? 
2018-04-25 15:17:25,228 DEBUG (BaseJdbcLogger.java:159)- ==> Parameters: 1(Integer)
2018-04-25 15:17:25,231 DEBUG (BaseJdbcLogger.java:159)- <==      Total: 1
2018-04-25 15:17:25,232 INFO (UserController.java:103)- User{userId=1, userName='轻微的所', userPassword='202cb962ac59075b964b07152d234b70', userType='普通用户', userTypeCode='USER', userVerifyStatus='HAS_AUTHENTICATED', userRegistTime=Fri Apr 20 16:30:04 CST 2018, userAvatar='null', userPhone='123', userEmail='zc123@qq.com', userSex='女', userCity='华盛顿', userSignature='', userQq=271343981, userWechat='null', userWeibo='null', userMoney=7112, userVipGrade='1', userGrade=null, userPreference='null'}
2018-04-25 15:17:25,231 DEBUG (BaseJdbcLogger.java:159)- ==>  Preparing: select ad_id, ad_user_id, ad_type, ad_type_code, ad_title, ad_html, ad_text, ad_pic, ad_price, ad_add_time, ad_last_update_time, ad_start_time, ad_end_time, ad_click_number, ad_collect_number, ad_comment_number, ad_last_comment_time from ad where ad_user_id = ? 
2018-04-25 15:17:25,233 DEBUG (BaseJdbcLogger.java:159)- ==> Parameters: 1(Integer)
2018-04-25 15:17:25,236 DEBUG (BaseJdbcLogger.java:159)- <==      Total: 1
2018-04-25 15:17:26,988 DEBUG (BaseJdbcLogger.java:159)- ==>  Preparing: select a.ad_id, a.ad_user_id, a.ad_type, a.ad_type_code, a.ad_title, a.ad_html, a.ad_text, a.ad_pic, a.ad_price, a.ad_add_time, a.ad_last_update_time, a.ad_start_time, a.ad_end_time, a.ad_click_number, a.ad_collect_number, a.ad_comment_number, a.ad_last_comment_time,u.user_id, u.user_name, u.user_password, u.user_type, u.user_type_code, u.user_verify_status, u.user_regist_time, u.user_avatar, u.user_phone, u.user_email, u.user_sex, u.user_city, u.user_signature, u.user_qq, u.user_wechat, u.user_weibo, u.user_money, u.user_vip_grade, u.user_grade, u.user_preference from ad a JOIN user u ON a.ad_user_id = u.user_id where ad_id = ? 
2018-04-25 15:17:26,988 DEBUG (BaseJdbcLogger.java:159)- ==>  Preparing: select c.comment_id, c.comment_user_id, c.comment_ad_id, c.comment_content, c.comment_time, c.comment_like_number, u.user_id, u.user_name, u.user_password, u.user_type, u.user_type_code, u.user_verify_status, u.user_regist_time, u.user_avatar, u.user_phone, u.user_email, u.user_sex, u.user_city, u.user_signature, u.user_qq, u.user_wechat, u.user_weibo, u.user_money, u.user_vip_grade, u.user_grade, u.user_preference from comment c JOIN user u ON c.comment_user_id = u.user_id where comment_ad_id = ? 
2018-04-25 15:17:26,988 DEBUG (BaseJdbcLogger.java:159)- ==> Parameters: 10(Integer)
2018-04-25 15:17:26,989 DEBUG (BaseJdbcLogger.java:159)- ==> Parameters: 10(Integer)
2018-04-25 15:17:26,990 DEBUG (BaseJdbcLogger.java:159)- <==      Total: 0
2018-04-25 15:17:26,991 DEBUG (BaseJdbcLogger.java:159)- <==      Total: 1
2018-04-25 15:17:26,992 DEBUG (BaseJdbcLogger.java:159)- ==>  Preparing: update ad SET ad_user_id = ?, ad_type = ?, ad_type_code = ?, ad_title = ?, ad_html = ?, ad_text = ?, ad_add_time = ?, ad_last_update_time = ?, ad_start_time = ?, ad_end_time = ?, ad_click_number = ?, ad_collect_number = ?, ad_comment_number = ? where ad_id = ? 
2018-04-25 15:17:26,992 INFO (AdController.java:179)- >>>>用户是否收藏广告
2018-04-25 15:17:26,994 DEBUG (BaseJdbcLogger.java:159)- ==> Parameters: 1(Integer), 招聘(String), b(String), 2222222222222222(String), java.io.StringReader@4e8df4ec(StringReader), java.io.StringReader@21aaa482(StringReader), 2018-04-24 11:28:24.0(Timestamp), 2018-04-24 11:28:24.0(Timestamp), 2018-04-24 00:00:00.0(Timestamp), 2019-04-24 00:00:00.0(Timestamp), 2(Integer), 0(Integer), 0(Integer), 10(Integer)
2018-04-25 15:17:26,997 DEBUG (BaseJdbcLogger.java:159)- ==>  Preparing: select sys_id, user_id, ad_id, collect_time from user_ad where ad_id = ? AND user_id = ? 
2018-04-25 15:17:26,998 DEBUG (BaseJdbcLogger.java:159)- ==> Parameters: 10(Integer), 1(Integer)
2018-04-25 15:17:26,999 DEBUG (BaseJdbcLogger.java:159)- <==      Total: 0
2018-04-25 15:17:27,000 INFO (AdController.java:190)- >>>>用户是否收藏该广告：false
2018-04-25 15:17:27,075 DEBUG (BaseJdbcLogger.java:159)- <==    Updates: 1
2018-04-25 15:17:27,254 INFO (UserController.java:96)- 进入findUser
2018-04-25 15:17:27,255 INFO (UserController.java:97)- request>>>http://localhost:3000
2018-04-25 15:17:27,256 DEBUG (BaseJdbcLogger.java:159)- ==>  Preparing: select user_id, user_name, user_password, user_type, user_type_code, user_verify_status, user_regist_time, user_avatar, user_phone, user_email, user_sex, user_city, user_signature, user_qq, user_wechat, user_weibo, user_money, user_vip_grade, user_grade, user_preference from user where user_id = ? 
2018-04-25 15:17:27,257 DEBUG (BaseJdbcLogger.java:159)- ==> Parameters: 1(Integer)
2018-04-25 15:17:27,258 DEBUG (BaseJdbcLogger.java:159)- <==      Total: 1
2018-04-25 15:17:27,259 INFO (UserController.java:103)- User{userId=1, userName='轻微的所', userPassword='202cb962ac59075b964b07152d234b70', userType='普通用户', userTypeCode='USER', userVerifyStatus='HAS_AUTHENTICATED', userRegistTime=Fri Apr 20 16:30:04 CST 2018, userAvatar='null', userPhone='123', userEmail='zc123@qq.com', userSex='女', userCity='华盛顿', userSignature='', userQq=271343981, userWechat='null', userWeibo='null', userMoney=7112, userVipGrade='1', userGrade=null, userPreference='null'}
2018-04-25 15:17:29,740 INFO (AdController.java:154)- >>>>>>>进入finduserad
2018-04-25 15:17:29,740 INFO (UserController.java:96)- 进入findUser
2018-04-25 15:17:29,741 INFO (UserController.java:97)- request>>>http://localhost:3000
2018-04-25 15:17:29,741 DEBUG (BaseJdbcLogger.java:159)- ==>  Preparing: select ad_id, ad_user_id, ad_type, ad_type_code, ad_title, ad_html, ad_text, ad_pic, ad_price, ad_add_time, ad_last_update_time, ad_start_time, ad_end_time, ad_click_number, ad_collect_number, ad_comment_number, ad_last_comment_time from ad where ad_user_id = ? 
2018-04-25 15:17:29,742 DEBUG (BaseJdbcLogger.java:159)- ==>  Preparing: select user_id, user_name, user_password, user_type, user_type_code, user_verify_status, user_regist_time, user_avatar, user_phone, user_email, user_sex, user_city, user_signature, user_qq, user_wechat, user_weibo, user_money, user_vip_grade, user_grade, user_preference from user where user_id = ? 
2018-04-25 15:17:29,742 DEBUG (BaseJdbcLogger.java:159)- ==> Parameters: 1(Integer)
2018-04-25 15:17:29,742 DEBUG (BaseJdbcLogger.java:159)- ==> Parameters: 1(Integer)
2018-04-25 15:17:29,744 DEBUG (BaseJdbcLogger.java:159)- <==      Total: 1
2018-04-25 15:17:29,744 DEBUG (BaseJdbcLogger.java:159)- <==      Total: 1
2018-04-25 15:17:29,746 INFO (UserController.java:103)- User{userId=1, userName='轻微的所', userPassword='202cb962ac59075b964b07152d234b70', userType='普通用户', userTypeCode='USER', userVerifyStatus='HAS_AUTHENTICATED', userRegistTime=Fri Apr 20 16:30:04 CST 2018, userAvatar='null', userPhone='123', userEmail='zc123@qq.com', userSex='女', userCity='华盛顿', userSignature='', userQq=271343981, userWechat='null', userWeibo='null', userMoney=7112, userVipGrade='1', userGrade=null, userPreference='null'}
2018-04-25 15:17:31,349 INFO (AdController.java:179)- >>>>用户是否收藏广告
2018-04-25 15:17:31,349 DEBUG (BaseJdbcLogger.java:159)- ==>  Preparing: select c.comment_id, c.comment_user_id, c.comment_ad_id, c.comment_content, c.comment_time, c.comment_like_number, u.user_id, u.user_name, u.user_password, u.user_type, u.user_type_code, u.user_verify_status, u.user_regist_time, u.user_avatar, u.user_phone, u.user_email, u.user_sex, u.user_city, u.user_signature, u.user_qq, u.user_wechat, u.user_weibo, u.user_money, u.user_vip_grade, u.user_grade, u.user_preference from comment c JOIN user u ON c.comment_user_id = u.user_id where comment_ad_id = ? 
2018-04-25 15:17:31,349 DEBUG (BaseJdbcLogger.java:159)- ==>  Preparing: select a.ad_id, a.ad_user_id, a.ad_type, a.ad_type_code, a.ad_title, a.ad_html, a.ad_text, a.ad_pic, a.ad_price, a.ad_add_time, a.ad_last_update_time, a.ad_start_time, a.ad_end_time, a.ad_click_number, a.ad_collect_number, a.ad_comment_number, a.ad_last_comment_time,u.user_id, u.user_name, u.user_password, u.user_type, u.user_type_code, u.user_verify_status, u.user_regist_time, u.user_avatar, u.user_phone, u.user_email, u.user_sex, u.user_city, u.user_signature, u.user_qq, u.user_wechat, u.user_weibo, u.user_money, u.user_vip_grade, u.user_grade, u.user_preference from ad a JOIN user u ON a.ad_user_id = u.user_id where ad_id = ? 
2018-04-25 15:17:31,350 DEBUG (BaseJdbcLogger.java:159)- ==> Parameters: 10(Integer)
2018-04-25 15:17:31,350 DEBUG (BaseJdbcLogger.java:159)- ==> Parameters: 10(Integer)
2018-04-25 15:17:31,351 DEBUG (BaseJdbcLogger.java:159)- ==>  Preparing: select sys_id, user_id, ad_id, collect_time from user_ad where ad_id = ? AND user_id = ? 
2018-04-25 15:17:31,351 DEBUG (BaseJdbcLogger.java:159)- <==      Total: 0
2018-04-25 15:17:31,351 DEBUG (BaseJdbcLogger.java:159)- ==> Parameters: 10(Integer), 1(Integer)
2018-04-25 15:17:31,353 DEBUG (BaseJdbcLogger.java:159)- <==      Total: 1
2018-04-25 15:17:31,354 DEBUG (BaseJdbcLogger.java:159)- <==      Total: 0
2018-04-25 15:17:31,354 INFO (AdController.java:190)- >>>>用户是否收藏该广告：false
2018-04-25 15:17:31,355 DEBUG (BaseJdbcLogger.java:159)- ==>  Preparing: update ad SET ad_user_id = ?, ad_type = ?, ad_type_code = ?, ad_title = ?, ad_html = ?, ad_text = ?, ad_add_time = ?, ad_last_update_time = ?, ad_start_time = ?, ad_end_time = ?, ad_click_number = ?, ad_collect_number = ?, ad_comment_number = ? where ad_id = ? 
2018-04-25 15:17:31,356 DEBUG (BaseJdbcLogger.java:159)- ==> Parameters: 1(Integer), 招聘(String), b(String), 2222222222222222(String), java.io.StringReader@2e1b4965(StringReader), java.io.StringReader@24ce1499(StringReader), 2018-04-24 11:28:24.0(Timestamp), 2018-04-24 11:28:24.0(Timestamp), 2018-04-24 00:00:00.0(Timestamp), 2019-04-24 00:00:00.0(Timestamp), 3(Integer), 0(Integer), 0(Integer), 10(Integer)
2018-04-25 15:17:31,452 DEBUG (BaseJdbcLogger.java:159)- <==    Updates: 1
2018-04-25 15:17:31,603 INFO (UserController.java:96)- 进入findUser
2018-04-25 15:17:31,603 INFO (UserController.java:97)- request>>>http://localhost:3000
2018-04-25 15:17:31,604 DEBUG (BaseJdbcLogger.java:159)- ==>  Preparing: select user_id, user_name, user_password, user_type, user_type_code, user_verify_status, user_regist_time, user_avatar, user_phone, user_email, user_sex, user_city, user_signature, user_qq, user_wechat, user_weibo, user_money, user_vip_grade, user_grade, user_preference from user where user_id = ? 
2018-04-25 15:17:31,605 DEBUG (BaseJdbcLogger.java:159)- ==> Parameters: 1(Integer)
2018-04-25 15:17:31,607 DEBUG (BaseJdbcLogger.java:159)- <==      Total: 1
2018-04-25 15:17:31,608 INFO (UserController.java:103)- User{userId=1, userName='轻微的所', userPassword='202cb962ac59075b964b07152d234b70', userType='普通用户', userTypeCode='USER', userVerifyStatus='HAS_AUTHENTICATED', userRegistTime=Fri Apr 20 16:30:04 CST 2018, userAvatar='null', userPhone='123', userEmail='zc123@qq.com', userSex='女', userCity='华盛顿', userSignature='', userQq=271343981, userWechat='null', userWeibo='null', userMoney=7112, userVipGrade='1', userGrade=null, userPreference='null'}
2018-04-25 15:17:32,431 INFO (AdController.java:209)- >>>>用户收藏广告
2018-04-25 15:17:32,436 DEBUG (BaseJdbcLogger.java:159)- ==>  Preparing: insert into user_ad ( sys_id, user_id, ad_id, collect_time ) values ( ?, ?, ?, ? ) 
2018-04-25 15:17:32,437 DEBUG (BaseJdbcLogger.java:159)- ==> Parameters: 74c03b13baae4daab547b297e7df5afc(String), 1(Integer), 10(Integer), 2018-04-25 15:17:32.0(Timestamp)
2018-04-25 15:17:32,515 DEBUG (BaseJdbcLogger.java:159)- <==    Updates: 1
2018-04-25 15:17:32,516 DEBUG (BaseJdbcLogger.java:159)- ==>  Preparing: select a.ad_id, a.ad_user_id, a.ad_type, a.ad_type_code, a.ad_title, a.ad_html, a.ad_text, a.ad_pic, a.ad_price, a.ad_add_time, a.ad_last_update_time, a.ad_start_time, a.ad_end_time, a.ad_click_number, a.ad_collect_number, a.ad_comment_number, a.ad_last_comment_time,u.user_id, u.user_name, u.user_password, u.user_type, u.user_type_code, u.user_verify_status, u.user_regist_time, u.user_avatar, u.user_phone, u.user_email, u.user_sex, u.user_city, u.user_signature, u.user_qq, u.user_wechat, u.user_weibo, u.user_money, u.user_vip_grade, u.user_grade, u.user_preference from ad a JOIN user u ON a.ad_user_id = u.user_id where ad_id = ? 
2018-04-25 15:17:32,517 DEBUG (BaseJdbcLogger.java:159)- ==> Parameters: 10(Integer)
2018-04-25 15:17:32,519 DEBUG (BaseJdbcLogger.java:159)- <==      Total: 1
2018-04-25 15:17:32,524 DEBUG (BaseJdbcLogger.java:159)- ==>  Preparing: update user SET user_name = ?, user_password = ?, user_type = ?, user_type_code = ?, user_verify_status = ?, user_regist_time = ?, user_phone = ?, user_email = ?, user_sex = ?, user_city = ?, user_signature = ?, user_qq = ?, user_money = ?, user_vip_grade = ?, user_preference = ? where user_id = ? 
2018-04-25 15:17:32,524 DEBUG (BaseJdbcLogger.java:159)- ==> Parameters: 轻微的所(String), 202cb962ac59075b964b07152d234b70(String), 普通用户(String), USER(String), HAS_AUTHENTICATED(String), 2018-04-20 16:30:04.0(Timestamp), 123(String), zc123@qq.com(String), 女(String), 华盛顿(String), (String), 271343981(Integer), 7112(Integer), 1(String), nullb;(String), 1(Integer)
2018-04-25 15:17:32,565 DEBUG (BaseJdbcLogger.java:159)- <==    Updates: 1
2018-04-25 15:17:34,277 INFO (AdController.java:154)- >>>>>>>进入finduserad
2018-04-25 15:17:34,280 DEBUG (BaseJdbcLogger.java:159)- ==>  Preparing: select ad_id, ad_user_id, ad_type, ad_type_code, ad_title, ad_html, ad_text, ad_pic, ad_price, ad_add_time, ad_last_update_time, ad_start_time, ad_end_time, ad_click_number, ad_collect_number, ad_comment_number, ad_last_comment_time from ad where ad_user_id = ? 
2018-04-25 15:17:34,278 INFO (UserController.java:96)- 进入findUser
2018-04-25 15:17:34,281 INFO (UserController.java:97)- request>>>http://localhost:3000
2018-04-25 15:17:34,281 DEBUG (BaseJdbcLogger.java:159)- ==> Parameters: 1(Integer)
2018-04-25 15:17:34,283 DEBUG (BaseJdbcLogger.java:159)- ==>  Preparing: select user_id, user_name, user_password, user_type, user_type_code, user_verify_status, user_regist_time, user_avatar, user_phone, user_email, user_sex, user_city, user_signature, user_qq, user_wechat, user_weibo, user_money, user_vip_grade, user_grade, user_preference from user where user_id = ? 
2018-04-25 15:17:34,284 DEBUG (BaseJdbcLogger.java:159)- <==      Total: 1
2018-04-25 15:17:34,285 DEBUG (BaseJdbcLogger.java:159)- ==> Parameters: 1(Integer)
2018-04-25 15:17:34,287 DEBUG (BaseJdbcLogger.java:159)- <==      Total: 1
2018-04-25 15:17:34,288 INFO (UserController.java:103)- User{userId=1, userName='轻微的所', userPassword='202cb962ac59075b964b07152d234b70', userType='普通用户', userTypeCode='USER', userVerifyStatus='HAS_AUTHENTICATED', userRegistTime=Fri Apr 20 16:30:04 CST 2018, userAvatar='null', userPhone='123', userEmail='zc123@qq.com', userSex='女', userCity='华盛顿', userSignature='', userQq=271343981, userWechat='null', userWeibo='null', userMoney=7112, userVipGrade='1', userGrade=null, userPreference='nullb;'}
2018-04-25 15:17:37,192 INFO (AdController.java:179)- >>>>用户是否收藏广告
2018-04-25 15:17:37,192 DEBUG (BaseJdbcLogger.java:159)- ==>  Preparing: select c.comment_id, c.comment_user_id, c.comment_ad_id, c.comment_content, c.comment_time, c.comment_like_number, u.user_id, u.user_name, u.user_password, u.user_type, u.user_type_code, u.user_verify_status, u.user_regist_time, u.user_avatar, u.user_phone, u.user_email, u.user_sex, u.user_city, u.user_signature, u.user_qq, u.user_wechat, u.user_weibo, u.user_money, u.user_vip_grade, u.user_grade, u.user_preference from comment c JOIN user u ON c.comment_user_id = u.user_id where comment_ad_id = ? 
2018-04-25 15:17:37,192 DEBUG (BaseJdbcLogger.java:159)- ==>  Preparing: select a.ad_id, a.ad_user_id, a.ad_type, a.ad_type_code, a.ad_title, a.ad_html, a.ad_text, a.ad_pic, a.ad_price, a.ad_add_time, a.ad_last_update_time, a.ad_start_time, a.ad_end_time, a.ad_click_number, a.ad_collect_number, a.ad_comment_number, a.ad_last_comment_time,u.user_id, u.user_name, u.user_password, u.user_type, u.user_type_code, u.user_verify_status, u.user_regist_time, u.user_avatar, u.user_phone, u.user_email, u.user_sex, u.user_city, u.user_signature, u.user_qq, u.user_wechat, u.user_weibo, u.user_money, u.user_vip_grade, u.user_grade, u.user_preference from ad a JOIN user u ON a.ad_user_id = u.user_id where ad_id = ? 
2018-04-25 15:17:37,193 DEBUG (BaseJdbcLogger.java:159)- ==> Parameters: 10(Integer)
2018-04-25 15:17:37,193 DEBUG (BaseJdbcLogger.java:159)- ==>  Preparing: select sys_id, user_id, ad_id, collect_time from user_ad where ad_id = ? AND user_id = ? 
2018-04-25 15:17:37,193 DEBUG (BaseJdbcLogger.java:159)- ==> Parameters: 10(Integer)
2018-04-25 15:17:37,194 DEBUG (BaseJdbcLogger.java:159)- ==> Parameters: 10(Integer), 1(Integer)
2018-04-25 15:17:37,194 DEBUG (BaseJdbcLogger.java:159)- <==      Total: 0
2018-04-25 15:17:37,195 DEBUG (BaseJdbcLogger.java:159)- <==      Total: 1
2018-04-25 15:17:37,197 INFO (AdController.java:187)- >>>>用户是否收藏该广告：true
2018-04-25 15:17:37,197 DEBUG (BaseJdbcLogger.java:159)- <==      Total: 1
2018-04-25 15:17:37,199 DEBUG (BaseJdbcLogger.java:159)- ==>  Preparing: update ad SET ad_user_id = ?, ad_type = ?, ad_type_code = ?, ad_title = ?, ad_html = ?, ad_text = ?, ad_add_time = ?, ad_last_update_time = ?, ad_start_time = ?, ad_end_time = ?, ad_click_number = ?, ad_collect_number = ?, ad_comment_number = ? where ad_id = ? 
2018-04-25 15:17:37,200 DEBUG (BaseJdbcLogger.java:159)- ==> Parameters: 1(Integer), 招聘(String), b(String), 2222222222222222(String), java.io.StringReader@9a0c349(StringReader), java.io.StringReader@2003afe4(StringReader), 2018-04-24 11:28:24.0(Timestamp), 2018-04-24 11:28:24.0(Timestamp), 2018-04-24 00:00:00.0(Timestamp), 2019-04-24 00:00:00.0(Timestamp), 4(Integer), 0(Integer), 0(Integer), 10(Integer)
2018-04-25 15:17:37,259 DEBUG (BaseJdbcLogger.java:159)- <==    Updates: 1
2018-04-25 15:17:37,449 INFO (UserController.java:96)- 进入findUser
2018-04-25 15:17:37,449 INFO (UserController.java:97)- request>>>http://localhost:3000
2018-04-25 15:17:37,451 DEBUG (BaseJdbcLogger.java:159)- ==>  Preparing: select user_id, user_name, user_password, user_type, user_type_code, user_verify_status, user_regist_time, user_avatar, user_phone, user_email, user_sex, user_city, user_signature, user_qq, user_wechat, user_weibo, user_money, user_vip_grade, user_grade, user_preference from user where user_id = ? 
2018-04-25 15:17:37,452 DEBUG (BaseJdbcLogger.java:159)- ==> Parameters: 1(Integer)
2018-04-25 15:17:37,453 DEBUG (BaseJdbcLogger.java:159)- <==      Total: 1
2018-04-25 15:17:37,454 INFO (UserController.java:103)- User{userId=1, userName='轻微的所', userPassword='202cb962ac59075b964b07152d234b70', userType='普通用户', userTypeCode='USER', userVerifyStatus='HAS_AUTHENTICATED', userRegistTime=Fri Apr 20 16:30:04 CST 2018, userAvatar='null', userPhone='123', userEmail='zc123@qq.com', userSex='女', userCity='华盛顿', userSignature='', userQq=271343981, userWechat='null', userWeibo='null', userMoney=7112, userVipGrade='1', userGrade=null, userPreference='nullb;'}
2018-04-25 15:17:38,205 INFO (UserController.java:96)- 进入findUser
2018-04-25 15:17:38,205 INFO (UserController.java:97)- request>>>http://localhost:3000
2018-04-25 15:17:38,207 DEBUG (BaseJdbcLogger.java:159)- ==>  Preparing: select user_id, user_name, user_password, user_type, user_type_code, user_verify_status, user_regist_time, user_avatar, user_phone, user_email, user_sex, user_city, user_signature, user_qq, user_wechat, user_weibo, user_money, user_vip_grade, user_grade, user_preference from user where user_id = ? 
2018-04-25 15:17:38,208 DEBUG (BaseJdbcLogger.java:159)- ==> Parameters: 1(Integer)
2018-04-25 15:17:38,207 INFO (AdController.java:154)- >>>>>>>进入finduserad
2018-04-25 15:17:38,209 DEBUG (BaseJdbcLogger.java:159)- ==>  Preparing: select ad_id, ad_user_id, ad_type, ad_type_code, ad_title, ad_html, ad_text, ad_pic, ad_price, ad_add_time, ad_last_update_time, ad_start_time, ad_end_time, ad_click_number, ad_collect_number, ad_comment_number, ad_last_comment_time from ad where ad_user_id = ? 
2018-04-25 15:17:38,210 DEBUG (BaseJdbcLogger.java:159)- <==      Total: 1
2018-04-25 15:17:38,210 DEBUG (BaseJdbcLogger.java:159)- ==> Parameters: 1(Integer)
2018-04-25 15:17:38,210 INFO (UserController.java:103)- User{userId=1, userName='轻微的所', userPassword='202cb962ac59075b964b07152d234b70', userType='普通用户', userTypeCode='USER', userVerifyStatus='HAS_AUTHENTICATED', userRegistTime=Fri Apr 20 16:30:04 CST 2018, userAvatar='null', userPhone='123', userEmail='zc123@qq.com', userSex='女', userCity='华盛顿', userSignature='', userQq=271343981, userWechat='null', userWeibo='null', userMoney=7112, userVipGrade='1', userGrade=null, userPreference='nullb;'}
2018-04-25 15:17:38,212 DEBUG (BaseJdbcLogger.java:159)- <==      Total: 1
2018-04-25 15:19:39,600 INFO (StartupInfoLogger.java:48)- Starting ZachwebApplication on nkgw10nh1856 with PID 5048 (F:\ZachAdWeb\zachweb\target\classes started by Zach.Zhang in F:\ZachAdWeb\zachweb)
2018-04-25 15:19:39,600 DEBUG (StartupInfoLogger.java:51)- Running with Spring Boot v1.5.10.RELEASE, Spring v4.3.14.RELEASE
2018-04-25 15:19:39,600 INFO (SpringApplication.java:593)- No active profile set, falling back to default profiles: default
2018-04-25 15:19:41,782 INFO (StartupInfoLogger.java:57)- Started ZachwebApplication in 2.26 seconds (JVM running for 2768.764)
2018-04-25 15:19:44,488 INFO (StartupInfoLogger.java:48)- Starting ZachwebApplication on nkgw10nh1856 with PID 5048 (F:\ZachAdWeb\zachweb\target\classes started by Zach.Zhang in F:\ZachAdWeb\zachweb)
2018-04-25 15:19:44,504 DEBUG (StartupInfoLogger.java:51)- Running with Spring Boot v1.5.10.RELEASE, Spring v4.3.14.RELEASE
2018-04-25 15:19:44,504 INFO (SpringApplication.java:593)- No active profile set, falling back to default profiles: default
2018-04-25 15:19:45,680 INFO (StartupInfoLogger.java:57)- Started ZachwebApplication in 1.239 seconds (JVM running for 2772.662)
2018-04-25 15:19:53,463 INFO (StartupInfoLogger.java:48)- Starting ZachwebApplication on nkgw10nh1856 with PID 5048 (F:\ZachAdWeb\zachweb\target\classes started by Zach.Zhang in F:\ZachAdWeb\zachweb)
2018-04-25 15:19:53,463 DEBUG (StartupInfoLogger.java:51)- Running with Spring Boot v1.5.10.RELEASE, Spring v4.3.14.RELEASE
2018-04-25 15:19:53,463 INFO (SpringApplication.java:593)- No active profile set, falling back to default profiles: default
2018-04-25 15:19:54,675 INFO (StartupInfoLogger.java:57)- Started ZachwebApplication in 1.259 seconds (JVM running for 2781.65)
2018-04-25 15:20:01,200 INFO (StartupInfoLogger.java:48)- Starting ZachwebApplication on nkgw10nh1856 with PID 5048 (F:\ZachAdWeb\zachweb\target\classes started by Zach.Zhang in F:\ZachAdWeb\zachweb)
2018-04-25 15:20:01,200 DEBUG (StartupInfoLogger.java:51)- Running with Spring Boot v1.5.10.RELEASE, Spring v4.3.14.RELEASE
2018-04-25 15:20:01,200 INFO (SpringApplication.java:593)- No active profile set, falling back to default profiles: default
2018-04-25 15:20:02,738 INFO (StartupInfoLogger.java:57)- Started ZachwebApplication in 1.6 seconds (JVM running for 2789.716)
2018-04-25 15:20:05,770 INFO (StartupInfoLogger.java:48)- Starting ZachwebApplication on nkgw10nh1856 with PID 5048 (F:\ZachAdWeb\zachweb\target\classes started by Zach.Zhang in F:\ZachAdWeb\zachweb)
2018-04-25 15:20:05,770 DEBUG (StartupInfoLogger.java:51)- Running with Spring Boot v1.5.10.RELEASE, Spring v4.3.14.RELEASE
2018-04-25 15:20:05,770 INFO (SpringApplication.java:593)- No active profile set, falling back to default profiles: default
2018-04-25 15:20:07,440 INFO (StartupInfoLogger.java:57)- Started ZachwebApplication in 1.748 seconds (JVM running for 2794.413)
2018-04-25 15:20:11,515 INFO (StartupInfoLogger.java:48)- Starting ZachwebApplication on nkgw10nh1856 with PID 5048 (F:\ZachAdWeb\zachweb\target\classes started by Zach.Zhang in F:\ZachAdWeb\zachweb)
2018-04-25 15:20:11,515 DEBUG (StartupInfoLogger.java:51)- Running with Spring Boot v1.5.10.RELEASE, Spring v4.3.14.RELEASE
2018-04-25 15:20:11,515 INFO (SpringApplication.java:593)- No active profile set, falling back to default profiles: default
2018-04-25 15:20:36,394 INFO (StartupInfoLogger.java:48)- Starting ZachwebApplication on nkgw10nh1856 with PID 5048 (F:\ZachAdWeb\zachweb\target\classes started by Zach.Zhang in F:\ZachAdWeb\zachweb)
2018-04-25 15:20:36,394 DEBUG (StartupInfoLogger.java:51)- Running with Spring Boot v1.5.10.RELEASE, Spring v4.3.14.RELEASE
2018-04-25 15:20:36,394 INFO (SpringApplication.java:593)- No active profile set, falling back to default profiles: default
2018-04-25 15:20:37,807 INFO (StartupInfoLogger.java:57)- Started ZachwebApplication in 1.475 seconds (JVM running for 2824.78)
2018-04-25 15:20:51,816 INFO (StartupInfoLogger.java:48)- Starting ZachwebApplication on nkgw10nh1856 with PID 5048 (F:\ZachAdWeb\zachweb\target\classes started by Zach.Zhang in F:\ZachAdWeb\zachweb)
2018-04-25 15:20:51,816 DEBUG (StartupInfoLogger.java:51)- Running with Spring Boot v1.5.10.RELEASE, Spring v4.3.14.RELEASE
2018-04-25 15:20:51,816 INFO (SpringApplication.java:593)- No active profile set, falling back to default profiles: default
2018-04-25 15:21:02,428 INFO (StartupInfoLogger.java:48)- Starting ZachwebApplication on nkgw10nh1856 with PID 5048 (F:\ZachAdWeb\zachweb\target\classes started by Zach.Zhang in F:\ZachAdWeb\zachweb)
2018-04-25 15:21:02,428 DEBUG (StartupInfoLogger.java:51)- Running with Spring Boot v1.5.10.RELEASE, Spring v4.3.14.RELEASE
2018-04-25 15:21:02,428 INFO (SpringApplication.java:593)- No active profile set, falling back to default profiles: default
2018-04-25 15:21:03,903 INFO (StartupInfoLogger.java:57)- Started ZachwebApplication in 1.522 seconds (JVM running for 2850.888)
2018-04-25 15:21:24,177 INFO (StartupInfoLogger.java:48)- Starting ZachwebApplication on nkgw10nh1856 with PID 5048 (F:\ZachAdWeb\zachweb\target\classes started by Zach.Zhang in F:\ZachAdWeb\zachweb)
2018-04-25 15:21:24,177 DEBUG (StartupInfoLogger.java:51)- Running with Spring Boot v1.5.10.RELEASE, Spring v4.3.14.RELEASE
2018-04-25 15:21:24,177 INFO (SpringApplication.java:593)- No active profile set, falling back to default profiles: default
2018-04-25 15:21:25,526 INFO (StartupInfoLogger.java:57)- Started ZachwebApplication in 1.396 seconds (JVM running for 2872.503)
2018-04-25 15:21:28,593 INFO (StartupInfoLogger.java:48)- Starting ZachwebApplication on nkgw10nh1856 with PID 5048 (F:\ZachAdWeb\zachweb\target\classes started by Zach.Zhang in F:\ZachAdWeb\zachweb)
2018-04-25 15:21:28,609 DEBUG (StartupInfoLogger.java:51)- Running with Spring Boot v1.5.10.RELEASE, Spring v4.3.14.RELEASE
2018-04-25 15:21:28,609 INFO (SpringApplication.java:593)- No active profile set, falling back to default profiles: default
2018-04-25 15:21:29,627 INFO (StartupInfoLogger.java:57)- Started ZachwebApplication in 1.081 seconds (JVM running for 2876.608)
2018-04-25 15:21:37,502 INFO (StartupInfoLogger.java:48)- Starting ZachwebApplication on nkgw10nh1856 with PID 5048 (F:\ZachAdWeb\zachweb\target\classes started by Zach.Zhang in F:\ZachAdWeb\zachweb)
2018-04-25 15:21:37,502 DEBUG (StartupInfoLogger.java:51)- Running with Spring Boot v1.5.10.RELEASE, Spring v4.3.14.RELEASE
2018-04-25 15:21:37,502 INFO (SpringApplication.java:593)- No active profile set, falling back to default profiles: default
2018-04-25 15:22:23,388 INFO (StartupInfoLogger.java:48)- Starting ZachwebApplication on nkgw10nh1856 with PID 5048 (F:\ZachAdWeb\zachweb\target\classes started by Zach.Zhang in F:\ZachAdWeb\zachweb)
2018-04-25 15:22:23,388 DEBUG (StartupInfoLogger.java:51)- Running with Spring Boot v1.5.10.RELEASE, Spring v4.3.14.RELEASE
2018-04-25 15:22:23,388 INFO (SpringApplication.java:593)- No active profile set, falling back to default profiles: default
2018-04-25 15:22:24,416 INFO (StartupInfoLogger.java:57)- Started ZachwebApplication in 1.293 seconds (JVM running for 2931.4)
2018-04-25 15:22:31,285 INFO (StartupInfoLogger.java:48)- Starting ZachwebApplication on nkgw10nh1856 with PID 5048 (F:\ZachAdWeb\zachweb\target\classes started by Zach.Zhang in F:\ZachAdWeb\zachweb)
2018-04-25 15:22:31,285 DEBUG (StartupInfoLogger.java:51)- Running with Spring Boot v1.5.10.RELEASE, Spring v4.3.14.RELEASE
2018-04-25 15:22:31,285 INFO (SpringApplication.java:593)- No active profile set, falling back to default profiles: default
2018-04-25 15:22:31,973 INFO (StartupInfoLogger.java:57)- Started ZachwebApplication in 0.751 seconds (JVM running for 2938.958)
2018-04-25 15:22:35,781 INFO (StartupInfoLogger.java:48)- Starting ZachwebApplication on nkgw10nh1856 with PID 5048 (F:\ZachAdWeb\zachweb\target\classes started by Zach.Zhang in F:\ZachAdWeb\zachweb)
2018-04-25 15:22:35,781 DEBUG (StartupInfoLogger.java:51)- Running with Spring Boot v1.5.10.RELEASE, Spring v4.3.14.RELEASE
2018-04-25 15:22:35,781 INFO (SpringApplication.java:593)- No active profile set, falling back to default profiles: default
2018-04-25 15:22:36,811 INFO (StartupInfoLogger.java:57)- Started ZachwebApplication in 1.077 seconds (JVM running for 2943.787)
